

================================================================
== Vivado HLS Report for 'Duplicate'
================================================================
* Date:           Tue Aug 18 10:30:47 2020

* Version:        2019.2 (Build 2704478 on Wed Nov 06 22:10:23 MST 2019)
* Project:        Final_Processing
* Solution:       solution1
* Product family: zynq
* Target device:  xc7z020-clg484-1


================================================================
== Performance Estimates
================================================================
+ Timing: 
    * Summary: 
    +--------+----------+----------+------------+
    |  Clock |  Target  | Estimated| Uncertainty|
    +--------+----------+----------+------------+
    |ap_clk  | 11.10 ns | 7.268 ns |   1.39 ns  |
    +--------+----------+----------+------------+

+ Latency: 
    * Summary: 
    +---------+---------+----------+----------+-------+-------+---------+
    |  Latency (cycles) |  Latency (absolute) |    Interval   | Pipeline|
    |   min   |   max   |    min   |    max   |  min  |  max  |   Type  |
    +---------+---------+----------+----------+-------+-------+---------+
    |    58141|    58141| 0.645 ms | 0.645 ms |  58141|  58141|   none  |
    +---------+---------+----------+----------+-------+-------+---------+

    + Detail: 
        * Instance: 
        N/A

        * Loop: 
        +---------------+---------+---------+----------+-----------+-----------+------+----------+
        |               |  Latency (cycles) | Iteration|  Initiation Interval  | Trip |          |
        |   Loop Name   |   min   |   max   |  Latency |  achieved |   target  | Count| Pipelined|
        +---------------+---------+---------+----------+-----------+-----------+------+----------+
        |- loop_height  |    58140|    58140|       323|          -|          -|   180|    no    |
        | + loop_width  |      320|      320|         2|          1|          1|   320|    yes   |
        +---------------+---------+---------+----------+-----------+-----------+------+----------+

============================================================
+ Verbose Summary: Synthesis Manager
============================================================
InlineROM: 1
ExposeGlobal: 0
============================================================
+ Verbose Summary: CDFG Model
============================================================
IsTopModel: 0
ResetActiveHigh: 1
IsCombinational: 2
IsDatapathOnly: 0
HasWiredReturn: 1
HasMFsm: 0
HasVarLatency: 1
IsPipeline: 0
IsRtlPipelined: 0
IsInstanceOverlapped: 0
IsDontTouch: 0
HasImplIP: 0
IsGatedGlobalClock: 0

+ Individual pipeline summary: 
  * Pipeline-0: initiation interval (II) = 1, depth = 2


============================================================
+ Verbose Summary: Schedule
============================================================
* Number of FSM states : 5
* Pipeline : 1
  Pipeline-0 : II = 1, D = 2, States = { 3 4 }
* Dataflow Pipeline: 0

* FSM state transitions: 
1 --> 2 
2 --> 3 
3 --> 5 4 
4 --> 3 
5 --> 2 

* FSM state operations: 

State 1 <SV = 0> <Delay = 1.76>
ST_1 : Operation 6 [1/1] (0.00ns)   --->   "call void (...)* @_ssdm_op_SpecInterface(i8* %dst2_data_stream_V, [8 x i8]* @ap_fifo_str, i32 0, i32 0, [1 x i8]* @p_str322, i32 0, i32 0, [1 x i8]* @p_str323, [1 x i8]* @p_str324, [1 x i8]* @p_str325, i32 2, i32 2, i32 16, i32 16, [1 x i8]* @p_str326, [1 x i8]* @p_str327)"   --->   Operation 6 'specinterface' <Predicate = true> <Delay = 0.00>
ST_1 : Operation 7 [1/1] (0.00ns)   --->   "call void (...)* @_ssdm_op_SpecInterface(i8* %dst1_data_stream_V, [8 x i8]* @ap_fifo_str, i32 0, i32 0, [1 x i8]* @p_str315, i32 0, i32 0, [1 x i8]* @p_str316, [1 x i8]* @p_str317, [1 x i8]* @p_str318, i32 2, i32 2, i32 16, i32 16, [1 x i8]* @p_str319, [1 x i8]* @p_str320)"   --->   Operation 7 'specinterface' <Predicate = true> <Delay = 0.00>
ST_1 : Operation 8 [1/1] (0.00ns)   --->   "call void (...)* @_ssdm_op_SpecInterface(i8* %src_data_stream_V, [8 x i8]* @ap_fifo_str, i32 0, i32 0, [1 x i8]* @p_str308, i32 0, i32 0, [1 x i8]* @p_str309, [1 x i8]* @p_str310, [1 x i8]* @p_str311, i32 2, i32 2, i32 16, i32 16, [1 x i8]* @p_str312, [1 x i8]* @p_str313)"   --->   Operation 8 'specinterface' <Predicate = true> <Delay = 0.00>
ST_1 : Operation 9 [1/1] (1.76ns)   --->   "br label %0" [D:/Program_Files/Xilinx/Vivado/2019.2/common/technology/autopilot/hls/hls_video_arithm.h:1557]   --->   Operation 9 'br' <Predicate = true> <Delay = 1.76>

State 2 <SV = 1> <Delay = 2.52>
ST_2 : Operation 10 [1/1] (0.00ns)   --->   "%t_V = phi i8 [ 0, %._crit_edge ], [ %i_V, %loop_height_end ]"   --->   Operation 10 'phi' 't_V' <Predicate = true> <Delay = 0.00>
ST_2 : Operation 11 [1/1] (1.55ns)   --->   "%icmp_ln1557 = icmp eq i8 %t_V, -76" [D:/Program_Files/Xilinx/Vivado/2019.2/common/technology/autopilot/hls/hls_video_arithm.h:1557]   --->   Operation 11 'icmp' 'icmp_ln1557' <Predicate = true> <Delay = 1.55> <Core = "Cmp">   --->   Core 25 'Cmp' <Latency = 0> <II = 1> <Delay = 1.55> <FuncUnit> <Opcode : 'icmp'> <InPorts = 2> <OutPorts = 1>
ST_2 : Operation 12 [1/1] (0.00ns)   --->   "call void (...)* @_ssdm_op_SpecLoopTripCount(i64 180, i64 180, i64 180)"   --->   Operation 12 'speclooptripcount' <Predicate = true> <Delay = 0.00>
ST_2 : Operation 13 [1/1] (1.91ns)   --->   "%i_V = add i8 %t_V, 1" [D:/Program_Files/Xilinx/Vivado/2019.2/common/technology/autopilot/hls/hls_video_arithm.h:1557]   --->   Operation 13 'add' 'i_V' <Predicate = true> <Delay = 1.91> <Core = "AddSub">   --->   Core 14 'AddSub' <Latency = 0> <II = 1> <Delay = 1.91> <FuncUnit> <Opcode : 'add' 'sub'> <InPorts = 2> <OutPorts = 1>
ST_2 : Operation 14 [1/1] (0.00ns)   --->   "br i1 %icmp_ln1557, label %2, label %loop_height_begin" [D:/Program_Files/Xilinx/Vivado/2019.2/common/technology/autopilot/hls/hls_video_arithm.h:1557]   --->   Operation 14 'br' <Predicate = true> <Delay = 0.00>
ST_2 : Operation 15 [1/1] (0.00ns)   --->   "call void (...)* @_ssdm_op_SpecLoopName([12 x i8]* @p_str22) nounwind" [D:/Program_Files/Xilinx/Vivado/2019.2/common/technology/autopilot/hls/hls_video_arithm.h:1557]   --->   Operation 15 'specloopname' <Predicate = (!icmp_ln1557)> <Delay = 0.00>
ST_2 : Operation 16 [1/1] (0.00ns)   --->   "%tmp_s = call i32 (...)* @_ssdm_op_SpecRegionBegin([12 x i8]* @p_str22)" [D:/Program_Files/Xilinx/Vivado/2019.2/common/technology/autopilot/hls/hls_video_arithm.h:1557]   --->   Operation 16 'specregionbegin' 'tmp_s' <Predicate = (!icmp_ln1557)> <Delay = 0.00>
ST_2 : Operation 17 [1/1] (1.76ns)   --->   "br label %1" [D:/Program_Files/Xilinx/Vivado/2019.2/common/technology/autopilot/hls/hls_video_arithm.h:1558]   --->   Operation 17 'br' <Predicate = (!icmp_ln1557)> <Delay = 1.76>
ST_2 : Operation 18 [1/1] (0.00ns)   --->   "ret void" [D:/Program_Files/Xilinx/Vivado/2019.2/common/technology/autopilot/hls/hls_video_arithm.h:1566]   --->   Operation 18 'ret' <Predicate = (icmp_ln1557)> <Delay = 0.00>

State 3 <SV = 2> <Delay = 1.82>
ST_3 : Operation 19 [1/1] (0.00ns)   --->   "%t_V_6 = phi i9 [ 0, %loop_height_begin ], [ %j_V, %loop_width_begin ]"   --->   Operation 19 'phi' 't_V_6' <Predicate = true> <Delay = 0.00>
ST_3 : Operation 20 [1/1] (1.66ns)   --->   "%icmp_ln1558 = icmp eq i9 %t_V_6, -192" [D:/Program_Files/Xilinx/Vivado/2019.2/common/technology/autopilot/hls/hls_video_arithm.h:1558]   --->   Operation 20 'icmp' 'icmp_ln1558' <Predicate = true> <Delay = 1.66> <Core = "Cmp">   --->   Core 25 'Cmp' <Latency = 0> <II = 1> <Delay = 1.55> <FuncUnit> <Opcode : 'icmp'> <InPorts = 2> <OutPorts = 1>
ST_3 : Operation 21 [1/1] (0.00ns)   --->   "call void (...)* @_ssdm_op_SpecLoopTripCount(i64 320, i64 320, i64 320)"   --->   Operation 21 'speclooptripcount' <Predicate = true> <Delay = 0.00>
ST_3 : Operation 22 [1/1] (1.82ns)   --->   "%j_V = add i9 %t_V_6, 1" [D:/Program_Files/Xilinx/Vivado/2019.2/common/technology/autopilot/hls/hls_video_arithm.h:1558]   --->   Operation 22 'add' 'j_V' <Predicate = true> <Delay = 1.82> <Core = "AddSub">   --->   Core 14 'AddSub' <Latency = 0> <II = 1> <Delay = 1.91> <FuncUnit> <Opcode : 'add' 'sub'> <InPorts = 2> <OutPorts = 1>
ST_3 : Operation 23 [1/1] (0.00ns)   --->   "br i1 %icmp_ln1558, label %loop_height_end, label %loop_width_begin" [D:/Program_Files/Xilinx/Vivado/2019.2/common/technology/autopilot/hls/hls_video_arithm.h:1558]   --->   Operation 23 'br' <Predicate = true> <Delay = 0.00>

State 4 <SV = 3> <Delay = 7.26>
ST_4 : Operation 24 [1/1] (0.00ns)   --->   "call void (...)* @_ssdm_op_SpecLoopName([11 x i8]* @p_str23) nounwind" [D:/Program_Files/Xilinx/Vivado/2019.2/common/technology/autopilot/hls/hls_video_arithm.h:1558]   --->   Operation 24 'specloopname' <Predicate = (!icmp_ln1558)> <Delay = 0.00>
ST_4 : Operation 25 [1/1] (0.00ns)   --->   "%tmp_29 = call i32 (...)* @_ssdm_op_SpecRegionBegin([11 x i8]* @p_str23)" [D:/Program_Files/Xilinx/Vivado/2019.2/common/technology/autopilot/hls/hls_video_arithm.h:1558]   --->   Operation 25 'specregionbegin' 'tmp_29' <Predicate = (!icmp_ln1558)> <Delay = 0.00>
ST_4 : Operation 26 [1/1] (0.00ns)   --->   "call void (...)* @_ssdm_op_SpecPipeline(i32 1, i32 1, i32 1, i32 0, [1 x i8]* @p_str1) nounwind" [D:/Program_Files/Xilinx/Vivado/2019.2/common/technology/autopilot/hls/hls_video_arithm.h:1560]   --->   Operation 26 'specpipeline' <Predicate = (!icmp_ln1558)> <Delay = 0.00>
ST_4 : Operation 27 [1/1] (0.00ns)   --->   "%tmp_30 = call i32 (...)* @_ssdm_op_SpecRegionBegin([12 x i8]* @p_str28)" [D:/Program_Files/Xilinx/Vivado/2019.2/common/technology/autopilot/hls/hls_video_core.h:672->D:/Program_Files/Xilinx/Vivado/2019.2/common/technology/autopilot/hls/hls_video_core.h:711->D:/Program_Files/Xilinx/Vivado/2019.2/common/technology/autopilot/hls/hls_video_arithm.h:1561]   --->   Operation 27 'specregionbegin' 'tmp_30' <Predicate = (!icmp_ln1558)> <Delay = 0.00>
ST_4 : Operation 28 [1/1] (0.00ns)   --->   "call void (...)* @_ssdm_op_SpecProtocol(i32 0, [1 x i8]* @p_str1) nounwind" [D:/Program_Files/Xilinx/Vivado/2019.2/common/technology/autopilot/hls/hls_video_core.h:676->D:/Program_Files/Xilinx/Vivado/2019.2/common/technology/autopilot/hls/hls_video_core.h:711->D:/Program_Files/Xilinx/Vivado/2019.2/common/technology/autopilot/hls/hls_video_arithm.h:1561]   --->   Operation 28 'specprotocol' <Predicate = (!icmp_ln1558)> <Delay = 0.00>
ST_4 : Operation 29 [1/1] (3.63ns)   --->   "%tmp = call i8 @_ssdm_op_Read.ap_fifo.volatile.i8P(i8* %src_data_stream_V)" [D:/Program_Files/Xilinx/Vivado/2019.2/common/technology/autopilot/hls/hls_video_core.h:679->D:/Program_Files/Xilinx/Vivado/2019.2/common/technology/autopilot/hls/hls_video_core.h:711->D:/Program_Files/Xilinx/Vivado/2019.2/common/technology/autopilot/hls/hls_video_arithm.h:1561]   --->   Operation 29 'read' 'tmp' <Predicate = (!icmp_ln1558)> <Delay = 3.63> <Core = "FIFO">   --->   Core 32 'FIFO' <Latency = 0> <II = 1> <Delay = 3.63> <Storage> <Opcode : 'read' 'write' 'nbread' 'nbwrite'> <Ports = 0> <Width = 8> <Depth = 2> <FIFO>
ST_4 : Operation 30 [1/1] (0.00ns)   --->   "%empty = call i32 (...)* @_ssdm_op_SpecRegionEnd([12 x i8]* @p_str28, i32 %tmp_30)" [D:/Program_Files/Xilinx/Vivado/2019.2/common/technology/autopilot/hls/hls_video_core.h:681->D:/Program_Files/Xilinx/Vivado/2019.2/common/technology/autopilot/hls/hls_video_core.h:711->D:/Program_Files/Xilinx/Vivado/2019.2/common/technology/autopilot/hls/hls_video_arithm.h:1561]   --->   Operation 30 'specregionend' 'empty' <Predicate = (!icmp_ln1558)> <Delay = 0.00>
ST_4 : Operation 31 [1/1] (0.00ns)   --->   "%tmp_31 = call i32 (...)* @_ssdm_op_SpecRegionBegin([12 x i8]* @p_str12)" [D:/Program_Files/Xilinx/Vivado/2019.2/common/technology/autopilot/hls/hls_video_core.h:696->D:/Program_Files/Xilinx/Vivado/2019.2/common/technology/autopilot/hls/hls_video_core.h:717->D:/Program_Files/Xilinx/Vivado/2019.2/common/technology/autopilot/hls/hls_video_arithm.h:1562]   --->   Operation 31 'specregionbegin' 'tmp_31' <Predicate = (!icmp_ln1558)> <Delay = 0.00>
ST_4 : Operation 32 [1/1] (0.00ns)   --->   "call void (...)* @_ssdm_op_SpecProtocol(i32 0, [1 x i8]* @p_str1) nounwind" [D:/Program_Files/Xilinx/Vivado/2019.2/common/technology/autopilot/hls/hls_video_core.h:700->D:/Program_Files/Xilinx/Vivado/2019.2/common/technology/autopilot/hls/hls_video_core.h:717->D:/Program_Files/Xilinx/Vivado/2019.2/common/technology/autopilot/hls/hls_video_arithm.h:1562]   --->   Operation 32 'specprotocol' <Predicate = (!icmp_ln1558)> <Delay = 0.00>
ST_4 : Operation 33 [1/1] (3.63ns)   --->   "call void @_ssdm_op_Write.ap_fifo.volatile.i8P(i8* %dst1_data_stream_V, i8 %tmp)" [D:/Program_Files/Xilinx/Vivado/2019.2/common/technology/autopilot/hls/hls_video_core.h:703->D:/Program_Files/Xilinx/Vivado/2019.2/common/technology/autopilot/hls/hls_video_core.h:717->D:/Program_Files/Xilinx/Vivado/2019.2/common/technology/autopilot/hls/hls_video_arithm.h:1562]   --->   Operation 33 'write' <Predicate = (!icmp_ln1558)> <Delay = 3.63> <Core = "FIFO">   --->   Core 32 'FIFO' <Latency = 0> <II = 1> <Delay = 3.63> <Storage> <Opcode : 'read' 'write' 'nbread' 'nbwrite'> <Ports = 0> <Width = 8> <Depth = 2> <FIFO>
ST_4 : Operation 34 [1/1] (0.00ns)   --->   "%empty_229 = call i32 (...)* @_ssdm_op_SpecRegionEnd([12 x i8]* @p_str12, i32 %tmp_31)" [D:/Program_Files/Xilinx/Vivado/2019.2/common/technology/autopilot/hls/hls_video_core.h:705->D:/Program_Files/Xilinx/Vivado/2019.2/common/technology/autopilot/hls/hls_video_core.h:717->D:/Program_Files/Xilinx/Vivado/2019.2/common/technology/autopilot/hls/hls_video_arithm.h:1562]   --->   Operation 34 'specregionend' 'empty_229' <Predicate = (!icmp_ln1558)> <Delay = 0.00>
ST_4 : Operation 35 [1/1] (0.00ns)   --->   "%tmp_32 = call i32 (...)* @_ssdm_op_SpecRegionBegin([12 x i8]* @p_str12)" [D:/Program_Files/Xilinx/Vivado/2019.2/common/technology/autopilot/hls/hls_video_core.h:696->D:/Program_Files/Xilinx/Vivado/2019.2/common/technology/autopilot/hls/hls_video_core.h:717->D:/Program_Files/Xilinx/Vivado/2019.2/common/technology/autopilot/hls/hls_video_arithm.h:1563]   --->   Operation 35 'specregionbegin' 'tmp_32' <Predicate = (!icmp_ln1558)> <Delay = 0.00>
ST_4 : Operation 36 [1/1] (0.00ns)   --->   "call void (...)* @_ssdm_op_SpecProtocol(i32 0, [1 x i8]* @p_str1) nounwind" [D:/Program_Files/Xilinx/Vivado/2019.2/common/technology/autopilot/hls/hls_video_core.h:700->D:/Program_Files/Xilinx/Vivado/2019.2/common/technology/autopilot/hls/hls_video_core.h:717->D:/Program_Files/Xilinx/Vivado/2019.2/common/technology/autopilot/hls/hls_video_arithm.h:1563]   --->   Operation 36 'specprotocol' <Predicate = (!icmp_ln1558)> <Delay = 0.00>
ST_4 : Operation 37 [1/1] (3.63ns)   --->   "call void @_ssdm_op_Write.ap_fifo.volatile.i8P(i8* %dst2_data_stream_V, i8 %tmp)" [D:/Program_Files/Xilinx/Vivado/2019.2/common/technology/autopilot/hls/hls_video_core.h:703->D:/Program_Files/Xilinx/Vivado/2019.2/common/technology/autopilot/hls/hls_video_core.h:717->D:/Program_Files/Xilinx/Vivado/2019.2/common/technology/autopilot/hls/hls_video_arithm.h:1563]   --->   Operation 37 'write' <Predicate = (!icmp_ln1558)> <Delay = 3.63> <Core = "FIFO">   --->   Core 32 'FIFO' <Latency = 0> <II = 1> <Delay = 3.63> <Storage> <Opcode : 'read' 'write' 'nbread' 'nbwrite'> <Ports = 0> <Width = 8> <Depth = 2> <FIFO>
ST_4 : Operation 38 [1/1] (0.00ns)   --->   "%empty_230 = call i32 (...)* @_ssdm_op_SpecRegionEnd([12 x i8]* @p_str12, i32 %tmp_32)" [D:/Program_Files/Xilinx/Vivado/2019.2/common/technology/autopilot/hls/hls_video_core.h:705->D:/Program_Files/Xilinx/Vivado/2019.2/common/technology/autopilot/hls/hls_video_core.h:717->D:/Program_Files/Xilinx/Vivado/2019.2/common/technology/autopilot/hls/hls_video_arithm.h:1563]   --->   Operation 38 'specregionend' 'empty_230' <Predicate = (!icmp_ln1558)> <Delay = 0.00>
ST_4 : Operation 39 [1/1] (0.00ns)   --->   "%empty_231 = call i32 (...)* @_ssdm_op_SpecRegionEnd([11 x i8]* @p_str23, i32 %tmp_29)" [D:/Program_Files/Xilinx/Vivado/2019.2/common/technology/autopilot/hls/hls_video_arithm.h:1564]   --->   Operation 39 'specregionend' 'empty_231' <Predicate = (!icmp_ln1558)> <Delay = 0.00>
ST_4 : Operation 40 [1/1] (0.00ns)   --->   "br label %1" [D:/Program_Files/Xilinx/Vivado/2019.2/common/technology/autopilot/hls/hls_video_arithm.h:1558]   --->   Operation 40 'br' <Predicate = (!icmp_ln1558)> <Delay = 0.00>

State 5 <SV = 3> <Delay = 0.00>
ST_5 : Operation 41 [1/1] (0.00ns)   --->   "%empty_232 = call i32 (...)* @_ssdm_op_SpecRegionEnd([12 x i8]* @p_str22, i32 %tmp_s)" [D:/Program_Files/Xilinx/Vivado/2019.2/common/technology/autopilot/hls/hls_video_arithm.h:1565]   --->   Operation 41 'specregionend' 'empty_232' <Predicate = true> <Delay = 0.00>
ST_5 : Operation 42 [1/1] (0.00ns)   --->   "br label %0" [D:/Program_Files/Xilinx/Vivado/2019.2/common/technology/autopilot/hls/hls_video_arithm.h:1557]   --->   Operation 42 'br' <Predicate = true> <Delay = 0.00>


============================================================
+ Verbose Summary: Timing violations
============================================================
Target clock period: 11.1ns, clock uncertainty: 1.39ns.

 <State 1>: 1.77ns
The critical path consists of the following:
	multiplexor before 'phi' operation ('i.V') with incoming values : ('i.V', D:/Program_Files/Xilinx/Vivado/2019.2/common/technology/autopilot/hls/hls_video_arithm.h:1557) [9]  (1.77 ns)

 <State 2>: 2.53ns
The critical path consists of the following:
	'icmp' operation ('icmp_ln1557', D:/Program_Files/Xilinx/Vivado/2019.2/common/technology/autopilot/hls/hls_video_arithm.h:1557) [10]  (1.55 ns)
	blocking operation 0.978 ns on control path)

 <State 3>: 1.82ns
The critical path consists of the following:
	'phi' operation ('j.V') with incoming values : ('j.V', D:/Program_Files/Xilinx/Vivado/2019.2/common/technology/autopilot/hls/hls_video_arithm.h:1558) [19]  (0 ns)
	'add' operation ('j.V', D:/Program_Files/Xilinx/Vivado/2019.2/common/technology/autopilot/hls/hls_video_arithm.h:1558) [22]  (1.82 ns)

 <State 4>: 7.27ns
The critical path consists of the following:
	fifo read on port 'src_data_stream_V' (D:/Program_Files/Xilinx/Vivado/2019.2/common/technology/autopilot/hls/hls_video_core.h:679->D:/Program_Files/Xilinx/Vivado/2019.2/common/technology/autopilot/hls/hls_video_core.h:711->D:/Program_Files/Xilinx/Vivado/2019.2/common/technology/autopilot/hls/hls_video_arithm.h:1561) [30]  (3.63 ns)
	fifo write on port 'dst1_data_stream_V' (D:/Program_Files/Xilinx/Vivado/2019.2/common/technology/autopilot/hls/hls_video_core.h:703->D:/Program_Files/Xilinx/Vivado/2019.2/common/technology/autopilot/hls/hls_video_core.h:717->D:/Program_Files/Xilinx/Vivado/2019.2/common/technology/autopilot/hls/hls_video_arithm.h:1562) [34]  (3.63 ns)

 <State 5>: 0ns
The critical path consists of the following:


============================================================
+ Verbose Summary: Binding
============================================================
N/A
* FSMD analyzer results:
  - Output states:
 - Input state : 
  - Chain level:
	State 1
	State 2
	State 3
	State 4
	State 5


============================================================
+ Verbose Summary: Datapath Resource usage 
============================================================
N/A
