

================================================================
== Vivado HLS Report for 'Erode'
================================================================
* Date:           Tue Aug 18 10:30:31 2020

* Version:        2019.2 (Build 2704478 on Wed Nov 06 22:10:23 MST 2019)
* Project:        Final_Processing
* Solution:       solution1
* Product family: zynq
* Target device:  xc7z020-clg484-1


================================================================
== Performance Estimates
================================================================
+ Timing: 
    * Summary: 
    +--------+----------+----------+------------+
    |  Clock |  Target  | Estimated| Uncertainty|
    +--------+----------+----------+------------+
    |ap_clk  | 11.10 ns | 9.645 ns |   1.39 ns  |
    +--------+----------+----------+------------+

+ Latency: 
    * Summary: 
    +---------+---------+-----------+-----------+--------+--------+---------+
    |  Latency (cycles) |   Latency (absolute)  |     Interval    | Pipeline|
    |   min   |   max   |    min    |    max    |   min  |   max  |   Type  |
    +---------+---------+-----------+-----------+--------+--------+---------+
    |   929937|   929937| 10.322 ms | 10.322 ms |  929937|  929937|   none  |
    +---------+---------+-----------+-----------+--------+--------+---------+

    + Detail: 
        * Instance: 
        N/A

        * Loop: 
        +---------------+---------+---------+----------+-----------+-----------+------+----------+
        |               |  Latency (cycles) | Iteration|  Initiation Interval  | Trip |          |
        |   Loop Name   |   min   |   max   |  Latency |  achieved |   target  | Count| Pipelined|
        +---------------+---------+---------+----------+-----------+-----------+------+----------+
        |- loop_height  |   929936|   929936|      1288|          -|          -|   722|    no    |
        | + loop_width  |     1285|     1285|         5|          1|          1|  1282|    yes   |
        +---------------+---------+---------+----------+-----------+-----------+------+----------+

============================================================
+ Verbose Summary: Synthesis Manager
============================================================
InlineROM: 1
ExposeGlobal: 0
============================================================
+ Verbose Summary: CDFG Model
============================================================
IsTopModel: 0
ResetActiveHigh: 1
IsCombinational: 2
IsDatapathOnly: 0
HasWiredReturn: 1
HasMFsm: 0
HasVarLatency: 1
IsPipeline: 0
IsRtlPipelined: 0
IsInstanceOverlapped: 0
IsDontTouch: 0
HasImplIP: 0
IsGatedGlobalClock: 0

+ Individual pipeline summary: 
  * Pipeline-0: initiation interval (II) = 1, depth = 5


============================================================
+ Verbose Summary: Schedule
============================================================
* Number of FSM states : 8
* Pipeline : 1
  Pipeline-0 : II = 1, D = 5, States = { 3 4 5 6 7 }
* Dataflow Pipeline: 0

* FSM state transitions: 
1 --> 2 
2 --> 3 
3 --> 8 4 
4 --> 5 
5 --> 6 
6 --> 7 
7 --> 3 
8 --> 2 

* FSM state operations: 

State 1 <SV = 0> <Delay = 1.76>
ST_1 : Operation 9 [1/1] (0.00ns)   --->   "%src_kernel_win_0_va = alloca i8"   --->   Operation 9 'alloca' 'src_kernel_win_0_va' <Predicate = true> <Delay = 0.00>
ST_1 : Operation 10 [1/1] (0.00ns)   --->   "%src_kernel_win_0_va_1 = alloca i8"   --->   Operation 10 'alloca' 'src_kernel_win_0_va_1' <Predicate = true> <Delay = 0.00>
ST_1 : Operation 11 [1/1] (0.00ns)   --->   "%src_kernel_win_0_va_2 = alloca i8"   --->   Operation 11 'alloca' 'src_kernel_win_0_va_2' <Predicate = true> <Delay = 0.00>
ST_1 : Operation 12 [1/1] (0.00ns)   --->   "%src_kernel_win_0_va_3 = alloca i8"   --->   Operation 12 'alloca' 'src_kernel_win_0_va_3' <Predicate = true> <Delay = 0.00>
ST_1 : Operation 13 [1/1] (0.00ns)   --->   "%src_kernel_win_0_va_4 = alloca i8"   --->   Operation 13 'alloca' 'src_kernel_win_0_va_4' <Predicate = true> <Delay = 0.00>
ST_1 : Operation 14 [1/1] (0.00ns)   --->   "%src_kernel_win_0_va_5 = alloca i8"   --->   Operation 14 'alloca' 'src_kernel_win_0_va_5' <Predicate = true> <Delay = 0.00>
ST_1 : Operation 15 [1/1] (0.00ns)   --->   "%src_kernel_win_0_va_6 = alloca i8"   --->   Operation 15 'alloca' 'src_kernel_win_0_va_6' <Predicate = true> <Delay = 0.00>
ST_1 : Operation 16 [1/1] (0.00ns)   --->   "%right_border_buf_0_s = alloca i8"   --->   Operation 16 'alloca' 'right_border_buf_0_s' <Predicate = true> <Delay = 0.00>
ST_1 : Operation 17 [1/1] (0.00ns)   --->   "%right_border_buf_0_1 = alloca i8"   --->   Operation 17 'alloca' 'right_border_buf_0_1' <Predicate = true> <Delay = 0.00>
ST_1 : Operation 18 [1/1] (0.00ns)   --->   "call void (...)* @_ssdm_op_SpecInterface(i8* %p_dst_data_stream_V, [8 x i8]* @ap_fifo_str, i32 0, i32 0, [1 x i8]* @p_str266, i32 0, i32 0, [1 x i8]* @p_str267, [1 x i8]* @p_str268, [1 x i8]* @p_str269, i32 2, i32 2, i32 16, i32 16, [1 x i8]* @p_str270, [1 x i8]* @p_str271)"   --->   Operation 18 'specinterface' <Predicate = true> <Delay = 0.00>
ST_1 : Operation 19 [1/1] (0.00ns)   --->   "call void (...)* @_ssdm_op_SpecInterface(i8* %p_src_data_stream_V, [8 x i8]* @ap_fifo_str, i32 0, i32 0, [1 x i8]* @p_str259, i32 0, i32 0, [1 x i8]* @p_str260, [1 x i8]* @p_str261, [1 x i8]* @p_str262, i32 2, i32 2, i32 16, i32 16, [1 x i8]* @p_str263, [1 x i8]* @p_str264)"   --->   Operation 19 'specinterface' <Predicate = true> <Delay = 0.00>
ST_1 : Operation 20 [1/1] (0.00ns)   --->   "%k_buf_0_val_3 = alloca [1280 x i8], align 1" [D:/Program_Files/Xilinx/Vivado/2019.2/common/technology/autopilot/hls/hls_video_imgproc.h:400->D:/Program_Files/Xilinx/Vivado/2019.2/common/technology/autopilot/hls/hls_video_imgproc.h:1184->D:/Program_Files/Xilinx/Vivado/2019.2/common/technology/autopilot/hls/hls_video_imgproc.h:1231]   --->   Operation 20 'alloca' 'k_buf_0_val_3' <Predicate = true> <Delay = 0.00> <Core = "RAM">   --->   Core 37 'RAM' <Latency = 1> <II = 1> <Delay = 3.25> <Storage> <Opcode : 'load' 'store'> <Ports = 2> <Width = 8> <Depth = 1280> <RAM>
ST_1 : Operation 21 [1/1] (0.00ns)   --->   "%k_buf_0_val_4 = alloca [1280 x i8], align 1" [D:/Program_Files/Xilinx/Vivado/2019.2/common/technology/autopilot/hls/hls_video_imgproc.h:400->D:/Program_Files/Xilinx/Vivado/2019.2/common/technology/autopilot/hls/hls_video_imgproc.h:1184->D:/Program_Files/Xilinx/Vivado/2019.2/common/technology/autopilot/hls/hls_video_imgproc.h:1231]   --->   Operation 21 'alloca' 'k_buf_0_val_4' <Predicate = true> <Delay = 0.00> <Core = "RAM">   --->   Core 37 'RAM' <Latency = 1> <II = 1> <Delay = 3.25> <Storage> <Opcode : 'load' 'store'> <Ports = 2> <Width = 8> <Depth = 1280> <RAM>
ST_1 : Operation 22 [1/1] (0.00ns)   --->   "%k_buf_0_val_5 = alloca [1280 x i8], align 1" [D:/Program_Files/Xilinx/Vivado/2019.2/common/technology/autopilot/hls/hls_video_imgproc.h:400->D:/Program_Files/Xilinx/Vivado/2019.2/common/technology/autopilot/hls/hls_video_imgproc.h:1184->D:/Program_Files/Xilinx/Vivado/2019.2/common/technology/autopilot/hls/hls_video_imgproc.h:1231]   --->   Operation 22 'alloca' 'k_buf_0_val_5' <Predicate = true> <Delay = 0.00> <Core = "RAM">   --->   Core 37 'RAM' <Latency = 1> <II = 1> <Delay = 3.25> <Storage> <Opcode : 'load' 'store'> <Ports = 2> <Width = 8> <Depth = 1280> <RAM>
ST_1 : Operation 23 [1/1] (0.00ns)   --->   "%rbegin_i_i_i = call i32 (...)* @_ssdm_op_SpecRegionBegin([64 x i8]* @hls_KD_KD_LineBuffe) nounwind" [D:/Program_Files/Xilinx/Vivado/2019.2/common/technology/autopilot/hls/hls_video_mem.h:627->D:/Program_Files/Xilinx/Vivado/2019.2/common/technology/autopilot/hls/hls_video_imgproc.h:400->D:/Program_Files/Xilinx/Vivado/2019.2/common/technology/autopilot/hls/hls_video_imgproc.h:1184->D:/Program_Files/Xilinx/Vivado/2019.2/common/technology/autopilot/hls/hls_video_imgproc.h:1231]   --->   Operation 23 'specregionbegin' 'rbegin_i_i_i' <Predicate = true> <Delay = 0.00>
ST_1 : Operation 24 [1/1] (0.00ns)   --->   "%rend_i_i_i_0 = call i32 (...)* @_ssdm_op_SpecRegionEnd([64 x i8]* @hls_KD_KD_LineBuffe, i32 %rbegin_i_i_i) nounwind" [D:/Program_Files/Xilinx/Vivado/2019.2/common/technology/autopilot/hls/hls_video_mem.h:627->D:/Program_Files/Xilinx/Vivado/2019.2/common/technology/autopilot/hls/hls_video_imgproc.h:400->D:/Program_Files/Xilinx/Vivado/2019.2/common/technology/autopilot/hls/hls_video_imgproc.h:1184->D:/Program_Files/Xilinx/Vivado/2019.2/common/technology/autopilot/hls/hls_video_imgproc.h:1231]   --->   Operation 24 'specregionend' 'rend_i_i_i_0' <Predicate = true> <Delay = 0.00>
ST_1 : Operation 25 [1/1] (1.76ns)   --->   "br label %0" [D:/Program_Files/Xilinx/Vivado/2019.2/common/technology/autopilot/hls/hls_video_imgproc.h:443->D:/Program_Files/Xilinx/Vivado/2019.2/common/technology/autopilot/hls/hls_video_imgproc.h:1184->D:/Program_Files/Xilinx/Vivado/2019.2/common/technology/autopilot/hls/hls_video_imgproc.h:1231]   --->   Operation 25 'br' <Predicate = true> <Delay = 1.76>

State 2 <SV = 1> <Delay = 2.74>
ST_2 : Operation 26 [1/1] (0.00ns)   --->   "%t_V = phi i10 [ 0, %"hls::LineBuffer<6, 1280, unsigned char, 0>::LineBuffer.1.region" ], [ %i_V, %loop_height_end ]"   --->   Operation 26 'phi' 't_V' <Predicate = true> <Delay = 0.00>
ST_2 : Operation 27 [1/1] (1.77ns)   --->   "%icmp_ln443 = icmp eq i10 %t_V, -302" [D:/Program_Files/Xilinx/Vivado/2019.2/common/technology/autopilot/hls/hls_video_imgproc.h:443->D:/Program_Files/Xilinx/Vivado/2019.2/common/technology/autopilot/hls/hls_video_imgproc.h:1184->D:/Program_Files/Xilinx/Vivado/2019.2/common/technology/autopilot/hls/hls_video_imgproc.h:1231]   --->   Operation 27 'icmp' 'icmp_ln443' <Predicate = true> <Delay = 1.77> <Core = "Cmp">   --->   Core 25 'Cmp' <Latency = 0> <II = 1> <Delay = 1.77> <FuncUnit> <Opcode : 'icmp'> <InPorts = 2> <OutPorts = 1>
ST_2 : Operation 28 [1/1] (0.00ns)   --->   "call void (...)* @_ssdm_op_SpecLoopTripCount(i64 722, i64 722, i64 722)"   --->   Operation 28 'speclooptripcount' <Predicate = true> <Delay = 0.00>
ST_2 : Operation 29 [1/1] (1.73ns)   --->   "%i_V = add i10 %t_V, 1" [D:/Program_Files/Xilinx/Vivado/2019.2/common/technology/autopilot/hls/hls_video_imgproc.h:443->D:/Program_Files/Xilinx/Vivado/2019.2/common/technology/autopilot/hls/hls_video_imgproc.h:1184->D:/Program_Files/Xilinx/Vivado/2019.2/common/technology/autopilot/hls/hls_video_imgproc.h:1231]   --->   Operation 29 'add' 'i_V' <Predicate = true> <Delay = 1.73> <Core = "AddSub">   --->   Core 14 'AddSub' <Latency = 0> <II = 1> <Delay = 1.56> <FuncUnit> <Opcode : 'add' 'sub'> <InPorts = 2> <OutPorts = 1>
ST_2 : Operation 30 [1/1] (0.00ns)   --->   "br i1 %icmp_ln443, label %"morp_opr<erode_kernel, BORDER_REPLICATE, 0, 0, 720, 1280>.exit", label %loop_height_begin" [D:/Program_Files/Xilinx/Vivado/2019.2/common/technology/autopilot/hls/hls_video_imgproc.h:443->D:/Program_Files/Xilinx/Vivado/2019.2/common/technology/autopilot/hls/hls_video_imgproc.h:1184->D:/Program_Files/Xilinx/Vivado/2019.2/common/technology/autopilot/hls/hls_video_imgproc.h:1231]   --->   Operation 30 'br' <Predicate = true> <Delay = 0.00>
ST_2 : Operation 31 [1/1] (0.00ns)   --->   "call void (...)* @_ssdm_op_SpecLoopName([12 x i8]* @p_str22) nounwind" [D:/Program_Files/Xilinx/Vivado/2019.2/common/technology/autopilot/hls/hls_video_imgproc.h:443->D:/Program_Files/Xilinx/Vivado/2019.2/common/technology/autopilot/hls/hls_video_imgproc.h:1184->D:/Program_Files/Xilinx/Vivado/2019.2/common/technology/autopilot/hls/hls_video_imgproc.h:1231]   --->   Operation 31 'specloopname' <Predicate = (!icmp_ln443)> <Delay = 0.00>
ST_2 : Operation 32 [1/1] (0.00ns)   --->   "%tmp_s = call i32 (...)* @_ssdm_op_SpecRegionBegin([12 x i8]* @p_str22)" [D:/Program_Files/Xilinx/Vivado/2019.2/common/technology/autopilot/hls/hls_video_imgproc.h:443->D:/Program_Files/Xilinx/Vivado/2019.2/common/technology/autopilot/hls/hls_video_imgproc.h:1184->D:/Program_Files/Xilinx/Vivado/2019.2/common/technology/autopilot/hls/hls_video_imgproc.h:1231]   --->   Operation 32 'specregionbegin' 'tmp_s' <Predicate = (!icmp_ln443)> <Delay = 0.00>
ST_2 : Operation 33 [1/1] (1.77ns)   --->   "%icmp_ln887 = icmp ult i10 %t_V, -304" [D:/Program_Files/Xilinx/Vivado/2019.2/common/technology/autopilot/hls/hls_video_imgproc.h:492->D:/Program_Files/Xilinx/Vivado/2019.2/common/technology/autopilot/hls/hls_video_imgproc.h:1184->D:/Program_Files/Xilinx/Vivado/2019.2/common/technology/autopilot/hls/hls_video_imgproc.h:1231]   --->   Operation 33 'icmp' 'icmp_ln887' <Predicate = (!icmp_ln443)> <Delay = 1.77> <Core = "Cmp">   --->   Core 25 'Cmp' <Latency = 0> <II = 1> <Delay = 1.77> <FuncUnit> <Opcode : 'icmp'> <InPorts = 2> <OutPorts = 1>
ST_2 : Operation 34 [1/1] (0.97ns)   --->   "%xor_ln457 = xor i1 %icmp_ln887, true" [D:/Program_Files/Xilinx/Vivado/2019.2/common/technology/autopilot/hls/hls_video_imgproc.h:457->D:/Program_Files/Xilinx/Vivado/2019.2/common/technology/autopilot/hls/hls_video_imgproc.h:1184->D:/Program_Files/Xilinx/Vivado/2019.2/common/technology/autopilot/hls/hls_video_imgproc.h:1231]   --->   Operation 34 'xor' 'xor_ln457' <Predicate = (!icmp_ln443)> <Delay = 0.97> <Core = "LogicGate">   --->   Core 27 'LogicGate' <Latency = 0> <II = 1> <Delay = 0.97> <FuncUnit> <Opcode : 'and' 'or' 'xor'> <InPorts = 2> <OutPorts = 1>
ST_2 : Operation 35 [1/1] (0.00ns)   --->   "%tmp = call i9 @_ssdm_op_PartSelect.i9.i10.i32.i32(i10 %t_V, i32 1, i32 9)" [D:/Program_Files/Xilinx/Vivado/2019.2/common/technology/autopilot/hls/hls_video_imgproc.h:466->D:/Program_Files/Xilinx/Vivado/2019.2/common/technology/autopilot/hls/hls_video_imgproc.h:1184->D:/Program_Files/Xilinx/Vivado/2019.2/common/technology/autopilot/hls/hls_video_imgproc.h:1231]   --->   Operation 35 'partselect' 'tmp' <Predicate = (!icmp_ln443)> <Delay = 0.00>
ST_2 : Operation 36 [1/1] (1.66ns)   --->   "%icmp_ln899 = icmp ne i9 %tmp, 0" [D:/Program_Files/Xilinx/Vivado/2019.2/common/technology/autopilot/hls/hls_video_imgproc.h:466->D:/Program_Files/Xilinx/Vivado/2019.2/common/technology/autopilot/hls/hls_video_imgproc.h:1184->D:/Program_Files/Xilinx/Vivado/2019.2/common/technology/autopilot/hls/hls_video_imgproc.h:1231]   --->   Operation 36 'icmp' 'icmp_ln899' <Predicate = (!icmp_ln443)> <Delay = 1.66> <Core = "Cmp">   --->   Core 25 'Cmp' <Latency = 0> <II = 1> <Delay = 1.77> <FuncUnit> <Opcode : 'icmp'> <InPorts = 2> <OutPorts = 1>
ST_2 : Operation 37 [1/1] (1.77ns)   --->   "%icmp_ln879 = icmp eq i10 %t_V, 0" [D:/Program_Files/Xilinx/Vivado/2019.2/common/technology/autopilot/hls/hls_video_imgproc.h:471->D:/Program_Files/Xilinx/Vivado/2019.2/common/technology/autopilot/hls/hls_video_imgproc.h:1184->D:/Program_Files/Xilinx/Vivado/2019.2/common/technology/autopilot/hls/hls_video_imgproc.h:1231]   --->   Operation 37 'icmp' 'icmp_ln879' <Predicate = (!icmp_ln443)> <Delay = 1.77> <Core = "Cmp">   --->   Core 25 'Cmp' <Latency = 0> <II = 1> <Delay = 1.77> <FuncUnit> <Opcode : 'icmp'> <InPorts = 2> <OutPorts = 1>
ST_2 : Operation 38 [1/1] (1.77ns)   --->   "%icmp_ln879_1 = icmp eq i10 %t_V, 1" [D:/Program_Files/Xilinx/Vivado/2019.2/common/technology/autopilot/hls/hls_video_imgproc.h:471->D:/Program_Files/Xilinx/Vivado/2019.2/common/technology/autopilot/hls/hls_video_imgproc.h:1184->D:/Program_Files/Xilinx/Vivado/2019.2/common/technology/autopilot/hls/hls_video_imgproc.h:1231]   --->   Operation 38 'icmp' 'icmp_ln879_1' <Predicate = (!icmp_ln443)> <Delay = 1.77> <Core = "Cmp">   --->   Core 25 'Cmp' <Latency = 0> <II = 1> <Delay = 1.77> <FuncUnit> <Opcode : 'icmp'> <InPorts = 2> <OutPorts = 1>
ST_2 : Operation 39 [1/1] (1.77ns)   --->   "%icmp_ln899_1 = icmp ugt i10 %t_V, -304" [D:/Program_Files/Xilinx/Vivado/2019.2/common/technology/autopilot/hls/hls_video_imgproc.h:502->D:/Program_Files/Xilinx/Vivado/2019.2/common/technology/autopilot/hls/hls_video_imgproc.h:1184->D:/Program_Files/Xilinx/Vivado/2019.2/common/technology/autopilot/hls/hls_video_imgproc.h:1231]   --->   Operation 39 'icmp' 'icmp_ln899_1' <Predicate = (!icmp_ln443)> <Delay = 1.77> <Core = "Cmp">   --->   Core 25 'Cmp' <Latency = 0> <II = 1> <Delay = 1.77> <FuncUnit> <Opcode : 'icmp'> <InPorts = 2> <OutPorts = 1>
ST_2 : Operation 40 [1/1] (0.00ns)   --->   "%trunc_ln506 = trunc i10 %t_V to i2" [D:/Program_Files/Xilinx/Vivado/2019.2/common/technology/autopilot/hls/hls_video_imgproc.h:506->D:/Program_Files/Xilinx/Vivado/2019.2/common/technology/autopilot/hls/hls_video_imgproc.h:1184->D:/Program_Files/Xilinx/Vivado/2019.2/common/technology/autopilot/hls/hls_video_imgproc.h:1231]   --->   Operation 40 'trunc' 'trunc_ln506' <Predicate = (!icmp_ln443)> <Delay = 0.00>
ST_2 : Operation 41 [1/1] (0.97ns)   --->   "%xor_ln493 = xor i2 %trunc_ln506, 1" [D:/Program_Files/Xilinx/Vivado/2019.2/common/technology/autopilot/hls/hls_video_mem.h:493->D:/Program_Files/Xilinx/Vivado/2019.2/common/technology/autopilot/hls/hls_video_mem.h:501->D:/Program_Files/Xilinx/Vivado/2019.2/common/technology/autopilot/hls/hls_video_imgproc.h:507->D:/Program_Files/Xilinx/Vivado/2019.2/common/technology/autopilot/hls/hls_video_imgproc.h:1184->D:/Program_Files/Xilinx/Vivado/2019.2/common/technology/autopilot/hls/hls_video_imgproc.h:1231]   --->   Operation 41 'xor' 'xor_ln493' <Predicate = (!icmp_ln443)> <Delay = 0.97> <Core = "LogicGate">   --->   Core 27 'LogicGate' <Latency = 0> <II = 1> <Delay = 0.97> <FuncUnit> <Opcode : 'and' 'or' 'xor'> <InPorts = 2> <OutPorts = 1>
ST_2 : Operation 42 [1/1] (1.56ns)   --->   "%sub_ln493 = sub i2 -2, %trunc_ln506" [D:/Program_Files/Xilinx/Vivado/2019.2/common/technology/autopilot/hls/hls_video_mem.h:493->D:/Program_Files/Xilinx/Vivado/2019.2/common/technology/autopilot/hls/hls_video_mem.h:501->D:/Program_Files/Xilinx/Vivado/2019.2/common/technology/autopilot/hls/hls_video_imgproc.h:507->D:/Program_Files/Xilinx/Vivado/2019.2/common/technology/autopilot/hls/hls_video_imgproc.h:1184->D:/Program_Files/Xilinx/Vivado/2019.2/common/technology/autopilot/hls/hls_video_imgproc.h:1231]   --->   Operation 42 'sub' 'sub_ln493' <Predicate = (!icmp_ln443)> <Delay = 1.56> <Core = "AddSub">   --->   Core 14 'AddSub' <Latency = 0> <II = 1> <Delay = 1.56> <FuncUnit> <Opcode : 'add' 'sub'> <InPorts = 2> <OutPorts = 1>
ST_2 : Operation 43 [1/1] (1.76ns)   --->   "br label %1" [D:/Program_Files/Xilinx/Vivado/2019.2/common/technology/autopilot/hls/hls_video_imgproc.h:444->D:/Program_Files/Xilinx/Vivado/2019.2/common/technology/autopilot/hls/hls_video_imgproc.h:1184->D:/Program_Files/Xilinx/Vivado/2019.2/common/technology/autopilot/hls/hls_video_imgproc.h:1231]   --->   Operation 43 'br' <Predicate = (!icmp_ln443)> <Delay = 1.76>
ST_2 : Operation 44 [1/1] (0.00ns)   --->   "ret void" [D:/Program_Files/Xilinx/Vivado/2019.2/common/technology/autopilot/hls/hls_video_imgproc.h:1232]   --->   Operation 44 'ret' <Predicate = (icmp_ln443)> <Delay = 0.00>

State 3 <SV = 2> <Delay = 8.55>
ST_3 : Operation 45 [1/1] (0.00ns)   --->   "%t_V_5 = phi i11 [ 0, %loop_height_begin ], [ %j_V, %loop_width_end ]"   --->   Operation 45 'phi' 't_V_5' <Predicate = true> <Delay = 0.00>
ST_3 : Operation 46 [1/1] (0.00ns)   --->   "%zext_ln444 = zext i11 %t_V_5 to i12" [D:/Program_Files/Xilinx/Vivado/2019.2/common/technology/autopilot/hls/hls_video_imgproc.h:444->D:/Program_Files/Xilinx/Vivado/2019.2/common/technology/autopilot/hls/hls_video_imgproc.h:1184->D:/Program_Files/Xilinx/Vivado/2019.2/common/technology/autopilot/hls/hls_video_imgproc.h:1231]   --->   Operation 46 'zext' 'zext_ln444' <Predicate = true> <Delay = 0.00>
ST_3 : Operation 47 [1/1] (1.88ns)   --->   "%icmp_ln444 = icmp eq i11 %t_V_5, -766" [D:/Program_Files/Xilinx/Vivado/2019.2/common/technology/autopilot/hls/hls_video_imgproc.h:444->D:/Program_Files/Xilinx/Vivado/2019.2/common/technology/autopilot/hls/hls_video_imgproc.h:1184->D:/Program_Files/Xilinx/Vivado/2019.2/common/technology/autopilot/hls/hls_video_imgproc.h:1231]   --->   Operation 47 'icmp' 'icmp_ln444' <Predicate = true> <Delay = 1.88> <Core = "Cmp">   --->   Core 25 'Cmp' <Latency = 0> <II = 1> <Delay = 1.77> <FuncUnit> <Opcode : 'icmp'> <InPorts = 2> <OutPorts = 1>
ST_3 : Operation 48 [1/1] (0.00ns)   --->   "call void (...)* @_ssdm_op_SpecLoopTripCount(i64 1282, i64 1282, i64 1282)"   --->   Operation 48 'speclooptripcount' <Predicate = true> <Delay = 0.00>
ST_3 : Operation 49 [1/1] (1.63ns)   --->   "%j_V = add i11 %t_V_5, 1" [D:/Program_Files/Xilinx/Vivado/2019.2/common/technology/autopilot/hls/hls_video_imgproc.h:444->D:/Program_Files/Xilinx/Vivado/2019.2/common/technology/autopilot/hls/hls_video_imgproc.h:1184->D:/Program_Files/Xilinx/Vivado/2019.2/common/technology/autopilot/hls/hls_video_imgproc.h:1231]   --->   Operation 49 'add' 'j_V' <Predicate = true> <Delay = 1.63> <Core = "AddSub">   --->   Core 14 'AddSub' <Latency = 0> <II = 1> <Delay = 1.56> <FuncUnit> <Opcode : 'add' 'sub'> <InPorts = 2> <OutPorts = 1>
ST_3 : Operation 50 [1/1] (0.00ns)   --->   "br i1 %icmp_ln444, label %loop_height_end, label %loop_width_begin" [D:/Program_Files/Xilinx/Vivado/2019.2/common/technology/autopilot/hls/hls_video_imgproc.h:444->D:/Program_Files/Xilinx/Vivado/2019.2/common/technology/autopilot/hls/hls_video_imgproc.h:1184->D:/Program_Files/Xilinx/Vivado/2019.2/common/technology/autopilot/hls/hls_video_imgproc.h:1231]   --->   Operation 50 'br' <Predicate = true> <Delay = 0.00>
ST_3 : Operation 51 [1/1] (0.00ns)   --->   "%tmp_29 = call i10 @_ssdm_op_PartSelect.i10.i11.i32.i32(i11 %t_V_5, i32 1, i32 10)" [D:/Program_Files/Xilinx/Vivado/2019.2/common/technology/autopilot/hls/hls_video_imgproc.h:512->D:/Program_Files/Xilinx/Vivado/2019.2/common/technology/autopilot/hls/hls_video_imgproc.h:1184->D:/Program_Files/Xilinx/Vivado/2019.2/common/technology/autopilot/hls/hls_video_imgproc.h:1231]   --->   Operation 51 'partselect' 'tmp_29' <Predicate = (!icmp_ln444)> <Delay = 0.00>
ST_3 : Operation 52 [1/1] (1.77ns)   --->   "%icmp_ln891 = icmp ne i10 %tmp_29, 0" [D:/Program_Files/Xilinx/Vivado/2019.2/common/technology/autopilot/hls/hls_video_imgproc.h:512->D:/Program_Files/Xilinx/Vivado/2019.2/common/technology/autopilot/hls/hls_video_imgproc.h:1184->D:/Program_Files/Xilinx/Vivado/2019.2/common/technology/autopilot/hls/hls_video_imgproc.h:1231]   --->   Operation 52 'icmp' 'icmp_ln891' <Predicate = (!icmp_ln444)> <Delay = 1.77> <Core = "Cmp">   --->   Core 25 'Cmp' <Latency = 0> <II = 1> <Delay = 1.77> <FuncUnit> <Opcode : 'icmp'> <InPorts = 2> <OutPorts = 1>
ST_3 : Operation 53 [1/1] (1.63ns)   --->   "%ImagLoc_x = add i12 -1, %zext_ln444" [D:/Program_Files/Xilinx/Vivado/2019.2/common/technology/autopilot/hls/hls_video_imgproc.h:451->D:/Program_Files/Xilinx/Vivado/2019.2/common/technology/autopilot/hls/hls_video_imgproc.h:1184->D:/Program_Files/Xilinx/Vivado/2019.2/common/technology/autopilot/hls/hls_video_imgproc.h:1231]   --->   Operation 53 'add' 'ImagLoc_x' <Predicate = (!icmp_ln444)> <Delay = 1.63> <Core = "AddSub">   --->   Core 14 'AddSub' <Latency = 0> <II = 1> <Delay = 1.56> <FuncUnit> <Opcode : 'add' 'sub'> <InPorts = 2> <OutPorts = 1>
ST_3 : Operation 54 [1/1] (0.00ns) (grouped into LUT with out node and_ln118)   --->   "%tmp_30 = call i1 @_ssdm_op_BitSelect.i1.i12.i32(i12 %ImagLoc_x, i32 11)" [D:/Program_Files/Xilinx/Vivado/2019.2/common/technology/autopilot/hls/hls_video_imgbase.h:118->D:/Program_Files/Xilinx/Vivado/2019.2/common/technology/autopilot/hls/hls_video_imgproc.h:452->D:/Program_Files/Xilinx/Vivado/2019.2/common/technology/autopilot/hls/hls_video_imgproc.h:1184->D:/Program_Files/Xilinx/Vivado/2019.2/common/technology/autopilot/hls/hls_video_imgproc.h:1231]   --->   Operation 54 'bitselect' 'tmp_30' <Predicate = (!icmp_ln444)> <Delay = 0.00>
ST_3 : Operation 55 [1/1] (0.00ns) (grouped into LUT with out node and_ln118)   --->   "%xor_ln118 = xor i1 %tmp_30, true" [D:/Program_Files/Xilinx/Vivado/2019.2/common/technology/autopilot/hls/hls_video_imgbase.h:118->D:/Program_Files/Xilinx/Vivado/2019.2/common/technology/autopilot/hls/hls_video_imgproc.h:452->D:/Program_Files/Xilinx/Vivado/2019.2/common/technology/autopilot/hls/hls_video_imgproc.h:1184->D:/Program_Files/Xilinx/Vivado/2019.2/common/technology/autopilot/hls/hls_video_imgproc.h:1231]   --->   Operation 55 'xor' 'xor_ln118' <Predicate = (!icmp_ln444)> <Delay = 0.00> <Core = "LogicGate">   --->   Core 27 'LogicGate' <Latency = 0> <II = 1> <Delay = 0.97> <FuncUnit> <Opcode : 'and' 'or' 'xor'> <InPorts = 2> <OutPorts = 1>
ST_3 : Operation 56 [1/1] (1.99ns)   --->   "%icmp_ln118 = icmp slt i12 %ImagLoc_x, 1280" [D:/Program_Files/Xilinx/Vivado/2019.2/common/technology/autopilot/hls/hls_video_imgbase.h:118->D:/Program_Files/Xilinx/Vivado/2019.2/common/technology/autopilot/hls/hls_video_imgproc.h:452->D:/Program_Files/Xilinx/Vivado/2019.2/common/technology/autopilot/hls/hls_video_imgproc.h:1184->D:/Program_Files/Xilinx/Vivado/2019.2/common/technology/autopilot/hls/hls_video_imgproc.h:1231]   --->   Operation 56 'icmp' 'icmp_ln118' <Predicate = (!icmp_ln444)> <Delay = 1.99> <Core = "Cmp">   --->   Core 25 'Cmp' <Latency = 0> <II = 1> <Delay = 1.77> <FuncUnit> <Opcode : 'icmp'> <InPorts = 2> <OutPorts = 1>
ST_3 : Operation 57 [1/1] (0.97ns) (out node of the LUT)   --->   "%and_ln118 = and i1 %icmp_ln118, %xor_ln118" [D:/Program_Files/Xilinx/Vivado/2019.2/common/technology/autopilot/hls/hls_video_imgbase.h:118->D:/Program_Files/Xilinx/Vivado/2019.2/common/technology/autopilot/hls/hls_video_imgproc.h:452->D:/Program_Files/Xilinx/Vivado/2019.2/common/technology/autopilot/hls/hls_video_imgproc.h:1184->D:/Program_Files/Xilinx/Vivado/2019.2/common/technology/autopilot/hls/hls_video_imgproc.h:1231]   --->   Operation 57 'and' 'and_ln118' <Predicate = (!icmp_ln444)> <Delay = 0.97> <Core = "LogicGate">   --->   Core 27 'LogicGate' <Latency = 0> <II = 1> <Delay = 0.97> <FuncUnit> <Opcode : 'and' 'or' 'xor'> <InPorts = 2> <OutPorts = 1>
ST_3 : Operation 58 [1/1] (0.00ns) (grouped into LUT with out node x)   --->   "%tmp_31 = call i1 @_ssdm_op_BitSelect.i1.i12.i32(i12 %ImagLoc_x, i32 11)" [D:/Program_Files/Xilinx/Vivado/2019.2/common/technology/autopilot/hls/hls_video_imgbase.h:121->D:/Program_Files/Xilinx/Vivado/2019.2/common/technology/autopilot/hls/hls_video_imgproc.h:452->D:/Program_Files/Xilinx/Vivado/2019.2/common/technology/autopilot/hls/hls_video_imgproc.h:1184->D:/Program_Files/Xilinx/Vivado/2019.2/common/technology/autopilot/hls/hls_video_imgproc.h:1231]   --->   Operation 58 'bitselect' 'tmp_31' <Predicate = (!icmp_ln444)> <Delay = 0.00>
ST_3 : Operation 59 [1/1] (0.00ns) (grouped into LUT with out node x)   --->   "%select_ln121 = select i1 %tmp_31, i12 0, i12 1279" [D:/Program_Files/Xilinx/Vivado/2019.2/common/technology/autopilot/hls/hls_video_imgbase.h:121->D:/Program_Files/Xilinx/Vivado/2019.2/common/technology/autopilot/hls/hls_video_imgproc.h:452->D:/Program_Files/Xilinx/Vivado/2019.2/common/technology/autopilot/hls/hls_video_imgproc.h:1184->D:/Program_Files/Xilinx/Vivado/2019.2/common/technology/autopilot/hls/hls_video_imgproc.h:1231]   --->   Operation 59 'select' 'select_ln121' <Predicate = (!icmp_ln444)> <Delay = 0.00> <Core = "Sel">   --->   Core 26 'Sel' <Latency = 0> <II = 1> <Delay = 1.24> <FuncUnit> <Opcode : 'select'> <InPorts = 3> <OutPorts = 1>
ST_3 : Operation 60 [1/1] (0.69ns) (out node of the LUT)   --->   "%x = select i1 %and_ln118, i12 %ImagLoc_x, i12 %select_ln121" [D:/Program_Files/Xilinx/Vivado/2019.2/common/technology/autopilot/hls/hls_video_imgbase.h:118->D:/Program_Files/Xilinx/Vivado/2019.2/common/technology/autopilot/hls/hls_video_imgproc.h:452->D:/Program_Files/Xilinx/Vivado/2019.2/common/technology/autopilot/hls/hls_video_imgproc.h:1184->D:/Program_Files/Xilinx/Vivado/2019.2/common/technology/autopilot/hls/hls_video_imgproc.h:1231]   --->   Operation 60 'select' 'x' <Predicate = (!icmp_ln444)> <Delay = 0.69> <Core = "Sel">   --->   Core 26 'Sel' <Latency = 0> <II = 1> <Delay = 1.24> <FuncUnit> <Opcode : 'select'> <InPorts = 3> <OutPorts = 1>
ST_3 : Operation 61 [1/1] (0.00ns)   --->   "%trunc_ln458 = trunc i12 %x to i2" [D:/Program_Files/Xilinx/Vivado/2019.2/common/technology/autopilot/hls/hls_video_imgproc.h:458->D:/Program_Files/Xilinx/Vivado/2019.2/common/technology/autopilot/hls/hls_video_imgproc.h:1184->D:/Program_Files/Xilinx/Vivado/2019.2/common/technology/autopilot/hls/hls_video_imgproc.h:1231]   --->   Operation 61 'trunc' 'trunc_ln458' <Predicate = (!icmp_ln444)> <Delay = 0.00>
ST_3 : Operation 62 [1/1] (0.97ns)   --->   "%or_ln457 = or i1 %icmp_ln118, %xor_ln457" [D:/Program_Files/Xilinx/Vivado/2019.2/common/technology/autopilot/hls/hls_video_imgproc.h:457->D:/Program_Files/Xilinx/Vivado/2019.2/common/technology/autopilot/hls/hls_video_imgproc.h:1184->D:/Program_Files/Xilinx/Vivado/2019.2/common/technology/autopilot/hls/hls_video_imgproc.h:1231]   --->   Operation 62 'or' 'or_ln457' <Predicate = (!icmp_ln444)> <Delay = 0.97> <Core = "LogicGate">   --->   Core 27 'LogicGate' <Latency = 0> <II = 1> <Delay = 0.97> <FuncUnit> <Opcode : 'and' 'or' 'xor'> <InPorts = 2> <OutPorts = 1>
ST_3 : Operation 63 [1/1] (0.00ns)   --->   "%zext_ln835 = zext i12 %x to i64" [D:/Program_Files/Xilinx/Vivado/2019.2/common/technology/autopilot/hls/hls_video_mem.h:835->D:/Program_Files/Xilinx/Vivado/2019.2/common/technology/autopilot/hls/hls_video_mem.h:843->D:/Program_Files/Xilinx/Vivado/2019.2/common/technology/autopilot/hls/hls_video_imgproc.h:460->D:/Program_Files/Xilinx/Vivado/2019.2/common/technology/autopilot/hls/hls_video_imgproc.h:1184->D:/Program_Files/Xilinx/Vivado/2019.2/common/technology/autopilot/hls/hls_video_imgproc.h:1231]   --->   Operation 63 'zext' 'zext_ln835' <Predicate = (!icmp_ln444)> <Delay = 0.00>
ST_3 : Operation 64 [1/1] (0.00ns)   --->   "%k_buf_0_val_3_addr = getelementptr [1280 x i8]* %k_buf_0_val_3, i64 0, i64 %zext_ln835" [D:/Program_Files/Xilinx/Vivado/2019.2/common/technology/autopilot/hls/hls_video_mem.h:835->D:/Program_Files/Xilinx/Vivado/2019.2/common/technology/autopilot/hls/hls_video_mem.h:843->D:/Program_Files/Xilinx/Vivado/2019.2/common/technology/autopilot/hls/hls_video_imgproc.h:460->D:/Program_Files/Xilinx/Vivado/2019.2/common/technology/autopilot/hls/hls_video_imgproc.h:1184->D:/Program_Files/Xilinx/Vivado/2019.2/common/technology/autopilot/hls/hls_video_imgproc.h:1231]   --->   Operation 64 'getelementptr' 'k_buf_0_val_3_addr' <Predicate = (!icmp_ln444)> <Delay = 0.00>
ST_3 : Operation 65 [2/2] (3.25ns)   --->   "%k_buf_0_val_3_load = load i8* %k_buf_0_val_3_addr, align 1" [D:/Program_Files/Xilinx/Vivado/2019.2/common/technology/autopilot/hls/hls_video_imgproc.h:460->D:/Program_Files/Xilinx/Vivado/2019.2/common/technology/autopilot/hls/hls_video_imgproc.h:1184->D:/Program_Files/Xilinx/Vivado/2019.2/common/technology/autopilot/hls/hls_video_imgproc.h:1231]   --->   Operation 65 'load' 'k_buf_0_val_3_load' <Predicate = (!icmp_ln444)> <Delay = 3.25> <Core = "RAM">   --->   Core 37 'RAM' <Latency = 1> <II = 1> <Delay = 3.25> <Storage> <Opcode : 'load' 'store'> <Ports = 2> <Width = 8> <Depth = 1280> <RAM>
ST_3 : Operation 66 [1/1] (0.00ns)   --->   "%k_buf_0_val_4_addr = getelementptr [1280 x i8]* %k_buf_0_val_4, i64 0, i64 %zext_ln835" [D:/Program_Files/Xilinx/Vivado/2019.2/common/technology/autopilot/hls/hls_video_mem.h:835->D:/Program_Files/Xilinx/Vivado/2019.2/common/technology/autopilot/hls/hls_video_mem.h:843->D:/Program_Files/Xilinx/Vivado/2019.2/common/technology/autopilot/hls/hls_video_imgproc.h:460->D:/Program_Files/Xilinx/Vivado/2019.2/common/technology/autopilot/hls/hls_video_imgproc.h:1184->D:/Program_Files/Xilinx/Vivado/2019.2/common/technology/autopilot/hls/hls_video_imgproc.h:1231]   --->   Operation 66 'getelementptr' 'k_buf_0_val_4_addr' <Predicate = (!icmp_ln444)> <Delay = 0.00>
ST_3 : Operation 67 [2/2] (3.25ns)   --->   "%k_buf_0_val_4_load = load i8* %k_buf_0_val_4_addr, align 1" [D:/Program_Files/Xilinx/Vivado/2019.2/common/technology/autopilot/hls/hls_video_imgproc.h:460->D:/Program_Files/Xilinx/Vivado/2019.2/common/technology/autopilot/hls/hls_video_imgproc.h:1184->D:/Program_Files/Xilinx/Vivado/2019.2/common/technology/autopilot/hls/hls_video_imgproc.h:1231]   --->   Operation 67 'load' 'k_buf_0_val_4_load' <Predicate = (!icmp_ln444)> <Delay = 3.25> <Core = "RAM">   --->   Core 37 'RAM' <Latency = 1> <II = 1> <Delay = 3.25> <Storage> <Opcode : 'load' 'store'> <Ports = 2> <Width = 8> <Depth = 1280> <RAM>
ST_3 : Operation 68 [1/1] (0.00ns)   --->   "%k_buf_0_val_5_addr = getelementptr [1280 x i8]* %k_buf_0_val_5, i64 0, i64 %zext_ln835" [D:/Program_Files/Xilinx/Vivado/2019.2/common/technology/autopilot/hls/hls_video_mem.h:835->D:/Program_Files/Xilinx/Vivado/2019.2/common/technology/autopilot/hls/hls_video_mem.h:843->D:/Program_Files/Xilinx/Vivado/2019.2/common/technology/autopilot/hls/hls_video_imgproc.h:460->D:/Program_Files/Xilinx/Vivado/2019.2/common/technology/autopilot/hls/hls_video_imgproc.h:1184->D:/Program_Files/Xilinx/Vivado/2019.2/common/technology/autopilot/hls/hls_video_imgproc.h:1231]   --->   Operation 68 'getelementptr' 'k_buf_0_val_5_addr' <Predicate = (!icmp_ln444)> <Delay = 0.00>
ST_3 : Operation 69 [2/2] (3.25ns)   --->   "%k_buf_0_val_5_load = load i8* %k_buf_0_val_5_addr, align 1" [D:/Program_Files/Xilinx/Vivado/2019.2/common/technology/autopilot/hls/hls_video_imgproc.h:460->D:/Program_Files/Xilinx/Vivado/2019.2/common/technology/autopilot/hls/hls_video_imgproc.h:1184->D:/Program_Files/Xilinx/Vivado/2019.2/common/technology/autopilot/hls/hls_video_imgproc.h:1231]   --->   Operation 69 'load' 'k_buf_0_val_5_load' <Predicate = (!icmp_ln444)> <Delay = 3.25> <Core = "RAM">   --->   Core 37 'RAM' <Latency = 1> <II = 1> <Delay = 3.25> <Storage> <Opcode : 'load' 'store'> <Ports = 2> <Width = 8> <Depth = 1280> <RAM>
ST_3 : Operation 70 [1/1] (0.00ns)   --->   "br i1 %and_ln118, label %2, label %._crit_edge476.i.i_ifconv" [D:/Program_Files/Xilinx/Vivado/2019.2/common/technology/autopilot/hls/hls_video_imgproc.h:465->D:/Program_Files/Xilinx/Vivado/2019.2/common/technology/autopilot/hls/hls_video_imgproc.h:1184->D:/Program_Files/Xilinx/Vivado/2019.2/common/technology/autopilot/hls/hls_video_imgproc.h:1231]   --->   Operation 70 'br' <Predicate = (!icmp_ln444)> <Delay = 0.00>
ST_3 : Operation 71 [1/1] (0.00ns)   --->   "br i1 %icmp_ln899, label %3, label %borderInterpolate.exit492.i.i.0" [D:/Program_Files/Xilinx/Vivado/2019.2/common/technology/autopilot/hls/hls_video_imgproc.h:466->D:/Program_Files/Xilinx/Vivado/2019.2/common/technology/autopilot/hls/hls_video_imgproc.h:1184->D:/Program_Files/Xilinx/Vivado/2019.2/common/technology/autopilot/hls/hls_video_imgproc.h:1231]   --->   Operation 71 'br' <Predicate = (!icmp_ln444 & and_ln118)> <Delay = 0.00>
ST_3 : Operation 72 [1/1] (0.00ns)   --->   "br i1 %icmp_ln879, label %"operator().exit534.i.i.0", label %._crit_edge478.i.i.1" [D:/Program_Files/Xilinx/Vivado/2019.2/common/technology/autopilot/hls/hls_video_imgproc.h:471->D:/Program_Files/Xilinx/Vivado/2019.2/common/technology/autopilot/hls/hls_video_imgproc.h:1184->D:/Program_Files/Xilinx/Vivado/2019.2/common/technology/autopilot/hls/hls_video_imgproc.h:1231]   --->   Operation 72 'br' <Predicate = (!icmp_ln444 & and_ln118 & !icmp_ln899)> <Delay = 0.00>
ST_3 : Operation 73 [1/1] (0.00ns)   --->   "br i1 %icmp_ln879_1, label %"operator().exit534.i.i.2", label %._crit_edge478.i.i.2" [D:/Program_Files/Xilinx/Vivado/2019.2/common/technology/autopilot/hls/hls_video_imgproc.h:471->D:/Program_Files/Xilinx/Vivado/2019.2/common/technology/autopilot/hls/hls_video_imgproc.h:1184->D:/Program_Files/Xilinx/Vivado/2019.2/common/technology/autopilot/hls/hls_video_imgproc.h:1231]   --->   Operation 73 'br' <Predicate = (!icmp_ln444 & and_ln118 & !icmp_ln899)> <Delay = 0.00>
ST_3 : Operation 74 [1/1] (0.00ns)   --->   "br label %._crit_edge476.i.i_ifconv"   --->   Operation 74 'br' <Predicate = (!icmp_ln444 & and_ln118 & !icmp_ln899)> <Delay = 0.00>
ST_3 : Operation 75 [1/1] (0.00ns)   --->   "br i1 %icmp_ln887, label %.preheader460.i.i.preheader.0, label %._crit_edge476.i.i_ifconv" [D:/Program_Files/Xilinx/Vivado/2019.2/common/technology/autopilot/hls/hls_video_imgproc.h:475->D:/Program_Files/Xilinx/Vivado/2019.2/common/technology/autopilot/hls/hls_video_imgproc.h:1184->D:/Program_Files/Xilinx/Vivado/2019.2/common/technology/autopilot/hls/hls_video_imgproc.h:1231]   --->   Operation 75 'br' <Predicate = (!icmp_ln444 & and_ln118 & icmp_ln899)> <Delay = 0.00>
ST_3 : Operation 76 [1/1] (0.97ns)   --->   "%and_ln512 = and i1 %icmp_ln899, %icmp_ln891" [D:/Program_Files/Xilinx/Vivado/2019.2/common/technology/autopilot/hls/hls_video_imgproc.h:512->D:/Program_Files/Xilinx/Vivado/2019.2/common/technology/autopilot/hls/hls_video_imgproc.h:1184->D:/Program_Files/Xilinx/Vivado/2019.2/common/technology/autopilot/hls/hls_video_imgproc.h:1231]   --->   Operation 76 'and' 'and_ln512' <Predicate = (!icmp_ln444)> <Delay = 0.97> <Core = "LogicGate">   --->   Core 27 'LogicGate' <Latency = 0> <II = 1> <Delay = 0.97> <FuncUnit> <Opcode : 'and' 'or' 'xor'> <InPorts = 2> <OutPorts = 1>
ST_3 : Operation 77 [1/1] (0.00ns)   --->   "br i1 %and_ln512, label %._crit_edge.i540.i.i.0.0, label %loop_width_end" [D:/Program_Files/Xilinx/Vivado/2019.2/common/technology/autopilot/hls/hls_video_imgproc.h:512->D:/Program_Files/Xilinx/Vivado/2019.2/common/technology/autopilot/hls/hls_video_imgproc.h:1184->D:/Program_Files/Xilinx/Vivado/2019.2/common/technology/autopilot/hls/hls_video_imgproc.h:1231]   --->   Operation 77 'br' <Predicate = (!icmp_ln444)> <Delay = 0.00>

State 4 <SV = 3> <Delay = 9.59>
ST_4 : Operation 78 [1/1] (0.00ns)   --->   "%src_kernel_win_0_va_7 = load i8* %src_kernel_win_0_va_6" [D:/Program_Files/Xilinx/Vivado/2019.2/common/technology/autopilot/hls/hls_video_imgproc.h:458->D:/Program_Files/Xilinx/Vivado/2019.2/common/technology/autopilot/hls/hls_video_imgproc.h:1184->D:/Program_Files/Xilinx/Vivado/2019.2/common/technology/autopilot/hls/hls_video_imgproc.h:1231]   --->   Operation 78 'load' 'src_kernel_win_0_va_7' <Predicate = (!or_ln457)> <Delay = 0.00>
ST_4 : Operation 79 [1/1] (0.00ns)   --->   "%right_border_buf_0_2 = load i8* %right_border_buf_0_s" [D:/Program_Files/Xilinx/Vivado/2019.2/common/technology/autopilot/hls/hls_video_imgproc.h:458->D:/Program_Files/Xilinx/Vivado/2019.2/common/technology/autopilot/hls/hls_video_imgproc.h:1184->D:/Program_Files/Xilinx/Vivado/2019.2/common/technology/autopilot/hls/hls_video_imgproc.h:1231]   --->   Operation 79 'load' 'right_border_buf_0_2' <Predicate = (!or_ln457)> <Delay = 0.00>
ST_4 : Operation 80 [1/1] (0.00ns)   --->   "%right_border_buf_0_3 = load i8* %right_border_buf_0_1" [D:/Program_Files/Xilinx/Vivado/2019.2/common/technology/autopilot/hls/hls_video_imgproc.h:458->D:/Program_Files/Xilinx/Vivado/2019.2/common/technology/autopilot/hls/hls_video_imgproc.h:1184->D:/Program_Files/Xilinx/Vivado/2019.2/common/technology/autopilot/hls/hls_video_imgproc.h:1231]   --->   Operation 80 'load' 'right_border_buf_0_3' <Predicate = (!or_ln457)> <Delay = 0.00>
ST_4 : Operation 81 [1/2] (3.25ns)   --->   "%k_buf_0_val_3_load = load i8* %k_buf_0_val_3_addr, align 1" [D:/Program_Files/Xilinx/Vivado/2019.2/common/technology/autopilot/hls/hls_video_imgproc.h:460->D:/Program_Files/Xilinx/Vivado/2019.2/common/technology/autopilot/hls/hls_video_imgproc.h:1184->D:/Program_Files/Xilinx/Vivado/2019.2/common/technology/autopilot/hls/hls_video_imgproc.h:1231]   --->   Operation 81 'load' 'k_buf_0_val_3_load' <Predicate = true> <Delay = 3.25> <Core = "RAM">   --->   Core 37 'RAM' <Latency = 1> <II = 1> <Delay = 3.25> <Storage> <Opcode : 'load' 'store'> <Ports = 2> <Width = 8> <Depth = 1280> <RAM>
ST_4 : Operation 82 [1/1] (0.97ns)   --->   "%xor_ln493_1 = xor i2 %trunc_ln458, -1" [D:/Program_Files/Xilinx/Vivado/2019.2/common/technology/autopilot/hls/hls_video_mem.h:493->D:/Program_Files/Xilinx/Vivado/2019.2/common/technology/autopilot/hls/hls_video_mem.h:501->D:/Program_Files/Xilinx/Vivado/2019.2/common/technology/autopilot/hls/hls_video_imgproc.h:458->D:/Program_Files/Xilinx/Vivado/2019.2/common/technology/autopilot/hls/hls_video_imgproc.h:1184->D:/Program_Files/Xilinx/Vivado/2019.2/common/technology/autopilot/hls/hls_video_imgproc.h:1231]   --->   Operation 82 'xor' 'xor_ln493_1' <Predicate = true> <Delay = 0.97> <Core = "LogicGate">   --->   Core 27 'LogicGate' <Latency = 0> <II = 1> <Delay = 0.97> <FuncUnit> <Opcode : 'and' 'or' 'xor'> <InPorts = 2> <OutPorts = 1>
ST_4 : Operation 83 [1/1] (0.00ns) (grouped into LUT with out node col_buf_0_val_0_0)   --->   "%tmp_6 = call i8 @_ssdm_op_Mux.ap_auto.3i8.i2(i8 %src_kernel_win_0_va_7, i8 undef, i8 undef, i2 %xor_ln493_1)" [D:/Program_Files/Xilinx/Vivado/2019.2/common/technology/autopilot/hls/hls_video_imgproc.h:458->D:/Program_Files/Xilinx/Vivado/2019.2/common/technology/autopilot/hls/hls_video_imgproc.h:1184->D:/Program_Files/Xilinx/Vivado/2019.2/common/technology/autopilot/hls/hls_video_imgproc.h:1231]   --->   Operation 83 'mux' 'tmp_6' <Predicate = (!or_ln457)> <Delay = 0.00> <Core = "MuxnS">   --->   Core 31 'MuxnS' <Latency = 0> <II = 1> <Delay = 1.77> <FuncUnit> <Opcode : 'mux'> <InPorts = 2> <OutPorts = 1>
ST_4 : Operation 84 [1/1] (1.77ns) (out node of the LUT)   --->   "%col_buf_0_val_0_0 = select i1 %or_ln457, i8 %k_buf_0_val_3_load, i8 %tmp_6" [D:/Program_Files/Xilinx/Vivado/2019.2/common/technology/autopilot/hls/hls_video_imgproc.h:457->D:/Program_Files/Xilinx/Vivado/2019.2/common/technology/autopilot/hls/hls_video_imgproc.h:1184->D:/Program_Files/Xilinx/Vivado/2019.2/common/technology/autopilot/hls/hls_video_imgproc.h:1231]   --->   Operation 84 'select' 'col_buf_0_val_0_0' <Predicate = true> <Delay = 1.77> <Core = "Sel">   --->   Core 26 'Sel' <Latency = 0> <II = 1> <Delay = 1.24> <FuncUnit> <Opcode : 'select'> <InPorts = 3> <OutPorts = 1>
ST_4 : Operation 85 [1/2] (3.25ns)   --->   "%k_buf_0_val_4_load = load i8* %k_buf_0_val_4_addr, align 1" [D:/Program_Files/Xilinx/Vivado/2019.2/common/technology/autopilot/hls/hls_video_imgproc.h:460->D:/Program_Files/Xilinx/Vivado/2019.2/common/technology/autopilot/hls/hls_video_imgproc.h:1184->D:/Program_Files/Xilinx/Vivado/2019.2/common/technology/autopilot/hls/hls_video_imgproc.h:1231]   --->   Operation 85 'load' 'k_buf_0_val_4_load' <Predicate = true> <Delay = 3.25> <Core = "RAM">   --->   Core 37 'RAM' <Latency = 1> <II = 1> <Delay = 3.25> <Storage> <Opcode : 'load' 'store'> <Ports = 2> <Width = 8> <Depth = 1280> <RAM>
ST_4 : Operation 86 [1/1] (0.00ns) (grouped into LUT with out node col_buf_0_val_1_0)   --->   "%tmp_7 = call i8 @_ssdm_op_Mux.ap_auto.3i8.i2(i8 %right_border_buf_0_3, i8 undef, i8 undef, i2 %xor_ln493_1)" [D:/Program_Files/Xilinx/Vivado/2019.2/common/technology/autopilot/hls/hls_video_imgproc.h:458->D:/Program_Files/Xilinx/Vivado/2019.2/common/technology/autopilot/hls/hls_video_imgproc.h:1184->D:/Program_Files/Xilinx/Vivado/2019.2/common/technology/autopilot/hls/hls_video_imgproc.h:1231]   --->   Operation 86 'mux' 'tmp_7' <Predicate = (!or_ln457)> <Delay = 0.00> <Core = "MuxnS">   --->   Core 31 'MuxnS' <Latency = 0> <II = 1> <Delay = 1.77> <FuncUnit> <Opcode : 'mux'> <InPorts = 2> <OutPorts = 1>
ST_4 : Operation 87 [1/1] (1.77ns) (out node of the LUT)   --->   "%col_buf_0_val_1_0 = select i1 %or_ln457, i8 %k_buf_0_val_4_load, i8 %tmp_7" [D:/Program_Files/Xilinx/Vivado/2019.2/common/technology/autopilot/hls/hls_video_imgproc.h:457->D:/Program_Files/Xilinx/Vivado/2019.2/common/technology/autopilot/hls/hls_video_imgproc.h:1184->D:/Program_Files/Xilinx/Vivado/2019.2/common/technology/autopilot/hls/hls_video_imgproc.h:1231]   --->   Operation 87 'select' 'col_buf_0_val_1_0' <Predicate = true> <Delay = 1.77> <Core = "Sel">   --->   Core 26 'Sel' <Latency = 0> <II = 1> <Delay = 1.24> <FuncUnit> <Opcode : 'select'> <InPorts = 3> <OutPorts = 1>
ST_4 : Operation 88 [1/2] (3.25ns)   --->   "%k_buf_0_val_5_load = load i8* %k_buf_0_val_5_addr, align 1" [D:/Program_Files/Xilinx/Vivado/2019.2/common/technology/autopilot/hls/hls_video_imgproc.h:460->D:/Program_Files/Xilinx/Vivado/2019.2/common/technology/autopilot/hls/hls_video_imgproc.h:1184->D:/Program_Files/Xilinx/Vivado/2019.2/common/technology/autopilot/hls/hls_video_imgproc.h:1231]   --->   Operation 88 'load' 'k_buf_0_val_5_load' <Predicate = true> <Delay = 3.25> <Core = "RAM">   --->   Core 37 'RAM' <Latency = 1> <II = 1> <Delay = 3.25> <Storage> <Opcode : 'load' 'store'> <Ports = 2> <Width = 8> <Depth = 1280> <RAM>
ST_4 : Operation 89 [1/1] (0.00ns) (grouped into LUT with out node col_buf_0_val_2_0)   --->   "%tmp_8 = call i8 @_ssdm_op_Mux.ap_auto.3i8.i2(i8 %right_border_buf_0_2, i8 undef, i8 undef, i2 %xor_ln493_1)" [D:/Program_Files/Xilinx/Vivado/2019.2/common/technology/autopilot/hls/hls_video_imgproc.h:458->D:/Program_Files/Xilinx/Vivado/2019.2/common/technology/autopilot/hls/hls_video_imgproc.h:1184->D:/Program_Files/Xilinx/Vivado/2019.2/common/technology/autopilot/hls/hls_video_imgproc.h:1231]   --->   Operation 89 'mux' 'tmp_8' <Predicate = (!or_ln457)> <Delay = 0.00> <Core = "MuxnS">   --->   Core 31 'MuxnS' <Latency = 0> <II = 1> <Delay = 1.77> <FuncUnit> <Opcode : 'mux'> <InPorts = 2> <OutPorts = 1>
ST_4 : Operation 90 [1/1] (1.77ns) (out node of the LUT)   --->   "%col_buf_0_val_2_0 = select i1 %or_ln457, i8 %k_buf_0_val_5_load, i8 %tmp_8" [D:/Program_Files/Xilinx/Vivado/2019.2/common/technology/autopilot/hls/hls_video_imgproc.h:457->D:/Program_Files/Xilinx/Vivado/2019.2/common/technology/autopilot/hls/hls_video_imgproc.h:1184->D:/Program_Files/Xilinx/Vivado/2019.2/common/technology/autopilot/hls/hls_video_imgproc.h:1231]   --->   Operation 90 'select' 'col_buf_0_val_2_0' <Predicate = true> <Delay = 1.77> <Core = "Sel">   --->   Core 26 'Sel' <Latency = 0> <II = 1> <Delay = 1.24> <FuncUnit> <Opcode : 'select'> <InPorts = 3> <OutPorts = 1>
ST_4 : Operation 91 [1/1] (3.63ns)   --->   "%tmp_35 = call i8 @_ssdm_op_Read.ap_fifo.volatile.i8P(i8* %p_src_data_stream_V)" [D:/Program_Files/Xilinx/Vivado/2019.2/common/technology/autopilot/hls/hls_video_imgproc.h:468->D:/Program_Files/Xilinx/Vivado/2019.2/common/technology/autopilot/hls/hls_video_imgproc.h:1184->D:/Program_Files/Xilinx/Vivado/2019.2/common/technology/autopilot/hls/hls_video_imgproc.h:1231]   --->   Operation 91 'read' 'tmp_35' <Predicate = (and_ln118 & !icmp_ln899)> <Delay = 3.63> <Core = "FIFO">   --->   Core 32 'FIFO' <Latency = 0> <II = 1> <Delay = 3.63> <Storage> <Opcode : 'read' 'write' 'nbread' 'nbwrite'> <Ports = 0> <Width = 8> <Depth = 2> <FIFO>
ST_4 : Operation 92 [1/1] (3.25ns)   --->   "store i8 %tmp_35, i8* %k_buf_0_val_5_addr, align 1" [D:/Program_Files/Xilinx/Vivado/2019.2/common/technology/autopilot/hls/hls_video_imgproc.h:472->D:/Program_Files/Xilinx/Vivado/2019.2/common/technology/autopilot/hls/hls_video_imgproc.h:1184->D:/Program_Files/Xilinx/Vivado/2019.2/common/technology/autopilot/hls/hls_video_imgproc.h:1231]   --->   Operation 92 'store' <Predicate = (and_ln118 & !icmp_ln899 & icmp_ln879)> <Delay = 3.25> <Core = "RAM">   --->   Core 37 'RAM' <Latency = 1> <II = 1> <Delay = 3.25> <Storage> <Opcode : 'load' 'store'> <Ports = 2> <Width = 8> <Depth = 1280> <RAM>
ST_4 : Operation 93 [1/1] (3.25ns)   --->   "store i8 %tmp_35, i8* %k_buf_0_val_4_addr, align 1" [D:/Program_Files/Xilinx/Vivado/2019.2/common/technology/autopilot/hls/hls_video_imgproc.h:472->D:/Program_Files/Xilinx/Vivado/2019.2/common/technology/autopilot/hls/hls_video_imgproc.h:1184->D:/Program_Files/Xilinx/Vivado/2019.2/common/technology/autopilot/hls/hls_video_imgproc.h:1231]   --->   Operation 93 'store' <Predicate = (and_ln118 & !icmp_ln899 & icmp_ln879)> <Delay = 3.25> <Core = "RAM">   --->   Core 37 'RAM' <Latency = 1> <II = 1> <Delay = 3.25> <Storage> <Opcode : 'load' 'store'> <Ports = 2> <Width = 8> <Depth = 1280> <RAM>
ST_4 : Operation 94 [1/1] (0.00ns)   --->   "br label %._crit_edge478.i.i.1" [D:/Program_Files/Xilinx/Vivado/2019.2/common/technology/autopilot/hls/hls_video_imgproc.h:473->D:/Program_Files/Xilinx/Vivado/2019.2/common/technology/autopilot/hls/hls_video_imgproc.h:1184->D:/Program_Files/Xilinx/Vivado/2019.2/common/technology/autopilot/hls/hls_video_imgproc.h:1231]   --->   Operation 94 'br' <Predicate = (and_ln118 & !icmp_ln899 & icmp_ln879)> <Delay = 0.00>
ST_4 : Operation 95 [1/1] (3.25ns)   --->   "store i8 %tmp_35, i8* %k_buf_0_val_3_addr, align 1" [D:/Program_Files/Xilinx/Vivado/2019.2/common/technology/autopilot/hls/hls_video_imgproc.h:472->D:/Program_Files/Xilinx/Vivado/2019.2/common/technology/autopilot/hls/hls_video_imgproc.h:1184->D:/Program_Files/Xilinx/Vivado/2019.2/common/technology/autopilot/hls/hls_video_imgproc.h:1231]   --->   Operation 95 'store' <Predicate = (and_ln118 & !icmp_ln899 & icmp_ln879_1)> <Delay = 3.25> <Core = "RAM">   --->   Core 37 'RAM' <Latency = 1> <II = 1> <Delay = 3.25> <Storage> <Opcode : 'load' 'store'> <Ports = 2> <Width = 8> <Depth = 1280> <RAM>
ST_4 : Operation 96 [1/1] (0.00ns)   --->   "br label %._crit_edge478.i.i.2" [D:/Program_Files/Xilinx/Vivado/2019.2/common/technology/autopilot/hls/hls_video_imgproc.h:473->D:/Program_Files/Xilinx/Vivado/2019.2/common/technology/autopilot/hls/hls_video_imgproc.h:1184->D:/Program_Files/Xilinx/Vivado/2019.2/common/technology/autopilot/hls/hls_video_imgproc.h:1231]   --->   Operation 96 'br' <Predicate = (and_ln118 & !icmp_ln899 & icmp_ln879_1)> <Delay = 0.00>
ST_4 : Operation 97 [1/1] (3.25ns)   --->   "store i8 %k_buf_0_val_4_load, i8* %k_buf_0_val_5_addr, align 1" [D:/Program_Files/Xilinx/Vivado/2019.2/common/technology/autopilot/hls/hls_video_imgproc.h:489->D:/Program_Files/Xilinx/Vivado/2019.2/common/technology/autopilot/hls/hls_video_imgproc.h:1184->D:/Program_Files/Xilinx/Vivado/2019.2/common/technology/autopilot/hls/hls_video_imgproc.h:1231]   --->   Operation 97 'store' <Predicate = (and_ln118 & icmp_ln899 & icmp_ln887)> <Delay = 3.25> <Core = "RAM">   --->   Core 37 'RAM' <Latency = 1> <II = 1> <Delay = 3.25> <Storage> <Opcode : 'load' 'store'> <Ports = 2> <Width = 8> <Depth = 1280> <RAM>
ST_4 : Operation 98 [1/1] (3.25ns)   --->   "store i8 %k_buf_0_val_3_load, i8* %k_buf_0_val_4_addr, align 1" [D:/Program_Files/Xilinx/Vivado/2019.2/common/technology/autopilot/hls/hls_video_imgproc.h:489->D:/Program_Files/Xilinx/Vivado/2019.2/common/technology/autopilot/hls/hls_video_imgproc.h:1184->D:/Program_Files/Xilinx/Vivado/2019.2/common/technology/autopilot/hls/hls_video_imgproc.h:1231]   --->   Operation 98 'store' <Predicate = (and_ln118 & icmp_ln899 & icmp_ln887)> <Delay = 3.25> <Core = "RAM">   --->   Core 37 'RAM' <Latency = 1> <II = 1> <Delay = 3.25> <Storage> <Opcode : 'load' 'store'> <Ports = 2> <Width = 8> <Depth = 1280> <RAM>
ST_4 : Operation 99 [1/1] (3.63ns)   --->   "%tmp_33 = call i8 @_ssdm_op_Read.ap_fifo.volatile.i8P(i8* %p_src_data_stream_V)" [D:/Program_Files/Xilinx/Vivado/2019.2/common/technology/autopilot/hls/hls_video_imgproc.h:493->D:/Program_Files/Xilinx/Vivado/2019.2/common/technology/autopilot/hls/hls_video_imgproc.h:1184->D:/Program_Files/Xilinx/Vivado/2019.2/common/technology/autopilot/hls/hls_video_imgproc.h:1231]   --->   Operation 99 'read' 'tmp_33' <Predicate = (and_ln118 & icmp_ln899 & icmp_ln887)> <Delay = 3.63> <Core = "FIFO">   --->   Core 32 'FIFO' <Latency = 0> <II = 1> <Delay = 3.63> <Storage> <Opcode : 'read' 'write' 'nbread' 'nbwrite'> <Ports = 0> <Width = 8> <Depth = 2> <FIFO>
ST_4 : Operation 100 [1/1] (3.25ns)   --->   "store i8 %tmp_33, i8* %k_buf_0_val_3_addr, align 1" [D:/Program_Files/Xilinx/Vivado/2019.2/common/technology/autopilot/hls/hls_video_imgproc.h:493->D:/Program_Files/Xilinx/Vivado/2019.2/common/technology/autopilot/hls/hls_video_imgproc.h:1184->D:/Program_Files/Xilinx/Vivado/2019.2/common/technology/autopilot/hls/hls_video_imgproc.h:1231]   --->   Operation 100 'store' <Predicate = (and_ln118 & icmp_ln899 & icmp_ln887)> <Delay = 3.25> <Core = "RAM">   --->   Core 37 'RAM' <Latency = 1> <II = 1> <Delay = 3.25> <Storage> <Opcode : 'load' 'store'> <Ports = 2> <Width = 8> <Depth = 1280> <RAM>
ST_4 : Operation 101 [1/1] (0.00ns)   --->   "store i8 %col_buf_0_val_1_0, i8* %right_border_buf_0_1" [D:/Program_Files/Xilinx/Vivado/2019.2/common/technology/autopilot/hls/hls_video_imgproc.h:495->D:/Program_Files/Xilinx/Vivado/2019.2/common/technology/autopilot/hls/hls_video_imgproc.h:1184->D:/Program_Files/Xilinx/Vivado/2019.2/common/technology/autopilot/hls/hls_video_imgproc.h:1231]   --->   Operation 101 'store' <Predicate = (and_ln118 & icmp_ln899 & icmp_ln887)> <Delay = 0.00>
ST_4 : Operation 102 [1/1] (0.00ns)   --->   "store i8 %col_buf_0_val_2_0, i8* %right_border_buf_0_s" [D:/Program_Files/Xilinx/Vivado/2019.2/common/technology/autopilot/hls/hls_video_imgproc.h:495->D:/Program_Files/Xilinx/Vivado/2019.2/common/technology/autopilot/hls/hls_video_imgproc.h:1184->D:/Program_Files/Xilinx/Vivado/2019.2/common/technology/autopilot/hls/hls_video_imgproc.h:1231]   --->   Operation 102 'store' <Predicate = (and_ln118 & icmp_ln899 & icmp_ln887)> <Delay = 0.00>
ST_4 : Operation 103 [1/1] (0.00ns)   --->   "store i8 %col_buf_0_val_0_0, i8* %src_kernel_win_0_va_6" [D:/Program_Files/Xilinx/Vivado/2019.2/common/technology/autopilot/hls/hls_video_imgproc.h:495->D:/Program_Files/Xilinx/Vivado/2019.2/common/technology/autopilot/hls/hls_video_imgproc.h:1184->D:/Program_Files/Xilinx/Vivado/2019.2/common/technology/autopilot/hls/hls_video_imgproc.h:1231]   --->   Operation 103 'store' <Predicate = (and_ln118 & icmp_ln899 & icmp_ln887)> <Delay = 0.00>
ST_4 : Operation 104 [1/1] (0.00ns)   --->   "br label %._crit_edge476.i.i_ifconv" [D:/Program_Files/Xilinx/Vivado/2019.2/common/technology/autopilot/hls/hls_video_imgproc.h:495->D:/Program_Files/Xilinx/Vivado/2019.2/common/technology/autopilot/hls/hls_video_imgproc.h:1184->D:/Program_Files/Xilinx/Vivado/2019.2/common/technology/autopilot/hls/hls_video_imgproc.h:1231]   --->   Operation 104 'br' <Predicate = (and_ln118 & icmp_ln899 & icmp_ln887)> <Delay = 0.00>
ST_4 : Operation 105 [1/1] (1.77ns)   --->   "%tmp_9 = call i8 @_ssdm_op_Mux.ap_auto.3i8.i2(i8 %col_buf_0_val_0_0, i8 %col_buf_0_val_1_0, i8 %col_buf_0_val_2_0, i2 %xor_ln493)" [D:/Program_Files/Xilinx/Vivado/2019.2/common/technology/autopilot/hls/hls_video_imgproc.h:507->D:/Program_Files/Xilinx/Vivado/2019.2/common/technology/autopilot/hls/hls_video_imgproc.h:1184->D:/Program_Files/Xilinx/Vivado/2019.2/common/technology/autopilot/hls/hls_video_imgproc.h:1231]   --->   Operation 105 'mux' 'tmp_9' <Predicate = (icmp_ln899_1)> <Delay = 1.77> <Core = "MuxnS">   --->   Core 31 'MuxnS' <Latency = 0> <II = 1> <Delay = 1.77> <FuncUnit> <Opcode : 'mux'> <InPorts = 2> <OutPorts = 1>
ST_4 : Operation 106 [1/1] (1.24ns)   --->   "%src_kernel_win_0_va_8 = select i1 %icmp_ln899_1, i8 %tmp_9, i8 %col_buf_0_val_1_0" [D:/Program_Files/Xilinx/Vivado/2019.2/common/technology/autopilot/hls/hls_video_imgproc.h:502->D:/Program_Files/Xilinx/Vivado/2019.2/common/technology/autopilot/hls/hls_video_imgproc.h:1184->D:/Program_Files/Xilinx/Vivado/2019.2/common/technology/autopilot/hls/hls_video_imgproc.h:1231]   --->   Operation 106 'select' 'src_kernel_win_0_va_8' <Predicate = true> <Delay = 1.24> <Core = "Sel">   --->   Core 26 'Sel' <Latency = 0> <II = 1> <Delay = 1.24> <FuncUnit> <Opcode : 'select'> <InPorts = 3> <OutPorts = 1>
ST_4 : Operation 107 [1/1] (1.77ns)   --->   "%tmp_10 = call i8 @_ssdm_op_Mux.ap_auto.3i8.i2(i8 %col_buf_0_val_0_0, i8 %col_buf_0_val_1_0, i8 %col_buf_0_val_2_0, i2 %sub_ln493)" [D:/Program_Files/Xilinx/Vivado/2019.2/common/technology/autopilot/hls/hls_video_imgproc.h:507->D:/Program_Files/Xilinx/Vivado/2019.2/common/technology/autopilot/hls/hls_video_imgproc.h:1184->D:/Program_Files/Xilinx/Vivado/2019.2/common/technology/autopilot/hls/hls_video_imgproc.h:1231]   --->   Operation 107 'mux' 'tmp_10' <Predicate = (icmp_ln899_1)> <Delay = 1.77> <Core = "MuxnS">   --->   Core 31 'MuxnS' <Latency = 0> <II = 1> <Delay = 1.77> <FuncUnit> <Opcode : 'mux'> <InPorts = 2> <OutPorts = 1>
ST_4 : Operation 108 [1/1] (1.24ns)   --->   "%src_kernel_win_0_va_9 = select i1 %icmp_ln899_1, i8 %tmp_10, i8 %col_buf_0_val_2_0" [D:/Program_Files/Xilinx/Vivado/2019.2/common/technology/autopilot/hls/hls_video_imgproc.h:502->D:/Program_Files/Xilinx/Vivado/2019.2/common/technology/autopilot/hls/hls_video_imgproc.h:1184->D:/Program_Files/Xilinx/Vivado/2019.2/common/technology/autopilot/hls/hls_video_imgproc.h:1231]   --->   Operation 108 'select' 'src_kernel_win_0_va_9' <Predicate = true> <Delay = 1.24> <Core = "Sel">   --->   Core 26 'Sel' <Latency = 0> <II = 1> <Delay = 1.24> <FuncUnit> <Opcode : 'select'> <InPorts = 3> <OutPorts = 1>
ST_4 : Operation 109 [1/1] (0.00ns)   --->   "%src_kernel_win_0_va_14 = load i8* %src_kernel_win_0_va_4" [D:/Program_Files/Xilinx/Vivado/2019.2/common/technology/autopilot/hls/hls_video_imgproc.h:162->D:/Program_Files/Xilinx/Vivado/2019.2/common/technology/autopilot/hls/hls_video_imgproc.h:514->D:/Program_Files/Xilinx/Vivado/2019.2/common/technology/autopilot/hls/hls_video_imgproc.h:1184->D:/Program_Files/Xilinx/Vivado/2019.2/common/technology/autopilot/hls/hls_video_imgproc.h:1231]   --->   Operation 109 'load' 'src_kernel_win_0_va_14' <Predicate = (and_ln512)> <Delay = 0.00>
ST_4 : Operation 110 [1/1] (0.00ns)   --->   "%src_kernel_win_0_va_15 = load i8* %src_kernel_win_0_va_5" [D:/Program_Files/Xilinx/Vivado/2019.2/common/technology/autopilot/hls/hls_video_imgproc.h:162->D:/Program_Files/Xilinx/Vivado/2019.2/common/technology/autopilot/hls/hls_video_imgproc.h:514->D:/Program_Files/Xilinx/Vivado/2019.2/common/technology/autopilot/hls/hls_video_imgproc.h:1184->D:/Program_Files/Xilinx/Vivado/2019.2/common/technology/autopilot/hls/hls_video_imgproc.h:1231]   --->   Operation 110 'load' 'src_kernel_win_0_va_15' <Predicate = (and_ln512)> <Delay = 0.00>
ST_4 : Operation 111 [1/1] (1.55ns)   --->   "%icmp_ln162 = icmp ult i8 %src_kernel_win_0_va_14, %src_kernel_win_0_va_15" [D:/Program_Files/Xilinx/Vivado/2019.2/common/technology/autopilot/hls/hls_video_imgproc.h:162->D:/Program_Files/Xilinx/Vivado/2019.2/common/technology/autopilot/hls/hls_video_imgproc.h:514->D:/Program_Files/Xilinx/Vivado/2019.2/common/technology/autopilot/hls/hls_video_imgproc.h:1184->D:/Program_Files/Xilinx/Vivado/2019.2/common/technology/autopilot/hls/hls_video_imgproc.h:1231]   --->   Operation 111 'icmp' 'icmp_ln162' <Predicate = (and_ln512)> <Delay = 1.55> <Core = "Cmp">   --->   Core 25 'Cmp' <Latency = 0> <II = 1> <Delay = 1.77> <FuncUnit> <Opcode : 'icmp'> <InPorts = 2> <OutPorts = 1>
ST_4 : Operation 112 [1/1] (1.24ns)   --->   "%select_ln162 = select i1 %icmp_ln162, i8 %src_kernel_win_0_va_14, i8 %src_kernel_win_0_va_15" [D:/Program_Files/Xilinx/Vivado/2019.2/common/technology/autopilot/hls/hls_video_imgproc.h:162->D:/Program_Files/Xilinx/Vivado/2019.2/common/technology/autopilot/hls/hls_video_imgproc.h:514->D:/Program_Files/Xilinx/Vivado/2019.2/common/technology/autopilot/hls/hls_video_imgproc.h:1184->D:/Program_Files/Xilinx/Vivado/2019.2/common/technology/autopilot/hls/hls_video_imgproc.h:1231]   --->   Operation 112 'select' 'select_ln162' <Predicate = (and_ln512)> <Delay = 1.24> <Core = "Sel">   --->   Core 26 'Sel' <Latency = 0> <II = 1> <Delay = 1.24> <FuncUnit> <Opcode : 'select'> <InPorts = 3> <OutPorts = 1>
ST_4 : Operation 113 [1/1] (1.55ns)   --->   "%icmp_ln162_1 = icmp ult i8 %src_kernel_win_0_va_9, %select_ln162" [D:/Program_Files/Xilinx/Vivado/2019.2/common/technology/autopilot/hls/hls_video_imgproc.h:162->D:/Program_Files/Xilinx/Vivado/2019.2/common/technology/autopilot/hls/hls_video_imgproc.h:514->D:/Program_Files/Xilinx/Vivado/2019.2/common/technology/autopilot/hls/hls_video_imgproc.h:1184->D:/Program_Files/Xilinx/Vivado/2019.2/common/technology/autopilot/hls/hls_video_imgproc.h:1231]   --->   Operation 113 'icmp' 'icmp_ln162_1' <Predicate = (and_ln512)> <Delay = 1.55> <Core = "Cmp">   --->   Core 25 'Cmp' <Latency = 0> <II = 1> <Delay = 1.77> <FuncUnit> <Opcode : 'icmp'> <InPorts = 2> <OutPorts = 1>

State 5 <SV = 4> <Delay = 9.64>
ST_5 : Operation 114 [1/1] (0.00ns)   --->   "%src_kernel_win_0_va_12 = load i8* %src_kernel_win_0_va_2" [D:/Program_Files/Xilinx/Vivado/2019.2/common/technology/autopilot/hls/hls_video_imgproc.h:162->D:/Program_Files/Xilinx/Vivado/2019.2/common/technology/autopilot/hls/hls_video_imgproc.h:514->D:/Program_Files/Xilinx/Vivado/2019.2/common/technology/autopilot/hls/hls_video_imgproc.h:1184->D:/Program_Files/Xilinx/Vivado/2019.2/common/technology/autopilot/hls/hls_video_imgproc.h:1231]   --->   Operation 114 'load' 'src_kernel_win_0_va_12' <Predicate = (and_ln512)> <Delay = 0.00>
ST_5 : Operation 115 [1/1] (0.00ns)   --->   "%src_kernel_win_0_va_13 = load i8* %src_kernel_win_0_va_3" [D:/Program_Files/Xilinx/Vivado/2019.2/common/technology/autopilot/hls/hls_video_imgproc.h:162->D:/Program_Files/Xilinx/Vivado/2019.2/common/technology/autopilot/hls/hls_video_imgproc.h:514->D:/Program_Files/Xilinx/Vivado/2019.2/common/technology/autopilot/hls/hls_video_imgproc.h:1184->D:/Program_Files/Xilinx/Vivado/2019.2/common/technology/autopilot/hls/hls_video_imgproc.h:1231]   --->   Operation 115 'load' 'src_kernel_win_0_va_13' <Predicate = (and_ln512)> <Delay = 0.00>
ST_5 : Operation 116 [1/1] (1.24ns)   --->   "%select_ln162_1 = select i1 %icmp_ln162_1, i8 %src_kernel_win_0_va_9, i8 %select_ln162" [D:/Program_Files/Xilinx/Vivado/2019.2/common/technology/autopilot/hls/hls_video_imgproc.h:162->D:/Program_Files/Xilinx/Vivado/2019.2/common/technology/autopilot/hls/hls_video_imgproc.h:514->D:/Program_Files/Xilinx/Vivado/2019.2/common/technology/autopilot/hls/hls_video_imgproc.h:1184->D:/Program_Files/Xilinx/Vivado/2019.2/common/technology/autopilot/hls/hls_video_imgproc.h:1231]   --->   Operation 116 'select' 'select_ln162_1' <Predicate = (and_ln512)> <Delay = 1.24> <Core = "Sel">   --->   Core 26 'Sel' <Latency = 0> <II = 1> <Delay = 1.24> <FuncUnit> <Opcode : 'select'> <InPorts = 3> <OutPorts = 1>
ST_5 : Operation 117 [1/1] (1.55ns)   --->   "%icmp_ln162_2 = icmp ult i8 %src_kernel_win_0_va_13, %select_ln162_1" [D:/Program_Files/Xilinx/Vivado/2019.2/common/technology/autopilot/hls/hls_video_imgproc.h:162->D:/Program_Files/Xilinx/Vivado/2019.2/common/technology/autopilot/hls/hls_video_imgproc.h:514->D:/Program_Files/Xilinx/Vivado/2019.2/common/technology/autopilot/hls/hls_video_imgproc.h:1184->D:/Program_Files/Xilinx/Vivado/2019.2/common/technology/autopilot/hls/hls_video_imgproc.h:1231]   --->   Operation 117 'icmp' 'icmp_ln162_2' <Predicate = (and_ln512)> <Delay = 1.55> <Core = "Cmp">   --->   Core 25 'Cmp' <Latency = 0> <II = 1> <Delay = 1.77> <FuncUnit> <Opcode : 'icmp'> <InPorts = 2> <OutPorts = 1>
ST_5 : Operation 118 [1/1] (1.24ns)   --->   "%select_ln162_2 = select i1 %icmp_ln162_2, i8 %src_kernel_win_0_va_13, i8 %select_ln162_1" [D:/Program_Files/Xilinx/Vivado/2019.2/common/technology/autopilot/hls/hls_video_imgproc.h:162->D:/Program_Files/Xilinx/Vivado/2019.2/common/technology/autopilot/hls/hls_video_imgproc.h:514->D:/Program_Files/Xilinx/Vivado/2019.2/common/technology/autopilot/hls/hls_video_imgproc.h:1184->D:/Program_Files/Xilinx/Vivado/2019.2/common/technology/autopilot/hls/hls_video_imgproc.h:1231]   --->   Operation 118 'select' 'select_ln162_2' <Predicate = (and_ln512)> <Delay = 1.24> <Core = "Sel">   --->   Core 26 'Sel' <Latency = 0> <II = 1> <Delay = 1.24> <FuncUnit> <Opcode : 'select'> <InPorts = 3> <OutPorts = 1>
ST_5 : Operation 119 [1/1] (1.55ns)   --->   "%icmp_ln162_3 = icmp ult i8 %src_kernel_win_0_va_12, %select_ln162_2" [D:/Program_Files/Xilinx/Vivado/2019.2/common/technology/autopilot/hls/hls_video_imgproc.h:162->D:/Program_Files/Xilinx/Vivado/2019.2/common/technology/autopilot/hls/hls_video_imgproc.h:514->D:/Program_Files/Xilinx/Vivado/2019.2/common/technology/autopilot/hls/hls_video_imgproc.h:1184->D:/Program_Files/Xilinx/Vivado/2019.2/common/technology/autopilot/hls/hls_video_imgproc.h:1231]   --->   Operation 119 'icmp' 'icmp_ln162_3' <Predicate = (and_ln512)> <Delay = 1.55> <Core = "Cmp">   --->   Core 25 'Cmp' <Latency = 0> <II = 1> <Delay = 1.77> <FuncUnit> <Opcode : 'icmp'> <InPorts = 2> <OutPorts = 1>
ST_5 : Operation 120 [1/1] (1.24ns)   --->   "%select_ln162_3 = select i1 %icmp_ln162_3, i8 %src_kernel_win_0_va_12, i8 %select_ln162_2" [D:/Program_Files/Xilinx/Vivado/2019.2/common/technology/autopilot/hls/hls_video_imgproc.h:162->D:/Program_Files/Xilinx/Vivado/2019.2/common/technology/autopilot/hls/hls_video_imgproc.h:514->D:/Program_Files/Xilinx/Vivado/2019.2/common/technology/autopilot/hls/hls_video_imgproc.h:1184->D:/Program_Files/Xilinx/Vivado/2019.2/common/technology/autopilot/hls/hls_video_imgproc.h:1231]   --->   Operation 120 'select' 'select_ln162_3' <Predicate = (and_ln512)> <Delay = 1.24> <Core = "Sel">   --->   Core 26 'Sel' <Latency = 0> <II = 1> <Delay = 1.24> <FuncUnit> <Opcode : 'select'> <InPorts = 3> <OutPorts = 1>
ST_5 : Operation 121 [1/1] (1.55ns)   --->   "%icmp_ln162_4 = icmp ult i8 %src_kernel_win_0_va_8, %select_ln162_3" [D:/Program_Files/Xilinx/Vivado/2019.2/common/technology/autopilot/hls/hls_video_imgproc.h:162->D:/Program_Files/Xilinx/Vivado/2019.2/common/technology/autopilot/hls/hls_video_imgproc.h:514->D:/Program_Files/Xilinx/Vivado/2019.2/common/technology/autopilot/hls/hls_video_imgproc.h:1184->D:/Program_Files/Xilinx/Vivado/2019.2/common/technology/autopilot/hls/hls_video_imgproc.h:1231]   --->   Operation 121 'icmp' 'icmp_ln162_4' <Predicate = (and_ln512)> <Delay = 1.55> <Core = "Cmp">   --->   Core 25 'Cmp' <Latency = 0> <II = 1> <Delay = 1.77> <FuncUnit> <Opcode : 'icmp'> <InPorts = 2> <OutPorts = 1>
ST_5 : Operation 122 [1/1] (1.24ns)   --->   "%select_ln162_4 = select i1 %icmp_ln162_4, i8 %src_kernel_win_0_va_8, i8 %select_ln162_3" [D:/Program_Files/Xilinx/Vivado/2019.2/common/technology/autopilot/hls/hls_video_imgproc.h:162->D:/Program_Files/Xilinx/Vivado/2019.2/common/technology/autopilot/hls/hls_video_imgproc.h:514->D:/Program_Files/Xilinx/Vivado/2019.2/common/technology/autopilot/hls/hls_video_imgproc.h:1184->D:/Program_Files/Xilinx/Vivado/2019.2/common/technology/autopilot/hls/hls_video_imgproc.h:1231]   --->   Operation 122 'select' 'select_ln162_4' <Predicate = (and_ln512)> <Delay = 1.24> <Core = "Sel">   --->   Core 26 'Sel' <Latency = 0> <II = 1> <Delay = 1.24> <FuncUnit> <Opcode : 'select'> <InPorts = 3> <OutPorts = 1>
ST_5 : Operation 123 [1/1] (0.00ns)   --->   "%src_kernel_win_0_va_17 = load i8* %src_kernel_win_0_va_2" [D:/Program_Files/Xilinx/Vivado/2019.2/common/technology/autopilot/hls/hls_video_imgproc.h:444->D:/Program_Files/Xilinx/Vivado/2019.2/common/technology/autopilot/hls/hls_video_imgproc.h:1184->D:/Program_Files/Xilinx/Vivado/2019.2/common/technology/autopilot/hls/hls_video_imgproc.h:1231]   --->   Operation 123 'load' 'src_kernel_win_0_va_17' <Predicate = (!icmp_ln444)> <Delay = 0.00>
ST_5 : Operation 124 [1/1] (0.00ns)   --->   "%src_kernel_win_0_va_18 = load i8* %src_kernel_win_0_va_4" [D:/Program_Files/Xilinx/Vivado/2019.2/common/technology/autopilot/hls/hls_video_imgproc.h:444->D:/Program_Files/Xilinx/Vivado/2019.2/common/technology/autopilot/hls/hls_video_imgproc.h:1184->D:/Program_Files/Xilinx/Vivado/2019.2/common/technology/autopilot/hls/hls_video_imgproc.h:1231]   --->   Operation 124 'load' 'src_kernel_win_0_va_18' <Predicate = (!icmp_ln444)> <Delay = 0.00>
ST_5 : Operation 125 [1/1] (0.00ns)   --->   "store i8 %src_kernel_win_0_va_18, i8* %src_kernel_win_0_va_5" [D:/Program_Files/Xilinx/Vivado/2019.2/common/technology/autopilot/hls/hls_video_imgproc.h:444->D:/Program_Files/Xilinx/Vivado/2019.2/common/technology/autopilot/hls/hls_video_imgproc.h:1184->D:/Program_Files/Xilinx/Vivado/2019.2/common/technology/autopilot/hls/hls_video_imgproc.h:1231]   --->   Operation 125 'store' <Predicate = (!icmp_ln444)> <Delay = 0.00>
ST_5 : Operation 126 [1/1] (0.00ns)   --->   "store i8 %src_kernel_win_0_va_9, i8* %src_kernel_win_0_va_4" [D:/Program_Files/Xilinx/Vivado/2019.2/common/technology/autopilot/hls/hls_video_imgproc.h:444->D:/Program_Files/Xilinx/Vivado/2019.2/common/technology/autopilot/hls/hls_video_imgproc.h:1184->D:/Program_Files/Xilinx/Vivado/2019.2/common/technology/autopilot/hls/hls_video_imgproc.h:1231]   --->   Operation 126 'store' <Predicate = (!icmp_ln444)> <Delay = 0.00>
ST_5 : Operation 127 [1/1] (0.00ns)   --->   "store i8 %src_kernel_win_0_va_17, i8* %src_kernel_win_0_va_3" [D:/Program_Files/Xilinx/Vivado/2019.2/common/technology/autopilot/hls/hls_video_imgproc.h:444->D:/Program_Files/Xilinx/Vivado/2019.2/common/technology/autopilot/hls/hls_video_imgproc.h:1184->D:/Program_Files/Xilinx/Vivado/2019.2/common/technology/autopilot/hls/hls_video_imgproc.h:1231]   --->   Operation 127 'store' <Predicate = (!icmp_ln444)> <Delay = 0.00>
ST_5 : Operation 128 [1/1] (0.00ns)   --->   "store i8 %src_kernel_win_0_va_8, i8* %src_kernel_win_0_va_2" [D:/Program_Files/Xilinx/Vivado/2019.2/common/technology/autopilot/hls/hls_video_imgproc.h:444->D:/Program_Files/Xilinx/Vivado/2019.2/common/technology/autopilot/hls/hls_video_imgproc.h:1184->D:/Program_Files/Xilinx/Vivado/2019.2/common/technology/autopilot/hls/hls_video_imgproc.h:1231]   --->   Operation 128 'store' <Predicate = (!icmp_ln444)> <Delay = 0.00>

State 6 <SV = 5> <Delay = 8.39>
ST_6 : Operation 129 [1/1] (0.00ns)   --->   "%src_kernel_win_0_va_10 = load i8* %src_kernel_win_0_va" [D:/Program_Files/Xilinx/Vivado/2019.2/common/technology/autopilot/hls/hls_video_imgproc.h:162->D:/Program_Files/Xilinx/Vivado/2019.2/common/technology/autopilot/hls/hls_video_imgproc.h:514->D:/Program_Files/Xilinx/Vivado/2019.2/common/technology/autopilot/hls/hls_video_imgproc.h:1184->D:/Program_Files/Xilinx/Vivado/2019.2/common/technology/autopilot/hls/hls_video_imgproc.h:1231]   --->   Operation 129 'load' 'src_kernel_win_0_va_10' <Predicate = (and_ln512)> <Delay = 0.00>
ST_6 : Operation 130 [1/1] (0.00ns)   --->   "%src_kernel_win_0_va_11 = load i8* %src_kernel_win_0_va_1" [D:/Program_Files/Xilinx/Vivado/2019.2/common/technology/autopilot/hls/hls_video_imgproc.h:162->D:/Program_Files/Xilinx/Vivado/2019.2/common/technology/autopilot/hls/hls_video_imgproc.h:514->D:/Program_Files/Xilinx/Vivado/2019.2/common/technology/autopilot/hls/hls_video_imgproc.h:1184->D:/Program_Files/Xilinx/Vivado/2019.2/common/technology/autopilot/hls/hls_video_imgproc.h:1231]   --->   Operation 130 'load' 'src_kernel_win_0_va_11' <Predicate = (and_ln512)> <Delay = 0.00>
ST_6 : Operation 131 [1/1] (1.55ns)   --->   "%icmp_ln162_5 = icmp ult i8 %src_kernel_win_0_va_11, %select_ln162_4" [D:/Program_Files/Xilinx/Vivado/2019.2/common/technology/autopilot/hls/hls_video_imgproc.h:162->D:/Program_Files/Xilinx/Vivado/2019.2/common/technology/autopilot/hls/hls_video_imgproc.h:514->D:/Program_Files/Xilinx/Vivado/2019.2/common/technology/autopilot/hls/hls_video_imgproc.h:1184->D:/Program_Files/Xilinx/Vivado/2019.2/common/technology/autopilot/hls/hls_video_imgproc.h:1231]   --->   Operation 131 'icmp' 'icmp_ln162_5' <Predicate = (and_ln512)> <Delay = 1.55> <Core = "Cmp">   --->   Core 25 'Cmp' <Latency = 0> <II = 1> <Delay = 1.77> <FuncUnit> <Opcode : 'icmp'> <InPorts = 2> <OutPorts = 1>
ST_6 : Operation 132 [1/1] (1.24ns)   --->   "%select_ln162_5 = select i1 %icmp_ln162_5, i8 %src_kernel_win_0_va_11, i8 %select_ln162_4" [D:/Program_Files/Xilinx/Vivado/2019.2/common/technology/autopilot/hls/hls_video_imgproc.h:162->D:/Program_Files/Xilinx/Vivado/2019.2/common/technology/autopilot/hls/hls_video_imgproc.h:514->D:/Program_Files/Xilinx/Vivado/2019.2/common/technology/autopilot/hls/hls_video_imgproc.h:1184->D:/Program_Files/Xilinx/Vivado/2019.2/common/technology/autopilot/hls/hls_video_imgproc.h:1231]   --->   Operation 132 'select' 'select_ln162_5' <Predicate = (and_ln512)> <Delay = 1.24> <Core = "Sel">   --->   Core 26 'Sel' <Latency = 0> <II = 1> <Delay = 1.24> <FuncUnit> <Opcode : 'select'> <InPorts = 3> <OutPorts = 1>
ST_6 : Operation 133 [1/1] (1.55ns)   --->   "%icmp_ln162_6 = icmp ult i8 %src_kernel_win_0_va_10, %select_ln162_5" [D:/Program_Files/Xilinx/Vivado/2019.2/common/technology/autopilot/hls/hls_video_imgproc.h:162->D:/Program_Files/Xilinx/Vivado/2019.2/common/technology/autopilot/hls/hls_video_imgproc.h:514->D:/Program_Files/Xilinx/Vivado/2019.2/common/technology/autopilot/hls/hls_video_imgproc.h:1184->D:/Program_Files/Xilinx/Vivado/2019.2/common/technology/autopilot/hls/hls_video_imgproc.h:1231]   --->   Operation 133 'icmp' 'icmp_ln162_6' <Predicate = (and_ln512)> <Delay = 1.55> <Core = "Cmp">   --->   Core 25 'Cmp' <Latency = 0> <II = 1> <Delay = 1.77> <FuncUnit> <Opcode : 'icmp'> <InPorts = 2> <OutPorts = 1>
ST_6 : Operation 134 [1/1] (1.24ns)   --->   "%select_ln162_6 = select i1 %icmp_ln162_6, i8 %src_kernel_win_0_va_10, i8 %select_ln162_5" [D:/Program_Files/Xilinx/Vivado/2019.2/common/technology/autopilot/hls/hls_video_imgproc.h:162->D:/Program_Files/Xilinx/Vivado/2019.2/common/technology/autopilot/hls/hls_video_imgproc.h:514->D:/Program_Files/Xilinx/Vivado/2019.2/common/technology/autopilot/hls/hls_video_imgproc.h:1184->D:/Program_Files/Xilinx/Vivado/2019.2/common/technology/autopilot/hls/hls_video_imgproc.h:1231]   --->   Operation 134 'select' 'select_ln162_6' <Predicate = (and_ln512)> <Delay = 1.24> <Core = "Sel">   --->   Core 26 'Sel' <Latency = 0> <II = 1> <Delay = 1.24> <FuncUnit> <Opcode : 'select'> <InPorts = 3> <OutPorts = 1>
ST_6 : Operation 135 [1/1] (1.55ns)   --->   "%icmp_ln162_7 = icmp ult i8 %col_buf_0_val_0_0, %select_ln162_6" [D:/Program_Files/Xilinx/Vivado/2019.2/common/technology/autopilot/hls/hls_video_imgproc.h:162->D:/Program_Files/Xilinx/Vivado/2019.2/common/technology/autopilot/hls/hls_video_imgproc.h:514->D:/Program_Files/Xilinx/Vivado/2019.2/common/technology/autopilot/hls/hls_video_imgproc.h:1184->D:/Program_Files/Xilinx/Vivado/2019.2/common/technology/autopilot/hls/hls_video_imgproc.h:1231]   --->   Operation 135 'icmp' 'icmp_ln162_7' <Predicate = (and_ln512)> <Delay = 1.55> <Core = "Cmp">   --->   Core 25 'Cmp' <Latency = 0> <II = 1> <Delay = 1.77> <FuncUnit> <Opcode : 'icmp'> <InPorts = 2> <OutPorts = 1>
ST_6 : Operation 136 [1/1] (1.24ns)   --->   "%tmp_34 = select i1 %icmp_ln162_7, i8 %col_buf_0_val_0_0, i8 %select_ln162_6" [D:/Program_Files/Xilinx/Vivado/2019.2/common/technology/autopilot/hls/hls_video_imgproc.h:162->D:/Program_Files/Xilinx/Vivado/2019.2/common/technology/autopilot/hls/hls_video_imgproc.h:514->D:/Program_Files/Xilinx/Vivado/2019.2/common/technology/autopilot/hls/hls_video_imgproc.h:1184->D:/Program_Files/Xilinx/Vivado/2019.2/common/technology/autopilot/hls/hls_video_imgproc.h:1231]   --->   Operation 136 'select' 'tmp_34' <Predicate = (and_ln512)> <Delay = 1.24> <Core = "Sel">   --->   Core 26 'Sel' <Latency = 0> <II = 1> <Delay = 1.24> <FuncUnit> <Opcode : 'select'> <InPorts = 3> <OutPorts = 1>
ST_6 : Operation 137 [1/1] (0.00ns)   --->   "%src_kernel_win_0_va_16 = load i8* %src_kernel_win_0_va" [D:/Program_Files/Xilinx/Vivado/2019.2/common/technology/autopilot/hls/hls_video_imgproc.h:444->D:/Program_Files/Xilinx/Vivado/2019.2/common/technology/autopilot/hls/hls_video_imgproc.h:1184->D:/Program_Files/Xilinx/Vivado/2019.2/common/technology/autopilot/hls/hls_video_imgproc.h:1231]   --->   Operation 137 'load' 'src_kernel_win_0_va_16' <Predicate = (!icmp_ln444)> <Delay = 0.00>
ST_6 : Operation 138 [1/1] (0.00ns)   --->   "store i8 %src_kernel_win_0_va_16, i8* %src_kernel_win_0_va_1" [D:/Program_Files/Xilinx/Vivado/2019.2/common/technology/autopilot/hls/hls_video_imgproc.h:444->D:/Program_Files/Xilinx/Vivado/2019.2/common/technology/autopilot/hls/hls_video_imgproc.h:1184->D:/Program_Files/Xilinx/Vivado/2019.2/common/technology/autopilot/hls/hls_video_imgproc.h:1231]   --->   Operation 138 'store' <Predicate = (!icmp_ln444)> <Delay = 0.00>
ST_6 : Operation 139 [1/1] (0.00ns)   --->   "store i8 %col_buf_0_val_0_0, i8* %src_kernel_win_0_va" [D:/Program_Files/Xilinx/Vivado/2019.2/common/technology/autopilot/hls/hls_video_imgproc.h:444->D:/Program_Files/Xilinx/Vivado/2019.2/common/technology/autopilot/hls/hls_video_imgproc.h:1184->D:/Program_Files/Xilinx/Vivado/2019.2/common/technology/autopilot/hls/hls_video_imgproc.h:1231]   --->   Operation 139 'store' <Predicate = (!icmp_ln444)> <Delay = 0.00>

State 7 <SV = 6> <Delay = 3.63>
ST_7 : Operation 140 [1/1] (0.00ns)   --->   "call void (...)* @_ssdm_op_SpecLoopName([11 x i8]* @p_str23) nounwind" [D:/Program_Files/Xilinx/Vivado/2019.2/common/technology/autopilot/hls/hls_video_imgproc.h:444->D:/Program_Files/Xilinx/Vivado/2019.2/common/technology/autopilot/hls/hls_video_imgproc.h:1184->D:/Program_Files/Xilinx/Vivado/2019.2/common/technology/autopilot/hls/hls_video_imgproc.h:1231]   --->   Operation 140 'specloopname' <Predicate = true> <Delay = 0.00>
ST_7 : Operation 141 [1/1] (0.00ns)   --->   "%tmp_28 = call i32 (...)* @_ssdm_op_SpecRegionBegin([11 x i8]* @p_str23)" [D:/Program_Files/Xilinx/Vivado/2019.2/common/technology/autopilot/hls/hls_video_imgproc.h:444->D:/Program_Files/Xilinx/Vivado/2019.2/common/technology/autopilot/hls/hls_video_imgproc.h:1184->D:/Program_Files/Xilinx/Vivado/2019.2/common/technology/autopilot/hls/hls_video_imgproc.h:1231]   --->   Operation 141 'specregionbegin' 'tmp_28' <Predicate = true> <Delay = 0.00>
ST_7 : Operation 142 [1/1] (0.00ns)   --->   "call void (...)* @_ssdm_op_SpecPipeline(i32 -1, i32 1, i32 1, i32 0, [1 x i8]* @p_str1) nounwind" [D:/Program_Files/Xilinx/Vivado/2019.2/common/technology/autopilot/hls/hls_video_imgproc.h:448->D:/Program_Files/Xilinx/Vivado/2019.2/common/technology/autopilot/hls/hls_video_imgproc.h:1184->D:/Program_Files/Xilinx/Vivado/2019.2/common/technology/autopilot/hls/hls_video_imgproc.h:1231]   --->   Operation 142 'specpipeline' <Predicate = true> <Delay = 0.00>
ST_7 : Operation 143 [1/1] (0.00ns)   --->   "call void (...)* @_ssdm_op_SpecLoopName([12 x i8]* @p_str56) nounwind" [D:/Program_Files/Xilinx/Vivado/2019.2/common/technology/autopilot/hls/hls_video_imgproc.h:450->D:/Program_Files/Xilinx/Vivado/2019.2/common/technology/autopilot/hls/hls_video_imgproc.h:1184->D:/Program_Files/Xilinx/Vivado/2019.2/common/technology/autopilot/hls/hls_video_imgproc.h:1231]   --->   Operation 143 'specloopname' <Predicate = true> <Delay = 0.00>
ST_7 : Operation 144 [1/1] (3.63ns)   --->   "call void @_ssdm_op_Write.ap_fifo.volatile.i8P(i8* %p_dst_data_stream_V, i8 %tmp_34)" [D:/Program_Files/Xilinx/Vivado/2019.2/common/technology/autopilot/hls/hls_video_imgproc.h:515->D:/Program_Files/Xilinx/Vivado/2019.2/common/technology/autopilot/hls/hls_video_imgproc.h:1184->D:/Program_Files/Xilinx/Vivado/2019.2/common/technology/autopilot/hls/hls_video_imgproc.h:1231]   --->   Operation 144 'write' <Predicate = (and_ln512)> <Delay = 3.63> <Core = "FIFO">   --->   Core 32 'FIFO' <Latency = 0> <II = 1> <Delay = 3.63> <Storage> <Opcode : 'read' 'write' 'nbread' 'nbwrite'> <Ports = 0> <Width = 8> <Depth = 2> <FIFO>
ST_7 : Operation 145 [1/1] (0.00ns)   --->   "br label %loop_width_end" [D:/Program_Files/Xilinx/Vivado/2019.2/common/technology/autopilot/hls/hls_video_imgproc.h:516->D:/Program_Files/Xilinx/Vivado/2019.2/common/technology/autopilot/hls/hls_video_imgproc.h:1184->D:/Program_Files/Xilinx/Vivado/2019.2/common/technology/autopilot/hls/hls_video_imgproc.h:1231]   --->   Operation 145 'br' <Predicate = (and_ln512)> <Delay = 0.00>
ST_7 : Operation 146 [1/1] (0.00ns)   --->   "%empty = call i32 (...)* @_ssdm_op_SpecRegionEnd([11 x i8]* @p_str23, i32 %tmp_28)" [D:/Program_Files/Xilinx/Vivado/2019.2/common/technology/autopilot/hls/hls_video_imgproc.h:518->D:/Program_Files/Xilinx/Vivado/2019.2/common/technology/autopilot/hls/hls_video_imgproc.h:1184->D:/Program_Files/Xilinx/Vivado/2019.2/common/technology/autopilot/hls/hls_video_imgproc.h:1231]   --->   Operation 146 'specregionend' 'empty' <Predicate = (!icmp_ln444)> <Delay = 0.00>
ST_7 : Operation 147 [1/1] (0.00ns)   --->   "br label %1" [D:/Program_Files/Xilinx/Vivado/2019.2/common/technology/autopilot/hls/hls_video_imgproc.h:444->D:/Program_Files/Xilinx/Vivado/2019.2/common/technology/autopilot/hls/hls_video_imgproc.h:1184->D:/Program_Files/Xilinx/Vivado/2019.2/common/technology/autopilot/hls/hls_video_imgproc.h:1231]   --->   Operation 147 'br' <Predicate = (!icmp_ln444)> <Delay = 0.00>

State 8 <SV = 3> <Delay = 0.00>
ST_8 : Operation 148 [1/1] (0.00ns)   --->   "%empty_228 = call i32 (...)* @_ssdm_op_SpecRegionEnd([12 x i8]* @p_str22, i32 %tmp_s)" [D:/Program_Files/Xilinx/Vivado/2019.2/common/technology/autopilot/hls/hls_video_imgproc.h:519->D:/Program_Files/Xilinx/Vivado/2019.2/common/technology/autopilot/hls/hls_video_imgproc.h:1184->D:/Program_Files/Xilinx/Vivado/2019.2/common/technology/autopilot/hls/hls_video_imgproc.h:1231]   --->   Operation 148 'specregionend' 'empty_228' <Predicate = true> <Delay = 0.00>
ST_8 : Operation 149 [1/1] (0.00ns)   --->   "br label %0" [D:/Program_Files/Xilinx/Vivado/2019.2/common/technology/autopilot/hls/hls_video_imgproc.h:443->D:/Program_Files/Xilinx/Vivado/2019.2/common/technology/autopilot/hls/hls_video_imgproc.h:1184->D:/Program_Files/Xilinx/Vivado/2019.2/common/technology/autopilot/hls/hls_video_imgproc.h:1231]   --->   Operation 149 'br' <Predicate = true> <Delay = 0.00>


============================================================
+ Verbose Summary: Timing violations
============================================================
Target clock period: 11.1ns, clock uncertainty: 1.39ns.

 <State 1>: 1.77ns
The critical path consists of the following:
	multiplexor before 'phi' operation ('i.V') with incoming values : ('i.V', D:/Program_Files/Xilinx/Vivado/2019.2/common/technology/autopilot/hls/hls_video_imgproc.h:443->D:/Program_Files/Xilinx/Vivado/2019.2/common/technology/autopilot/hls/hls_video_imgproc.h:1184->D:/Program_Files/Xilinx/Vivado/2019.2/common/technology/autopilot/hls/hls_video_imgproc.h:1231) [21]  (1.77 ns)

 <State 2>: 2.75ns
The critical path consists of the following:
	'phi' operation ('i.V') with incoming values : ('i.V', D:/Program_Files/Xilinx/Vivado/2019.2/common/technology/autopilot/hls/hls_video_imgproc.h:443->D:/Program_Files/Xilinx/Vivado/2019.2/common/technology/autopilot/hls/hls_video_imgproc.h:1184->D:/Program_Files/Xilinx/Vivado/2019.2/common/technology/autopilot/hls/hls_video_imgproc.h:1231) [21]  (0 ns)
	'icmp' operation ('icmp_ln887', D:/Program_Files/Xilinx/Vivado/2019.2/common/technology/autopilot/hls/hls_video_imgproc.h:492->D:/Program_Files/Xilinx/Vivado/2019.2/common/technology/autopilot/hls/hls_video_imgproc.h:1184->D:/Program_Files/Xilinx/Vivado/2019.2/common/technology/autopilot/hls/hls_video_imgproc.h:1231) [29]  (1.77 ns)
	'xor' operation ('xor_ln457', D:/Program_Files/Xilinx/Vivado/2019.2/common/technology/autopilot/hls/hls_video_imgproc.h:457->D:/Program_Files/Xilinx/Vivado/2019.2/common/technology/autopilot/hls/hls_video_imgproc.h:1184->D:/Program_Files/Xilinx/Vivado/2019.2/common/technology/autopilot/hls/hls_video_imgproc.h:1231) [30]  (0.978 ns)

 <State 3>: 8.56ns
The critical path consists of the following:
	'phi' operation ('j.V') with incoming values : ('j.V', D:/Program_Files/Xilinx/Vivado/2019.2/common/technology/autopilot/hls/hls_video_imgproc.h:444->D:/Program_Files/Xilinx/Vivado/2019.2/common/technology/autopilot/hls/hls_video_imgproc.h:1184->D:/Program_Files/Xilinx/Vivado/2019.2/common/technology/autopilot/hls/hls_video_imgproc.h:1231) [41]  (0 ns)
	'add' operation ('ImagLoc.x', D:/Program_Files/Xilinx/Vivado/2019.2/common/technology/autopilot/hls/hls_video_imgproc.h:451->D:/Program_Files/Xilinx/Vivado/2019.2/common/technology/autopilot/hls/hls_video_imgproc.h:1184->D:/Program_Files/Xilinx/Vivado/2019.2/common/technology/autopilot/hls/hls_video_imgproc.h:1231) [57]  (1.64 ns)
	'icmp' operation ('icmp_ln118', D:/Program_Files/Xilinx/Vivado/2019.2/common/technology/autopilot/hls/hls_video_imgbase.h:118->D:/Program_Files/Xilinx/Vivado/2019.2/common/technology/autopilot/hls/hls_video_imgproc.h:452->D:/Program_Files/Xilinx/Vivado/2019.2/common/technology/autopilot/hls/hls_video_imgproc.h:1184->D:/Program_Files/Xilinx/Vivado/2019.2/common/technology/autopilot/hls/hls_video_imgproc.h:1231) [60]  (1.99 ns)
	'and' operation ('and_ln118', D:/Program_Files/Xilinx/Vivado/2019.2/common/technology/autopilot/hls/hls_video_imgbase.h:118->D:/Program_Files/Xilinx/Vivado/2019.2/common/technology/autopilot/hls/hls_video_imgproc.h:452->D:/Program_Files/Xilinx/Vivado/2019.2/common/technology/autopilot/hls/hls_video_imgproc.h:1184->D:/Program_Files/Xilinx/Vivado/2019.2/common/technology/autopilot/hls/hls_video_imgproc.h:1231) [61]  (0.978 ns)
	'select' operation ('col', D:/Program_Files/Xilinx/Vivado/2019.2/common/technology/autopilot/hls/hls_video_imgbase.h:118->D:/Program_Files/Xilinx/Vivado/2019.2/common/technology/autopilot/hls/hls_video_imgproc.h:452->D:/Program_Files/Xilinx/Vivado/2019.2/common/technology/autopilot/hls/hls_video_imgproc.h:1184->D:/Program_Files/Xilinx/Vivado/2019.2/common/technology/autopilot/hls/hls_video_imgproc.h:1231) [64]  (0.697 ns)
	'getelementptr' operation ('k_buf_0_val_3_addr', D:/Program_Files/Xilinx/Vivado/2019.2/common/technology/autopilot/hls/hls_video_mem.h:835->D:/Program_Files/Xilinx/Vivado/2019.2/common/technology/autopilot/hls/hls_video_mem.h:843->D:/Program_Files/Xilinx/Vivado/2019.2/common/technology/autopilot/hls/hls_video_imgproc.h:460->D:/Program_Files/Xilinx/Vivado/2019.2/common/technology/autopilot/hls/hls_video_imgproc.h:1184->D:/Program_Files/Xilinx/Vivado/2019.2/common/technology/autopilot/hls/hls_video_imgproc.h:1231) [68]  (0 ns)
	'load' operation ('k_buf_0_val_3_load', D:/Program_Files/Xilinx/Vivado/2019.2/common/technology/autopilot/hls/hls_video_imgproc.h:460->D:/Program_Files/Xilinx/Vivado/2019.2/common/technology/autopilot/hls/hls_video_imgproc.h:1184->D:/Program_Files/Xilinx/Vivado/2019.2/common/technology/autopilot/hls/hls_video_imgproc.h:1231) on array 'k_buf[0].val[3]', D:/Program_Files/Xilinx/Vivado/2019.2/common/technology/autopilot/hls/hls_video_imgproc.h:400->D:/Program_Files/Xilinx/Vivado/2019.2/common/technology/autopilot/hls/hls_video_imgproc.h:1184->D:/Program_Files/Xilinx/Vivado/2019.2/common/technology/autopilot/hls/hls_video_imgproc.h:1231 [69]  (3.25 ns)

 <State 4>: 9.6ns
The critical path consists of the following:
	'load' operation ('k_buf_0_val_3_load', D:/Program_Files/Xilinx/Vivado/2019.2/common/technology/autopilot/hls/hls_video_imgproc.h:460->D:/Program_Files/Xilinx/Vivado/2019.2/common/technology/autopilot/hls/hls_video_imgproc.h:1184->D:/Program_Files/Xilinx/Vivado/2019.2/common/technology/autopilot/hls/hls_video_imgproc.h:1231) on array 'k_buf[0].val[3]', D:/Program_Files/Xilinx/Vivado/2019.2/common/technology/autopilot/hls/hls_video_imgproc.h:400->D:/Program_Files/Xilinx/Vivado/2019.2/common/technology/autopilot/hls/hls_video_imgproc.h:1184->D:/Program_Files/Xilinx/Vivado/2019.2/common/technology/autopilot/hls/hls_video_imgproc.h:1231 [69]  (3.25 ns)
	'select' operation ('col_buf[0].val[0][0]', D:/Program_Files/Xilinx/Vivado/2019.2/common/technology/autopilot/hls/hls_video_imgproc.h:457->D:/Program_Files/Xilinx/Vivado/2019.2/common/technology/autopilot/hls/hls_video_imgproc.h:1184->D:/Program_Files/Xilinx/Vivado/2019.2/common/technology/autopilot/hls/hls_video_imgproc.h:1231) [72]  (1.77 ns)
	'mux' operation ('tmp_10', D:/Program_Files/Xilinx/Vivado/2019.2/common/technology/autopilot/hls/hls_video_imgproc.h:507->D:/Program_Files/Xilinx/Vivado/2019.2/common/technology/autopilot/hls/hls_video_imgproc.h:1184->D:/Program_Files/Xilinx/Vivado/2019.2/common/technology/autopilot/hls/hls_video_imgproc.h:1231) [112]  (1.77 ns)
	'select' operation ('src_kernel_win[0].val[2][0]', D:/Program_Files/Xilinx/Vivado/2019.2/common/technology/autopilot/hls/hls_video_imgproc.h:502->D:/Program_Files/Xilinx/Vivado/2019.2/common/technology/autopilot/hls/hls_video_imgproc.h:1184->D:/Program_Files/Xilinx/Vivado/2019.2/common/technology/autopilot/hls/hls_video_imgproc.h:1231) [113]  (1.25 ns)
	'icmp' operation ('icmp_ln162_1', D:/Program_Files/Xilinx/Vivado/2019.2/common/technology/autopilot/hls/hls_video_imgproc.h:162->D:/Program_Files/Xilinx/Vivado/2019.2/common/technology/autopilot/hls/hls_video_imgproc.h:514->D:/Program_Files/Xilinx/Vivado/2019.2/common/technology/autopilot/hls/hls_video_imgproc.h:1184->D:/Program_Files/Xilinx/Vivado/2019.2/common/technology/autopilot/hls/hls_video_imgproc.h:1231) [125]  (1.55 ns)

 <State 5>: 9.64ns
The critical path consists of the following:
	'select' operation ('select_ln162_1', D:/Program_Files/Xilinx/Vivado/2019.2/common/technology/autopilot/hls/hls_video_imgproc.h:162->D:/Program_Files/Xilinx/Vivado/2019.2/common/technology/autopilot/hls/hls_video_imgproc.h:514->D:/Program_Files/Xilinx/Vivado/2019.2/common/technology/autopilot/hls/hls_video_imgproc.h:1184->D:/Program_Files/Xilinx/Vivado/2019.2/common/technology/autopilot/hls/hls_video_imgproc.h:1231) [126]  (1.25 ns)
	'icmp' operation ('icmp_ln162_2', D:/Program_Files/Xilinx/Vivado/2019.2/common/technology/autopilot/hls/hls_video_imgproc.h:162->D:/Program_Files/Xilinx/Vivado/2019.2/common/technology/autopilot/hls/hls_video_imgproc.h:514->D:/Program_Files/Xilinx/Vivado/2019.2/common/technology/autopilot/hls/hls_video_imgproc.h:1184->D:/Program_Files/Xilinx/Vivado/2019.2/common/technology/autopilot/hls/hls_video_imgproc.h:1231) [127]  (1.55 ns)
	'select' operation ('select_ln162_2', D:/Program_Files/Xilinx/Vivado/2019.2/common/technology/autopilot/hls/hls_video_imgproc.h:162->D:/Program_Files/Xilinx/Vivado/2019.2/common/technology/autopilot/hls/hls_video_imgproc.h:514->D:/Program_Files/Xilinx/Vivado/2019.2/common/technology/autopilot/hls/hls_video_imgproc.h:1184->D:/Program_Files/Xilinx/Vivado/2019.2/common/technology/autopilot/hls/hls_video_imgproc.h:1231) [128]  (1.25 ns)
	'icmp' operation ('icmp_ln162_3', D:/Program_Files/Xilinx/Vivado/2019.2/common/technology/autopilot/hls/hls_video_imgproc.h:162->D:/Program_Files/Xilinx/Vivado/2019.2/common/technology/autopilot/hls/hls_video_imgproc.h:514->D:/Program_Files/Xilinx/Vivado/2019.2/common/technology/autopilot/hls/hls_video_imgproc.h:1184->D:/Program_Files/Xilinx/Vivado/2019.2/common/technology/autopilot/hls/hls_video_imgproc.h:1231) [129]  (1.55 ns)
	'select' operation ('select_ln162_3', D:/Program_Files/Xilinx/Vivado/2019.2/common/technology/autopilot/hls/hls_video_imgproc.h:162->D:/Program_Files/Xilinx/Vivado/2019.2/common/technology/autopilot/hls/hls_video_imgproc.h:514->D:/Program_Files/Xilinx/Vivado/2019.2/common/technology/autopilot/hls/hls_video_imgproc.h:1184->D:/Program_Files/Xilinx/Vivado/2019.2/common/technology/autopilot/hls/hls_video_imgproc.h:1231) [130]  (1.25 ns)
	'icmp' operation ('icmp_ln162_4', D:/Program_Files/Xilinx/Vivado/2019.2/common/technology/autopilot/hls/hls_video_imgproc.h:162->D:/Program_Files/Xilinx/Vivado/2019.2/common/technology/autopilot/hls/hls_video_imgproc.h:514->D:/Program_Files/Xilinx/Vivado/2019.2/common/technology/autopilot/hls/hls_video_imgproc.h:1184->D:/Program_Files/Xilinx/Vivado/2019.2/common/technology/autopilot/hls/hls_video_imgproc.h:1231) [131]  (1.55 ns)
	'select' operation ('select_ln162_4', D:/Program_Files/Xilinx/Vivado/2019.2/common/technology/autopilot/hls/hls_video_imgproc.h:162->D:/Program_Files/Xilinx/Vivado/2019.2/common/technology/autopilot/hls/hls_video_imgproc.h:514->D:/Program_Files/Xilinx/Vivado/2019.2/common/technology/autopilot/hls/hls_video_imgproc.h:1184->D:/Program_Files/Xilinx/Vivado/2019.2/common/technology/autopilot/hls/hls_video_imgproc.h:1231) [132]  (1.25 ns)

 <State 6>: 8.4ns
The critical path consists of the following:
	'load' operation ('src_kernel_win_0_va_11', D:/Program_Files/Xilinx/Vivado/2019.2/common/technology/autopilot/hls/hls_video_imgproc.h:162->D:/Program_Files/Xilinx/Vivado/2019.2/common/technology/autopilot/hls/hls_video_imgproc.h:514->D:/Program_Files/Xilinx/Vivado/2019.2/common/technology/autopilot/hls/hls_video_imgproc.h:1184->D:/Program_Files/Xilinx/Vivado/2019.2/common/technology/autopilot/hls/hls_video_imgproc.h:1231) on local variable 'src_kernel_win[0].val[0][1]' [118]  (0 ns)
	'icmp' operation ('icmp_ln162_5', D:/Program_Files/Xilinx/Vivado/2019.2/common/technology/autopilot/hls/hls_video_imgproc.h:162->D:/Program_Files/Xilinx/Vivado/2019.2/common/technology/autopilot/hls/hls_video_imgproc.h:514->D:/Program_Files/Xilinx/Vivado/2019.2/common/technology/autopilot/hls/hls_video_imgproc.h:1184->D:/Program_Files/Xilinx/Vivado/2019.2/common/technology/autopilot/hls/hls_video_imgproc.h:1231) [133]  (1.55 ns)
	'select' operation ('select_ln162_5', D:/Program_Files/Xilinx/Vivado/2019.2/common/technology/autopilot/hls/hls_video_imgproc.h:162->D:/Program_Files/Xilinx/Vivado/2019.2/common/technology/autopilot/hls/hls_video_imgproc.h:514->D:/Program_Files/Xilinx/Vivado/2019.2/common/technology/autopilot/hls/hls_video_imgproc.h:1184->D:/Program_Files/Xilinx/Vivado/2019.2/common/technology/autopilot/hls/hls_video_imgproc.h:1231) [134]  (1.25 ns)
	'icmp' operation ('icmp_ln162_6', D:/Program_Files/Xilinx/Vivado/2019.2/common/technology/autopilot/hls/hls_video_imgproc.h:162->D:/Program_Files/Xilinx/Vivado/2019.2/common/technology/autopilot/hls/hls_video_imgproc.h:514->D:/Program_Files/Xilinx/Vivado/2019.2/common/technology/autopilot/hls/hls_video_imgproc.h:1184->D:/Program_Files/Xilinx/Vivado/2019.2/common/technology/autopilot/hls/hls_video_imgproc.h:1231) [135]  (1.55 ns)
	'select' operation ('select_ln162_6', D:/Program_Files/Xilinx/Vivado/2019.2/common/technology/autopilot/hls/hls_video_imgproc.h:162->D:/Program_Files/Xilinx/Vivado/2019.2/common/technology/autopilot/hls/hls_video_imgproc.h:514->D:/Program_Files/Xilinx/Vivado/2019.2/common/technology/autopilot/hls/hls_video_imgproc.h:1184->D:/Program_Files/Xilinx/Vivado/2019.2/common/technology/autopilot/hls/hls_video_imgproc.h:1231) [136]  (1.25 ns)
	'icmp' operation ('icmp_ln162_7', D:/Program_Files/Xilinx/Vivado/2019.2/common/technology/autopilot/hls/hls_video_imgproc.h:162->D:/Program_Files/Xilinx/Vivado/2019.2/common/technology/autopilot/hls/hls_video_imgproc.h:514->D:/Program_Files/Xilinx/Vivado/2019.2/common/technology/autopilot/hls/hls_video_imgproc.h:1184->D:/Program_Files/Xilinx/Vivado/2019.2/common/technology/autopilot/hls/hls_video_imgproc.h:1231) [137]  (1.55 ns)
	'select' operation ('tmp', D:/Program_Files/Xilinx/Vivado/2019.2/common/technology/autopilot/hls/hls_video_imgproc.h:162->D:/Program_Files/Xilinx/Vivado/2019.2/common/technology/autopilot/hls/hls_video_imgproc.h:514->D:/Program_Files/Xilinx/Vivado/2019.2/common/technology/autopilot/hls/hls_video_imgproc.h:1184->D:/Program_Files/Xilinx/Vivado/2019.2/common/technology/autopilot/hls/hls_video_imgproc.h:1231) [138]  (1.25 ns)

 <State 7>: 3.63ns
The critical path consists of the following:
	fifo write on port 'p_dst_data_stream_V' (D:/Program_Files/Xilinx/Vivado/2019.2/common/technology/autopilot/hls/hls_video_imgproc.h:515->D:/Program_Files/Xilinx/Vivado/2019.2/common/technology/autopilot/hls/hls_video_imgproc.h:1184->D:/Program_Files/Xilinx/Vivado/2019.2/common/technology/autopilot/hls/hls_video_imgproc.h:1231) [139]  (3.63 ns)

 <State 8>: 0ns
The critical path consists of the following:


============================================================
+ Verbose Summary: Binding
============================================================
N/A
* FSMD analyzer results:
  - Output states:
 - Input state : 
  - Chain level:
	State 1
	State 2
	State 3
	State 4
	State 5
	State 6
	State 7
	State 8


============================================================
+ Verbose Summary: Datapath Resource usage 
============================================================
N/A
