

================================================================
== Vivado HLS Report for 'Block_Mat_exit22_pro'
================================================================
* Date:           Tue Aug 18 20:49:50 2020

* Version:        2019.2 (Build 2704478 on Wed Nov 06 22:10:23 MST 2019)
* Project:        Cache_Plate
* Solution:       solution1
* Product family: zynq
* Target device:  xc7z020-clg484-1


================================================================
== Performance Estimates
================================================================
+ Timing: 
    * Summary: 
    +--------+----------+----------+------------+
    |  Clock |  Target  | Estimated| Uncertainty|
    +--------+----------+----------+------------+
    |ap_clk  | 11.10 ns | 8.005 ns |   1.39 ns  |
    +--------+----------+----------+------------+

+ Latency: 
    * Summary: 
    +---------+---------+----------+----------+-----+-----+---------+
    |  Latency (cycles) |  Latency (absolute) |  Interval | Pipeline|
    |   min   |   max   |    min   |    max   | min | max |   Type  |
    +---------+---------+----------+----------+-----+-----+---------+
    |        0|        0|   0 ns   |   0 ns   |    0|    0|   none  |
    +---------+---------+----------+----------+-----+-----+---------+

    + Detail: 
        * Instance: 
        N/A

        * Loop: 
        N/A

============================================================
+ Verbose Summary: Synthesis Manager
============================================================
InlineROM: 1
ExposeGlobal: 0
============================================================
+ Verbose Summary: CDFG Model
============================================================
IsTopModel: 0
ResetActiveHigh: 1
IsCombinational: 2
IsDatapathOnly: 0
HasWiredReturn: 1
HasMFsm: 0
HasVarLatency: 0
IsPipeline: 0
IsRtlPipelined: 0
IsInstanceOverlapped: 0
IsDontTouch: 0
HasImplIP: 0
IsGatedGlobalClock: 0


============================================================
+ Verbose Summary: Schedule
============================================================
* Number of FSM states : 1
* Pipeline : 0
* Dataflow Pipeline: 0

* FSM state transitions: 
1 --> 

* FSM state operations: 

State 1 <SV = 0> <Delay = 8.00>
ST_1 : Operation 2 [1/1] (0.00ns)   --->   "call void (...)* @_ssdm_op_SpecInterface(i9* %standard_plate_cols_V_out, [8 x i8]* @ap_fifo_str, i32 0, i32 0, [1 x i8]* @p_str307, i32 0, i32 0, [1 x i8]* @p_str308, [1 x i8]* @p_str309, [1 x i8]* @p_str310, i32 2, i32 2, i32 16, i32 16, [1 x i8]* @p_str311, [1 x i8]* @p_str312)"   --->   Operation 2 'specinterface' <Predicate = true> <Delay = 0.00>
ST_1 : Operation 3 [1/1] (0.00ns)   --->   "call void (...)* @_ssdm_op_SpecInterface(i7* %standard_plate_rows_V_out, [8 x i8]* @ap_fifo_str, i32 0, i32 0, [1 x i8]* @p_str301, i32 0, i32 0, [1 x i8]* @p_str302, [1 x i8]* @p_str303, [1 x i8]* @p_str304, i32 2, i32 2, i32 16, i32 16, [1 x i8]* @p_str305, [1 x i8]* @p_str306)"   --->   Operation 3 'specinterface' <Predicate = true> <Delay = 0.00>
ST_1 : Operation 4 [1/1] (0.00ns)   --->   "call void (...)* @_ssdm_op_SpecInterface(i32* %plate_cols_V_out, [8 x i8]* @ap_fifo_str, i32 0, i32 0, [1 x i8]* @p_str295, i32 0, i32 0, [1 x i8]* @p_str296, [1 x i8]* @p_str297, [1 x i8]* @p_str298, i32 2, i32 2, i32 16, i32 16, [1 x i8]* @p_str299, [1 x i8]* @p_str300)"   --->   Operation 4 'specinterface' <Predicate = true> <Delay = 0.00>
ST_1 : Operation 5 [1/1] (0.00ns)   --->   "call void (...)* @_ssdm_op_SpecInterface(i32* %plate_rows_V_out, [8 x i8]* @ap_fifo_str, i32 0, i32 0, [1 x i8]* @p_str289, i32 0, i32 0, [1 x i8]* @p_str290, [1 x i8]* @p_str291, [1 x i8]* @p_str292, i32 2, i32 2, i32 16, i32 16, [1 x i8]* @p_str293, [1 x i8]* @p_str294)"   --->   Operation 5 'specinterface' <Predicate = true> <Delay = 0.00>
ST_1 : Operation 6 [1/1] (0.00ns)   --->   "call void (...)* @_ssdm_op_SpecInterface(i12* %rgb_img_cols_V_out, [8 x i8]* @ap_fifo_str, i32 0, i32 0, [1 x i8]* @p_str283, i32 0, i32 0, [1 x i8]* @p_str284, [1 x i8]* @p_str285, [1 x i8]* @p_str286, i32 2, i32 2, i32 16, i32 16, [1 x i8]* @p_str287, [1 x i8]* @p_str288)"   --->   Operation 6 'specinterface' <Predicate = true> <Delay = 0.00>
ST_1 : Operation 7 [1/1] (0.00ns)   --->   "call void (...)* @_ssdm_op_SpecInterface(i11* %rgb_img_rows_V_out, [8 x i8]* @ap_fifo_str, i32 0, i32 0, [1 x i8]* @p_str277, i32 0, i32 0, [1 x i8]* @p_str278, [1 x i8]* @p_str279, [1 x i8]* @p_str280, i32 2, i32 2, i32 16, i32 16, [1 x i8]* @p_str281, [1 x i8]* @p_str282)"   --->   Operation 7 'specinterface' <Predicate = true> <Delay = 0.00>
ST_1 : Operation 8 [1/1] (0.00ns)   --->   "call void (...)* @_ssdm_op_SpecInterface(i32* %xleft_out, [8 x i8]* @ap_fifo_str, i32 0, i32 0, [1 x i8]* @p_str237, i32 0, i32 0, [1 x i8]* @p_str238, [1 x i8]* @p_str239, [1 x i8]* @p_str240, i32 2, i32 2, i32 16, i32 16, [1 x i8]* @p_str241, [11 x i8]* @ScalarProp_str)"   --->   Operation 8 'specinterface' <Predicate = true> <Delay = 0.00>
ST_1 : Operation 9 [1/1] (0.00ns)   --->   "%ydown_read = call i32 @_ssdm_op_Read.ap_auto.i32(i32 %ydown_s)" [top.cpp:38]   --->   Operation 9 'read' 'ydown_read' <Predicate = true> <Delay = 0.00>
ST_1 : Operation 10 [1/1] (0.00ns)   --->   "%ytop_read = call i32 @_ssdm_op_Read.ap_auto.i32(i32 %ytop_s)" [top.cpp:38]   --->   Operation 10 'read' 'ytop_read' <Predicate = true> <Delay = 0.00>
ST_1 : Operation 11 [1/1] (0.00ns)   --->   "%xright_read = call i32 @_ssdm_op_Read.ap_auto.i32(i32 %xright_s)" [top.cpp:38]   --->   Operation 11 'read' 'xright_read' <Predicate = true> <Delay = 0.00>
ST_1 : Operation 12 [1/1] (0.00ns)   --->   "%xleft_read = call i32 @_ssdm_op_Read.ap_auto.i32(i32 %xleft_s)" [top.cpp:38]   --->   Operation 12 'read' 'xleft_read' <Predicate = true> <Delay = 0.00>
ST_1 : Operation 13 [1/1] (3.63ns)   --->   "call void @_ssdm_op_Write.ap_fifo.i32P(i32* %xleft_out, i32 %xleft_read)" [top.cpp:38]   --->   Operation 13 'write' <Predicate = true> <Delay = 3.63> <Core = "FIFO">   --->   Core 32 'FIFO' <Latency = 0> <II = 1> <Delay = 3.63> <Storage> <Opcode : 'read' 'write' 'nbread' 'nbwrite'> <Ports = 0> <Width = 9> <Depth = 2> <FIFO>
ST_1 : Operation 14 [1/1] (0.00ns)   --->   "call void (...)* @_ssdm_op_SpecInterface(i32* %xleft_out1, [8 x i8]* @ap_fifo_str, i32 0, i32 0, [1 x i8]* @p_str242, i32 0, i32 0, [1 x i8]* @p_str243, [1 x i8]* @p_str244, [1 x i8]* @p_str245, i32 2, i32 2, i32 16, i32 16, [1 x i8]* @p_str246, [11 x i8]* @ScalarProp_str)"   --->   Operation 14 'specinterface' <Predicate = true> <Delay = 0.00>
ST_1 : Operation 15 [1/1] (3.63ns)   --->   "call void @_ssdm_op_Write.ap_fifo.i32P(i32* %xleft_out1, i32 %xleft_read)" [top.cpp:38]   --->   Operation 15 'write' <Predicate = true> <Delay = 3.63> <Core = "FIFO">   --->   Core 32 'FIFO' <Latency = 0> <II = 1> <Delay = 3.63> <Storage> <Opcode : 'read' 'write' 'nbread' 'nbwrite'> <Ports = 0> <Width = 9> <Depth = 2> <FIFO>
ST_1 : Operation 16 [1/1] (0.00ns)   --->   "call void (...)* @_ssdm_op_SpecInterface(i32* %xright_out, [8 x i8]* @ap_fifo_str, i32 0, i32 0, [1 x i8]* @p_str247, i32 0, i32 0, [1 x i8]* @p_str248, [1 x i8]* @p_str249, [1 x i8]* @p_str250, i32 2, i32 2, i32 16, i32 16, [1 x i8]* @p_str251, [11 x i8]* @ScalarProp_str)"   --->   Operation 16 'specinterface' <Predicate = true> <Delay = 0.00>
ST_1 : Operation 17 [1/1] (3.63ns)   --->   "call void @_ssdm_op_Write.ap_fifo.i32P(i32* %xright_out, i32 %xright_read)" [top.cpp:38]   --->   Operation 17 'write' <Predicate = true> <Delay = 3.63> <Core = "FIFO">   --->   Core 32 'FIFO' <Latency = 0> <II = 1> <Delay = 3.63> <Storage> <Opcode : 'read' 'write' 'nbread' 'nbwrite'> <Ports = 0> <Width = 9> <Depth = 2> <FIFO>
ST_1 : Operation 18 [1/1] (0.00ns)   --->   "call void (...)* @_ssdm_op_SpecInterface(i32* %xright_out2, [8 x i8]* @ap_fifo_str, i32 0, i32 0, [1 x i8]* @p_str252, i32 0, i32 0, [1 x i8]* @p_str253, [1 x i8]* @p_str254, [1 x i8]* @p_str255, i32 2, i32 2, i32 16, i32 16, [1 x i8]* @p_str256, [11 x i8]* @ScalarProp_str)"   --->   Operation 18 'specinterface' <Predicate = true> <Delay = 0.00>
ST_1 : Operation 19 [1/1] (3.63ns)   --->   "call void @_ssdm_op_Write.ap_fifo.i32P(i32* %xright_out2, i32 %xright_read)" [top.cpp:38]   --->   Operation 19 'write' <Predicate = true> <Delay = 3.63> <Core = "FIFO">   --->   Core 32 'FIFO' <Latency = 0> <II = 1> <Delay = 3.63> <Storage> <Opcode : 'read' 'write' 'nbread' 'nbwrite'> <Ports = 0> <Width = 9> <Depth = 2> <FIFO>
ST_1 : Operation 20 [1/1] (0.00ns)   --->   "call void (...)* @_ssdm_op_SpecInterface(i32* %ytop_out, [8 x i8]* @ap_fifo_str, i32 0, i32 0, [1 x i8]* @p_str257, i32 0, i32 0, [1 x i8]* @p_str258, [1 x i8]* @p_str259, [1 x i8]* @p_str260, i32 2, i32 2, i32 16, i32 16, [1 x i8]* @p_str261, [11 x i8]* @ScalarProp_str)"   --->   Operation 20 'specinterface' <Predicate = true> <Delay = 0.00>
ST_1 : Operation 21 [1/1] (3.63ns)   --->   "call void @_ssdm_op_Write.ap_fifo.i32P(i32* %ytop_out, i32 %ytop_read)" [top.cpp:38]   --->   Operation 21 'write' <Predicate = true> <Delay = 3.63> <Core = "FIFO">   --->   Core 32 'FIFO' <Latency = 0> <II = 1> <Delay = 3.63> <Storage> <Opcode : 'read' 'write' 'nbread' 'nbwrite'> <Ports = 0> <Width = 9> <Depth = 2> <FIFO>
ST_1 : Operation 22 [1/1] (0.00ns)   --->   "call void (...)* @_ssdm_op_SpecInterface(i32* %ytop_out3, [8 x i8]* @ap_fifo_str, i32 0, i32 0, [1 x i8]* @p_str262, i32 0, i32 0, [1 x i8]* @p_str263, [1 x i8]* @p_str264, [1 x i8]* @p_str265, i32 2, i32 2, i32 16, i32 16, [1 x i8]* @p_str266, [11 x i8]* @ScalarProp_str)"   --->   Operation 22 'specinterface' <Predicate = true> <Delay = 0.00>
ST_1 : Operation 23 [1/1] (3.63ns)   --->   "call void @_ssdm_op_Write.ap_fifo.i32P(i32* %ytop_out3, i32 %ytop_read)" [top.cpp:38]   --->   Operation 23 'write' <Predicate = true> <Delay = 3.63> <Core = "FIFO">   --->   Core 32 'FIFO' <Latency = 0> <II = 1> <Delay = 3.63> <Storage> <Opcode : 'read' 'write' 'nbread' 'nbwrite'> <Ports = 0> <Width = 9> <Depth = 2> <FIFO>
ST_1 : Operation 24 [1/1] (0.00ns)   --->   "call void (...)* @_ssdm_op_SpecInterface(i32* %ydown_out, [8 x i8]* @ap_fifo_str, i32 0, i32 0, [1 x i8]* @p_str267, i32 0, i32 0, [1 x i8]* @p_str268, [1 x i8]* @p_str269, [1 x i8]* @p_str270, i32 2, i32 2, i32 16, i32 16, [1 x i8]* @p_str271, [11 x i8]* @ScalarProp_str)"   --->   Operation 24 'specinterface' <Predicate = true> <Delay = 0.00>
ST_1 : Operation 25 [1/1] (3.63ns)   --->   "call void @_ssdm_op_Write.ap_fifo.i32P(i32* %ydown_out, i32 %ydown_read)" [top.cpp:38]   --->   Operation 25 'write' <Predicate = true> <Delay = 3.63> <Core = "FIFO">   --->   Core 32 'FIFO' <Latency = 0> <II = 1> <Delay = 3.63> <Storage> <Opcode : 'read' 'write' 'nbread' 'nbwrite'> <Ports = 0> <Width = 9> <Depth = 2> <FIFO>
ST_1 : Operation 26 [1/1] (0.00ns)   --->   "call void (...)* @_ssdm_op_SpecInterface(i32* %ydown_out4, [8 x i8]* @ap_fifo_str, i32 0, i32 0, [1 x i8]* @p_str272, i32 0, i32 0, [1 x i8]* @p_str273, [1 x i8]* @p_str274, [1 x i8]* @p_str275, i32 2, i32 2, i32 16, i32 16, [1 x i8]* @p_str276, [11 x i8]* @ScalarProp_str)"   --->   Operation 26 'specinterface' <Predicate = true> <Delay = 0.00>
ST_1 : Operation 27 [1/1] (3.63ns)   --->   "call void @_ssdm_op_Write.ap_fifo.i32P(i32* %ydown_out4, i32 %ydown_read)" [top.cpp:38]   --->   Operation 27 'write' <Predicate = true> <Delay = 3.63> <Core = "FIFO">   --->   Core 32 'FIFO' <Latency = 0> <II = 1> <Delay = 3.63> <Storage> <Opcode : 'read' 'write' 'nbread' 'nbwrite'> <Ports = 0> <Width = 9> <Depth = 2> <FIFO>
ST_1 : Operation 28 [1/1] (0.00ns) (grouped into TernaryAdder)   --->   "%sub_ln23 = sub i32 1, %xleft_read" [top.cpp:23->top.cpp:38]   --->   Operation 28 'sub' 'sub_ln23' <Predicate = true> <Delay = 0.00> <Core = "TAddSub">   --->   Core 83 'TAddSub' <Latency = 0> <II = 1> <Delay = 2.18> <IPBlock> <Opcode : 'add' 'sub'> <InPorts = 3> <OutPorts = 1> <Sync> <CReg>
ST_1 : Operation 29 [1/1] (4.37ns) (root node of TernaryAdder)   --->   "%plate_width = add i32 %sub_ln23, %xright_read" [top.cpp:23->top.cpp:38]   --->   Operation 29 'add' 'plate_width' <Predicate = true> <Delay = 4.37> <Core = "TAddSub">   --->   Core 83 'TAddSub' <Latency = 0> <II = 1> <Delay = 2.18> <IPBlock> <Opcode : 'add' 'sub'> <InPorts = 3> <OutPorts = 1> <Sync> <CReg>
ST_1 : Operation 30 [1/1] (0.00ns) (grouped into TernaryAdder)   --->   "%sub_ln24 = sub i32 1, %ytop_read" [top.cpp:24->top.cpp:38]   --->   Operation 30 'sub' 'sub_ln24' <Predicate = true> <Delay = 0.00> <Core = "TAddSub">   --->   Core 83 'TAddSub' <Latency = 0> <II = 1> <Delay = 2.18> <IPBlock> <Opcode : 'add' 'sub'> <InPorts = 3> <OutPorts = 1> <Sync> <CReg>
ST_1 : Operation 31 [1/1] (4.37ns) (root node of TernaryAdder)   --->   "%plate_height = add i32 %sub_ln24, %ydown_read" [top.cpp:24->top.cpp:38]   --->   Operation 31 'add' 'plate_height' <Predicate = true> <Delay = 4.37> <Core = "TAddSub">   --->   Core 83 'TAddSub' <Latency = 0> <II = 1> <Delay = 2.18> <IPBlock> <Opcode : 'add' 'sub'> <InPorts = 3> <OutPorts = 1> <Sync> <CReg>
ST_1 : Operation 32 [1/1] (3.63ns)   --->   "call void @_ssdm_op_Write.ap_fifo.i11P(i11* %rgb_img_rows_V_out, i11 720)" [D:/Program_Files/Xilinx/Vivado/2019.2/common/technology/autopilot/hls/hls_video_core.h:656->D:/Program_Files/Xilinx/Vivado/2019.2/common/technology/autopilot/hls/hls_video_core.h:642->D:/Program_Files/Xilinx/Vivado/2019.2/common/technology/autopilot/hls/hls_video_core.h:643->top.cpp:28->top.cpp:38]   --->   Operation 32 'write' <Predicate = true> <Delay = 3.63> <Core = "FIFO">   --->   Core 32 'FIFO' <Latency = 0> <II = 1> <Delay = 3.63> <Storage> <Opcode : 'read' 'write' 'nbread' 'nbwrite'> <Ports = 0> <Width = 9> <Depth = 2> <FIFO>
ST_1 : Operation 33 [1/1] (3.63ns)   --->   "call void @_ssdm_op_Write.ap_fifo.i12P(i12* %rgb_img_cols_V_out, i12 1280)" [D:/Program_Files/Xilinx/Vivado/2019.2/common/technology/autopilot/hls/hls_video_core.h:657->D:/Program_Files/Xilinx/Vivado/2019.2/common/technology/autopilot/hls/hls_video_core.h:642->D:/Program_Files/Xilinx/Vivado/2019.2/common/technology/autopilot/hls/hls_video_core.h:643->top.cpp:28->top.cpp:38]   --->   Operation 33 'write' <Predicate = true> <Delay = 3.63> <Core = "FIFO">   --->   Core 32 'FIFO' <Latency = 0> <II = 1> <Delay = 3.63> <Storage> <Opcode : 'read' 'write' 'nbread' 'nbwrite'> <Ports = 0> <Width = 9> <Depth = 2> <FIFO>
ST_1 : Operation 34 [1/1] (3.63ns)   --->   "call void @_ssdm_op_Write.ap_fifo.i32P(i32* %plate_rows_V_out, i32 %plate_height)" [D:/Program_Files/Xilinx/Vivado/2019.2/common/technology/autopilot/hls/hls_video_core.h:656->D:/Program_Files/Xilinx/Vivado/2019.2/common/technology/autopilot/hls/hls_video_core.h:642->D:/Program_Files/Xilinx/Vivado/2019.2/common/technology/autopilot/hls/hls_video_core.h:643->top.cpp:33->top.cpp:38]   --->   Operation 34 'write' <Predicate = true> <Delay = 3.63> <Core = "FIFO">   --->   Core 32 'FIFO' <Latency = 0> <II = 1> <Delay = 3.63> <Storage> <Opcode : 'read' 'write' 'nbread' 'nbwrite'> <Ports = 0> <Width = 9> <Depth = 2> <FIFO>
ST_1 : Operation 35 [1/1] (3.63ns)   --->   "call void @_ssdm_op_Write.ap_fifo.i32P(i32* %plate_cols_V_out, i32 %plate_width)" [D:/Program_Files/Xilinx/Vivado/2019.2/common/technology/autopilot/hls/hls_video_core.h:657->D:/Program_Files/Xilinx/Vivado/2019.2/common/technology/autopilot/hls/hls_video_core.h:642->D:/Program_Files/Xilinx/Vivado/2019.2/common/technology/autopilot/hls/hls_video_core.h:643->top.cpp:33->top.cpp:38]   --->   Operation 35 'write' <Predicate = true> <Delay = 3.63> <Core = "FIFO">   --->   Core 32 'FIFO' <Latency = 0> <II = 1> <Delay = 3.63> <Storage> <Opcode : 'read' 'write' 'nbread' 'nbwrite'> <Ports = 0> <Width = 9> <Depth = 2> <FIFO>
ST_1 : Operation 36 [1/1] (3.63ns)   --->   "call void @_ssdm_op_Write.ap_fifo.i7P(i7* %standard_plate_rows_V_out, i7 60)" [D:/Program_Files/Xilinx/Vivado/2019.2/common/technology/autopilot/hls/hls_video_core.h:656->D:/Program_Files/Xilinx/Vivado/2019.2/common/technology/autopilot/hls/hls_video_core.h:642->D:/Program_Files/Xilinx/Vivado/2019.2/common/technology/autopilot/hls/hls_video_core.h:643->top.cpp:34->top.cpp:38]   --->   Operation 36 'write' <Predicate = true> <Delay = 3.63> <Core = "FIFO">   --->   Core 32 'FIFO' <Latency = 0> <II = 1> <Delay = 3.63> <Storage> <Opcode : 'read' 'write' 'nbread' 'nbwrite'> <Ports = 0> <Width = 9> <Depth = 2> <FIFO>
ST_1 : Operation 37 [1/1] (3.63ns)   --->   "call void @_ssdm_op_Write.ap_fifo.i9P(i9* %standard_plate_cols_V_out, i9 240)" [D:/Program_Files/Xilinx/Vivado/2019.2/common/technology/autopilot/hls/hls_video_core.h:657->D:/Program_Files/Xilinx/Vivado/2019.2/common/technology/autopilot/hls/hls_video_core.h:642->D:/Program_Files/Xilinx/Vivado/2019.2/common/technology/autopilot/hls/hls_video_core.h:643->top.cpp:34->top.cpp:38]   --->   Operation 37 'write' <Predicate = true> <Delay = 3.63> <Core = "FIFO">   --->   Core 32 'FIFO' <Latency = 0> <II = 1> <Delay = 3.63> <Storage> <Opcode : 'read' 'write' 'nbread' 'nbwrite'> <Ports = 0> <Width = 9> <Depth = 2> <FIFO>
ST_1 : Operation 38 [1/1] (0.00ns)   --->   "ret void" [top.cpp:38]   --->   Operation 38 'ret' <Predicate = true> <Delay = 0.00>


============================================================
+ Verbose Summary: Binding
============================================================
STG Binding: 
---------------- STG Properties BEGIN ----------------
- Is combinational: 0
- Is one-state seq: 1
- Is datapath-only: 0
- Is pipelined: 0
- Is top level: 0
Port [ Return ] is wired: 1; IO mode=ap_ctrl_hs:ce=0
Port [ xleft_s]:  wired=1; compound=0; hidden=0; nouse=0; global=0; static=0; extern=0; dir=0; type=0; pingpong=0; private_global=0; IO mode=ap_none:ce=0
Port [ xright_s]:  wired=1; compound=0; hidden=0; nouse=0; global=0; static=0; extern=0; dir=0; type=0; pingpong=0; private_global=0; IO mode=ap_none:ce=0
Port [ ytop_s]:  wired=1; compound=0; hidden=0; nouse=0; global=0; static=0; extern=0; dir=0; type=0; pingpong=0; private_global=0; IO mode=ap_none:ce=0
Port [ ydown_s]:  wired=1; compound=0; hidden=0; nouse=0; global=0; static=0; extern=0; dir=0; type=0; pingpong=0; private_global=0; IO mode=ap_none:ce=0
Port [ xleft_out]:  wired=1; compound=1; hidden=0; nouse=0; global=0; static=0; extern=0; dir=1; type=3; pingpong=0; private_global=0; IO mode=ap_fifo:ce=0
Port [ xleft_out1]:  wired=1; compound=1; hidden=0; nouse=0; global=0; static=0; extern=0; dir=1; type=3; pingpong=0; private_global=0; IO mode=ap_fifo:ce=0
Port [ xright_out]:  wired=1; compound=1; hidden=0; nouse=0; global=0; static=0; extern=0; dir=1; type=3; pingpong=0; private_global=0; IO mode=ap_fifo:ce=0
Port [ xright_out2]:  wired=1; compound=1; hidden=0; nouse=0; global=0; static=0; extern=0; dir=1; type=3; pingpong=0; private_global=0; IO mode=ap_fifo:ce=0
Port [ ytop_out]:  wired=1; compound=1; hidden=0; nouse=0; global=0; static=0; extern=0; dir=1; type=3; pingpong=0; private_global=0; IO mode=ap_fifo:ce=0
Port [ ytop_out3]:  wired=1; compound=1; hidden=0; nouse=0; global=0; static=0; extern=0; dir=1; type=3; pingpong=0; private_global=0; IO mode=ap_fifo:ce=0
Port [ ydown_out]:  wired=1; compound=1; hidden=0; nouse=0; global=0; static=0; extern=0; dir=1; type=3; pingpong=0; private_global=0; IO mode=ap_fifo:ce=0
Port [ ydown_out4]:  wired=1; compound=1; hidden=0; nouse=0; global=0; static=0; extern=0; dir=1; type=3; pingpong=0; private_global=0; IO mode=ap_fifo:ce=0
Port [ rgb_img_rows_V_out]:  wired=1; compound=1; hidden=0; nouse=0; global=0; static=0; extern=0; dir=1; type=3; pingpong=0; private_global=0; IO mode=ap_fifo:ce=0
Port [ rgb_img_cols_V_out]:  wired=1; compound=1; hidden=0; nouse=0; global=0; static=0; extern=0; dir=1; type=3; pingpong=0; private_global=0; IO mode=ap_fifo:ce=0
Port [ plate_rows_V_out]:  wired=1; compound=1; hidden=0; nouse=0; global=0; static=0; extern=0; dir=1; type=3; pingpong=0; private_global=0; IO mode=ap_fifo:ce=0
Port [ plate_cols_V_out]:  wired=1; compound=1; hidden=0; nouse=0; global=0; static=0; extern=0; dir=1; type=3; pingpong=0; private_global=0; IO mode=ap_fifo:ce=0
Port [ standard_plate_rows_V_out]:  wired=1; compound=1; hidden=0; nouse=0; global=0; static=0; extern=0; dir=1; type=3; pingpong=0; private_global=0; IO mode=ap_fifo:ce=0
Port [ standard_plate_cols_V_out]:  wired=1; compound=1; hidden=0; nouse=0; global=0; static=0; extern=0; dir=1; type=3; pingpong=0; private_global=0; IO mode=ap_fifo:ce=0
---------------- STG Properties END ------------------

---------------- Datapath Model BEGIN ----------------

<LifeTime>
<method=bitvector/>
specinterface_ln0 (specinterface) [ 00]
specinterface_ln0 (specinterface) [ 00]
specinterface_ln0 (specinterface) [ 00]
specinterface_ln0 (specinterface) [ 00]
specinterface_ln0 (specinterface) [ 00]
specinterface_ln0 (specinterface) [ 00]
specinterface_ln0 (specinterface) [ 00]
ydown_read        (read         ) [ 00]
ytop_read         (read         ) [ 00]
xright_read       (read         ) [ 00]
xleft_read        (read         ) [ 00]
write_ln38        (write        ) [ 00]
specinterface_ln0 (specinterface) [ 00]
write_ln38        (write        ) [ 00]
specinterface_ln0 (specinterface) [ 00]
write_ln38        (write        ) [ 00]
specinterface_ln0 (specinterface) [ 00]
write_ln38        (write        ) [ 00]
specinterface_ln0 (specinterface) [ 00]
write_ln38        (write        ) [ 00]
specinterface_ln0 (specinterface) [ 00]
write_ln38        (write        ) [ 00]
specinterface_ln0 (specinterface) [ 00]
write_ln38        (write        ) [ 00]
specinterface_ln0 (specinterface) [ 00]
write_ln38        (write        ) [ 00]
sub_ln23          (sub          ) [ 00]
plate_width       (add          ) [ 00]
sub_ln24          (sub          ) [ 00]
plate_height      (add          ) [ 00]
write_ln656       (write        ) [ 00]
write_ln657       (write        ) [ 00]
write_ln656       (write        ) [ 00]
write_ln657       (write        ) [ 00]
write_ln656       (write        ) [ 00]
write_ln657       (write        ) [ 00]
ret_ln38          (ret          ) [ 00]
</LifeTime>

<model>

<comp_list>
<comp id="0" class="1000" name="xleft_s">
<pin_list>
<pin id="1" dir="1" index="0" bw="1" slack="0"/>
</pin_list>
<bind>
<StgValue><ssdm name="xleft_s"/></StgValue>
</bind>
</comp>

<comp id="2" class="1000" name="xright_s">
<pin_list>
<pin id="3" dir="1" index="0" bw="1" slack="0"/>
</pin_list>
<bind>
<StgValue><ssdm name="xright_s"/></StgValue>
</bind>
</comp>

<comp id="4" class="1000" name="ytop_s">
<pin_list>
<pin id="5" dir="1" index="0" bw="1" slack="0"/>
</pin_list>
<bind>
<StgValue><ssdm name="ytop_s"/></StgValue>
</bind>
</comp>

<comp id="6" class="1000" name="ydown_s">
<pin_list>
<pin id="7" dir="1" index="0" bw="1" slack="0"/>
</pin_list>
<bind>
<StgValue><ssdm name="ydown_s"/></StgValue>
</bind>
</comp>

<comp id="8" class="1000" name="xleft_out">
<pin_list>
<pin id="9" dir="1" index="0" bw="1" slack="0"/>
</pin_list>
<bind>
<StgValue><ssdm name="xleft_out"/></StgValue>
</bind>
</comp>

<comp id="10" class="1000" name="xleft_out1">
<pin_list>
<pin id="11" dir="1" index="0" bw="1" slack="0"/>
</pin_list>
<bind>
<StgValue><ssdm name="xleft_out1"/></StgValue>
</bind>
</comp>

<comp id="12" class="1000" name="xright_out">
<pin_list>
<pin id="13" dir="1" index="0" bw="1" slack="0"/>
</pin_list>
<bind>
<StgValue><ssdm name="xright_out"/></StgValue>
</bind>
</comp>

<comp id="14" class="1000" name="xright_out2">
<pin_list>
<pin id="15" dir="1" index="0" bw="1" slack="0"/>
</pin_list>
<bind>
<StgValue><ssdm name="xright_out2"/></StgValue>
</bind>
</comp>

<comp id="16" class="1000" name="ytop_out">
<pin_list>
<pin id="17" dir="1" index="0" bw="1" slack="0"/>
</pin_list>
<bind>
<StgValue><ssdm name="ytop_out"/></StgValue>
</bind>
</comp>

<comp id="18" class="1000" name="ytop_out3">
<pin_list>
<pin id="19" dir="1" index="0" bw="1" slack="0"/>
</pin_list>
<bind>
<StgValue><ssdm name="ytop_out3"/></StgValue>
</bind>
</comp>

<comp id="20" class="1000" name="ydown_out">
<pin_list>
<pin id="21" dir="1" index="0" bw="1" slack="0"/>
</pin_list>
<bind>
<StgValue><ssdm name="ydown_out"/></StgValue>
</bind>
</comp>

<comp id="22" class="1000" name="ydown_out4">
<pin_list>
<pin id="23" dir="1" index="0" bw="1" slack="0"/>
</pin_list>
<bind>
<StgValue><ssdm name="ydown_out4"/></StgValue>
</bind>
</comp>

<comp id="24" class="1000" name="rgb_img_rows_V_out">
<pin_list>
<pin id="25" dir="1" index="0" bw="1" slack="0"/>
</pin_list>
<bind>
<StgValue><ssdm name="rgb_img_rows_V_out"/></StgValue>
</bind>
</comp>

<comp id="26" class="1000" name="rgb_img_cols_V_out">
<pin_list>
<pin id="27" dir="1" index="0" bw="1" slack="0"/>
</pin_list>
<bind>
<StgValue><ssdm name="rgb_img_cols_V_out"/></StgValue>
</bind>
</comp>

<comp id="28" class="1000" name="plate_rows_V_out">
<pin_list>
<pin id="29" dir="1" index="0" bw="1" slack="0"/>
</pin_list>
<bind>
<StgValue><ssdm name="plate_rows_V_out"/></StgValue>
</bind>
</comp>

<comp id="30" class="1000" name="plate_cols_V_out">
<pin_list>
<pin id="31" dir="1" index="0" bw="1" slack="0"/>
</pin_list>
<bind>
<StgValue><ssdm name="plate_cols_V_out"/></StgValue>
</bind>
</comp>

<comp id="32" class="1000" name="standard_plate_rows_V_out">
<pin_list>
<pin id="33" dir="1" index="0" bw="1" slack="0"/>
</pin_list>
<bind>
<StgValue><ssdm name="standard_plate_rows_V_out"/></StgValue>
</bind>
</comp>

<comp id="34" class="1000" name="standard_plate_cols_V_out">
<pin_list>
<pin id="35" dir="1" index="0" bw="1" slack="0"/>
</pin_list>
<bind>
<StgValue><ssdm name="standard_plate_cols_V_out"/></StgValue>
</bind>
</comp>

<comp id="36" class="1001" name="const_36">
<pin_list>
<pin id="37" dir="1" index="0" bw="1" slack="2147483647"/>
</pin_list>
<bind>
<StgValue><ssdm name="_ssdm_op_SpecInterface"/></StgValue>
</bind>
</comp>

<comp id="38" class="1001" name="const_38">
<pin_list>
<pin id="39" dir="1" index="0" bw="1" slack="2147483647"/>
</pin_list>
<bind>
<StgValue><ssdm name="ap_fifo_str"/></StgValue>
</bind>
</comp>

<comp id="40" class="1001" name="const_40">
<pin_list>
<pin id="41" dir="1" index="0" bw="1" slack="2147483647"/>
</pin_list>
<bind>
<StgValue><ssdm name=""/></StgValue>
</bind>
</comp>

<comp id="42" class="1001" name="const_42">
<pin_list>
<pin id="43" dir="1" index="0" bw="1" slack="2147483647"/>
</pin_list>
<bind>
<StgValue><ssdm name="p_str307"/></StgValue>
</bind>
</comp>

<comp id="44" class="1001" name="const_44">
<pin_list>
<pin id="45" dir="1" index="0" bw="1" slack="2147483647"/>
</pin_list>
<bind>
<StgValue><ssdm name="p_str308"/></StgValue>
</bind>
</comp>

<comp id="46" class="1001" name="const_46">
<pin_list>
<pin id="47" dir="1" index="0" bw="1" slack="2147483647"/>
</pin_list>
<bind>
<StgValue><ssdm name="p_str309"/></StgValue>
</bind>
</comp>

<comp id="48" class="1001" name="const_48">
<pin_list>
<pin id="49" dir="1" index="0" bw="1" slack="2147483647"/>
</pin_list>
<bind>
<StgValue><ssdm name="p_str310"/></StgValue>
</bind>
</comp>

<comp id="50" class="1001" name="const_50">
<pin_list>
<pin id="51" dir="1" index="0" bw="1" slack="2147483647"/>
</pin_list>
<bind>
<StgValue><ssdm name=""/></StgValue>
</bind>
</comp>

<comp id="52" class="1001" name="const_52">
<pin_list>
<pin id="53" dir="1" index="0" bw="1" slack="2147483647"/>
</pin_list>
<bind>
<StgValue><ssdm name=""/></StgValue>
</bind>
</comp>

<comp id="54" class="1001" name="const_54">
<pin_list>
<pin id="55" dir="1" index="0" bw="1" slack="2147483647"/>
</pin_list>
<bind>
<StgValue><ssdm name="p_str311"/></StgValue>
</bind>
</comp>

<comp id="56" class="1001" name="const_56">
<pin_list>
<pin id="57" dir="1" index="0" bw="1" slack="2147483647"/>
</pin_list>
<bind>
<StgValue><ssdm name="p_str312"/></StgValue>
</bind>
</comp>

<comp id="58" class="1001" name="const_58">
<pin_list>
<pin id="59" dir="1" index="0" bw="1" slack="2147483647"/>
</pin_list>
<bind>
<StgValue><ssdm name="p_str301"/></StgValue>
</bind>
</comp>

<comp id="60" class="1001" name="const_60">
<pin_list>
<pin id="61" dir="1" index="0" bw="1" slack="2147483647"/>
</pin_list>
<bind>
<StgValue><ssdm name="p_str302"/></StgValue>
</bind>
</comp>

<comp id="62" class="1001" name="const_62">
<pin_list>
<pin id="63" dir="1" index="0" bw="1" slack="2147483647"/>
</pin_list>
<bind>
<StgValue><ssdm name="p_str303"/></StgValue>
</bind>
</comp>

<comp id="64" class="1001" name="const_64">
<pin_list>
<pin id="65" dir="1" index="0" bw="1" slack="2147483647"/>
</pin_list>
<bind>
<StgValue><ssdm name="p_str304"/></StgValue>
</bind>
</comp>

<comp id="66" class="1001" name="const_66">
<pin_list>
<pin id="67" dir="1" index="0" bw="1" slack="2147483647"/>
</pin_list>
<bind>
<StgValue><ssdm name="p_str305"/></StgValue>
</bind>
</comp>

<comp id="68" class="1001" name="const_68">
<pin_list>
<pin id="69" dir="1" index="0" bw="1" slack="2147483647"/>
</pin_list>
<bind>
<StgValue><ssdm name="p_str306"/></StgValue>
</bind>
</comp>

<comp id="70" class="1001" name="const_70">
<pin_list>
<pin id="71" dir="1" index="0" bw="1" slack="2147483647"/>
</pin_list>
<bind>
<StgValue><ssdm name="p_str295"/></StgValue>
</bind>
</comp>

<comp id="72" class="1001" name="const_72">
<pin_list>
<pin id="73" dir="1" index="0" bw="1" slack="2147483647"/>
</pin_list>
<bind>
<StgValue><ssdm name="p_str296"/></StgValue>
</bind>
</comp>

<comp id="74" class="1001" name="const_74">
<pin_list>
<pin id="75" dir="1" index="0" bw="1" slack="2147483647"/>
</pin_list>
<bind>
<StgValue><ssdm name="p_str297"/></StgValue>
</bind>
</comp>

<comp id="76" class="1001" name="const_76">
<pin_list>
<pin id="77" dir="1" index="0" bw="1" slack="2147483647"/>
</pin_list>
<bind>
<StgValue><ssdm name="p_str298"/></StgValue>
</bind>
</comp>

<comp id="78" class="1001" name="const_78">
<pin_list>
<pin id="79" dir="1" index="0" bw="1" slack="2147483647"/>
</pin_list>
<bind>
<StgValue><ssdm name="p_str299"/></StgValue>
</bind>
</comp>

<comp id="80" class="1001" name="const_80">
<pin_list>
<pin id="81" dir="1" index="0" bw="1" slack="2147483647"/>
</pin_list>
<bind>
<StgValue><ssdm name="p_str300"/></StgValue>
</bind>
</comp>

<comp id="82" class="1001" name="const_82">
<pin_list>
<pin id="83" dir="1" index="0" bw="1" slack="2147483647"/>
</pin_list>
<bind>
<StgValue><ssdm name="p_str289"/></StgValue>
</bind>
</comp>

<comp id="84" class="1001" name="const_84">
<pin_list>
<pin id="85" dir="1" index="0" bw="1" slack="2147483647"/>
</pin_list>
<bind>
<StgValue><ssdm name="p_str290"/></StgValue>
</bind>
</comp>

<comp id="86" class="1001" name="const_86">
<pin_list>
<pin id="87" dir="1" index="0" bw="1" slack="2147483647"/>
</pin_list>
<bind>
<StgValue><ssdm name="p_str291"/></StgValue>
</bind>
</comp>

<comp id="88" class="1001" name="const_88">
<pin_list>
<pin id="89" dir="1" index="0" bw="1" slack="2147483647"/>
</pin_list>
<bind>
<StgValue><ssdm name="p_str292"/></StgValue>
</bind>
</comp>

<comp id="90" class="1001" name="const_90">
<pin_list>
<pin id="91" dir="1" index="0" bw="1" slack="2147483647"/>
</pin_list>
<bind>
<StgValue><ssdm name="p_str293"/></StgValue>
</bind>
</comp>

<comp id="92" class="1001" name="const_92">
<pin_list>
<pin id="93" dir="1" index="0" bw="1" slack="2147483647"/>
</pin_list>
<bind>
<StgValue><ssdm name="p_str294"/></StgValue>
</bind>
</comp>

<comp id="94" class="1001" name="const_94">
<pin_list>
<pin id="95" dir="1" index="0" bw="1" slack="2147483647"/>
</pin_list>
<bind>
<StgValue><ssdm name="p_str283"/></StgValue>
</bind>
</comp>

<comp id="96" class="1001" name="const_96">
<pin_list>
<pin id="97" dir="1" index="0" bw="1" slack="2147483647"/>
</pin_list>
<bind>
<StgValue><ssdm name="p_str284"/></StgValue>
</bind>
</comp>

<comp id="98" class="1001" name="const_98">
<pin_list>
<pin id="99" dir="1" index="0" bw="1" slack="2147483647"/>
</pin_list>
<bind>
<StgValue><ssdm name="p_str285"/></StgValue>
</bind>
</comp>

<comp id="100" class="1001" name="const_100">
<pin_list>
<pin id="101" dir="1" index="0" bw="1" slack="2147483647"/>
</pin_list>
<bind>
<StgValue><ssdm name="p_str286"/></StgValue>
</bind>
</comp>

<comp id="102" class="1001" name="const_102">
<pin_list>
<pin id="103" dir="1" index="0" bw="1" slack="2147483647"/>
</pin_list>
<bind>
<StgValue><ssdm name="p_str287"/></StgValue>
</bind>
</comp>

<comp id="104" class="1001" name="const_104">
<pin_list>
<pin id="105" dir="1" index="0" bw="1" slack="2147483647"/>
</pin_list>
<bind>
<StgValue><ssdm name="p_str288"/></StgValue>
</bind>
</comp>

<comp id="106" class="1001" name="const_106">
<pin_list>
<pin id="107" dir="1" index="0" bw="1" slack="2147483647"/>
</pin_list>
<bind>
<StgValue><ssdm name="p_str277"/></StgValue>
</bind>
</comp>

<comp id="108" class="1001" name="const_108">
<pin_list>
<pin id="109" dir="1" index="0" bw="1" slack="2147483647"/>
</pin_list>
<bind>
<StgValue><ssdm name="p_str278"/></StgValue>
</bind>
</comp>

<comp id="110" class="1001" name="const_110">
<pin_list>
<pin id="111" dir="1" index="0" bw="1" slack="2147483647"/>
</pin_list>
<bind>
<StgValue><ssdm name="p_str279"/></StgValue>
</bind>
</comp>

<comp id="112" class="1001" name="const_112">
<pin_list>
<pin id="113" dir="1" index="0" bw="1" slack="2147483647"/>
</pin_list>
<bind>
<StgValue><ssdm name="p_str280"/></StgValue>
</bind>
</comp>

<comp id="114" class="1001" name="const_114">
<pin_list>
<pin id="115" dir="1" index="0" bw="1" slack="2147483647"/>
</pin_list>
<bind>
<StgValue><ssdm name="p_str281"/></StgValue>
</bind>
</comp>

<comp id="116" class="1001" name="const_116">
<pin_list>
<pin id="117" dir="1" index="0" bw="1" slack="2147483647"/>
</pin_list>
<bind>
<StgValue><ssdm name="p_str282"/></StgValue>
</bind>
</comp>

<comp id="118" class="1001" name="const_118">
<pin_list>
<pin id="119" dir="1" index="0" bw="1" slack="2147483647"/>
</pin_list>
<bind>
<StgValue><ssdm name="p_str237"/></StgValue>
</bind>
</comp>

<comp id="120" class="1001" name="const_120">
<pin_list>
<pin id="121" dir="1" index="0" bw="1" slack="2147483647"/>
</pin_list>
<bind>
<StgValue><ssdm name="p_str238"/></StgValue>
</bind>
</comp>

<comp id="122" class="1001" name="const_122">
<pin_list>
<pin id="123" dir="1" index="0" bw="1" slack="2147483647"/>
</pin_list>
<bind>
<StgValue><ssdm name="p_str239"/></StgValue>
</bind>
</comp>

<comp id="124" class="1001" name="const_124">
<pin_list>
<pin id="125" dir="1" index="0" bw="1" slack="2147483647"/>
</pin_list>
<bind>
<StgValue><ssdm name="p_str240"/></StgValue>
</bind>
</comp>

<comp id="126" class="1001" name="const_126">
<pin_list>
<pin id="127" dir="1" index="0" bw="1" slack="2147483647"/>
</pin_list>
<bind>
<StgValue><ssdm name="p_str241"/></StgValue>
</bind>
</comp>

<comp id="128" class="1001" name="const_128">
<pin_list>
<pin id="129" dir="1" index="0" bw="1" slack="2147483647"/>
</pin_list>
<bind>
<StgValue><ssdm name="ScalarProp_str"/></StgValue>
</bind>
</comp>

<comp id="130" class="1001" name="const_130">
<pin_list>
<pin id="131" dir="1" index="0" bw="1" slack="0"/>
</pin_list>
<bind>
<StgValue><ssdm name="_ssdm_op_Read.ap_auto.i32"/></StgValue>
</bind>
</comp>

<comp id="132" class="1001" name="const_132">
<pin_list>
<pin id="133" dir="1" index="0" bw="1" slack="0"/>
</pin_list>
<bind>
<StgValue><ssdm name="_ssdm_op_Write.ap_fifo.i32P"/></StgValue>
</bind>
</comp>

<comp id="134" class="1001" name="const_134">
<pin_list>
<pin id="135" dir="1" index="0" bw="1" slack="2147483647"/>
</pin_list>
<bind>
<StgValue><ssdm name="p_str242"/></StgValue>
</bind>
</comp>

<comp id="136" class="1001" name="const_136">
<pin_list>
<pin id="137" dir="1" index="0" bw="1" slack="2147483647"/>
</pin_list>
<bind>
<StgValue><ssdm name="p_str243"/></StgValue>
</bind>
</comp>

<comp id="138" class="1001" name="const_138">
<pin_list>
<pin id="139" dir="1" index="0" bw="1" slack="2147483647"/>
</pin_list>
<bind>
<StgValue><ssdm name="p_str244"/></StgValue>
</bind>
</comp>

<comp id="140" class="1001" name="const_140">
<pin_list>
<pin id="141" dir="1" index="0" bw="1" slack="2147483647"/>
</pin_list>
<bind>
<StgValue><ssdm name="p_str245"/></StgValue>
</bind>
</comp>

<comp id="142" class="1001" name="const_142">
<pin_list>
<pin id="143" dir="1" index="0" bw="1" slack="2147483647"/>
</pin_list>
<bind>
<StgValue><ssdm name="p_str246"/></StgValue>
</bind>
</comp>

<comp id="144" class="1001" name="const_144">
<pin_list>
<pin id="145" dir="1" index="0" bw="1" slack="2147483647"/>
</pin_list>
<bind>
<StgValue><ssdm name="p_str247"/></StgValue>
</bind>
</comp>

<comp id="146" class="1001" name="const_146">
<pin_list>
<pin id="147" dir="1" index="0" bw="1" slack="2147483647"/>
</pin_list>
<bind>
<StgValue><ssdm name="p_str248"/></StgValue>
</bind>
</comp>

<comp id="148" class="1001" name="const_148">
<pin_list>
<pin id="149" dir="1" index="0" bw="1" slack="2147483647"/>
</pin_list>
<bind>
<StgValue><ssdm name="p_str249"/></StgValue>
</bind>
</comp>

<comp id="150" class="1001" name="const_150">
<pin_list>
<pin id="151" dir="1" index="0" bw="1" slack="2147483647"/>
</pin_list>
<bind>
<StgValue><ssdm name="p_str250"/></StgValue>
</bind>
</comp>

<comp id="152" class="1001" name="const_152">
<pin_list>
<pin id="153" dir="1" index="0" bw="1" slack="2147483647"/>
</pin_list>
<bind>
<StgValue><ssdm name="p_str251"/></StgValue>
</bind>
</comp>

<comp id="154" class="1001" name="const_154">
<pin_list>
<pin id="155" dir="1" index="0" bw="1" slack="2147483647"/>
</pin_list>
<bind>
<StgValue><ssdm name="p_str252"/></StgValue>
</bind>
</comp>

<comp id="156" class="1001" name="const_156">
<pin_list>
<pin id="157" dir="1" index="0" bw="1" slack="2147483647"/>
</pin_list>
<bind>
<StgValue><ssdm name="p_str253"/></StgValue>
</bind>
</comp>

<comp id="158" class="1001" name="const_158">
<pin_list>
<pin id="159" dir="1" index="0" bw="1" slack="2147483647"/>
</pin_list>
<bind>
<StgValue><ssdm name="p_str254"/></StgValue>
</bind>
</comp>

<comp id="160" class="1001" name="const_160">
<pin_list>
<pin id="161" dir="1" index="0" bw="1" slack="2147483647"/>
</pin_list>
<bind>
<StgValue><ssdm name="p_str255"/></StgValue>
</bind>
</comp>

<comp id="162" class="1001" name="const_162">
<pin_list>
<pin id="163" dir="1" index="0" bw="1" slack="2147483647"/>
</pin_list>
<bind>
<StgValue><ssdm name="p_str256"/></StgValue>
</bind>
</comp>

<comp id="164" class="1001" name="const_164">
<pin_list>
<pin id="165" dir="1" index="0" bw="1" slack="2147483647"/>
</pin_list>
<bind>
<StgValue><ssdm name="p_str257"/></StgValue>
</bind>
</comp>

<comp id="166" class="1001" name="const_166">
<pin_list>
<pin id="167" dir="1" index="0" bw="1" slack="2147483647"/>
</pin_list>
<bind>
<StgValue><ssdm name="p_str258"/></StgValue>
</bind>
</comp>

<comp id="168" class="1001" name="const_168">
<pin_list>
<pin id="169" dir="1" index="0" bw="1" slack="2147483647"/>
</pin_list>
<bind>
<StgValue><ssdm name="p_str259"/></StgValue>
</bind>
</comp>

<comp id="170" class="1001" name="const_170">
<pin_list>
<pin id="171" dir="1" index="0" bw="1" slack="2147483647"/>
</pin_list>
<bind>
<StgValue><ssdm name="p_str260"/></StgValue>
</bind>
</comp>

<comp id="172" class="1001" name="const_172">
<pin_list>
<pin id="173" dir="1" index="0" bw="1" slack="2147483647"/>
</pin_list>
<bind>
<StgValue><ssdm name="p_str261"/></StgValue>
</bind>
</comp>

<comp id="174" class="1001" name="const_174">
<pin_list>
<pin id="175" dir="1" index="0" bw="1" slack="2147483647"/>
</pin_list>
<bind>
<StgValue><ssdm name="p_str262"/></StgValue>
</bind>
</comp>

<comp id="176" class="1001" name="const_176">
<pin_list>
<pin id="177" dir="1" index="0" bw="1" slack="2147483647"/>
</pin_list>
<bind>
<StgValue><ssdm name="p_str263"/></StgValue>
</bind>
</comp>

<comp id="178" class="1001" name="const_178">
<pin_list>
<pin id="179" dir="1" index="0" bw="1" slack="2147483647"/>
</pin_list>
<bind>
<StgValue><ssdm name="p_str264"/></StgValue>
</bind>
</comp>

<comp id="180" class="1001" name="const_180">
<pin_list>
<pin id="181" dir="1" index="0" bw="1" slack="2147483647"/>
</pin_list>
<bind>
<StgValue><ssdm name="p_str265"/></StgValue>
</bind>
</comp>

<comp id="182" class="1001" name="const_182">
<pin_list>
<pin id="183" dir="1" index="0" bw="1" slack="2147483647"/>
</pin_list>
<bind>
<StgValue><ssdm name="p_str266"/></StgValue>
</bind>
</comp>

<comp id="184" class="1001" name="const_184">
<pin_list>
<pin id="185" dir="1" index="0" bw="1" slack="2147483647"/>
</pin_list>
<bind>
<StgValue><ssdm name="p_str267"/></StgValue>
</bind>
</comp>

<comp id="186" class="1001" name="const_186">
<pin_list>
<pin id="187" dir="1" index="0" bw="1" slack="2147483647"/>
</pin_list>
<bind>
<StgValue><ssdm name="p_str268"/></StgValue>
</bind>
</comp>

<comp id="188" class="1001" name="const_188">
<pin_list>
<pin id="189" dir="1" index="0" bw="1" slack="2147483647"/>
</pin_list>
<bind>
<StgValue><ssdm name="p_str269"/></StgValue>
</bind>
</comp>

<comp id="190" class="1001" name="const_190">
<pin_list>
<pin id="191" dir="1" index="0" bw="1" slack="2147483647"/>
</pin_list>
<bind>
<StgValue><ssdm name="p_str270"/></StgValue>
</bind>
</comp>

<comp id="192" class="1001" name="const_192">
<pin_list>
<pin id="193" dir="1" index="0" bw="1" slack="2147483647"/>
</pin_list>
<bind>
<StgValue><ssdm name="p_str271"/></StgValue>
</bind>
</comp>

<comp id="194" class="1001" name="const_194">
<pin_list>
<pin id="195" dir="1" index="0" bw="1" slack="2147483647"/>
</pin_list>
<bind>
<StgValue><ssdm name="p_str272"/></StgValue>
</bind>
</comp>

<comp id="196" class="1001" name="const_196">
<pin_list>
<pin id="197" dir="1" index="0" bw="1" slack="2147483647"/>
</pin_list>
<bind>
<StgValue><ssdm name="p_str273"/></StgValue>
</bind>
</comp>

<comp id="198" class="1001" name="const_198">
<pin_list>
<pin id="199" dir="1" index="0" bw="1" slack="2147483647"/>
</pin_list>
<bind>
<StgValue><ssdm name="p_str274"/></StgValue>
</bind>
</comp>

<comp id="200" class="1001" name="const_200">
<pin_list>
<pin id="201" dir="1" index="0" bw="1" slack="2147483647"/>
</pin_list>
<bind>
<StgValue><ssdm name="p_str275"/></StgValue>
</bind>
</comp>

<comp id="202" class="1001" name="const_202">
<pin_list>
<pin id="203" dir="1" index="0" bw="1" slack="2147483647"/>
</pin_list>
<bind>
<StgValue><ssdm name="p_str276"/></StgValue>
</bind>
</comp>

<comp id="204" class="1001" name="const_204">
<pin_list>
<pin id="205" dir="1" index="0" bw="1" slack="0"/>
</pin_list>
<bind>
<StgValue><ssdm name=""/></StgValue>
</bind>
</comp>

<comp id="206" class="1001" name="const_206">
<pin_list>
<pin id="207" dir="1" index="0" bw="1" slack="0"/>
</pin_list>
<bind>
<StgValue><ssdm name="_ssdm_op_Write.ap_fifo.i11P"/></StgValue>
</bind>
</comp>

<comp id="208" class="1001" name="const_208">
<pin_list>
<pin id="209" dir="1" index="0" bw="1" slack="0"/>
</pin_list>
<bind>
<StgValue><ssdm name=""/></StgValue>
</bind>
</comp>

<comp id="210" class="1001" name="const_210">
<pin_list>
<pin id="211" dir="1" index="0" bw="1" slack="0"/>
</pin_list>
<bind>
<StgValue><ssdm name="_ssdm_op_Write.ap_fifo.i12P"/></StgValue>
</bind>
</comp>

<comp id="212" class="1001" name="const_212">
<pin_list>
<pin id="213" dir="1" index="0" bw="1" slack="0"/>
</pin_list>
<bind>
<StgValue><ssdm name=""/></StgValue>
</bind>
</comp>

<comp id="214" class="1001" name="const_214">
<pin_list>
<pin id="215" dir="1" index="0" bw="1" slack="0"/>
</pin_list>
<bind>
<StgValue><ssdm name="_ssdm_op_Write.ap_fifo.i7P"/></StgValue>
</bind>
</comp>

<comp id="216" class="1001" name="const_216">
<pin_list>
<pin id="217" dir="1" index="0" bw="1" slack="0"/>
</pin_list>
<bind>
<StgValue><ssdm name=""/></StgValue>
</bind>
</comp>

<comp id="218" class="1001" name="const_218">
<pin_list>
<pin id="219" dir="1" index="0" bw="1" slack="0"/>
</pin_list>
<bind>
<StgValue><ssdm name="_ssdm_op_Write.ap_fifo.i9P"/></StgValue>
</bind>
</comp>

<comp id="220" class="1001" name="const_220">
<pin_list>
<pin id="221" dir="1" index="0" bw="1" slack="0"/>
</pin_list>
<bind>
<StgValue><ssdm name=""/></StgValue>
</bind>
</comp>

<comp id="222" class="1004" name="ydown_read_read_fu_222">
<pin_list>
<pin id="223" dir="0" index="0" bw="32" slack="0"/>
<pin id="224" dir="0" index="1" bw="32" slack="0"/>
<pin id="225" dir="1" index="2" bw="32" slack="0"/>
</pin_list>
<bind>
<opcode="read(1150) " fcode="read"/>
<opset="ydown_read/1 "/>
</bind>
</comp>

<comp id="228" class="1004" name="ytop_read_read_fu_228">
<pin_list>
<pin id="229" dir="0" index="0" bw="32" slack="0"/>
<pin id="230" dir="0" index="1" bw="32" slack="0"/>
<pin id="231" dir="1" index="2" bw="32" slack="0"/>
</pin_list>
<bind>
<opcode="read(1150) " fcode="read"/>
<opset="ytop_read/1 "/>
</bind>
</comp>

<comp id="234" class="1004" name="xright_read_read_fu_234">
<pin_list>
<pin id="235" dir="0" index="0" bw="32" slack="0"/>
<pin id="236" dir="0" index="1" bw="32" slack="0"/>
<pin id="237" dir="1" index="2" bw="32" slack="0"/>
</pin_list>
<bind>
<opcode="read(1150) " fcode="read"/>
<opset="xright_read/1 "/>
</bind>
</comp>

<comp id="240" class="1004" name="xleft_read_read_fu_240">
<pin_list>
<pin id="241" dir="0" index="0" bw="32" slack="0"/>
<pin id="242" dir="0" index="1" bw="32" slack="0"/>
<pin id="243" dir="1" index="2" bw="32" slack="0"/>
</pin_list>
<bind>
<opcode="read(1150) " fcode="read"/>
<opset="xleft_read/1 "/>
</bind>
</comp>

<comp id="246" class="1004" name="write_ln38_write_fu_246">
<pin_list>
<pin id="247" dir="0" index="0" bw="0" slack="0"/>
<pin id="248" dir="0" index="1" bw="32" slack="0"/>
<pin id="249" dir="0" index="2" bw="32" slack="0"/>
<pin id="250" dir="1" index="3" bw="0" slack="2147483647"/>
</pin_list>
<bind>
<opcode="write(1151) " fcode="write"/>
<opset="write_ln38/1 "/>
</bind>
</comp>

<comp id="254" class="1004" name="write_ln38_write_fu_254">
<pin_list>
<pin id="255" dir="0" index="0" bw="0" slack="0"/>
<pin id="256" dir="0" index="1" bw="32" slack="0"/>
<pin id="257" dir="0" index="2" bw="32" slack="0"/>
<pin id="258" dir="1" index="3" bw="0" slack="2147483647"/>
</pin_list>
<bind>
<opcode="write(1151) " fcode="write"/>
<opset="write_ln38/1 "/>
</bind>
</comp>

<comp id="262" class="1004" name="write_ln38_write_fu_262">
<pin_list>
<pin id="263" dir="0" index="0" bw="0" slack="0"/>
<pin id="264" dir="0" index="1" bw="32" slack="0"/>
<pin id="265" dir="0" index="2" bw="32" slack="0"/>
<pin id="266" dir="1" index="3" bw="0" slack="2147483647"/>
</pin_list>
<bind>
<opcode="write(1151) " fcode="write"/>
<opset="write_ln38/1 "/>
</bind>
</comp>

<comp id="270" class="1004" name="write_ln38_write_fu_270">
<pin_list>
<pin id="271" dir="0" index="0" bw="0" slack="0"/>
<pin id="272" dir="0" index="1" bw="32" slack="0"/>
<pin id="273" dir="0" index="2" bw="32" slack="0"/>
<pin id="274" dir="1" index="3" bw="0" slack="2147483647"/>
</pin_list>
<bind>
<opcode="write(1151) " fcode="write"/>
<opset="write_ln38/1 "/>
</bind>
</comp>

<comp id="278" class="1004" name="write_ln38_write_fu_278">
<pin_list>
<pin id="279" dir="0" index="0" bw="0" slack="0"/>
<pin id="280" dir="0" index="1" bw="32" slack="0"/>
<pin id="281" dir="0" index="2" bw="32" slack="0"/>
<pin id="282" dir="1" index="3" bw="0" slack="2147483647"/>
</pin_list>
<bind>
<opcode="write(1151) " fcode="write"/>
<opset="write_ln38/1 "/>
</bind>
</comp>

<comp id="286" class="1004" name="write_ln38_write_fu_286">
<pin_list>
<pin id="287" dir="0" index="0" bw="0" slack="0"/>
<pin id="288" dir="0" index="1" bw="32" slack="0"/>
<pin id="289" dir="0" index="2" bw="32" slack="0"/>
<pin id="290" dir="1" index="3" bw="0" slack="2147483647"/>
</pin_list>
<bind>
<opcode="write(1151) " fcode="write"/>
<opset="write_ln38/1 "/>
</bind>
</comp>

<comp id="294" class="1004" name="write_ln38_write_fu_294">
<pin_list>
<pin id="295" dir="0" index="0" bw="0" slack="0"/>
<pin id="296" dir="0" index="1" bw="32" slack="0"/>
<pin id="297" dir="0" index="2" bw="32" slack="0"/>
<pin id="298" dir="1" index="3" bw="0" slack="2147483647"/>
</pin_list>
<bind>
<opcode="write(1151) " fcode="write"/>
<opset="write_ln38/1 "/>
</bind>
</comp>

<comp id="302" class="1004" name="write_ln38_write_fu_302">
<pin_list>
<pin id="303" dir="0" index="0" bw="0" slack="0"/>
<pin id="304" dir="0" index="1" bw="32" slack="0"/>
<pin id="305" dir="0" index="2" bw="32" slack="0"/>
<pin id="306" dir="1" index="3" bw="0" slack="2147483647"/>
</pin_list>
<bind>
<opcode="write(1151) " fcode="write"/>
<opset="write_ln38/1 "/>
</bind>
</comp>

<comp id="310" class="1004" name="write_ln656_write_fu_310">
<pin_list>
<pin id="311" dir="0" index="0" bw="0" slack="0"/>
<pin id="312" dir="0" index="1" bw="11" slack="0"/>
<pin id="313" dir="0" index="2" bw="11" slack="0"/>
<pin id="314" dir="1" index="3" bw="0" slack="2147483647"/>
</pin_list>
<bind>
<opcode="write(1151) " fcode="write"/>
<opset="write_ln656/1 "/>
</bind>
</comp>

<comp id="318" class="1004" name="write_ln657_write_fu_318">
<pin_list>
<pin id="319" dir="0" index="0" bw="0" slack="0"/>
<pin id="320" dir="0" index="1" bw="12" slack="0"/>
<pin id="321" dir="0" index="2" bw="12" slack="0"/>
<pin id="322" dir="1" index="3" bw="0" slack="2147483647"/>
</pin_list>
<bind>
<opcode="write(1151) " fcode="write"/>
<opset="write_ln657/1 "/>
</bind>
</comp>

<comp id="326" class="1004" name="write_ln656_write_fu_326">
<pin_list>
<pin id="327" dir="0" index="0" bw="0" slack="0"/>
<pin id="328" dir="0" index="1" bw="32" slack="0"/>
<pin id="329" dir="0" index="2" bw="32" slack="0"/>
<pin id="330" dir="1" index="3" bw="0" slack="2147483647"/>
</pin_list>
<bind>
<opcode="write(1151) " fcode="write"/>
<opset="write_ln656/1 "/>
</bind>
</comp>

<comp id="333" class="1004" name="write_ln657_write_fu_333">
<pin_list>
<pin id="334" dir="0" index="0" bw="0" slack="0"/>
<pin id="335" dir="0" index="1" bw="32" slack="0"/>
<pin id="336" dir="0" index="2" bw="32" slack="0"/>
<pin id="337" dir="1" index="3" bw="0" slack="2147483647"/>
</pin_list>
<bind>
<opcode="write(1151) " fcode="write"/>
<opset="write_ln657/1 "/>
</bind>
</comp>

<comp id="340" class="1004" name="write_ln656_write_fu_340">
<pin_list>
<pin id="341" dir="0" index="0" bw="0" slack="0"/>
<pin id="342" dir="0" index="1" bw="7" slack="0"/>
<pin id="343" dir="0" index="2" bw="7" slack="0"/>
<pin id="344" dir="1" index="3" bw="0" slack="2147483647"/>
</pin_list>
<bind>
<opcode="write(1151) " fcode="write"/>
<opset="write_ln656/1 "/>
</bind>
</comp>

<comp id="348" class="1004" name="write_ln657_write_fu_348">
<pin_list>
<pin id="349" dir="0" index="0" bw="0" slack="0"/>
<pin id="350" dir="0" index="1" bw="9" slack="0"/>
<pin id="351" dir="0" index="2" bw="9" slack="0"/>
<pin id="352" dir="1" index="3" bw="0" slack="2147483647"/>
</pin_list>
<bind>
<opcode="write(1151) " fcode="write"/>
<opset="write_ln657/1 "/>
</bind>
</comp>

<comp id="356" class="1004" name="sub_ln23_fu_356">
<pin_list>
<pin id="357" dir="0" index="0" bw="1" slack="0"/>
<pin id="358" dir="0" index="1" bw="32" slack="0"/>
<pin id="359" dir="1" index="2" bw="32" slack="0"/>
</pin_list>
<bind>
<opcode="sub(10) " fcode="sub"/>
<opset="sub_ln23/1 "/>
</bind>
</comp>

<comp id="362" class="1004" name="plate_width_fu_362">
<pin_list>
<pin id="363" dir="0" index="0" bw="32" slack="0"/>
<pin id="364" dir="0" index="1" bw="32" slack="0"/>
<pin id="365" dir="1" index="2" bw="32" slack="0"/>
</pin_list>
<bind>
<opcode="add(8) " fcode="add"/>
<opset="plate_width/1 "/>
</bind>
</comp>

<comp id="369" class="1004" name="sub_ln24_fu_369">
<pin_list>
<pin id="370" dir="0" index="0" bw="1" slack="0"/>
<pin id="371" dir="0" index="1" bw="32" slack="0"/>
<pin id="372" dir="1" index="2" bw="32" slack="0"/>
</pin_list>
<bind>
<opcode="sub(10) " fcode="sub"/>
<opset="sub_ln24/1 "/>
</bind>
</comp>

<comp id="375" class="1004" name="plate_height_fu_375">
<pin_list>
<pin id="376" dir="0" index="0" bw="32" slack="0"/>
<pin id="377" dir="0" index="1" bw="32" slack="0"/>
<pin id="378" dir="1" index="2" bw="32" slack="0"/>
</pin_list>
<bind>
<opcode="add(8) " fcode="add"/>
<opset="plate_height/1 "/>
</bind>
</comp>

</comp_list>

<net_list>
<net id="226"><net_src comp="130" pin="0"/><net_sink comp="222" pin=0"/></net>

<net id="227"><net_src comp="6" pin="0"/><net_sink comp="222" pin=1"/></net>

<net id="232"><net_src comp="130" pin="0"/><net_sink comp="228" pin=0"/></net>

<net id="233"><net_src comp="4" pin="0"/><net_sink comp="228" pin=1"/></net>

<net id="238"><net_src comp="130" pin="0"/><net_sink comp="234" pin=0"/></net>

<net id="239"><net_src comp="2" pin="0"/><net_sink comp="234" pin=1"/></net>

<net id="244"><net_src comp="130" pin="0"/><net_sink comp="240" pin=0"/></net>

<net id="245"><net_src comp="0" pin="0"/><net_sink comp="240" pin=1"/></net>

<net id="251"><net_src comp="132" pin="0"/><net_sink comp="246" pin=0"/></net>

<net id="252"><net_src comp="8" pin="0"/><net_sink comp="246" pin=1"/></net>

<net id="253"><net_src comp="240" pin="2"/><net_sink comp="246" pin=2"/></net>

<net id="259"><net_src comp="132" pin="0"/><net_sink comp="254" pin=0"/></net>

<net id="260"><net_src comp="10" pin="0"/><net_sink comp="254" pin=1"/></net>

<net id="261"><net_src comp="240" pin="2"/><net_sink comp="254" pin=2"/></net>

<net id="267"><net_src comp="132" pin="0"/><net_sink comp="262" pin=0"/></net>

<net id="268"><net_src comp="12" pin="0"/><net_sink comp="262" pin=1"/></net>

<net id="269"><net_src comp="234" pin="2"/><net_sink comp="262" pin=2"/></net>

<net id="275"><net_src comp="132" pin="0"/><net_sink comp="270" pin=0"/></net>

<net id="276"><net_src comp="14" pin="0"/><net_sink comp="270" pin=1"/></net>

<net id="277"><net_src comp="234" pin="2"/><net_sink comp="270" pin=2"/></net>

<net id="283"><net_src comp="132" pin="0"/><net_sink comp="278" pin=0"/></net>

<net id="284"><net_src comp="16" pin="0"/><net_sink comp="278" pin=1"/></net>

<net id="285"><net_src comp="228" pin="2"/><net_sink comp="278" pin=2"/></net>

<net id="291"><net_src comp="132" pin="0"/><net_sink comp="286" pin=0"/></net>

<net id="292"><net_src comp="18" pin="0"/><net_sink comp="286" pin=1"/></net>

<net id="293"><net_src comp="228" pin="2"/><net_sink comp="286" pin=2"/></net>

<net id="299"><net_src comp="132" pin="0"/><net_sink comp="294" pin=0"/></net>

<net id="300"><net_src comp="20" pin="0"/><net_sink comp="294" pin=1"/></net>

<net id="301"><net_src comp="222" pin="2"/><net_sink comp="294" pin=2"/></net>

<net id="307"><net_src comp="132" pin="0"/><net_sink comp="302" pin=0"/></net>

<net id="308"><net_src comp="22" pin="0"/><net_sink comp="302" pin=1"/></net>

<net id="309"><net_src comp="222" pin="2"/><net_sink comp="302" pin=2"/></net>

<net id="315"><net_src comp="206" pin="0"/><net_sink comp="310" pin=0"/></net>

<net id="316"><net_src comp="24" pin="0"/><net_sink comp="310" pin=1"/></net>

<net id="317"><net_src comp="208" pin="0"/><net_sink comp="310" pin=2"/></net>

<net id="323"><net_src comp="210" pin="0"/><net_sink comp="318" pin=0"/></net>

<net id="324"><net_src comp="26" pin="0"/><net_sink comp="318" pin=1"/></net>

<net id="325"><net_src comp="212" pin="0"/><net_sink comp="318" pin=2"/></net>

<net id="331"><net_src comp="132" pin="0"/><net_sink comp="326" pin=0"/></net>

<net id="332"><net_src comp="28" pin="0"/><net_sink comp="326" pin=1"/></net>

<net id="338"><net_src comp="132" pin="0"/><net_sink comp="333" pin=0"/></net>

<net id="339"><net_src comp="30" pin="0"/><net_sink comp="333" pin=1"/></net>

<net id="345"><net_src comp="214" pin="0"/><net_sink comp="340" pin=0"/></net>

<net id="346"><net_src comp="32" pin="0"/><net_sink comp="340" pin=1"/></net>

<net id="347"><net_src comp="216" pin="0"/><net_sink comp="340" pin=2"/></net>

<net id="353"><net_src comp="218" pin="0"/><net_sink comp="348" pin=0"/></net>

<net id="354"><net_src comp="34" pin="0"/><net_sink comp="348" pin=1"/></net>

<net id="355"><net_src comp="220" pin="0"/><net_sink comp="348" pin=2"/></net>

<net id="360"><net_src comp="204" pin="0"/><net_sink comp="356" pin=0"/></net>

<net id="361"><net_src comp="240" pin="2"/><net_sink comp="356" pin=1"/></net>

<net id="366"><net_src comp="356" pin="2"/><net_sink comp="362" pin=0"/></net>

<net id="367"><net_src comp="234" pin="2"/><net_sink comp="362" pin=1"/></net>

<net id="368"><net_src comp="362" pin="2"/><net_sink comp="333" pin=2"/></net>

<net id="373"><net_src comp="204" pin="0"/><net_sink comp="369" pin=0"/></net>

<net id="374"><net_src comp="228" pin="2"/><net_sink comp="369" pin=1"/></net>

<net id="379"><net_src comp="369" pin="2"/><net_sink comp="375" pin=0"/></net>

<net id="380"><net_src comp="222" pin="2"/><net_sink comp="375" pin=1"/></net>

<net id="381"><net_src comp="375" pin="2"/><net_sink comp="326" pin=2"/></net>

</net_list>

</model> 
---------------- Datapath Model END ------------------

* FSMD analyzer results:
  - Output states:
	Port: xleft_out | {1 }
	Port: xleft_out1 | {1 }
	Port: xright_out | {1 }
	Port: xright_out2 | {1 }
	Port: ytop_out | {1 }
	Port: ytop_out3 | {1 }
	Port: ydown_out | {1 }
	Port: ydown_out4 | {1 }
	Port: rgb_img_rows_V_out | {1 }
	Port: rgb_img_cols_V_out | {1 }
	Port: plate_rows_V_out | {1 }
	Port: plate_cols_V_out | {1 }
	Port: standard_plate_rows_V_out | {1 }
	Port: standard_plate_cols_V_out | {1 }
 - Input state : 
	Port: Block_Mat.exit22_pro : xleft_s | {1 }
	Port: Block_Mat.exit22_pro : xright_s | {1 }
	Port: Block_Mat.exit22_pro : ytop_s | {1 }
	Port: Block_Mat.exit22_pro : ydown_s | {1 }
  - Chain level:
	State 1
		plate_width : 1
		plate_height : 1
		write_ln656 : 2
		write_ln657 : 2


============================================================
+ Verbose Summary: Datapath Resource usage 
============================================================

* Functional unit list:
|----------|--------------------------|---------|---------|
| Operation|      Functional Unit     |    FF   |   LUT   |
|----------|--------------------------|---------|---------|
|    sub   |      sub_ln23_fu_356     |    0    |    32   |
|          |      sub_ln24_fu_369     |    0    |    32   |
|----------|--------------------------|---------|---------|
|    add   |    plate_width_fu_362    |    0    |    32   |
|          |    plate_height_fu_375   |    0    |    32   |
|----------|--------------------------|---------|---------|
|          |  ydown_read_read_fu_222  |    0    |    0    |
|   read   |   ytop_read_read_fu_228  |    0    |    0    |
|          |  xright_read_read_fu_234 |    0    |    0    |
|          |  xleft_read_read_fu_240  |    0    |    0    |
|----------|--------------------------|---------|---------|
|          |  write_ln38_write_fu_246 |    0    |    0    |
|          |  write_ln38_write_fu_254 |    0    |    0    |
|          |  write_ln38_write_fu_262 |    0    |    0    |
|          |  write_ln38_write_fu_270 |    0    |    0    |
|          |  write_ln38_write_fu_278 |    0    |    0    |
|          |  write_ln38_write_fu_286 |    0    |    0    |
|   write  |  write_ln38_write_fu_294 |    0    |    0    |
|          |  write_ln38_write_fu_302 |    0    |    0    |
|          | write_ln656_write_fu_310 |    0    |    0    |
|          | write_ln657_write_fu_318 |    0    |    0    |
|          | write_ln656_write_fu_326 |    0    |    0    |
|          | write_ln657_write_fu_333 |    0    |    0    |
|          | write_ln656_write_fu_340 |    0    |    0    |
|          | write_ln657_write_fu_348 |    0    |    0    |
|----------|--------------------------|---------|---------|
|   Total  |                          |    0    |   128   |
|----------|--------------------------|---------|---------|

Memories:
N/A

* Register list:
N/A

* Multiplexer (MUX) list: 
|--------|------|------|------|--------|
|  Comp  |  Pin | Size |  BW  | S x BW |
|--------|------|------|------|--------|
|  Total |      |      |      |    0   |
|--------|------|------|------|--------|



* Summary:
+-----------+--------+--------+
|           |   FF   |   LUT  |
+-----------+--------+--------+
|  Function |    0   |   128  |
|   Memory  |    -   |    -   |
|Multiplexer|    -   |    -   |
|  Register |    -   |    -   |
+-----------+--------+--------+
|   Total   |    0   |   128  |
+-----------+--------+--------+
