

================================================================
== Vivado HLS Report for 'CvtColor'
================================================================
* Date:           Tue Aug 18 20:49:56 2020

* Version:        2019.2 (Build 2704478 on Wed Nov 06 22:10:23 MST 2019)
* Project:        Cache_Plate
* Solution:       solution1
* Product family: zynq
* Target device:  xc7z020-clg484-1


================================================================
== Performance Estimates
================================================================
+ Timing: 
    * Summary: 
    +--------+----------+----------+------------+
    |  Clock |  Target  | Estimated| Uncertainty|
    +--------+----------+----------+------------+
    |ap_clk  | 11.10 ns | 9.400 ns |   1.39 ns  |
    +--------+----------+----------+------------+

+ Latency: 
    * Summary: 
    +---------+---------+-----------+----------+-----+-------+---------+
    |  Latency (cycles) |  Latency (absolute)  |   Interval  | Pipeline|
    |   min   |   max   |    min    |    max   | min |  max  |   Type  |
    +---------+---------+-----------+----------+-----+-------+---------+
    |        1|    16444| 11.100 ns | 0.183 ms |    1|  16444|   none  |
    +---------+---------+-----------+----------+-----+-------+---------+

    + Detail: 
        * Instance: 
        N/A

        * Loop: 
        +---------------+---------+---------+----------+-----------+-----------+---------+----------+
        |               |  Latency (cycles) | Iteration|  Initiation Interval  |   Trip  |          |
        |   Loop Name   |   min   |   max   |  Latency |  achieved |   target  |  Count  | Pipelined|
        +---------------+---------+---------+----------+-----------+-----------+---------+----------+
        |- loop_height  |        0|    16443|  3 ~ 261 |          -|          -|  0 ~ 63 |    no    |
        | + loop_width  |        0|      258|         5|          1|          1| 0 ~ 255 |    yes   |
        +---------------+---------+---------+----------+-----------+-----------+---------+----------+

============================================================
+ Verbose Summary: Synthesis Manager
============================================================
InlineROM: 1
ExposeGlobal: 0
============================================================
+ Verbose Summary: CDFG Model
============================================================
IsTopModel: 0
ResetActiveHigh: 1
IsCombinational: 2
IsDatapathOnly: 0
HasWiredReturn: 1
HasMFsm: 0
HasVarLatency: 1
IsPipeline: 0
IsRtlPipelined: 0
IsInstanceOverlapped: 0
IsDontTouch: 0
HasImplIP: 0
IsGatedGlobalClock: 0

+ Individual pipeline summary: 
  * Pipeline-0: initiation interval (II) = 1, depth = 5


============================================================
+ Verbose Summary: Schedule
============================================================
* Number of FSM states : 8
* Pipeline : 1
  Pipeline-0 : II = 1, D = 5, States = { 3 4 5 6 7 }
* Dataflow Pipeline: 0

* FSM state transitions: 
1 --> 2 
2 --> 3 
3 --> 8 4 
4 --> 5 
5 --> 6 
6 --> 7 
7 --> 3 
8 --> 2 

* FSM state operations: 

State 1 <SV = 0> <Delay = 3.63>
ST_1 : Operation 9 [1/1] (0.00ns)   --->   "call void (...)* @_ssdm_op_SpecInterface(i8* %p_dst_data_stream_V, [8 x i8]* @ap_fifo_str, i32 0, i32 0, [1 x i8]* @p_str230, i32 0, i32 0, [1 x i8]* @p_str231, [1 x i8]* @p_str232, [1 x i8]* @p_str233, i32 2, i32 2, i32 16, i32 16, [1 x i8]* @p_str234, [1 x i8]* @p_str235)"   --->   Operation 9 'specinterface' <Predicate = true> <Delay = 0.00>
ST_1 : Operation 10 [1/1] (0.00ns)   --->   "call void (...)* @_ssdm_op_SpecInterface(i8* %p_src_data_stream_2_V, [8 x i8]* @ap_fifo_str, i32 0, i32 0, [1 x i8]* @p_str223, i32 0, i32 0, [1 x i8]* @p_str224, [1 x i8]* @p_str225, [1 x i8]* @p_str226, i32 2, i32 2, i32 16, i32 16, [1 x i8]* @p_str227, [1 x i8]* @p_str228)"   --->   Operation 10 'specinterface' <Predicate = true> <Delay = 0.00>
ST_1 : Operation 11 [1/1] (0.00ns)   --->   "call void (...)* @_ssdm_op_SpecInterface(i8* %p_src_data_stream_1_V, [8 x i8]* @ap_fifo_str, i32 0, i32 0, [1 x i8]* @p_str216, i32 0, i32 0, [1 x i8]* @p_str217, [1 x i8]* @p_str218, [1 x i8]* @p_str219, i32 2, i32 2, i32 16, i32 16, [1 x i8]* @p_str220, [1 x i8]* @p_str221)"   --->   Operation 11 'specinterface' <Predicate = true> <Delay = 0.00>
ST_1 : Operation 12 [1/1] (0.00ns)   --->   "call void (...)* @_ssdm_op_SpecInterface(i8* %p_src_data_stream_0_V, [8 x i8]* @ap_fifo_str, i32 0, i32 0, [1 x i8]* @p_str209, i32 0, i32 0, [1 x i8]* @p_str210, [1 x i8]* @p_str211, [1 x i8]* @p_str212, i32 2, i32 2, i32 16, i32 16, [1 x i8]* @p_str213, [1 x i8]* @p_str214)"   --->   Operation 12 'specinterface' <Predicate = true> <Delay = 0.00>
ST_1 : Operation 13 [1/1] (0.00ns)   --->   "call void (...)* @_ssdm_op_SpecInterface(i7* %p_src_rows_V, [8 x i8]* @ap_fifo_str, i32 0, i32 0, [1 x i8]* @p_str524, i32 0, i32 0, [1 x i8]* @p_str525, [1 x i8]* @p_str526, [1 x i8]* @p_str527, i32 2, i32 2, i32 16, i32 16, [1 x i8]* @p_str528, [11 x i8]* @ScalarProp_str)"   --->   Operation 13 'specinterface' <Predicate = true> <Delay = 0.00>
ST_1 : Operation 14 [1/1] (0.00ns)   --->   "call void (...)* @_ssdm_op_SpecInterface(i9* %p_src_cols_V, [8 x i8]* @ap_fifo_str, i32 0, i32 0, [1 x i8]* @p_str529, i32 0, i32 0, [1 x i8]* @p_str530, [1 x i8]* @p_str531, [1 x i8]* @p_str532, i32 2, i32 2, i32 16, i32 16, [1 x i8]* @p_str533, [11 x i8]* @ScalarProp_str)"   --->   Operation 14 'specinterface' <Predicate = true> <Delay = 0.00>
ST_1 : Operation 15 [1/1] (3.63ns)   --->   "%p_src_cols_V_read = call i9 @_ssdm_op_Read.ap_fifo.i9P(i9* %p_src_cols_V)" [D:/Program_Files/Xilinx/Vivado/2019.2/common/technology/autopilot/hls/hls_video_imgproc.h:1961]   --->   Operation 15 'read' 'p_src_cols_V_read' <Predicate = true> <Delay = 3.63> <Core = "FIFO">   --->   Core 32 'FIFO' <Latency = 0> <II = 1> <Delay = 3.63> <Storage> <Opcode : 'read' 'write' 'nbread' 'nbwrite'> <Ports = 0> <Width = 7> <Depth = 2> <FIFO>
ST_1 : Operation 16 [1/1] (3.63ns)   --->   "%p_src_rows_V_read = call i7 @_ssdm_op_Read.ap_fifo.i7P(i7* %p_src_rows_V)" [D:/Program_Files/Xilinx/Vivado/2019.2/common/technology/autopilot/hls/hls_video_imgproc.h:1962]   --->   Operation 16 'read' 'p_src_rows_V_read' <Predicate = true> <Delay = 3.63> <Core = "FIFO">   --->   Core 32 'FIFO' <Latency = 0> <II = 1> <Delay = 3.63> <Storage> <Opcode : 'read' 'write' 'nbread' 'nbwrite'> <Ports = 0> <Width = 7> <Depth = 2> <FIFO>
ST_1 : Operation 17 [1/1] (1.76ns)   --->   "br label %0" [D:/Program_Files/Xilinx/Vivado/2019.2/common/technology/autopilot/hls/hls_video_imgproc.h:1967]   --->   Operation 17 'br' <Predicate = true> <Delay = 1.76>

State 2 <SV = 1> <Delay = 2.46>
ST_2 : Operation 18 [1/1] (0.00ns)   --->   "%i_0_i = phi i6 [ 0, %entry ], [ %i, %loop_height_end ]"   --->   Operation 18 'phi' 'i_0_i' <Predicate = true> <Delay = 0.00>
ST_2 : Operation 19 [1/1] (0.00ns)   --->   "%zext_ln1967 = zext i6 %i_0_i to i7" [D:/Program_Files/Xilinx/Vivado/2019.2/common/technology/autopilot/hls/hls_video_imgproc.h:1967]   --->   Operation 19 'zext' 'zext_ln1967' <Predicate = true> <Delay = 0.00>
ST_2 : Operation 20 [1/1] (1.48ns)   --->   "%icmp_ln1967 = icmp slt i7 %zext_ln1967, %p_src_rows_V_read" [D:/Program_Files/Xilinx/Vivado/2019.2/common/technology/autopilot/hls/hls_video_imgproc.h:1967]   --->   Operation 20 'icmp' 'icmp_ln1967' <Predicate = true> <Delay = 1.48> <Core = "Cmp">   --->   Core 25 'Cmp' <Latency = 0> <II = 1> <Delay = 1.48> <FuncUnit> <Opcode : 'icmp'> <InPorts = 2> <OutPorts = 1>
ST_2 : Operation 21 [1/1] (0.00ns)   --->   "call void (...)* @_ssdm_op_SpecLoopTripCount(i64 0, i64 63, i64 0)"   --->   Operation 21 'speclooptripcount' <Predicate = true> <Delay = 0.00>
ST_2 : Operation 22 [1/1] (1.82ns)   --->   "%i = add i6 %i_0_i, 1" [D:/Program_Files/Xilinx/Vivado/2019.2/common/technology/autopilot/hls/hls_video_imgproc.h:1967]   --->   Operation 22 'add' 'i' <Predicate = true> <Delay = 1.82> <Core = "AddSub">   --->   Core 14 'AddSub' <Latency = 0> <II = 1> <Delay = 1.82> <FuncUnit> <Opcode : 'add' 'sub'> <InPorts = 2> <OutPorts = 1>
ST_2 : Operation 23 [1/1] (0.00ns)   --->   "br i1 %icmp_ln1967, label %loop_height_begin, label %.exit" [D:/Program_Files/Xilinx/Vivado/2019.2/common/technology/autopilot/hls/hls_video_imgproc.h:1967]   --->   Operation 23 'br' <Predicate = true> <Delay = 0.00>
ST_2 : Operation 24 [1/1] (0.00ns)   --->   "call void (...)* @_ssdm_op_SpecLoopName([12 x i8]* @p_str19) nounwind" [D:/Program_Files/Xilinx/Vivado/2019.2/common/technology/autopilot/hls/hls_video_imgproc.h:1967]   --->   Operation 24 'specloopname' <Predicate = (icmp_ln1967)> <Delay = 0.00>
ST_2 : Operation 25 [1/1] (0.00ns)   --->   "%tmp_19_i = call i32 (...)* @_ssdm_op_SpecRegionBegin([12 x i8]* @p_str19)" [D:/Program_Files/Xilinx/Vivado/2019.2/common/technology/autopilot/hls/hls_video_imgproc.h:1967]   --->   Operation 25 'specregionbegin' 'tmp_19_i' <Predicate = (icmp_ln1967)> <Delay = 0.00>
ST_2 : Operation 26 [1/1] (1.76ns)   --->   "br label %1" [D:/Program_Files/Xilinx/Vivado/2019.2/common/technology/autopilot/hls/hls_video_imgproc.h:1968]   --->   Operation 26 'br' <Predicate = (icmp_ln1967)> <Delay = 1.76>
ST_2 : Operation 27 [1/1] (0.00ns)   --->   "ret void"   --->   Operation 27 'ret' <Predicate = (!icmp_ln1967)> <Delay = 0.00>

State 3 <SV = 2> <Delay = 1.91>
ST_3 : Operation 28 [1/1] (0.00ns)   --->   "%j_0_i = phi i8 [ 0, %loop_height_begin ], [ %j, %loop_width_begin ]"   --->   Operation 28 'phi' 'j_0_i' <Predicate = true> <Delay = 0.00>
ST_3 : Operation 29 [1/1] (0.00ns)   --->   "%zext_ln1968 = zext i8 %j_0_i to i9" [D:/Program_Files/Xilinx/Vivado/2019.2/common/technology/autopilot/hls/hls_video_imgproc.h:1968]   --->   Operation 29 'zext' 'zext_ln1968' <Predicate = true> <Delay = 0.00>
ST_3 : Operation 30 [1/1] (1.66ns)   --->   "%icmp_ln1968 = icmp slt i9 %zext_ln1968, %p_src_cols_V_read" [D:/Program_Files/Xilinx/Vivado/2019.2/common/technology/autopilot/hls/hls_video_imgproc.h:1968]   --->   Operation 30 'icmp' 'icmp_ln1968' <Predicate = true> <Delay = 1.66> <Core = "Cmp">   --->   Core 25 'Cmp' <Latency = 0> <II = 1> <Delay = 1.48> <FuncUnit> <Opcode : 'icmp'> <InPorts = 2> <OutPorts = 1>
ST_3 : Operation 31 [1/1] (0.00ns)   --->   "call void (...)* @_ssdm_op_SpecLoopTripCount(i64 0, i64 255, i64 0)"   --->   Operation 31 'speclooptripcount' <Predicate = true> <Delay = 0.00>
ST_3 : Operation 32 [1/1] (1.91ns)   --->   "%j = add i8 %j_0_i, 1" [D:/Program_Files/Xilinx/Vivado/2019.2/common/technology/autopilot/hls/hls_video_imgproc.h:1968]   --->   Operation 32 'add' 'j' <Predicate = true> <Delay = 1.91> <Core = "AddSub">   --->   Core 14 'AddSub' <Latency = 0> <II = 1> <Delay = 1.82> <FuncUnit> <Opcode : 'add' 'sub'> <InPorts = 2> <OutPorts = 1>
ST_3 : Operation 33 [1/1] (0.00ns)   --->   "br i1 %icmp_ln1968, label %loop_width_begin, label %loop_height_end" [D:/Program_Files/Xilinx/Vivado/2019.2/common/technology/autopilot/hls/hls_video_imgproc.h:1968]   --->   Operation 33 'br' <Predicate = true> <Delay = 0.00>

State 4 <SV = 3> <Delay = 3.63>
ST_4 : Operation 34 [1/1] (0.00ns)   --->   "%tmp_21_i = call i32 (...)* @_ssdm_op_SpecRegionBegin([12 x i8]* @p_str12)" [D:/Program_Files/Xilinx/Vivado/2019.2/common/technology/autopilot/hls/hls_video_core.h:672->D:/Program_Files/Xilinx/Vivado/2019.2/common/technology/autopilot/hls/hls_video_core.h:711->D:/Program_Files/Xilinx/Vivado/2019.2/common/technology/autopilot/hls/hls_video_imgproc.h:1971]   --->   Operation 34 'specregionbegin' 'tmp_21_i' <Predicate = (icmp_ln1968)> <Delay = 0.00>
ST_4 : Operation 35 [1/1] (0.00ns)   --->   "call void (...)* @_ssdm_op_SpecProtocol(i32 0, [1 x i8]* @p_str1) nounwind" [D:/Program_Files/Xilinx/Vivado/2019.2/common/technology/autopilot/hls/hls_video_core.h:676->D:/Program_Files/Xilinx/Vivado/2019.2/common/technology/autopilot/hls/hls_video_core.h:711->D:/Program_Files/Xilinx/Vivado/2019.2/common/technology/autopilot/hls/hls_video_imgproc.h:1971]   --->   Operation 35 'specprotocol' <Predicate = (icmp_ln1968)> <Delay = 0.00>
ST_4 : Operation 36 [1/1] (3.63ns)   --->   "%tmp_44 = call i8 @_ssdm_op_Read.ap_fifo.volatile.i8P(i8* %p_src_data_stream_0_V)" [D:/Program_Files/Xilinx/Vivado/2019.2/common/technology/autopilot/hls/hls_video_core.h:679->D:/Program_Files/Xilinx/Vivado/2019.2/common/technology/autopilot/hls/hls_video_core.h:711->D:/Program_Files/Xilinx/Vivado/2019.2/common/technology/autopilot/hls/hls_video_imgproc.h:1971]   --->   Operation 36 'read' 'tmp_44' <Predicate = (icmp_ln1968)> <Delay = 3.63> <Core = "FIFO">   --->   Core 32 'FIFO' <Latency = 0> <II = 1> <Delay = 3.63> <Storage> <Opcode : 'read' 'write' 'nbread' 'nbwrite'> <Ports = 0> <Width = 7> <Depth = 2> <FIFO>
ST_4 : Operation 37 [1/1] (3.63ns)   --->   "%tmp_45 = call i8 @_ssdm_op_Read.ap_fifo.volatile.i8P(i8* %p_src_data_stream_1_V)" [D:/Program_Files/Xilinx/Vivado/2019.2/common/technology/autopilot/hls/hls_video_core.h:679->D:/Program_Files/Xilinx/Vivado/2019.2/common/technology/autopilot/hls/hls_video_core.h:711->D:/Program_Files/Xilinx/Vivado/2019.2/common/technology/autopilot/hls/hls_video_imgproc.h:1971]   --->   Operation 37 'read' 'tmp_45' <Predicate = (icmp_ln1968)> <Delay = 3.63> <Core = "FIFO">   --->   Core 32 'FIFO' <Latency = 0> <II = 1> <Delay = 3.63> <Storage> <Opcode : 'read' 'write' 'nbread' 'nbwrite'> <Ports = 0> <Width = 7> <Depth = 2> <FIFO>
ST_4 : Operation 38 [1/1] (3.63ns)   --->   "%tmp_46 = call i8 @_ssdm_op_Read.ap_fifo.volatile.i8P(i8* %p_src_data_stream_2_V)" [D:/Program_Files/Xilinx/Vivado/2019.2/common/technology/autopilot/hls/hls_video_core.h:679->D:/Program_Files/Xilinx/Vivado/2019.2/common/technology/autopilot/hls/hls_video_core.h:711->D:/Program_Files/Xilinx/Vivado/2019.2/common/technology/autopilot/hls/hls_video_imgproc.h:1971]   --->   Operation 38 'read' 'tmp_46' <Predicate = (icmp_ln1968)> <Delay = 3.63> <Core = "FIFO">   --->   Core 32 'FIFO' <Latency = 0> <II = 1> <Delay = 3.63> <Storage> <Opcode : 'read' 'write' 'nbread' 'nbwrite'> <Ports = 0> <Width = 7> <Depth = 2> <FIFO>
ST_4 : Operation 39 [1/1] (0.00ns)   --->   "%empty = call i32 (...)* @_ssdm_op_SpecRegionEnd([12 x i8]* @p_str12, i32 %tmp_21_i)" [D:/Program_Files/Xilinx/Vivado/2019.2/common/technology/autopilot/hls/hls_video_core.h:681->D:/Program_Files/Xilinx/Vivado/2019.2/common/technology/autopilot/hls/hls_video_core.h:711->D:/Program_Files/Xilinx/Vivado/2019.2/common/technology/autopilot/hls/hls_video_imgproc.h:1971]   --->   Operation 39 'specregionend' 'empty' <Predicate = (icmp_ln1968)> <Delay = 0.00>

State 5 <SV = 4> <Delay = 6.38>
ST_5 : Operation 40 [1/1] (0.00ns)   --->   "%zext_ln703 = zext i8 %tmp_44 to i29" [D:/Program_Files/Xilinx/Vivado/2019.2/common/technology/autopilot/hls/hls_video_imgproc.h:1497->D:/Program_Files/Xilinx/Vivado/2019.2/common/technology/autopilot/hls/hls_video_imgproc.h:1545->D:/Program_Files/Xilinx/Vivado/2019.2/common/technology/autopilot/hls/hls_video_imgproc.h:1972]   --->   Operation 40 'zext' 'zext_ln703' <Predicate = (icmp_ln1968)> <Delay = 0.00>
ST_5 : Operation 41 [1/1] (6.38ns) (root node of the DSP)   --->   "%mul_ln703 = mul i29 1254096, %zext_ln703" [D:/Program_Files/Xilinx/Vivado/2019.2/common/technology/autopilot/hls/hls_video_imgproc.h:1497->D:/Program_Files/Xilinx/Vivado/2019.2/common/technology/autopilot/hls/hls_video_imgproc.h:1545->D:/Program_Files/Xilinx/Vivado/2019.2/common/technology/autopilot/hls/hls_video_imgproc.h:1972]   --->   Operation 41 'mul' 'mul_ln703' <Predicate = (icmp_ln1968)> <Delay = 6.38> <Core = "DSP48">   --->   Core 88 'DSP48' <Latency = 0> <II = 1> <Delay = 6.38> <IPBlock> <Opcode : 'mul' 'add' 'sub' 'select'> <InPorts = 0> <OutPorts = 1> <Sync> <CReg>

State 6 <SV = 5> <Delay = 9.40>
ST_6 : Operation 42 [1/1] (0.00ns)   --->   "%zext_ln703_1 = zext i8 %tmp_45 to i30" [D:/Program_Files/Xilinx/Vivado/2019.2/common/technology/autopilot/hls/hls_video_imgproc.h:1497->D:/Program_Files/Xilinx/Vivado/2019.2/common/technology/autopilot/hls/hls_video_imgproc.h:1545->D:/Program_Files/Xilinx/Vivado/2019.2/common/technology/autopilot/hls/hls_video_imgproc.h:1972]   --->   Operation 42 'zext' 'zext_ln703_1' <Predicate = (icmp_ln1968)> <Delay = 0.00>
ST_6 : Operation 43 [1/1] (3.36ns) (grouped into DSP with root node ret_V_13)   --->   "%mul_ln703_2 = mul i30 2462056, %zext_ln703_1" [D:/Program_Files/Xilinx/Vivado/2019.2/common/technology/autopilot/hls/hls_video_imgproc.h:1497->D:/Program_Files/Xilinx/Vivado/2019.2/common/technology/autopilot/hls/hls_video_imgproc.h:1545->D:/Program_Files/Xilinx/Vivado/2019.2/common/technology/autopilot/hls/hls_video_imgproc.h:1972]   --->   Operation 43 'mul' 'mul_ln703_2' <Predicate = (icmp_ln1968)> <Delay = 3.36> <Core = "DSP48">   --->   Core 88 'DSP48' <Latency = 0> <II = 1> <Delay = 6.38> <IPBlock> <Opcode : 'mul' 'add' 'sub' 'select'> <InPorts = 0> <OutPorts = 1> <Sync> <CReg>
ST_6 : Operation 44 [1/1] (0.00ns)   --->   "%zext_ln1118 = zext i8 %tmp_46 to i28" [D:/Program_Files/Xilinx/Vivado/2019.2/common/technology/autopilot/hls/hls_video_imgproc.h:1495->D:/Program_Files/Xilinx/Vivado/2019.2/common/technology/autopilot/hls/hls_video_imgproc.h:1545->D:/Program_Files/Xilinx/Vivado/2019.2/common/technology/autopilot/hls/hls_video_imgproc.h:1972]   --->   Operation 44 'zext' 'zext_ln1118' <Predicate = (icmp_ln1968)> <Delay = 0.00>
ST_6 : Operation 45 [1/1] (3.36ns) (grouped into DSP with root node ret_V)   --->   "%r_V = mul i28 478150, %zext_ln1118" [D:/Program_Files/Xilinx/Vivado/2019.2/common/technology/autopilot/hls/hls_video_imgproc.h:1495->D:/Program_Files/Xilinx/Vivado/2019.2/common/technology/autopilot/hls/hls_video_imgproc.h:1545->D:/Program_Files/Xilinx/Vivado/2019.2/common/technology/autopilot/hls/hls_video_imgproc.h:1972]   --->   Operation 45 'mul' 'r_V' <Predicate = (icmp_ln1968)> <Delay = 3.36> <Core = "DSP48">   --->   Core 88 'DSP48' <Latency = 0> <II = 1> <Delay = 6.38> <IPBlock> <Opcode : 'mul' 'add' 'sub' 'select'> <InPorts = 0> <OutPorts = 1> <Sync> <CReg>
ST_6 : Operation 46 [1/1] (0.00ns) (grouped into DSP with root node ret_V)   --->   "%zext_ln703_2 = zext i28 %r_V to i29" [D:/Program_Files/Xilinx/Vivado/2019.2/common/technology/autopilot/hls/hls_video_imgproc.h:1497->D:/Program_Files/Xilinx/Vivado/2019.2/common/technology/autopilot/hls/hls_video_imgproc.h:1545->D:/Program_Files/Xilinx/Vivado/2019.2/common/technology/autopilot/hls/hls_video_imgproc.h:1972]   --->   Operation 46 'zext' 'zext_ln703_2' <Predicate = (icmp_ln1968)> <Delay = 0.00>
ST_6 : Operation 47 [1/1] (3.02ns) (root node of the DSP)   --->   "%ret_V = add i29 %zext_ln703_2, %mul_ln703" [D:/Program_Files/Xilinx/Vivado/2019.2/common/technology/autopilot/hls/hls_video_imgproc.h:1497->D:/Program_Files/Xilinx/Vivado/2019.2/common/technology/autopilot/hls/hls_video_imgproc.h:1545->D:/Program_Files/Xilinx/Vivado/2019.2/common/technology/autopilot/hls/hls_video_imgproc.h:1972]   --->   Operation 47 'add' 'ret_V' <Predicate = (icmp_ln1968)> <Delay = 3.02> <Core = "DSP48">   --->   Core 88 'DSP48' <Latency = 0> <II = 1> <Delay = 6.38> <IPBlock> <Opcode : 'mul' 'add' 'sub' 'select'> <InPorts = 0> <OutPorts = 1> <Sync> <CReg>
ST_6 : Operation 48 [1/1] (0.00ns)   --->   "%zext_ln703_3 = zext i29 %ret_V to i30" [D:/Program_Files/Xilinx/Vivado/2019.2/common/technology/autopilot/hls/hls_video_imgproc.h:1497->D:/Program_Files/Xilinx/Vivado/2019.2/common/technology/autopilot/hls/hls_video_imgproc.h:1545->D:/Program_Files/Xilinx/Vivado/2019.2/common/technology/autopilot/hls/hls_video_imgproc.h:1972]   --->   Operation 48 'zext' 'zext_ln703_3' <Predicate = (icmp_ln1968)> <Delay = 0.00>
ST_6 : Operation 49 [1/1] (3.02ns) (root node of the DSP)   --->   "%ret_V_13 = add i30 %zext_ln703_3, %mul_ln703_2" [D:/Program_Files/Xilinx/Vivado/2019.2/common/technology/autopilot/hls/hls_video_imgproc.h:1497->D:/Program_Files/Xilinx/Vivado/2019.2/common/technology/autopilot/hls/hls_video_imgproc.h:1545->D:/Program_Files/Xilinx/Vivado/2019.2/common/technology/autopilot/hls/hls_video_imgproc.h:1972]   --->   Operation 49 'add' 'ret_V_13' <Predicate = (icmp_ln1968)> <Delay = 3.02> <Core = "DSP48">   --->   Core 88 'DSP48' <Latency = 0> <II = 1> <Delay = 6.38> <IPBlock> <Opcode : 'mul' 'add' 'sub' 'select'> <InPorts = 0> <OutPorts = 1> <Sync> <CReg>
ST_6 : Operation 50 [1/1] (0.00ns)   --->   "%p_Val2_37 = call i8 @_ssdm_op_PartSelect.i8.i30.i32.i32(i30 %ret_V_13, i32 22, i32 29)" [D:/Program_Files/Xilinx/Vivado/2019.2/common/technology/autopilot/hls/hls_video_types.h:409->D:/Program_Files/Xilinx/Vivado/2019.2/common/technology/autopilot/hls/hls_video_types.h:500->D:/Program_Files/Xilinx/Vivado/2019.2/common/technology/autopilot/hls/hls_video_imgproc.h:1498->D:/Program_Files/Xilinx/Vivado/2019.2/common/technology/autopilot/hls/hls_video_imgproc.h:1545->D:/Program_Files/Xilinx/Vivado/2019.2/common/technology/autopilot/hls/hls_video_imgproc.h:1972]   --->   Operation 50 'partselect' 'p_Val2_37' <Predicate = (icmp_ln1968)> <Delay = 0.00>
ST_6 : Operation 51 [1/1] (0.00ns)   --->   "%tmp = call i1 @_ssdm_op_BitSelect.i1.i30.i32(i30 %ret_V_13, i32 21)" [D:/Program_Files/Xilinx/Vivado/2019.2/common/technology/autopilot/hls/hls_video_types.h:409->D:/Program_Files/Xilinx/Vivado/2019.2/common/technology/autopilot/hls/hls_video_types.h:500->D:/Program_Files/Xilinx/Vivado/2019.2/common/technology/autopilot/hls/hls_video_imgproc.h:1498->D:/Program_Files/Xilinx/Vivado/2019.2/common/technology/autopilot/hls/hls_video_imgproc.h:1545->D:/Program_Files/Xilinx/Vivado/2019.2/common/technology/autopilot/hls/hls_video_imgproc.h:1972]   --->   Operation 51 'bitselect' 'tmp' <Predicate = (icmp_ln1968)> <Delay = 0.00>

State 7 <SV = 6> <Delay = 6.79>
ST_7 : Operation 52 [1/1] (0.00ns)   --->   "call void (...)* @_ssdm_op_SpecLoopName([11 x i8]* @p_str20) nounwind" [D:/Program_Files/Xilinx/Vivado/2019.2/common/technology/autopilot/hls/hls_video_imgproc.h:1968]   --->   Operation 52 'specloopname' <Predicate = (icmp_ln1968)> <Delay = 0.00>
ST_7 : Operation 53 [1/1] (0.00ns)   --->   "%tmp_20_i = call i32 (...)* @_ssdm_op_SpecRegionBegin([11 x i8]* @p_str20)" [D:/Program_Files/Xilinx/Vivado/2019.2/common/technology/autopilot/hls/hls_video_imgproc.h:1968]   --->   Operation 53 'specregionbegin' 'tmp_20_i' <Predicate = (icmp_ln1968)> <Delay = 0.00>
ST_7 : Operation 54 [1/1] (0.00ns)   --->   "call void (...)* @_ssdm_op_SpecPipeline(i32 -1, i32 1, i32 1, i32 0, [1 x i8]* @p_str1) nounwind" [D:/Program_Files/Xilinx/Vivado/2019.2/common/technology/autopilot/hls/hls_video_imgproc.h:1970]   --->   Operation 54 'specpipeline' <Predicate = (icmp_ln1968)> <Delay = 0.00>
ST_7 : Operation 55 [1/1] (0.00ns)   --->   "%zext_ln415 = zext i1 %tmp to i8" [D:/Program_Files/Xilinx/Vivado/2019.2/common/technology/autopilot/hls/hls_video_types.h:409->D:/Program_Files/Xilinx/Vivado/2019.2/common/technology/autopilot/hls/hls_video_types.h:500->D:/Program_Files/Xilinx/Vivado/2019.2/common/technology/autopilot/hls/hls_video_imgproc.h:1498->D:/Program_Files/Xilinx/Vivado/2019.2/common/technology/autopilot/hls/hls_video_imgproc.h:1545->D:/Program_Files/Xilinx/Vivado/2019.2/common/technology/autopilot/hls/hls_video_imgproc.h:1972]   --->   Operation 55 'zext' 'zext_ln415' <Predicate = (icmp_ln1968)> <Delay = 0.00>
ST_7 : Operation 56 [1/1] (1.91ns)   --->   "%p_Val2_38 = add i8 %zext_ln415, %p_Val2_37" [D:/Program_Files/Xilinx/Vivado/2019.2/common/technology/autopilot/hls/hls_video_types.h:409->D:/Program_Files/Xilinx/Vivado/2019.2/common/technology/autopilot/hls/hls_video_types.h:500->D:/Program_Files/Xilinx/Vivado/2019.2/common/technology/autopilot/hls/hls_video_imgproc.h:1498->D:/Program_Files/Xilinx/Vivado/2019.2/common/technology/autopilot/hls/hls_video_imgproc.h:1545->D:/Program_Files/Xilinx/Vivado/2019.2/common/technology/autopilot/hls/hls_video_imgproc.h:1972]   --->   Operation 56 'add' 'p_Val2_38' <Predicate = (icmp_ln1968)> <Delay = 1.91> <Core = "AddSub">   --->   Core 14 'AddSub' <Latency = 0> <II = 1> <Delay = 1.82> <FuncUnit> <Opcode : 'add' 'sub'> <InPorts = 2> <OutPorts = 1>
ST_7 : Operation 57 [1/1] (0.00ns) (grouped into LUT with out node p_Val2_s)   --->   "%tmp_41 = call i1 @_ssdm_op_BitSelect.i1.i30.i32(i30 %ret_V_13, i32 29)" [D:/Program_Files/Xilinx/Vivado/2019.2/common/technology/autopilot/hls/hls_video_types.h:409->D:/Program_Files/Xilinx/Vivado/2019.2/common/technology/autopilot/hls/hls_video_types.h:500->D:/Program_Files/Xilinx/Vivado/2019.2/common/technology/autopilot/hls/hls_video_imgproc.h:1498->D:/Program_Files/Xilinx/Vivado/2019.2/common/technology/autopilot/hls/hls_video_imgproc.h:1545->D:/Program_Files/Xilinx/Vivado/2019.2/common/technology/autopilot/hls/hls_video_imgproc.h:1972]   --->   Operation 57 'bitselect' 'tmp_41' <Predicate = (icmp_ln1968)> <Delay = 0.00>
ST_7 : Operation 58 [1/1] (0.00ns) (grouped into LUT with out node p_Val2_s)   --->   "%xor_ln777 = xor i1 %tmp_41, true" [D:/Program_Files/Xilinx/Vivado/2019.2/common/technology/autopilot/hls/hls_video_types.h:409->D:/Program_Files/Xilinx/Vivado/2019.2/common/technology/autopilot/hls/hls_video_types.h:500->D:/Program_Files/Xilinx/Vivado/2019.2/common/technology/autopilot/hls/hls_video_imgproc.h:1498->D:/Program_Files/Xilinx/Vivado/2019.2/common/technology/autopilot/hls/hls_video_imgproc.h:1545->D:/Program_Files/Xilinx/Vivado/2019.2/common/technology/autopilot/hls/hls_video_imgproc.h:1972]   --->   Operation 58 'xor' 'xor_ln777' <Predicate = (icmp_ln1968)> <Delay = 0.00> <Core = "LogicGate">   --->   Core 27 'LogicGate' <Latency = 0> <II = 1> <Delay = 0.97> <FuncUnit> <Opcode : 'and' 'or' 'xor'> <InPorts = 2> <OutPorts = 1>
ST_7 : Operation 59 [1/1] (0.00ns) (grouped into LUT with out node p_Val2_s)   --->   "%tmp_42 = call i1 @_ssdm_op_BitSelect.i1.i8.i32(i8 %p_Val2_38, i32 7)" [D:/Program_Files/Xilinx/Vivado/2019.2/common/technology/autopilot/hls/hls_video_types.h:409->D:/Program_Files/Xilinx/Vivado/2019.2/common/technology/autopilot/hls/hls_video_types.h:500->D:/Program_Files/Xilinx/Vivado/2019.2/common/technology/autopilot/hls/hls_video_imgproc.h:1498->D:/Program_Files/Xilinx/Vivado/2019.2/common/technology/autopilot/hls/hls_video_imgproc.h:1545->D:/Program_Files/Xilinx/Vivado/2019.2/common/technology/autopilot/hls/hls_video_imgproc.h:1972]   --->   Operation 59 'bitselect' 'tmp_42' <Predicate = (icmp_ln1968)> <Delay = 0.00>
ST_7 : Operation 60 [1/1] (0.00ns) (grouped into LUT with out node p_Val2_s)   --->   "%deleted_zeros = or i1 %tmp_42, %xor_ln777" [D:/Program_Files/Xilinx/Vivado/2019.2/common/technology/autopilot/hls/hls_video_types.h:409->D:/Program_Files/Xilinx/Vivado/2019.2/common/technology/autopilot/hls/hls_video_types.h:500->D:/Program_Files/Xilinx/Vivado/2019.2/common/technology/autopilot/hls/hls_video_imgproc.h:1498->D:/Program_Files/Xilinx/Vivado/2019.2/common/technology/autopilot/hls/hls_video_imgproc.h:1545->D:/Program_Files/Xilinx/Vivado/2019.2/common/technology/autopilot/hls/hls_video_imgproc.h:1972]   --->   Operation 60 'or' 'deleted_zeros' <Predicate = (icmp_ln1968)> <Delay = 0.00> <Core = "LogicGate">   --->   Core 27 'LogicGate' <Latency = 0> <II = 1> <Delay = 0.97> <FuncUnit> <Opcode : 'and' 'or' 'xor'> <InPorts = 2> <OutPorts = 1>
ST_7 : Operation 61 [1/1] (1.24ns) (out node of the LUT)   --->   "%p_Val2_s = select i1 %deleted_zeros, i8 %p_Val2_38, i8 -1" [D:/Program_Files/Xilinx/Vivado/2019.2/common/technology/autopilot/hls/hls_video_types.h:409->D:/Program_Files/Xilinx/Vivado/2019.2/common/technology/autopilot/hls/hls_video_types.h:500->D:/Program_Files/Xilinx/Vivado/2019.2/common/technology/autopilot/hls/hls_video_imgproc.h:1498->D:/Program_Files/Xilinx/Vivado/2019.2/common/technology/autopilot/hls/hls_video_imgproc.h:1545->D:/Program_Files/Xilinx/Vivado/2019.2/common/technology/autopilot/hls/hls_video_imgproc.h:1972]   --->   Operation 61 'select' 'p_Val2_s' <Predicate = (icmp_ln1968)> <Delay = 1.24> <Core = "Sel">   --->   Core 26 'Sel' <Latency = 0> <II = 1> <Delay = 1.24> <FuncUnit> <Opcode : 'select'> <InPorts = 3> <OutPorts = 1>
ST_7 : Operation 62 [1/1] (0.00ns)   --->   "%tmp_22_i = call i32 (...)* @_ssdm_op_SpecRegionBegin([12 x i8]* @p_str27)" [D:/Program_Files/Xilinx/Vivado/2019.2/common/technology/autopilot/hls/hls_video_core.h:696->D:/Program_Files/Xilinx/Vivado/2019.2/common/technology/autopilot/hls/hls_video_core.h:717->D:/Program_Files/Xilinx/Vivado/2019.2/common/technology/autopilot/hls/hls_video_imgproc.h:1973]   --->   Operation 62 'specregionbegin' 'tmp_22_i' <Predicate = (icmp_ln1968)> <Delay = 0.00>
ST_7 : Operation 63 [1/1] (0.00ns)   --->   "call void (...)* @_ssdm_op_SpecProtocol(i32 0, [1 x i8]* @p_str1) nounwind" [D:/Program_Files/Xilinx/Vivado/2019.2/common/technology/autopilot/hls/hls_video_core.h:700->D:/Program_Files/Xilinx/Vivado/2019.2/common/technology/autopilot/hls/hls_video_core.h:717->D:/Program_Files/Xilinx/Vivado/2019.2/common/technology/autopilot/hls/hls_video_imgproc.h:1973]   --->   Operation 63 'specprotocol' <Predicate = (icmp_ln1968)> <Delay = 0.00>
ST_7 : Operation 64 [1/1] (3.63ns)   --->   "call void @_ssdm_op_Write.ap_fifo.volatile.i8P(i8* %p_dst_data_stream_V, i8 %p_Val2_s)" [D:/Program_Files/Xilinx/Vivado/2019.2/common/technology/autopilot/hls/hls_video_core.h:703->D:/Program_Files/Xilinx/Vivado/2019.2/common/technology/autopilot/hls/hls_video_core.h:717->D:/Program_Files/Xilinx/Vivado/2019.2/common/technology/autopilot/hls/hls_video_imgproc.h:1973]   --->   Operation 64 'write' <Predicate = (icmp_ln1968)> <Delay = 3.63> <Core = "FIFO">   --->   Core 32 'FIFO' <Latency = 0> <II = 1> <Delay = 3.63> <Storage> <Opcode : 'read' 'write' 'nbread' 'nbwrite'> <Ports = 0> <Width = 7> <Depth = 2> <FIFO>
ST_7 : Operation 65 [1/1] (0.00ns)   --->   "%empty_134 = call i32 (...)* @_ssdm_op_SpecRegionEnd([12 x i8]* @p_str27, i32 %tmp_22_i)" [D:/Program_Files/Xilinx/Vivado/2019.2/common/technology/autopilot/hls/hls_video_core.h:705->D:/Program_Files/Xilinx/Vivado/2019.2/common/technology/autopilot/hls/hls_video_core.h:717->D:/Program_Files/Xilinx/Vivado/2019.2/common/technology/autopilot/hls/hls_video_imgproc.h:1973]   --->   Operation 65 'specregionend' 'empty_134' <Predicate = (icmp_ln1968)> <Delay = 0.00>
ST_7 : Operation 66 [1/1] (0.00ns)   --->   "%empty_135 = call i32 (...)* @_ssdm_op_SpecRegionEnd([11 x i8]* @p_str20, i32 %tmp_20_i)" [D:/Program_Files/Xilinx/Vivado/2019.2/common/technology/autopilot/hls/hls_video_imgproc.h:1974]   --->   Operation 66 'specregionend' 'empty_135' <Predicate = (icmp_ln1968)> <Delay = 0.00>
ST_7 : Operation 67 [1/1] (0.00ns)   --->   "br label %1" [D:/Program_Files/Xilinx/Vivado/2019.2/common/technology/autopilot/hls/hls_video_imgproc.h:1968]   --->   Operation 67 'br' <Predicate = (icmp_ln1968)> <Delay = 0.00>

State 8 <SV = 3> <Delay = 0.00>
ST_8 : Operation 68 [1/1] (0.00ns)   --->   "%empty_136 = call i32 (...)* @_ssdm_op_SpecRegionEnd([12 x i8]* @p_str19, i32 %tmp_19_i)" [D:/Program_Files/Xilinx/Vivado/2019.2/common/technology/autopilot/hls/hls_video_imgproc.h:1975]   --->   Operation 68 'specregionend' 'empty_136' <Predicate = true> <Delay = 0.00>
ST_8 : Operation 69 [1/1] (0.00ns)   --->   "br label %0" [D:/Program_Files/Xilinx/Vivado/2019.2/common/technology/autopilot/hls/hls_video_imgproc.h:1967]   --->   Operation 69 'br' <Predicate = true> <Delay = 0.00>


============================================================
+ Verbose Summary: Timing violations
============================================================
Target clock period: 11.1ns, clock uncertainty: 1.39ns.

 <State 1>: 3.63ns
The critical path consists of the following:
	fifo read on port 'p_src_cols_V' (D:/Program_Files/Xilinx/Vivado/2019.2/common/technology/autopilot/hls/hls_video_imgproc.h:1961) [13]  (3.63 ns)

 <State 2>: 2.47ns
The critical path consists of the following:
	'icmp' operation ('icmp_ln1967', D:/Program_Files/Xilinx/Vivado/2019.2/common/technology/autopilot/hls/hls_video_imgproc.h:1967) [19]  (1.49 ns)
	blocking operation 0.978 ns on control path)

 <State 3>: 1.92ns
The critical path consists of the following:
	'phi' operation ('j') with incoming values : ('j', D:/Program_Files/Xilinx/Vivado/2019.2/common/technology/autopilot/hls/hls_video_imgproc.h:1968) [28]  (0 ns)
	'add' operation ('j', D:/Program_Files/Xilinx/Vivado/2019.2/common/technology/autopilot/hls/hls_video_imgproc.h:1968) [32]  (1.92 ns)

 <State 4>: 3.63ns
The critical path consists of the following:
	fifo read on port 'p_src_data_stream_0_V' (D:/Program_Files/Xilinx/Vivado/2019.2/common/technology/autopilot/hls/hls_video_core.h:679->D:/Program_Files/Xilinx/Vivado/2019.2/common/technology/autopilot/hls/hls_video_core.h:711->D:/Program_Files/Xilinx/Vivado/2019.2/common/technology/autopilot/hls/hls_video_imgproc.h:1971) [40]  (3.63 ns)

 <State 5>: 6.38ns
The critical path consists of the following:
	'mul' operation of DSP[45] ('mul_ln703', D:/Program_Files/Xilinx/Vivado/2019.2/common/technology/autopilot/hls/hls_video_imgproc.h:1497->D:/Program_Files/Xilinx/Vivado/2019.2/common/technology/autopilot/hls/hls_video_imgproc.h:1545->D:/Program_Files/Xilinx/Vivado/2019.2/common/technology/autopilot/hls/hls_video_imgproc.h:1972) [45]  (6.38 ns)

 <State 6>: 9.4ns
The critical path consists of the following:
	'mul' operation of DSP[51] ('r.V', D:/Program_Files/Xilinx/Vivado/2019.2/common/technology/autopilot/hls/hls_video_imgproc.h:1495->D:/Program_Files/Xilinx/Vivado/2019.2/common/technology/autopilot/hls/hls_video_imgproc.h:1545->D:/Program_Files/Xilinx/Vivado/2019.2/common/technology/autopilot/hls/hls_video_imgproc.h:1972) [49]  (3.36 ns)
	'add' operation of DSP[51] ('ret.V', D:/Program_Files/Xilinx/Vivado/2019.2/common/technology/autopilot/hls/hls_video_imgproc.h:1497->D:/Program_Files/Xilinx/Vivado/2019.2/common/technology/autopilot/hls/hls_video_imgproc.h:1545->D:/Program_Files/Xilinx/Vivado/2019.2/common/technology/autopilot/hls/hls_video_imgproc.h:1972) [51]  (3.02 ns)
	'add' operation of DSP[53] ('ret.V', D:/Program_Files/Xilinx/Vivado/2019.2/common/technology/autopilot/hls/hls_video_imgproc.h:1497->D:/Program_Files/Xilinx/Vivado/2019.2/common/technology/autopilot/hls/hls_video_imgproc.h:1545->D:/Program_Files/Xilinx/Vivado/2019.2/common/technology/autopilot/hls/hls_video_imgproc.h:1972) [53]  (3.02 ns)

 <State 7>: 6.8ns
The critical path consists of the following:
	'add' operation ('__Val2__', D:/Program_Files/Xilinx/Vivado/2019.2/common/technology/autopilot/hls/hls_video_types.h:409->D:/Program_Files/Xilinx/Vivado/2019.2/common/technology/autopilot/hls/hls_video_types.h:500->D:/Program_Files/Xilinx/Vivado/2019.2/common/technology/autopilot/hls/hls_video_imgproc.h:1498->D:/Program_Files/Xilinx/Vivado/2019.2/common/technology/autopilot/hls/hls_video_imgproc.h:1545->D:/Program_Files/Xilinx/Vivado/2019.2/common/technology/autopilot/hls/hls_video_imgproc.h:1972) [57]  (1.92 ns)
	'select' operation ('__Val2__', D:/Program_Files/Xilinx/Vivado/2019.2/common/technology/autopilot/hls/hls_video_types.h:409->D:/Program_Files/Xilinx/Vivado/2019.2/common/technology/autopilot/hls/hls_video_types.h:500->D:/Program_Files/Xilinx/Vivado/2019.2/common/technology/autopilot/hls/hls_video_imgproc.h:1498->D:/Program_Files/Xilinx/Vivado/2019.2/common/technology/autopilot/hls/hls_video_imgproc.h:1545->D:/Program_Files/Xilinx/Vivado/2019.2/common/technology/autopilot/hls/hls_video_imgproc.h:1972) [62]  (1.25 ns)
	fifo write on port 'p_dst_data_stream_V' (D:/Program_Files/Xilinx/Vivado/2019.2/common/technology/autopilot/hls/hls_video_core.h:703->D:/Program_Files/Xilinx/Vivado/2019.2/common/technology/autopilot/hls/hls_video_core.h:717->D:/Program_Files/Xilinx/Vivado/2019.2/common/technology/autopilot/hls/hls_video_imgproc.h:1973) [65]  (3.63 ns)

 <State 8>: 0ns
The critical path consists of the following:


============================================================
+ Verbose Summary: Binding
============================================================
N/A
* FSMD analyzer results:
  - Output states:
 - Input state : 
  - Chain level:
	State 1
	State 2
	State 3
	State 4
	State 5
	State 6
	State 7
	State 8


============================================================
+ Verbose Summary: Datapath Resource usage 
============================================================
N/A
