

================================================================
== Vivado HLS Report for 'Duplicate'
================================================================
* Date:           Tue Aug 18 20:50:01 2020

* Version:        2019.2 (Build 2704478 on Wed Nov 06 22:10:23 MST 2019)
* Project:        Cache_Plate
* Solution:       solution1
* Product family: zynq
* Target device:  xc7z020-clg484-1


================================================================
== Performance Estimates
================================================================
+ Timing: 
    * Summary: 
    +--------+----------+----------+------------+
    |  Clock |  Target  | Estimated| Uncertainty|
    +--------+----------+----------+------------+
    |ap_clk  | 11.10 ns | 7.268 ns |   1.39 ns  |
    +--------+----------+----------+------------+

+ Latency: 
    * Summary: 
    +---------+---------+-----------+-----------+-----+--------+---------+
    |  Latency (cycles) |   Latency (absolute)  |   Interval   | Pipeline|
    |   min   |   max   |    min    |    max    | min |   max  |   Type  |
    +---------+---------+-----------+-----------+-----+--------+---------+
    |        1|   923761| 11.100 ns | 10.254 ms |    1|  923761|   none  |
    +---------+---------+-----------+-----------+-----+--------+---------+

    + Detail: 
        * Instance: 
        N/A

        * Loop: 
        +---------------+---------+---------+----------+-----------+-----------+----------+----------+
        |               |  Latency (cycles) | Iteration|  Initiation Interval  |   Trip   |          |
        |   Loop Name   |   min   |   max   |  Latency |  achieved |   target  |   Count  | Pipelined|
        +---------------+---------+---------+----------+-----------+-----------+----------+----------+
        |- loop_height  |        0|   923760| 3 ~ 1283 |          -|          -|  0 ~ 720 |    no    |
        | + loop_width  |        0|     1280|         2|          1|          1| 0 ~ 1280 |    yes   |
        +---------------+---------+---------+----------+-----------+-----------+----------+----------+



================================================================
== Utilization Estimates
================================================================
* Summary: 
+-----------------+---------+-------+--------+-------+-----+
|       Name      | BRAM_18K| DSP48E|   FF   |  LUT  | URAM|
+-----------------+---------+-------+--------+-------+-----+
|DSP              |        -|      -|       -|      -|    -|
|Expression       |        -|      -|       0|    124|    -|
|FIFO             |        -|      -|       -|      -|    -|
|Instance         |        -|      -|       -|      -|    -|
|Memory           |        -|      -|       -|      -|    -|
|Multiplexer      |        -|      -|       -|    168|    -|
|Register         |        -|      -|     168|      -|    -|
+-----------------+---------+-------+--------+-------+-----+
|Total            |        0|      0|     168|    292|    0|
+-----------------+---------+-------+--------+-------+-----+
|Available        |      280|    220|  106400|  53200|    0|
+-----------------+---------+-------+--------+-------+-----+
|Utilization (%)  |        0|      0|   ~0   |   ~0  |    0|
+-----------------+---------+-------+--------+-------+-----+

+ Detail: 
    * Instance: 
    N/A

    * DSP48E: 
    N/A

    * Memory: 
    N/A

    * FIFO: 
    N/A

    * Expression: 
    +----------------------------------+----------+-------+---+----+------------+------------+
    |           Variable Name          | Operation| DSP48E| FF| LUT| Bitwidth P0| Bitwidth P1|
    +----------------------------------+----------+-------+---+----+------------+------------+
    |i_V_fu_313_p2                     |     +    |      0|  0|  39|          32|           1|
    |j_V_fu_324_p2                     |     +    |      0|  0|  39|          32|           1|
    |ap_block_pp0_stage0_01001         |    and   |      0|  0|   2|           1|           1|
    |icmp_ln1557_fu_308_p2             |   icmp   |      0|  0|  18|          32|          32|
    |icmp_ln1558_fu_319_p2             |   icmp   |      0|  0|  18|          32|          32|
    |ap_block_state1                   |    or    |      0|  0|   2|           1|           1|
    |ap_block_state4_pp0_stage0_iter1  |    or    |      0|  0|   2|           1|           1|
    |ap_enable_pp0                     |    xor   |      0|  0|   2|           1|           2|
    |ap_enable_reg_pp0_iter1           |    xor   |      0|  0|   2|           2|           1|
    +----------------------------------+----------+-------+---+----+------------+------------+
    |Total                             |          |      0|  0| 124|         134|          72|
    +----------------------------------+----------+-------+---+----+------------+------------+

    * Multiplexer: 
    +----------------------------+----+-----------+-----+-----------+
    |            Name            | LUT| Input Size| Bits| Total Bits|
    +----------------------------+----+-----------+-----+-----------+
    |ap_NS_fsm                   |  27|          5|    1|          5|
    |ap_done                     |   9|          2|    1|          2|
    |ap_enable_reg_pp0_iter1     |  15|          3|    1|          3|
    |dst1_data_stream_0_V_blk_n  |   9|          2|    1|          2|
    |dst1_data_stream_1_V_blk_n  |   9|          2|    1|          2|
    |dst1_data_stream_2_V_blk_n  |   9|          2|    1|          2|
    |dst2_data_stream_0_V_blk_n  |   9|          2|    1|          2|
    |dst2_data_stream_1_V_blk_n  |   9|          2|    1|          2|
    |dst2_data_stream_2_V_blk_n  |   9|          2|    1|          2|
    |src_cols_V_blk_n            |   9|          2|    1|          2|
    |src_data_stream_0_V_blk_n   |   9|          2|    1|          2|
    |src_data_stream_1_V_blk_n   |   9|          2|    1|          2|
    |src_data_stream_2_V_blk_n   |   9|          2|    1|          2|
    |src_rows_V_blk_n            |   9|          2|    1|          2|
    |t_V_7_reg_289               |   9|          2|   32|         64|
    |t_V_reg_278                 |   9|          2|   32|         64|
    +----------------------------+----+-----------+-----+-----------+
    |Total                       | 168|         36|   78|        160|
    +----------------------------+----+-----------+-----+-----------+

    * Register: 
    +-------------------------+----+----+-----+-----------+
    |           Name          | FF | LUT| Bits| Const Bits|
    +-------------------------+----+----+-----+-----------+
    |ap_CS_fsm                |   4|   0|    4|          0|
    |ap_done_reg              |   1|   0|    1|          0|
    |ap_enable_reg_pp0_iter0  |   1|   0|    1|          0|
    |ap_enable_reg_pp0_iter1  |   1|   0|    1|          0|
    |cols_V_reg_335           |  32|   0|   32|          0|
    |i_V_reg_344              |  32|   0|   32|          0|
    |icmp_ln1558_reg_349      |   1|   0|    1|          0|
    |rows_V_reg_330           |  32|   0|   32|          0|
    |t_V_7_reg_289            |  32|   0|   32|          0|
    |t_V_reg_278              |  32|   0|   32|          0|
    +-------------------------+----+----+-----+-----------+
    |Total                    | 168|   0|  168|          0|
    +-------------------------+----+----+-----+-----------+



================================================================
== Interface
================================================================
* Summary: 
+-----------------------------+-----+-----+------------+----------------------+--------------+
|          RTL Ports          | Dir | Bits|  Protocol  |     Source Object    |    C Type    |
+-----------------------------+-----+-----+------------+----------------------+--------------+
|ap_clk                       |  in |    1| ap_ctrl_hs |       Duplicate      | return value |
|ap_rst                       |  in |    1| ap_ctrl_hs |       Duplicate      | return value |
|ap_start                     |  in |    1| ap_ctrl_hs |       Duplicate      | return value |
|ap_done                      | out |    1| ap_ctrl_hs |       Duplicate      | return value |
|ap_continue                  |  in |    1| ap_ctrl_hs |       Duplicate      | return value |
|ap_idle                      | out |    1| ap_ctrl_hs |       Duplicate      | return value |
|ap_ready                     | out |    1| ap_ctrl_hs |       Duplicate      | return value |
|src_rows_V_dout              |  in |   11|   ap_fifo  |      src_rows_V      |    pointer   |
|src_rows_V_empty_n           |  in |    1|   ap_fifo  |      src_rows_V      |    pointer   |
|src_rows_V_read              | out |    1|   ap_fifo  |      src_rows_V      |    pointer   |
|src_cols_V_dout              |  in |   12|   ap_fifo  |      src_cols_V      |    pointer   |
|src_cols_V_empty_n           |  in |    1|   ap_fifo  |      src_cols_V      |    pointer   |
|src_cols_V_read              | out |    1|   ap_fifo  |      src_cols_V      |    pointer   |
|src_data_stream_0_V_dout     |  in |    8|   ap_fifo  |  src_data_stream_0_V |    pointer   |
|src_data_stream_0_V_empty_n  |  in |    1|   ap_fifo  |  src_data_stream_0_V |    pointer   |
|src_data_stream_0_V_read     | out |    1|   ap_fifo  |  src_data_stream_0_V |    pointer   |
|src_data_stream_1_V_dout     |  in |    8|   ap_fifo  |  src_data_stream_1_V |    pointer   |
|src_data_stream_1_V_empty_n  |  in |    1|   ap_fifo  |  src_data_stream_1_V |    pointer   |
|src_data_stream_1_V_read     | out |    1|   ap_fifo  |  src_data_stream_1_V |    pointer   |
|src_data_stream_2_V_dout     |  in |    8|   ap_fifo  |  src_data_stream_2_V |    pointer   |
|src_data_stream_2_V_empty_n  |  in |    1|   ap_fifo  |  src_data_stream_2_V |    pointer   |
|src_data_stream_2_V_read     | out |    1|   ap_fifo  |  src_data_stream_2_V |    pointer   |
|dst1_data_stream_0_V_din     | out |    8|   ap_fifo  | dst1_data_stream_0_V |    pointer   |
|dst1_data_stream_0_V_full_n  |  in |    1|   ap_fifo  | dst1_data_stream_0_V |    pointer   |
|dst1_data_stream_0_V_write   | out |    1|   ap_fifo  | dst1_data_stream_0_V |    pointer   |
|dst1_data_stream_1_V_din     | out |    8|   ap_fifo  | dst1_data_stream_1_V |    pointer   |
|dst1_data_stream_1_V_full_n  |  in |    1|   ap_fifo  | dst1_data_stream_1_V |    pointer   |
|dst1_data_stream_1_V_write   | out |    1|   ap_fifo  | dst1_data_stream_1_V |    pointer   |
|dst1_data_stream_2_V_din     | out |    8|   ap_fifo  | dst1_data_stream_2_V |    pointer   |
|dst1_data_stream_2_V_full_n  |  in |    1|   ap_fifo  | dst1_data_stream_2_V |    pointer   |
|dst1_data_stream_2_V_write   | out |    1|   ap_fifo  | dst1_data_stream_2_V |    pointer   |
|dst2_data_stream_0_V_din     | out |    8|   ap_fifo  | dst2_data_stream_0_V |    pointer   |
|dst2_data_stream_0_V_full_n  |  in |    1|   ap_fifo  | dst2_data_stream_0_V |    pointer   |
|dst2_data_stream_0_V_write   | out |    1|   ap_fifo  | dst2_data_stream_0_V |    pointer   |
|dst2_data_stream_1_V_din     | out |    8|   ap_fifo  | dst2_data_stream_1_V |    pointer   |
|dst2_data_stream_1_V_full_n  |  in |    1|   ap_fifo  | dst2_data_stream_1_V |    pointer   |
|dst2_data_stream_1_V_write   | out |    1|   ap_fifo  | dst2_data_stream_1_V |    pointer   |
|dst2_data_stream_2_V_din     | out |    8|   ap_fifo  | dst2_data_stream_2_V |    pointer   |
|dst2_data_stream_2_V_full_n  |  in |    1|   ap_fifo  | dst2_data_stream_2_V |    pointer   |
|dst2_data_stream_2_V_write   | out |    1|   ap_fifo  | dst2_data_stream_2_V |    pointer   |
+-----------------------------+-----+-----+------------+----------------------+--------------+

============================================================
+ Verbose Summary: Synthesis Manager
============================================================
InlineROM: 1
ExposeGlobal: 0
============================================================
+ Verbose Summary: CDFG Model
============================================================
IsTopModel: 0
ResetActiveHigh: 1
IsCombinational: 2
IsDatapathOnly: 0
HasWiredReturn: 1
HasMFsm: 0
HasVarLatency: 1
IsPipeline: 0
IsRtlPipelined: 0
IsInstanceOverlapped: 0
IsDontTouch: 0
HasImplIP: 0
IsGatedGlobalClock: 0

+ Individual pipeline summary: 
  * Pipeline-0: initiation interval (II) = 1, depth = 2


============================================================
+ Verbose Summary: Schedule
============================================================
* Number of FSM states : 5
* Pipeline : 1
  Pipeline-0 : II = 1, D = 2, States = { 3 4 }
* Dataflow Pipeline: 0

* FSM state transitions: 
1 --> 2 
2 --> 3 
3 --> 5 4 
4 --> 3 
5 --> 2 

* FSM state operations: 

State 1 <SV = 0> <Delay = 3.63>
ST_1 : Operation 6 [1/1] (0.00ns)   --->   "call void (...)* @_ssdm_op_SpecInterface(i8* %dst2_data_stream_2_V, [8 x i8]* @ap_fifo_str, i32 0, i32 0, [1 x i8]* @p_str160, i32 0, i32 0, [1 x i8]* @p_str161, [1 x i8]* @p_str162, [1 x i8]* @p_str163, i32 2, i32 2, i32 16, i32 16, [1 x i8]* @p_str164, [1 x i8]* @p_str165)"   --->   Operation 6 'specinterface' <Predicate = true> <Delay = 0.00>
ST_1 : Operation 7 [1/1] (0.00ns)   --->   "call void (...)* @_ssdm_op_SpecInterface(i8* %dst2_data_stream_1_V, [8 x i8]* @ap_fifo_str, i32 0, i32 0, [1 x i8]* @p_str153, i32 0, i32 0, [1 x i8]* @p_str154, [1 x i8]* @p_str155, [1 x i8]* @p_str156, i32 2, i32 2, i32 16, i32 16, [1 x i8]* @p_str157, [1 x i8]* @p_str158)"   --->   Operation 7 'specinterface' <Predicate = true> <Delay = 0.00>
ST_1 : Operation 8 [1/1] (0.00ns)   --->   "call void (...)* @_ssdm_op_SpecInterface(i8* %dst2_data_stream_0_V, [8 x i8]* @ap_fifo_str, i32 0, i32 0, [1 x i8]* @p_str146, i32 0, i32 0, [1 x i8]* @p_str147, [1 x i8]* @p_str148, [1 x i8]* @p_str149, i32 2, i32 2, i32 16, i32 16, [1 x i8]* @p_str150, [1 x i8]* @p_str151)"   --->   Operation 8 'specinterface' <Predicate = true> <Delay = 0.00>
ST_1 : Operation 9 [1/1] (0.00ns)   --->   "call void (...)* @_ssdm_op_SpecInterface(i8* %dst1_data_stream_2_V, [8 x i8]* @ap_fifo_str, i32 0, i32 0, [1 x i8]* @p_str139, i32 0, i32 0, [1 x i8]* @p_str140, [1 x i8]* @p_str141, [1 x i8]* @p_str142, i32 2, i32 2, i32 16, i32 16, [1 x i8]* @p_str143, [1 x i8]* @p_str144)"   --->   Operation 9 'specinterface' <Predicate = true> <Delay = 0.00>
ST_1 : Operation 10 [1/1] (0.00ns)   --->   "call void (...)* @_ssdm_op_SpecInterface(i8* %dst1_data_stream_1_V, [8 x i8]* @ap_fifo_str, i32 0, i32 0, [1 x i8]* @p_str132, i32 0, i32 0, [1 x i8]* @p_str133, [1 x i8]* @p_str134, [1 x i8]* @p_str135, i32 2, i32 2, i32 16, i32 16, [1 x i8]* @p_str136, [1 x i8]* @p_str137)"   --->   Operation 10 'specinterface' <Predicate = true> <Delay = 0.00>
ST_1 : Operation 11 [1/1] (0.00ns)   --->   "call void (...)* @_ssdm_op_SpecInterface(i8* %dst1_data_stream_0_V, [8 x i8]* @ap_fifo_str, i32 0, i32 0, [1 x i8]* @p_str125, i32 0, i32 0, [1 x i8]* @p_str126, [1 x i8]* @p_str127, [1 x i8]* @p_str128, i32 2, i32 2, i32 16, i32 16, [1 x i8]* @p_str129, [1 x i8]* @p_str130)"   --->   Operation 11 'specinterface' <Predicate = true> <Delay = 0.00>
ST_1 : Operation 12 [1/1] (0.00ns)   --->   "call void (...)* @_ssdm_op_SpecInterface(i8* %src_data_stream_2_V, [8 x i8]* @ap_fifo_str, i32 0, i32 0, [1 x i8]* @p_str118, i32 0, i32 0, [1 x i8]* @p_str119, [1 x i8]* @p_str120, [1 x i8]* @p_str121, i32 2, i32 2, i32 16, i32 16, [1 x i8]* @p_str122, [1 x i8]* @p_str123)"   --->   Operation 12 'specinterface' <Predicate = true> <Delay = 0.00>
ST_1 : Operation 13 [1/1] (0.00ns)   --->   "call void (...)* @_ssdm_op_SpecInterface(i8* %src_data_stream_1_V, [8 x i8]* @ap_fifo_str, i32 0, i32 0, [1 x i8]* @p_str111, i32 0, i32 0, [1 x i8]* @p_str112, [1 x i8]* @p_str113, [1 x i8]* @p_str114, i32 2, i32 2, i32 16, i32 16, [1 x i8]* @p_str115, [1 x i8]* @p_str116)"   --->   Operation 13 'specinterface' <Predicate = true> <Delay = 0.00>
ST_1 : Operation 14 [1/1] (0.00ns)   --->   "call void (...)* @_ssdm_op_SpecInterface(i8* %src_data_stream_0_V, [8 x i8]* @ap_fifo_str, i32 0, i32 0, [1 x i8]* @p_str104, i32 0, i32 0, [1 x i8]* @p_str105, [1 x i8]* @p_str106, [1 x i8]* @p_str107, i32 2, i32 2, i32 16, i32 16, [1 x i8]* @p_str108, [1 x i8]* @p_str109)"   --->   Operation 14 'specinterface' <Predicate = true> <Delay = 0.00>
ST_1 : Operation 15 [1/1] (0.00ns)   --->   "call void (...)* @_ssdm_op_SpecInterface(i11* %src_rows_V, [8 x i8]* @ap_fifo_str, i32 0, i32 0, [1 x i8]* @p_str447, i32 0, i32 0, [1 x i8]* @p_str448, [1 x i8]* @p_str449, [1 x i8]* @p_str450, i32 2, i32 2, i32 16, i32 16, [1 x i8]* @p_str451, [11 x i8]* @ScalarProp_str)"   --->   Operation 15 'specinterface' <Predicate = true> <Delay = 0.00>
ST_1 : Operation 16 [1/1] (0.00ns)   --->   "call void (...)* @_ssdm_op_SpecInterface(i12* %src_cols_V, [8 x i8]* @ap_fifo_str, i32 0, i32 0, [1 x i8]* @p_str452, i32 0, i32 0, [1 x i8]* @p_str453, [1 x i8]* @p_str454, [1 x i8]* @p_str455, i32 2, i32 2, i32 16, i32 16, [1 x i8]* @p_str456, [11 x i8]* @ScalarProp_str)"   --->   Operation 16 'specinterface' <Predicate = true> <Delay = 0.00>
ST_1 : Operation 17 [1/1] (3.63ns)   --->   "%src_rows_V_read = call i11 @_ssdm_op_Read.ap_fifo.i11P(i11* %src_rows_V)" [D:/Program_Files/Xilinx/Vivado/2019.2/common/technology/autopilot/hls/hls_video_arithm.h:1552]   --->   Operation 17 'read' 'src_rows_V_read' <Predicate = true> <Delay = 3.63> <Core = "FIFO">   --->   Core 32 'FIFO' <Latency = 0> <II = 1> <Delay = 3.63> <Storage> <Opcode : 'read' 'write' 'nbread' 'nbwrite'> <Ports = 0> <Width = 8> <Depth = 2> <FIFO>
ST_1 : Operation 18 [1/1] (0.00ns)   --->   "%rows_V = sext i11 %src_rows_V_read to i32" [D:/Program_Files/Xilinx/Vivado/2019.2/common/technology/autopilot/hls/hls_video_arithm.h:1552]   --->   Operation 18 'sext' 'rows_V' <Predicate = true> <Delay = 0.00>
ST_1 : Operation 19 [1/1] (3.63ns)   --->   "%src_cols_V_read = call i12 @_ssdm_op_Read.ap_fifo.i12P(i12* %src_cols_V)" [D:/Program_Files/Xilinx/Vivado/2019.2/common/technology/autopilot/hls/hls_video_arithm.h:1553]   --->   Operation 19 'read' 'src_cols_V_read' <Predicate = true> <Delay = 3.63> <Core = "FIFO">   --->   Core 32 'FIFO' <Latency = 0> <II = 1> <Delay = 3.63> <Storage> <Opcode : 'read' 'write' 'nbread' 'nbwrite'> <Ports = 0> <Width = 8> <Depth = 2> <FIFO>
ST_1 : Operation 20 [1/1] (0.00ns)   --->   "%cols_V = sext i12 %src_cols_V_read to i32" [D:/Program_Files/Xilinx/Vivado/2019.2/common/technology/autopilot/hls/hls_video_arithm.h:1553]   --->   Operation 20 'sext' 'cols_V' <Predicate = true> <Delay = 0.00>
ST_1 : Operation 21 [1/1] (1.76ns)   --->   "br label %0" [D:/Program_Files/Xilinx/Vivado/2019.2/common/technology/autopilot/hls/hls_video_arithm.h:1557]   --->   Operation 21 'br' <Predicate = true> <Delay = 1.76>

State 2 <SV = 1> <Delay = 3.45>
ST_2 : Operation 22 [1/1] (0.00ns)   --->   "%t_V = phi i32 [ 0, %entry ], [ %i_V, %loop_height_end ]"   --->   Operation 22 'phi' 't_V' <Predicate = true> <Delay = 0.00>
ST_2 : Operation 23 [1/1] (2.47ns)   --->   "%icmp_ln1557 = icmp eq i32 %t_V, %rows_V" [D:/Program_Files/Xilinx/Vivado/2019.2/common/technology/autopilot/hls/hls_video_arithm.h:1557]   --->   Operation 23 'icmp' 'icmp_ln1557' <Predicate = true> <Delay = 2.47> <Core = "Cmp">   --->   Core 25 'Cmp' <Latency = 0> <II = 1> <Delay = 2.47> <FuncUnit> <Opcode : 'icmp'> <InPorts = 2> <OutPorts = 1>
ST_2 : Operation 24 [1/1] (0.00ns)   --->   "call void (...)* @_ssdm_op_SpecLoopTripCount(i64 0, i64 720, i64 0)"   --->   Operation 24 'speclooptripcount' <Predicate = true> <Delay = 0.00>
ST_2 : Operation 25 [1/1] (2.55ns)   --->   "%i_V = add i32 %t_V, 1" [D:/Program_Files/Xilinx/Vivado/2019.2/common/technology/autopilot/hls/hls_video_arithm.h:1557]   --->   Operation 25 'add' 'i_V' <Predicate = true> <Delay = 2.55> <Core = "AddSub">   --->   Core 14 'AddSub' <Latency = 0> <II = 1> <Delay = 2.55> <FuncUnit> <Opcode : 'add' 'sub'> <InPorts = 2> <OutPorts = 1>
ST_2 : Operation 26 [1/1] (0.00ns)   --->   "br i1 %icmp_ln1557, label %.exit, label %loop_height_begin" [D:/Program_Files/Xilinx/Vivado/2019.2/common/technology/autopilot/hls/hls_video_arithm.h:1557]   --->   Operation 26 'br' <Predicate = true> <Delay = 0.00>
ST_2 : Operation 27 [1/1] (0.00ns)   --->   "call void (...)* @_ssdm_op_SpecLoopName([12 x i8]* @p_str19) nounwind" [D:/Program_Files/Xilinx/Vivado/2019.2/common/technology/autopilot/hls/hls_video_arithm.h:1557]   --->   Operation 27 'specloopname' <Predicate = (!icmp_ln1557)> <Delay = 0.00>
ST_2 : Operation 28 [1/1] (0.00ns)   --->   "%tmp_11_i = call i32 (...)* @_ssdm_op_SpecRegionBegin([12 x i8]* @p_str19)" [D:/Program_Files/Xilinx/Vivado/2019.2/common/technology/autopilot/hls/hls_video_arithm.h:1557]   --->   Operation 28 'specregionbegin' 'tmp_11_i' <Predicate = (!icmp_ln1557)> <Delay = 0.00>
ST_2 : Operation 29 [1/1] (1.76ns)   --->   "br label %1" [D:/Program_Files/Xilinx/Vivado/2019.2/common/technology/autopilot/hls/hls_video_arithm.h:1558]   --->   Operation 29 'br' <Predicate = (!icmp_ln1557)> <Delay = 1.76>
ST_2 : Operation 30 [1/1] (0.00ns)   --->   "ret void"   --->   Operation 30 'ret' <Predicate = (icmp_ln1557)> <Delay = 0.00>

State 3 <SV = 2> <Delay = 2.55>
ST_3 : Operation 31 [1/1] (0.00ns)   --->   "%t_V_7 = phi i32 [ 0, %loop_height_begin ], [ %j_V, %loop_width_begin ]"   --->   Operation 31 'phi' 't_V_7' <Predicate = true> <Delay = 0.00>
ST_3 : Operation 32 [1/1] (2.47ns)   --->   "%icmp_ln1558 = icmp eq i32 %t_V_7, %cols_V" [D:/Program_Files/Xilinx/Vivado/2019.2/common/technology/autopilot/hls/hls_video_arithm.h:1558]   --->   Operation 32 'icmp' 'icmp_ln1558' <Predicate = true> <Delay = 2.47> <Core = "Cmp">   --->   Core 25 'Cmp' <Latency = 0> <II = 1> <Delay = 2.47> <FuncUnit> <Opcode : 'icmp'> <InPorts = 2> <OutPorts = 1>
ST_3 : Operation 33 [1/1] (0.00ns)   --->   "call void (...)* @_ssdm_op_SpecLoopTripCount(i64 0, i64 1280, i64 0)"   --->   Operation 33 'speclooptripcount' <Predicate = true> <Delay = 0.00>
ST_3 : Operation 34 [1/1] (2.55ns)   --->   "%j_V = add i32 %t_V_7, 1" [D:/Program_Files/Xilinx/Vivado/2019.2/common/technology/autopilot/hls/hls_video_arithm.h:1558]   --->   Operation 34 'add' 'j_V' <Predicate = true> <Delay = 2.55> <Core = "AddSub">   --->   Core 14 'AddSub' <Latency = 0> <II = 1> <Delay = 2.55> <FuncUnit> <Opcode : 'add' 'sub'> <InPorts = 2> <OutPorts = 1>
ST_3 : Operation 35 [1/1] (0.00ns)   --->   "br i1 %icmp_ln1558, label %loop_height_end, label %loop_width_begin" [D:/Program_Files/Xilinx/Vivado/2019.2/common/technology/autopilot/hls/hls_video_arithm.h:1558]   --->   Operation 35 'br' <Predicate = true> <Delay = 0.00>

State 4 <SV = 3> <Delay = 7.26>
ST_4 : Operation 36 [1/1] (0.00ns)   --->   "call void (...)* @_ssdm_op_SpecLoopName([11 x i8]* @p_str20) nounwind" [D:/Program_Files/Xilinx/Vivado/2019.2/common/technology/autopilot/hls/hls_video_arithm.h:1558]   --->   Operation 36 'specloopname' <Predicate = (!icmp_ln1558)> <Delay = 0.00>
ST_4 : Operation 37 [1/1] (0.00ns)   --->   "%tmp_12_i = call i32 (...)* @_ssdm_op_SpecRegionBegin([11 x i8]* @p_str20)" [D:/Program_Files/Xilinx/Vivado/2019.2/common/technology/autopilot/hls/hls_video_arithm.h:1558]   --->   Operation 37 'specregionbegin' 'tmp_12_i' <Predicate = (!icmp_ln1558)> <Delay = 0.00>
ST_4 : Operation 38 [1/1] (0.00ns)   --->   "call void (...)* @_ssdm_op_SpecPipeline(i32 1, i32 1, i32 1, i32 0, [1 x i8]* @p_str1) nounwind" [D:/Program_Files/Xilinx/Vivado/2019.2/common/technology/autopilot/hls/hls_video_arithm.h:1560]   --->   Operation 38 'specpipeline' <Predicate = (!icmp_ln1558)> <Delay = 0.00>
ST_4 : Operation 39 [1/1] (0.00ns)   --->   "%tmp_13_i = call i32 (...)* @_ssdm_op_SpecRegionBegin([12 x i8]* @p_str12)" [D:/Program_Files/Xilinx/Vivado/2019.2/common/technology/autopilot/hls/hls_video_core.h:672->D:/Program_Files/Xilinx/Vivado/2019.2/common/technology/autopilot/hls/hls_video_core.h:711->D:/Program_Files/Xilinx/Vivado/2019.2/common/technology/autopilot/hls/hls_video_arithm.h:1561]   --->   Operation 39 'specregionbegin' 'tmp_13_i' <Predicate = (!icmp_ln1558)> <Delay = 0.00>
ST_4 : Operation 40 [1/1] (0.00ns)   --->   "call void (...)* @_ssdm_op_SpecProtocol(i32 0, [1 x i8]* @p_str1) nounwind" [D:/Program_Files/Xilinx/Vivado/2019.2/common/technology/autopilot/hls/hls_video_core.h:676->D:/Program_Files/Xilinx/Vivado/2019.2/common/technology/autopilot/hls/hls_video_core.h:711->D:/Program_Files/Xilinx/Vivado/2019.2/common/technology/autopilot/hls/hls_video_arithm.h:1561]   --->   Operation 40 'specprotocol' <Predicate = (!icmp_ln1558)> <Delay = 0.00>
ST_4 : Operation 41 [1/1] (3.63ns)   --->   "%tmp_39 = call i8 @_ssdm_op_Read.ap_fifo.volatile.i8P(i8* %src_data_stream_0_V)" [D:/Program_Files/Xilinx/Vivado/2019.2/common/technology/autopilot/hls/hls_video_core.h:679->D:/Program_Files/Xilinx/Vivado/2019.2/common/technology/autopilot/hls/hls_video_core.h:711->D:/Program_Files/Xilinx/Vivado/2019.2/common/technology/autopilot/hls/hls_video_arithm.h:1561]   --->   Operation 41 'read' 'tmp_39' <Predicate = (!icmp_ln1558)> <Delay = 3.63> <Core = "FIFO">   --->   Core 32 'FIFO' <Latency = 0> <II = 1> <Delay = 3.63> <Storage> <Opcode : 'read' 'write' 'nbread' 'nbwrite'> <Ports = 0> <Width = 8> <Depth = 2> <FIFO>
ST_4 : Operation 42 [1/1] (3.63ns)   --->   "%tmp_40 = call i8 @_ssdm_op_Read.ap_fifo.volatile.i8P(i8* %src_data_stream_1_V)" [D:/Program_Files/Xilinx/Vivado/2019.2/common/technology/autopilot/hls/hls_video_core.h:679->D:/Program_Files/Xilinx/Vivado/2019.2/common/technology/autopilot/hls/hls_video_core.h:711->D:/Program_Files/Xilinx/Vivado/2019.2/common/technology/autopilot/hls/hls_video_arithm.h:1561]   --->   Operation 42 'read' 'tmp_40' <Predicate = (!icmp_ln1558)> <Delay = 3.63> <Core = "FIFO">   --->   Core 32 'FIFO' <Latency = 0> <II = 1> <Delay = 3.63> <Storage> <Opcode : 'read' 'write' 'nbread' 'nbwrite'> <Ports = 0> <Width = 8> <Depth = 2> <FIFO>
ST_4 : Operation 43 [1/1] (3.63ns)   --->   "%tmp = call i8 @_ssdm_op_Read.ap_fifo.volatile.i8P(i8* %src_data_stream_2_V)" [D:/Program_Files/Xilinx/Vivado/2019.2/common/technology/autopilot/hls/hls_video_core.h:679->D:/Program_Files/Xilinx/Vivado/2019.2/common/technology/autopilot/hls/hls_video_core.h:711->D:/Program_Files/Xilinx/Vivado/2019.2/common/technology/autopilot/hls/hls_video_arithm.h:1561]   --->   Operation 43 'read' 'tmp' <Predicate = (!icmp_ln1558)> <Delay = 3.63> <Core = "FIFO">   --->   Core 32 'FIFO' <Latency = 0> <II = 1> <Delay = 3.63> <Storage> <Opcode : 'read' 'write' 'nbread' 'nbwrite'> <Ports = 0> <Width = 8> <Depth = 2> <FIFO>
ST_4 : Operation 44 [1/1] (0.00ns)   --->   "%empty = call i32 (...)* @_ssdm_op_SpecRegionEnd([12 x i8]* @p_str12, i32 %tmp_13_i)" [D:/Program_Files/Xilinx/Vivado/2019.2/common/technology/autopilot/hls/hls_video_core.h:681->D:/Program_Files/Xilinx/Vivado/2019.2/common/technology/autopilot/hls/hls_video_core.h:711->D:/Program_Files/Xilinx/Vivado/2019.2/common/technology/autopilot/hls/hls_video_arithm.h:1561]   --->   Operation 44 'specregionend' 'empty' <Predicate = (!icmp_ln1558)> <Delay = 0.00>
ST_4 : Operation 45 [1/1] (0.00ns)   --->   "%tmp_14_i = call i32 (...)* @_ssdm_op_SpecRegionBegin([12 x i8]* @p_str10)" [D:/Program_Files/Xilinx/Vivado/2019.2/common/technology/autopilot/hls/hls_video_core.h:696->D:/Program_Files/Xilinx/Vivado/2019.2/common/technology/autopilot/hls/hls_video_core.h:717->D:/Program_Files/Xilinx/Vivado/2019.2/common/technology/autopilot/hls/hls_video_arithm.h:1562]   --->   Operation 45 'specregionbegin' 'tmp_14_i' <Predicate = (!icmp_ln1558)> <Delay = 0.00>
ST_4 : Operation 46 [1/1] (0.00ns)   --->   "call void (...)* @_ssdm_op_SpecProtocol(i32 0, [1 x i8]* @p_str1) nounwind" [D:/Program_Files/Xilinx/Vivado/2019.2/common/technology/autopilot/hls/hls_video_core.h:700->D:/Program_Files/Xilinx/Vivado/2019.2/common/technology/autopilot/hls/hls_video_core.h:717->D:/Program_Files/Xilinx/Vivado/2019.2/common/technology/autopilot/hls/hls_video_arithm.h:1562]   --->   Operation 46 'specprotocol' <Predicate = (!icmp_ln1558)> <Delay = 0.00>
ST_4 : Operation 47 [1/1] (3.63ns)   --->   "call void @_ssdm_op_Write.ap_fifo.volatile.i8P(i8* %dst1_data_stream_0_V, i8 %tmp_39)" [D:/Program_Files/Xilinx/Vivado/2019.2/common/technology/autopilot/hls/hls_video_core.h:703->D:/Program_Files/Xilinx/Vivado/2019.2/common/technology/autopilot/hls/hls_video_core.h:717->D:/Program_Files/Xilinx/Vivado/2019.2/common/technology/autopilot/hls/hls_video_arithm.h:1562]   --->   Operation 47 'write' <Predicate = (!icmp_ln1558)> <Delay = 3.63> <Core = "FIFO">   --->   Core 32 'FIFO' <Latency = 0> <II = 1> <Delay = 3.63> <Storage> <Opcode : 'read' 'write' 'nbread' 'nbwrite'> <Ports = 0> <Width = 8> <Depth = 2> <FIFO>
ST_4 : Operation 48 [1/1] (3.63ns)   --->   "call void @_ssdm_op_Write.ap_fifo.volatile.i8P(i8* %dst1_data_stream_1_V, i8 %tmp_40)" [D:/Program_Files/Xilinx/Vivado/2019.2/common/technology/autopilot/hls/hls_video_core.h:703->D:/Program_Files/Xilinx/Vivado/2019.2/common/technology/autopilot/hls/hls_video_core.h:717->D:/Program_Files/Xilinx/Vivado/2019.2/common/technology/autopilot/hls/hls_video_arithm.h:1562]   --->   Operation 48 'write' <Predicate = (!icmp_ln1558)> <Delay = 3.63> <Core = "FIFO">   --->   Core 32 'FIFO' <Latency = 0> <II = 1> <Delay = 3.63> <Storage> <Opcode : 'read' 'write' 'nbread' 'nbwrite'> <Ports = 0> <Width = 8> <Depth = 2> <FIFO>
ST_4 : Operation 49 [1/1] (3.63ns)   --->   "call void @_ssdm_op_Write.ap_fifo.volatile.i8P(i8* %dst1_data_stream_2_V, i8 %tmp)" [D:/Program_Files/Xilinx/Vivado/2019.2/common/technology/autopilot/hls/hls_video_core.h:703->D:/Program_Files/Xilinx/Vivado/2019.2/common/technology/autopilot/hls/hls_video_core.h:717->D:/Program_Files/Xilinx/Vivado/2019.2/common/technology/autopilot/hls/hls_video_arithm.h:1562]   --->   Operation 49 'write' <Predicate = (!icmp_ln1558)> <Delay = 3.63> <Core = "FIFO">   --->   Core 32 'FIFO' <Latency = 0> <II = 1> <Delay = 3.63> <Storage> <Opcode : 'read' 'write' 'nbread' 'nbwrite'> <Ports = 0> <Width = 8> <Depth = 2> <FIFO>
ST_4 : Operation 50 [1/1] (0.00ns)   --->   "%empty_130 = call i32 (...)* @_ssdm_op_SpecRegionEnd([12 x i8]* @p_str10, i32 %tmp_14_i)" [D:/Program_Files/Xilinx/Vivado/2019.2/common/technology/autopilot/hls/hls_video_core.h:705->D:/Program_Files/Xilinx/Vivado/2019.2/common/technology/autopilot/hls/hls_video_core.h:717->D:/Program_Files/Xilinx/Vivado/2019.2/common/technology/autopilot/hls/hls_video_arithm.h:1562]   --->   Operation 50 'specregionend' 'empty_130' <Predicate = (!icmp_ln1558)> <Delay = 0.00>
ST_4 : Operation 51 [1/1] (0.00ns)   --->   "%tmp_18_i = call i32 (...)* @_ssdm_op_SpecRegionBegin([12 x i8]* @p_str10)" [D:/Program_Files/Xilinx/Vivado/2019.2/common/technology/autopilot/hls/hls_video_core.h:696->D:/Program_Files/Xilinx/Vivado/2019.2/common/technology/autopilot/hls/hls_video_core.h:717->D:/Program_Files/Xilinx/Vivado/2019.2/common/technology/autopilot/hls/hls_video_arithm.h:1563]   --->   Operation 51 'specregionbegin' 'tmp_18_i' <Predicate = (!icmp_ln1558)> <Delay = 0.00>
ST_4 : Operation 52 [1/1] (0.00ns)   --->   "call void (...)* @_ssdm_op_SpecProtocol(i32 0, [1 x i8]* @p_str1) nounwind" [D:/Program_Files/Xilinx/Vivado/2019.2/common/technology/autopilot/hls/hls_video_core.h:700->D:/Program_Files/Xilinx/Vivado/2019.2/common/technology/autopilot/hls/hls_video_core.h:717->D:/Program_Files/Xilinx/Vivado/2019.2/common/technology/autopilot/hls/hls_video_arithm.h:1563]   --->   Operation 52 'specprotocol' <Predicate = (!icmp_ln1558)> <Delay = 0.00>
ST_4 : Operation 53 [1/1] (3.63ns)   --->   "call void @_ssdm_op_Write.ap_fifo.volatile.i8P(i8* %dst2_data_stream_0_V, i8 %tmp_39)" [D:/Program_Files/Xilinx/Vivado/2019.2/common/technology/autopilot/hls/hls_video_core.h:703->D:/Program_Files/Xilinx/Vivado/2019.2/common/technology/autopilot/hls/hls_video_core.h:717->D:/Program_Files/Xilinx/Vivado/2019.2/common/technology/autopilot/hls/hls_video_arithm.h:1563]   --->   Operation 53 'write' <Predicate = (!icmp_ln1558)> <Delay = 3.63> <Core = "FIFO">   --->   Core 32 'FIFO' <Latency = 0> <II = 1> <Delay = 3.63> <Storage> <Opcode : 'read' 'write' 'nbread' 'nbwrite'> <Ports = 0> <Width = 8> <Depth = 2> <FIFO>
ST_4 : Operation 54 [1/1] (3.63ns)   --->   "call void @_ssdm_op_Write.ap_fifo.volatile.i8P(i8* %dst2_data_stream_1_V, i8 %tmp_40)" [D:/Program_Files/Xilinx/Vivado/2019.2/common/technology/autopilot/hls/hls_video_core.h:703->D:/Program_Files/Xilinx/Vivado/2019.2/common/technology/autopilot/hls/hls_video_core.h:717->D:/Program_Files/Xilinx/Vivado/2019.2/common/technology/autopilot/hls/hls_video_arithm.h:1563]   --->   Operation 54 'write' <Predicate = (!icmp_ln1558)> <Delay = 3.63> <Core = "FIFO">   --->   Core 32 'FIFO' <Latency = 0> <II = 1> <Delay = 3.63> <Storage> <Opcode : 'read' 'write' 'nbread' 'nbwrite'> <Ports = 0> <Width = 8> <Depth = 2> <FIFO>
ST_4 : Operation 55 [1/1] (3.63ns)   --->   "call void @_ssdm_op_Write.ap_fifo.volatile.i8P(i8* %dst2_data_stream_2_V, i8 %tmp)" [D:/Program_Files/Xilinx/Vivado/2019.2/common/technology/autopilot/hls/hls_video_core.h:703->D:/Program_Files/Xilinx/Vivado/2019.2/common/technology/autopilot/hls/hls_video_core.h:717->D:/Program_Files/Xilinx/Vivado/2019.2/common/technology/autopilot/hls/hls_video_arithm.h:1563]   --->   Operation 55 'write' <Predicate = (!icmp_ln1558)> <Delay = 3.63> <Core = "FIFO">   --->   Core 32 'FIFO' <Latency = 0> <II = 1> <Delay = 3.63> <Storage> <Opcode : 'read' 'write' 'nbread' 'nbwrite'> <Ports = 0> <Width = 8> <Depth = 2> <FIFO>
ST_4 : Operation 56 [1/1] (0.00ns)   --->   "%empty_131 = call i32 (...)* @_ssdm_op_SpecRegionEnd([12 x i8]* @p_str10, i32 %tmp_18_i)" [D:/Program_Files/Xilinx/Vivado/2019.2/common/technology/autopilot/hls/hls_video_core.h:705->D:/Program_Files/Xilinx/Vivado/2019.2/common/technology/autopilot/hls/hls_video_core.h:717->D:/Program_Files/Xilinx/Vivado/2019.2/common/technology/autopilot/hls/hls_video_arithm.h:1563]   --->   Operation 56 'specregionend' 'empty_131' <Predicate = (!icmp_ln1558)> <Delay = 0.00>
ST_4 : Operation 57 [1/1] (0.00ns)   --->   "%empty_132 = call i32 (...)* @_ssdm_op_SpecRegionEnd([11 x i8]* @p_str20, i32 %tmp_12_i)" [D:/Program_Files/Xilinx/Vivado/2019.2/common/technology/autopilot/hls/hls_video_arithm.h:1564]   --->   Operation 57 'specregionend' 'empty_132' <Predicate = (!icmp_ln1558)> <Delay = 0.00>
ST_4 : Operation 58 [1/1] (0.00ns)   --->   "br label %1" [D:/Program_Files/Xilinx/Vivado/2019.2/common/technology/autopilot/hls/hls_video_arithm.h:1558]   --->   Operation 58 'br' <Predicate = (!icmp_ln1558)> <Delay = 0.00>

State 5 <SV = 3> <Delay = 0.00>
ST_5 : Operation 59 [1/1] (0.00ns)   --->   "%empty_133 = call i32 (...)* @_ssdm_op_SpecRegionEnd([12 x i8]* @p_str19, i32 %tmp_11_i)" [D:/Program_Files/Xilinx/Vivado/2019.2/common/technology/autopilot/hls/hls_video_arithm.h:1565]   --->   Operation 59 'specregionend' 'empty_133' <Predicate = true> <Delay = 0.00>
ST_5 : Operation 60 [1/1] (0.00ns)   --->   "br label %0" [D:/Program_Files/Xilinx/Vivado/2019.2/common/technology/autopilot/hls/hls_video_arithm.h:1557]   --->   Operation 60 'br' <Predicate = true> <Delay = 0.00>


============================================================
+ Verbose Summary: Binding
============================================================
STG Binding: 
---------------- STG Properties BEGIN ----------------
- Is combinational: 0
- Is one-state seq: 0
- Is datapath-only: 0
- Is pipelined: 0
- Is top level: 0
Port [ Return ] is wired: 1; IO mode=ap_ctrl_hs:ce=0
Port [ src_rows_V]:  wired=1; compound=1; hidden=0; nouse=0; global=0; static=0; extern=0; dir=0; type=3; pingpong=0; private_global=0; IO mode=ap_fifo:ce=0
Port [ src_cols_V]:  wired=1; compound=1; hidden=0; nouse=0; global=0; static=0; extern=0; dir=0; type=3; pingpong=0; private_global=0; IO mode=ap_fifo:ce=0
Port [ src_data_stream_0_V]:  wired=1; compound=1; hidden=0; nouse=0; global=0; static=0; extern=0; dir=0; type=3; pingpong=0; private_global=0; IO mode=ap_fifo:ce=0
Port [ src_data_stream_1_V]:  wired=1; compound=1; hidden=0; nouse=0; global=0; static=0; extern=0; dir=0; type=3; pingpong=0; private_global=0; IO mode=ap_fifo:ce=0
Port [ src_data_stream_2_V]:  wired=1; compound=1; hidden=0; nouse=0; global=0; static=0; extern=0; dir=0; type=3; pingpong=0; private_global=0; IO mode=ap_fifo:ce=0
Port [ dst1_data_stream_0_V]:  wired=1; compound=1; hidden=0; nouse=0; global=0; static=0; extern=0; dir=1; type=3; pingpong=0; private_global=0; IO mode=ap_fifo:ce=0
Port [ dst1_data_stream_1_V]:  wired=1; compound=1; hidden=0; nouse=0; global=0; static=0; extern=0; dir=1; type=3; pingpong=0; private_global=0; IO mode=ap_fifo:ce=0
Port [ dst1_data_stream_2_V]:  wired=1; compound=1; hidden=0; nouse=0; global=0; static=0; extern=0; dir=1; type=3; pingpong=0; private_global=0; IO mode=ap_fifo:ce=0
Port [ dst2_data_stream_0_V]:  wired=1; compound=1; hidden=0; nouse=0; global=0; static=0; extern=0; dir=1; type=3; pingpong=0; private_global=0; IO mode=ap_fifo:ce=0
Port [ dst2_data_stream_1_V]:  wired=1; compound=1; hidden=0; nouse=0; global=0; static=0; extern=0; dir=1; type=3; pingpong=0; private_global=0; IO mode=ap_fifo:ce=0
Port [ dst2_data_stream_2_V]:  wired=1; compound=1; hidden=0; nouse=0; global=0; static=0; extern=0; dir=1; type=3; pingpong=0; private_global=0; IO mode=ap_fifo:ce=0
---------------- STG Properties END ------------------

---------------- Datapath Model BEGIN ----------------

<LifeTime>
<method=bitvector/>
specinterface_ln0     (specinterface    ) [ 000000]
specinterface_ln0     (specinterface    ) [ 000000]
specinterface_ln0     (specinterface    ) [ 000000]
specinterface_ln0     (specinterface    ) [ 000000]
specinterface_ln0     (specinterface    ) [ 000000]
specinterface_ln0     (specinterface    ) [ 000000]
specinterface_ln0     (specinterface    ) [ 000000]
specinterface_ln0     (specinterface    ) [ 000000]
specinterface_ln0     (specinterface    ) [ 000000]
specinterface_ln0     (specinterface    ) [ 000000]
specinterface_ln0     (specinterface    ) [ 000000]
src_rows_V_read       (read             ) [ 000000]
rows_V                (sext             ) [ 001111]
src_cols_V_read       (read             ) [ 000000]
cols_V                (sext             ) [ 001111]
br_ln1557             (br               ) [ 011111]
t_V                   (phi              ) [ 001000]
icmp_ln1557           (icmp             ) [ 001111]
speclooptripcount_ln0 (speclooptripcount) [ 000000]
i_V                   (add              ) [ 011111]
br_ln1557             (br               ) [ 000000]
specloopname_ln1557   (specloopname     ) [ 000000]
tmp_11_i              (specregionbegin  ) [ 000111]
br_ln1558             (br               ) [ 001111]
ret_ln0               (ret              ) [ 000000]
t_V_7                 (phi              ) [ 000100]
icmp_ln1558           (icmp             ) [ 001111]
speclooptripcount_ln0 (speclooptripcount) [ 000000]
j_V                   (add              ) [ 001111]
br_ln1558             (br               ) [ 000000]
specloopname_ln1558   (specloopname     ) [ 000000]
tmp_12_i              (specregionbegin  ) [ 000000]
specpipeline_ln1560   (specpipeline     ) [ 000000]
tmp_13_i              (specregionbegin  ) [ 000000]
specprotocol_ln676    (specprotocol     ) [ 000000]
tmp_39                (read             ) [ 000000]
tmp_40                (read             ) [ 000000]
tmp                   (read             ) [ 000000]
empty                 (specregionend    ) [ 000000]
tmp_14_i              (specregionbegin  ) [ 000000]
specprotocol_ln700    (specprotocol     ) [ 000000]
write_ln703           (write            ) [ 000000]
write_ln703           (write            ) [ 000000]
write_ln703           (write            ) [ 000000]
empty_130             (specregionend    ) [ 000000]
tmp_18_i              (specregionbegin  ) [ 000000]
specprotocol_ln700    (specprotocol     ) [ 000000]
write_ln703           (write            ) [ 000000]
write_ln703           (write            ) [ 000000]
write_ln703           (write            ) [ 000000]
empty_131             (specregionend    ) [ 000000]
empty_132             (specregionend    ) [ 000000]
br_ln1558             (br               ) [ 001111]
empty_133             (specregionend    ) [ 000000]
br_ln1557             (br               ) [ 011111]
</LifeTime>

<model>

<comp_list>
<comp id="0" class="1000" name="src_rows_V">
<pin_list>
<pin id="1" dir="1" index="0" bw="1" slack="0"/>
</pin_list>
<bind>
<StgValue><ssdm name="src_rows_V"/></StgValue>
</bind>
</comp>

<comp id="2" class="1000" name="src_cols_V">
<pin_list>
<pin id="3" dir="1" index="0" bw="1" slack="0"/>
</pin_list>
<bind>
<StgValue><ssdm name="src_cols_V"/></StgValue>
</bind>
</comp>

<comp id="4" class="1000" name="src_data_stream_0_V">
<pin_list>
<pin id="5" dir="1" index="0" bw="1" slack="0"/>
</pin_list>
<bind>
<StgValue><ssdm name="src_data_stream_0_V"/></StgValue>
</bind>
</comp>

<comp id="6" class="1000" name="src_data_stream_1_V">
<pin_list>
<pin id="7" dir="1" index="0" bw="1" slack="0"/>
</pin_list>
<bind>
<StgValue><ssdm name="src_data_stream_1_V"/></StgValue>
</bind>
</comp>

<comp id="8" class="1000" name="src_data_stream_2_V">
<pin_list>
<pin id="9" dir="1" index="0" bw="1" slack="0"/>
</pin_list>
<bind>
<StgValue><ssdm name="src_data_stream_2_V"/></StgValue>
</bind>
</comp>

<comp id="10" class="1000" name="dst1_data_stream_0_V">
<pin_list>
<pin id="11" dir="1" index="0" bw="1" slack="0"/>
</pin_list>
<bind>
<StgValue><ssdm name="dst1_data_stream_0_V"/></StgValue>
</bind>
</comp>

<comp id="12" class="1000" name="dst1_data_stream_1_V">
<pin_list>
<pin id="13" dir="1" index="0" bw="1" slack="0"/>
</pin_list>
<bind>
<StgValue><ssdm name="dst1_data_stream_1_V"/></StgValue>
</bind>
</comp>

<comp id="14" class="1000" name="dst1_data_stream_2_V">
<pin_list>
<pin id="15" dir="1" index="0" bw="1" slack="0"/>
</pin_list>
<bind>
<StgValue><ssdm name="dst1_data_stream_2_V"/></StgValue>
</bind>
</comp>

<comp id="16" class="1000" name="dst2_data_stream_0_V">
<pin_list>
<pin id="17" dir="1" index="0" bw="1" slack="0"/>
</pin_list>
<bind>
<StgValue><ssdm name="dst2_data_stream_0_V"/></StgValue>
</bind>
</comp>

<comp id="18" class="1000" name="dst2_data_stream_1_V">
<pin_list>
<pin id="19" dir="1" index="0" bw="1" slack="0"/>
</pin_list>
<bind>
<StgValue><ssdm name="dst2_data_stream_1_V"/></StgValue>
</bind>
</comp>

<comp id="20" class="1000" name="dst2_data_stream_2_V">
<pin_list>
<pin id="21" dir="1" index="0" bw="1" slack="0"/>
</pin_list>
<bind>
<StgValue><ssdm name="dst2_data_stream_2_V"/></StgValue>
</bind>
</comp>

<comp id="22" class="1001" name="const_22">
<pin_list>
<pin id="23" dir="1" index="0" bw="1" slack="2147483647"/>
</pin_list>
<bind>
<StgValue><ssdm name="_ssdm_op_SpecInterface"/></StgValue>
</bind>
</comp>

<comp id="24" class="1001" name="const_24">
<pin_list>
<pin id="25" dir="1" index="0" bw="1" slack="2147483647"/>
</pin_list>
<bind>
<StgValue><ssdm name="ap_fifo_str"/></StgValue>
</bind>
</comp>

<comp id="26" class="1001" name="const_26">
<pin_list>
<pin id="27" dir="1" index="0" bw="1" slack="1"/>
</pin_list>
<bind>
<StgValue><ssdm name=""/></StgValue>
</bind>
</comp>

<comp id="28" class="1001" name="const_28">
<pin_list>
<pin id="29" dir="1" index="0" bw="1" slack="2147483647"/>
</pin_list>
<bind>
<StgValue><ssdm name="p_str160"/></StgValue>
</bind>
</comp>

<comp id="30" class="1001" name="const_30">
<pin_list>
<pin id="31" dir="1" index="0" bw="1" slack="2147483647"/>
</pin_list>
<bind>
<StgValue><ssdm name="p_str161"/></StgValue>
</bind>
</comp>

<comp id="32" class="1001" name="const_32">
<pin_list>
<pin id="33" dir="1" index="0" bw="1" slack="2147483647"/>
</pin_list>
<bind>
<StgValue><ssdm name="p_str162"/></StgValue>
</bind>
</comp>

<comp id="34" class="1001" name="const_34">
<pin_list>
<pin id="35" dir="1" index="0" bw="1" slack="2147483647"/>
</pin_list>
<bind>
<StgValue><ssdm name="p_str163"/></StgValue>
</bind>
</comp>

<comp id="36" class="1001" name="const_36">
<pin_list>
<pin id="37" dir="1" index="0" bw="1" slack="2147483647"/>
</pin_list>
<bind>
<StgValue><ssdm name=""/></StgValue>
</bind>
</comp>

<comp id="38" class="1001" name="const_38">
<pin_list>
<pin id="39" dir="1" index="0" bw="1" slack="2147483647"/>
</pin_list>
<bind>
<StgValue><ssdm name=""/></StgValue>
</bind>
</comp>

<comp id="40" class="1001" name="const_40">
<pin_list>
<pin id="41" dir="1" index="0" bw="1" slack="2147483647"/>
</pin_list>
<bind>
<StgValue><ssdm name="p_str164"/></StgValue>
</bind>
</comp>

<comp id="42" class="1001" name="const_42">
<pin_list>
<pin id="43" dir="1" index="0" bw="1" slack="2147483647"/>
</pin_list>
<bind>
<StgValue><ssdm name="p_str165"/></StgValue>
</bind>
</comp>

<comp id="44" class="1001" name="const_44">
<pin_list>
<pin id="45" dir="1" index="0" bw="1" slack="2147483647"/>
</pin_list>
<bind>
<StgValue><ssdm name="p_str153"/></StgValue>
</bind>
</comp>

<comp id="46" class="1001" name="const_46">
<pin_list>
<pin id="47" dir="1" index="0" bw="1" slack="2147483647"/>
</pin_list>
<bind>
<StgValue><ssdm name="p_str154"/></StgValue>
</bind>
</comp>

<comp id="48" class="1001" name="const_48">
<pin_list>
<pin id="49" dir="1" index="0" bw="1" slack="2147483647"/>
</pin_list>
<bind>
<StgValue><ssdm name="p_str155"/></StgValue>
</bind>
</comp>

<comp id="50" class="1001" name="const_50">
<pin_list>
<pin id="51" dir="1" index="0" bw="1" slack="2147483647"/>
</pin_list>
<bind>
<StgValue><ssdm name="p_str156"/></StgValue>
</bind>
</comp>

<comp id="52" class="1001" name="const_52">
<pin_list>
<pin id="53" dir="1" index="0" bw="1" slack="2147483647"/>
</pin_list>
<bind>
<StgValue><ssdm name="p_str157"/></StgValue>
</bind>
</comp>

<comp id="54" class="1001" name="const_54">
<pin_list>
<pin id="55" dir="1" index="0" bw="1" slack="2147483647"/>
</pin_list>
<bind>
<StgValue><ssdm name="p_str158"/></StgValue>
</bind>
</comp>

<comp id="56" class="1001" name="const_56">
<pin_list>
<pin id="57" dir="1" index="0" bw="1" slack="2147483647"/>
</pin_list>
<bind>
<StgValue><ssdm name="p_str146"/></StgValue>
</bind>
</comp>

<comp id="58" class="1001" name="const_58">
<pin_list>
<pin id="59" dir="1" index="0" bw="1" slack="2147483647"/>
</pin_list>
<bind>
<StgValue><ssdm name="p_str147"/></StgValue>
</bind>
</comp>

<comp id="60" class="1001" name="const_60">
<pin_list>
<pin id="61" dir="1" index="0" bw="1" slack="2147483647"/>
</pin_list>
<bind>
<StgValue><ssdm name="p_str148"/></StgValue>
</bind>
</comp>

<comp id="62" class="1001" name="const_62">
<pin_list>
<pin id="63" dir="1" index="0" bw="1" slack="2147483647"/>
</pin_list>
<bind>
<StgValue><ssdm name="p_str149"/></StgValue>
</bind>
</comp>

<comp id="64" class="1001" name="const_64">
<pin_list>
<pin id="65" dir="1" index="0" bw="1" slack="2147483647"/>
</pin_list>
<bind>
<StgValue><ssdm name="p_str150"/></StgValue>
</bind>
</comp>

<comp id="66" class="1001" name="const_66">
<pin_list>
<pin id="67" dir="1" index="0" bw="1" slack="2147483647"/>
</pin_list>
<bind>
<StgValue><ssdm name="p_str151"/></StgValue>
</bind>
</comp>

<comp id="68" class="1001" name="const_68">
<pin_list>
<pin id="69" dir="1" index="0" bw="1" slack="2147483647"/>
</pin_list>
<bind>
<StgValue><ssdm name="p_str139"/></StgValue>
</bind>
</comp>

<comp id="70" class="1001" name="const_70">
<pin_list>
<pin id="71" dir="1" index="0" bw="1" slack="2147483647"/>
</pin_list>
<bind>
<StgValue><ssdm name="p_str140"/></StgValue>
</bind>
</comp>

<comp id="72" class="1001" name="const_72">
<pin_list>
<pin id="73" dir="1" index="0" bw="1" slack="2147483647"/>
</pin_list>
<bind>
<StgValue><ssdm name="p_str141"/></StgValue>
</bind>
</comp>

<comp id="74" class="1001" name="const_74">
<pin_list>
<pin id="75" dir="1" index="0" bw="1" slack="2147483647"/>
</pin_list>
<bind>
<StgValue><ssdm name="p_str142"/></StgValue>
</bind>
</comp>

<comp id="76" class="1001" name="const_76">
<pin_list>
<pin id="77" dir="1" index="0" bw="1" slack="2147483647"/>
</pin_list>
<bind>
<StgValue><ssdm name="p_str143"/></StgValue>
</bind>
</comp>

<comp id="78" class="1001" name="const_78">
<pin_list>
<pin id="79" dir="1" index="0" bw="1" slack="2147483647"/>
</pin_list>
<bind>
<StgValue><ssdm name="p_str144"/></StgValue>
</bind>
</comp>

<comp id="80" class="1001" name="const_80">
<pin_list>
<pin id="81" dir="1" index="0" bw="1" slack="2147483647"/>
</pin_list>
<bind>
<StgValue><ssdm name="p_str132"/></StgValue>
</bind>
</comp>

<comp id="82" class="1001" name="const_82">
<pin_list>
<pin id="83" dir="1" index="0" bw="1" slack="2147483647"/>
</pin_list>
<bind>
<StgValue><ssdm name="p_str133"/></StgValue>
</bind>
</comp>

<comp id="84" class="1001" name="const_84">
<pin_list>
<pin id="85" dir="1" index="0" bw="1" slack="2147483647"/>
</pin_list>
<bind>
<StgValue><ssdm name="p_str134"/></StgValue>
</bind>
</comp>

<comp id="86" class="1001" name="const_86">
<pin_list>
<pin id="87" dir="1" index="0" bw="1" slack="2147483647"/>
</pin_list>
<bind>
<StgValue><ssdm name="p_str135"/></StgValue>
</bind>
</comp>

<comp id="88" class="1001" name="const_88">
<pin_list>
<pin id="89" dir="1" index="0" bw="1" slack="2147483647"/>
</pin_list>
<bind>
<StgValue><ssdm name="p_str136"/></StgValue>
</bind>
</comp>

<comp id="90" class="1001" name="const_90">
<pin_list>
<pin id="91" dir="1" index="0" bw="1" slack="2147483647"/>
</pin_list>
<bind>
<StgValue><ssdm name="p_str137"/></StgValue>
</bind>
</comp>

<comp id="92" class="1001" name="const_92">
<pin_list>
<pin id="93" dir="1" index="0" bw="1" slack="2147483647"/>
</pin_list>
<bind>
<StgValue><ssdm name="p_str125"/></StgValue>
</bind>
</comp>

<comp id="94" class="1001" name="const_94">
<pin_list>
<pin id="95" dir="1" index="0" bw="1" slack="2147483647"/>
</pin_list>
<bind>
<StgValue><ssdm name="p_str126"/></StgValue>
</bind>
</comp>

<comp id="96" class="1001" name="const_96">
<pin_list>
<pin id="97" dir="1" index="0" bw="1" slack="2147483647"/>
</pin_list>
<bind>
<StgValue><ssdm name="p_str127"/></StgValue>
</bind>
</comp>

<comp id="98" class="1001" name="const_98">
<pin_list>
<pin id="99" dir="1" index="0" bw="1" slack="2147483647"/>
</pin_list>
<bind>
<StgValue><ssdm name="p_str128"/></StgValue>
</bind>
</comp>

<comp id="100" class="1001" name="const_100">
<pin_list>
<pin id="101" dir="1" index="0" bw="1" slack="2147483647"/>
</pin_list>
<bind>
<StgValue><ssdm name="p_str129"/></StgValue>
</bind>
</comp>

<comp id="102" class="1001" name="const_102">
<pin_list>
<pin id="103" dir="1" index="0" bw="1" slack="2147483647"/>
</pin_list>
<bind>
<StgValue><ssdm name="p_str130"/></StgValue>
</bind>
</comp>

<comp id="104" class="1001" name="const_104">
<pin_list>
<pin id="105" dir="1" index="0" bw="1" slack="2147483647"/>
</pin_list>
<bind>
<StgValue><ssdm name="p_str118"/></StgValue>
</bind>
</comp>

<comp id="106" class="1001" name="const_106">
<pin_list>
<pin id="107" dir="1" index="0" bw="1" slack="2147483647"/>
</pin_list>
<bind>
<StgValue><ssdm name="p_str119"/></StgValue>
</bind>
</comp>

<comp id="108" class="1001" name="const_108">
<pin_list>
<pin id="109" dir="1" index="0" bw="1" slack="2147483647"/>
</pin_list>
<bind>
<StgValue><ssdm name="p_str120"/></StgValue>
</bind>
</comp>

<comp id="110" class="1001" name="const_110">
<pin_list>
<pin id="111" dir="1" index="0" bw="1" slack="2147483647"/>
</pin_list>
<bind>
<StgValue><ssdm name="p_str121"/></StgValue>
</bind>
</comp>

<comp id="112" class="1001" name="const_112">
<pin_list>
<pin id="113" dir="1" index="0" bw="1" slack="2147483647"/>
</pin_list>
<bind>
<StgValue><ssdm name="p_str122"/></StgValue>
</bind>
</comp>

<comp id="114" class="1001" name="const_114">
<pin_list>
<pin id="115" dir="1" index="0" bw="1" slack="2147483647"/>
</pin_list>
<bind>
<StgValue><ssdm name="p_str123"/></StgValue>
</bind>
</comp>

<comp id="116" class="1001" name="const_116">
<pin_list>
<pin id="117" dir="1" index="0" bw="1" slack="2147483647"/>
</pin_list>
<bind>
<StgValue><ssdm name="p_str111"/></StgValue>
</bind>
</comp>

<comp id="118" class="1001" name="const_118">
<pin_list>
<pin id="119" dir="1" index="0" bw="1" slack="2147483647"/>
</pin_list>
<bind>
<StgValue><ssdm name="p_str112"/></StgValue>
</bind>
</comp>

<comp id="120" class="1001" name="const_120">
<pin_list>
<pin id="121" dir="1" index="0" bw="1" slack="2147483647"/>
</pin_list>
<bind>
<StgValue><ssdm name="p_str113"/></StgValue>
</bind>
</comp>

<comp id="122" class="1001" name="const_122">
<pin_list>
<pin id="123" dir="1" index="0" bw="1" slack="2147483647"/>
</pin_list>
<bind>
<StgValue><ssdm name="p_str114"/></StgValue>
</bind>
</comp>

<comp id="124" class="1001" name="const_124">
<pin_list>
<pin id="125" dir="1" index="0" bw="1" slack="2147483647"/>
</pin_list>
<bind>
<StgValue><ssdm name="p_str115"/></StgValue>
</bind>
</comp>

<comp id="126" class="1001" name="const_126">
<pin_list>
<pin id="127" dir="1" index="0" bw="1" slack="2147483647"/>
</pin_list>
<bind>
<StgValue><ssdm name="p_str116"/></StgValue>
</bind>
</comp>

<comp id="128" class="1001" name="const_128">
<pin_list>
<pin id="129" dir="1" index="0" bw="1" slack="2147483647"/>
</pin_list>
<bind>
<StgValue><ssdm name="p_str104"/></StgValue>
</bind>
</comp>

<comp id="130" class="1001" name="const_130">
<pin_list>
<pin id="131" dir="1" index="0" bw="1" slack="2147483647"/>
</pin_list>
<bind>
<StgValue><ssdm name="p_str105"/></StgValue>
</bind>
</comp>

<comp id="132" class="1001" name="const_132">
<pin_list>
<pin id="133" dir="1" index="0" bw="1" slack="2147483647"/>
</pin_list>
<bind>
<StgValue><ssdm name="p_str106"/></StgValue>
</bind>
</comp>

<comp id="134" class="1001" name="const_134">
<pin_list>
<pin id="135" dir="1" index="0" bw="1" slack="2147483647"/>
</pin_list>
<bind>
<StgValue><ssdm name="p_str107"/></StgValue>
</bind>
</comp>

<comp id="136" class="1001" name="const_136">
<pin_list>
<pin id="137" dir="1" index="0" bw="1" slack="2147483647"/>
</pin_list>
<bind>
<StgValue><ssdm name="p_str108"/></StgValue>
</bind>
</comp>

<comp id="138" class="1001" name="const_138">
<pin_list>
<pin id="139" dir="1" index="0" bw="1" slack="2147483647"/>
</pin_list>
<bind>
<StgValue><ssdm name="p_str109"/></StgValue>
</bind>
</comp>

<comp id="140" class="1001" name="const_140">
<pin_list>
<pin id="141" dir="1" index="0" bw="1" slack="2147483647"/>
</pin_list>
<bind>
<StgValue><ssdm name="p_str447"/></StgValue>
</bind>
</comp>

<comp id="142" class="1001" name="const_142">
<pin_list>
<pin id="143" dir="1" index="0" bw="1" slack="2147483647"/>
</pin_list>
<bind>
<StgValue><ssdm name="p_str448"/></StgValue>
</bind>
</comp>

<comp id="144" class="1001" name="const_144">
<pin_list>
<pin id="145" dir="1" index="0" bw="1" slack="2147483647"/>
</pin_list>
<bind>
<StgValue><ssdm name="p_str449"/></StgValue>
</bind>
</comp>

<comp id="146" class="1001" name="const_146">
<pin_list>
<pin id="147" dir="1" index="0" bw="1" slack="2147483647"/>
</pin_list>
<bind>
<StgValue><ssdm name="p_str450"/></StgValue>
</bind>
</comp>

<comp id="148" class="1001" name="const_148">
<pin_list>
<pin id="149" dir="1" index="0" bw="1" slack="2147483647"/>
</pin_list>
<bind>
<StgValue><ssdm name="p_str451"/></StgValue>
</bind>
</comp>

<comp id="150" class="1001" name="const_150">
<pin_list>
<pin id="151" dir="1" index="0" bw="1" slack="2147483647"/>
</pin_list>
<bind>
<StgValue><ssdm name="ScalarProp_str"/></StgValue>
</bind>
</comp>

<comp id="152" class="1001" name="const_152">
<pin_list>
<pin id="153" dir="1" index="0" bw="1" slack="2147483647"/>
</pin_list>
<bind>
<StgValue><ssdm name="p_str452"/></StgValue>
</bind>
</comp>

<comp id="154" class="1001" name="const_154">
<pin_list>
<pin id="155" dir="1" index="0" bw="1" slack="2147483647"/>
</pin_list>
<bind>
<StgValue><ssdm name="p_str453"/></StgValue>
</bind>
</comp>

<comp id="156" class="1001" name="const_156">
<pin_list>
<pin id="157" dir="1" index="0" bw="1" slack="2147483647"/>
</pin_list>
<bind>
<StgValue><ssdm name="p_str454"/></StgValue>
</bind>
</comp>

<comp id="158" class="1001" name="const_158">
<pin_list>
<pin id="159" dir="1" index="0" bw="1" slack="2147483647"/>
</pin_list>
<bind>
<StgValue><ssdm name="p_str455"/></StgValue>
</bind>
</comp>

<comp id="160" class="1001" name="const_160">
<pin_list>
<pin id="161" dir="1" index="0" bw="1" slack="2147483647"/>
</pin_list>
<bind>
<StgValue><ssdm name="p_str456"/></StgValue>
</bind>
</comp>

<comp id="162" class="1001" name="const_162">
<pin_list>
<pin id="163" dir="1" index="0" bw="1" slack="0"/>
</pin_list>
<bind>
<StgValue><ssdm name="_ssdm_op_Read.ap_fifo.i11P"/></StgValue>
</bind>
</comp>

<comp id="164" class="1001" name="const_164">
<pin_list>
<pin id="165" dir="1" index="0" bw="1" slack="0"/>
</pin_list>
<bind>
<StgValue><ssdm name="_ssdm_op_Read.ap_fifo.i12P"/></StgValue>
</bind>
</comp>

<comp id="166" class="1001" name="const_166">
<pin_list>
<pin id="167" dir="1" index="0" bw="1" slack="2147483647"/>
</pin_list>
<bind>
<StgValue><ssdm name="_ssdm_op_SpecLoopTripCount"/></StgValue>
</bind>
</comp>

<comp id="168" class="1001" name="const_168">
<pin_list>
<pin id="169" dir="1" index="0" bw="1" slack="2147483647"/>
</pin_list>
<bind>
<StgValue><ssdm name=""/></StgValue>
</bind>
</comp>

<comp id="170" class="1001" name="const_170">
<pin_list>
<pin id="171" dir="1" index="0" bw="1" slack="2147483647"/>
</pin_list>
<bind>
<StgValue><ssdm name=""/></StgValue>
</bind>
</comp>

<comp id="172" class="1001" name="const_172">
<pin_list>
<pin id="173" dir="1" index="0" bw="1" slack="0"/>
</pin_list>
<bind>
<StgValue><ssdm name=""/></StgValue>
</bind>
</comp>

<comp id="174" class="1001" name="const_174">
<pin_list>
<pin id="175" dir="1" index="0" bw="1" slack="2147483647"/>
</pin_list>
<bind>
<StgValue><ssdm name="_ssdm_op_SpecLoopName"/></StgValue>
</bind>
</comp>

<comp id="176" class="1001" name="const_176">
<pin_list>
<pin id="177" dir="1" index="0" bw="1" slack="2147483647"/>
</pin_list>
<bind>
<StgValue><ssdm name="p_str19"/></StgValue>
</bind>
</comp>

<comp id="178" class="1001" name="const_178">
<pin_list>
<pin id="179" dir="1" index="0" bw="1" slack="2147483647"/>
</pin_list>
<bind>
<StgValue><ssdm name="_ssdm_op_SpecRegionBegin"/></StgValue>
</bind>
</comp>

<comp id="180" class="1001" name="const_180">
<pin_list>
<pin id="181" dir="1" index="0" bw="1" slack="2147483647"/>
</pin_list>
<bind>
<StgValue><ssdm name=""/></StgValue>
</bind>
</comp>

<comp id="182" class="1001" name="const_182">
<pin_list>
<pin id="183" dir="1" index="0" bw="1" slack="2147483647"/>
</pin_list>
<bind>
<StgValue><ssdm name="p_str20"/></StgValue>
</bind>
</comp>

<comp id="184" class="1001" name="const_184">
<pin_list>
<pin id="185" dir="1" index="0" bw="1" slack="2147483647"/>
</pin_list>
<bind>
<StgValue><ssdm name="_ssdm_op_SpecPipeline"/></StgValue>
</bind>
</comp>

<comp id="186" class="1001" name="const_186">
<pin_list>
<pin id="187" dir="1" index="0" bw="1" slack="2147483647"/>
</pin_list>
<bind>
<StgValue><ssdm name="p_str1"/></StgValue>
</bind>
</comp>

<comp id="188" class="1001" name="const_188">
<pin_list>
<pin id="189" dir="1" index="0" bw="1" slack="2147483647"/>
</pin_list>
<bind>
<StgValue><ssdm name="p_str12"/></StgValue>
</bind>
</comp>

<comp id="190" class="1001" name="const_190">
<pin_list>
<pin id="191" dir="1" index="0" bw="1" slack="2147483647"/>
</pin_list>
<bind>
<StgValue><ssdm name="_ssdm_op_SpecProtocol"/></StgValue>
</bind>
</comp>

<comp id="192" class="1001" name="const_192">
<pin_list>
<pin id="193" dir="1" index="0" bw="1" slack="0"/>
</pin_list>
<bind>
<StgValue><ssdm name="_ssdm_op_Read.ap_fifo.volatile.i8P"/></StgValue>
</bind>
</comp>

<comp id="194" class="1001" name="const_194">
<pin_list>
<pin id="195" dir="1" index="0" bw="1" slack="2147483647"/>
</pin_list>
<bind>
<StgValue><ssdm name="_ssdm_op_SpecRegionEnd"/></StgValue>
</bind>
</comp>

<comp id="196" class="1001" name="const_196">
<pin_list>
<pin id="197" dir="1" index="0" bw="1" slack="2147483647"/>
</pin_list>
<bind>
<StgValue><ssdm name="p_str10"/></StgValue>
</bind>
</comp>

<comp id="198" class="1001" name="const_198">
<pin_list>
<pin id="199" dir="1" index="0" bw="1" slack="0"/>
</pin_list>
<bind>
<StgValue><ssdm name="_ssdm_op_Write.ap_fifo.volatile.i8P"/></StgValue>
</bind>
</comp>

<comp id="200" class="1004" name="src_rows_V_read_read_fu_200">
<pin_list>
<pin id="201" dir="0" index="0" bw="11" slack="0"/>
<pin id="202" dir="0" index="1" bw="11" slack="0"/>
<pin id="203" dir="1" index="2" bw="11" slack="0"/>
</pin_list>
<bind>
<opcode="read(1150) " fcode="read"/>
<opset="src_rows_V_read/1 "/>
</bind>
</comp>

<comp id="206" class="1004" name="src_cols_V_read_read_fu_206">
<pin_list>
<pin id="207" dir="0" index="0" bw="12" slack="0"/>
<pin id="208" dir="0" index="1" bw="12" slack="0"/>
<pin id="209" dir="1" index="2" bw="12" slack="0"/>
</pin_list>
<bind>
<opcode="read(1150) " fcode="read"/>
<opset="src_cols_V_read/1 "/>
</bind>
</comp>

<comp id="212" class="1004" name="tmp_39_read_fu_212">
<pin_list>
<pin id="213" dir="0" index="0" bw="8" slack="0"/>
<pin id="214" dir="0" index="1" bw="8" slack="0"/>
<pin id="215" dir="1" index="2" bw="8" slack="0"/>
</pin_list>
<bind>
<opcode="read(1150) " fcode="read"/>
<opset="tmp_39/4 "/>
</bind>
</comp>

<comp id="218" class="1004" name="tmp_40_read_fu_218">
<pin_list>
<pin id="219" dir="0" index="0" bw="8" slack="0"/>
<pin id="220" dir="0" index="1" bw="8" slack="0"/>
<pin id="221" dir="1" index="2" bw="8" slack="0"/>
</pin_list>
<bind>
<opcode="read(1150) " fcode="read"/>
<opset="tmp_40/4 "/>
</bind>
</comp>

<comp id="224" class="1004" name="tmp_read_fu_224">
<pin_list>
<pin id="225" dir="0" index="0" bw="8" slack="0"/>
<pin id="226" dir="0" index="1" bw="8" slack="0"/>
<pin id="227" dir="1" index="2" bw="8" slack="0"/>
</pin_list>
<bind>
<opcode="read(1150) " fcode="read"/>
<opset="tmp/4 "/>
</bind>
</comp>

<comp id="230" class="1004" name="write_ln703_write_fu_230">
<pin_list>
<pin id="231" dir="0" index="0" bw="0" slack="0"/>
<pin id="232" dir="0" index="1" bw="8" slack="0"/>
<pin id="233" dir="0" index="2" bw="8" slack="0"/>
<pin id="234" dir="1" index="3" bw="0" slack="2147483647"/>
</pin_list>
<bind>
<opcode="write(1151) " fcode="write"/>
<opset="write_ln703/4 "/>
</bind>
</comp>

<comp id="238" class="1004" name="write_ln703_write_fu_238">
<pin_list>
<pin id="239" dir="0" index="0" bw="0" slack="0"/>
<pin id="240" dir="0" index="1" bw="8" slack="0"/>
<pin id="241" dir="0" index="2" bw="8" slack="0"/>
<pin id="242" dir="1" index="3" bw="0" slack="2147483647"/>
</pin_list>
<bind>
<opcode="write(1151) " fcode="write"/>
<opset="write_ln703/4 "/>
</bind>
</comp>

<comp id="246" class="1004" name="write_ln703_write_fu_246">
<pin_list>
<pin id="247" dir="0" index="0" bw="0" slack="0"/>
<pin id="248" dir="0" index="1" bw="8" slack="0"/>
<pin id="249" dir="0" index="2" bw="8" slack="0"/>
<pin id="250" dir="1" index="3" bw="0" slack="2147483647"/>
</pin_list>
<bind>
<opcode="write(1151) " fcode="write"/>
<opset="write_ln703/4 "/>
</bind>
</comp>

<comp id="254" class="1004" name="write_ln703_write_fu_254">
<pin_list>
<pin id="255" dir="0" index="0" bw="0" slack="0"/>
<pin id="256" dir="0" index="1" bw="8" slack="0"/>
<pin id="257" dir="0" index="2" bw="8" slack="0"/>
<pin id="258" dir="1" index="3" bw="0" slack="2147483647"/>
</pin_list>
<bind>
<opcode="write(1151) " fcode="write"/>
<opset="write_ln703/4 "/>
</bind>
</comp>

<comp id="262" class="1004" name="write_ln703_write_fu_262">
<pin_list>
<pin id="263" dir="0" index="0" bw="0" slack="0"/>
<pin id="264" dir="0" index="1" bw="8" slack="0"/>
<pin id="265" dir="0" index="2" bw="8" slack="0"/>
<pin id="266" dir="1" index="3" bw="0" slack="2147483647"/>
</pin_list>
<bind>
<opcode="write(1151) " fcode="write"/>
<opset="write_ln703/4 "/>
</bind>
</comp>

<comp id="270" class="1004" name="write_ln703_write_fu_270">
<pin_list>
<pin id="271" dir="0" index="0" bw="0" slack="0"/>
<pin id="272" dir="0" index="1" bw="8" slack="0"/>
<pin id="273" dir="0" index="2" bw="8" slack="0"/>
<pin id="274" dir="1" index="3" bw="0" slack="2147483647"/>
</pin_list>
<bind>
<opcode="write(1151) " fcode="write"/>
<opset="write_ln703/4 "/>
</bind>
</comp>

<comp id="278" class="1005" name="t_V_reg_278">
<pin_list>
<pin id="279" dir="0" index="0" bw="32" slack="1"/>
<pin id="280" dir="1" index="1" bw="32" slack="1"/>
</pin_list>
<bind>
<opset="t_V (phireg) "/>
</bind>
</comp>

<comp id="282" class="1004" name="t_V_phi_fu_282">
<pin_list>
<pin id="283" dir="0" index="0" bw="1" slack="1"/>
<pin id="284" dir="0" index="1" bw="0" slack="2147483647"/>
<pin id="285" dir="0" index="2" bw="32" slack="0"/>
<pin id="286" dir="0" index="3" bw="0" slack="2147483647"/>
<pin id="287" dir="1" index="4" bw="32" slack="0"/>
</pin_list>
<bind>
<opcode="phi(47) " fcode="phi"/>
<opset="t_V/2 "/>
</bind>
</comp>

<comp id="289" class="1005" name="t_V_7_reg_289">
<pin_list>
<pin id="290" dir="0" index="0" bw="32" slack="1"/>
<pin id="291" dir="1" index="1" bw="32" slack="1"/>
</pin_list>
<bind>
<opset="t_V_7 (phireg) "/>
</bind>
</comp>

<comp id="293" class="1004" name="t_V_7_phi_fu_293">
<pin_list>
<pin id="294" dir="0" index="0" bw="1" slack="1"/>
<pin id="295" dir="0" index="1" bw="0" slack="2147483647"/>
<pin id="296" dir="0" index="2" bw="32" slack="0"/>
<pin id="297" dir="0" index="3" bw="0" slack="2147483647"/>
<pin id="298" dir="1" index="4" bw="32" slack="0"/>
</pin_list>
<bind>
<opcode="phi(47) " fcode="phi"/>
<opset="t_V_7/3 "/>
</bind>
</comp>

<comp id="300" class="1004" name="rows_V_fu_300">
<pin_list>
<pin id="301" dir="0" index="0" bw="11" slack="0"/>
<pin id="302" dir="1" index="1" bw="32" slack="1"/>
</pin_list>
<bind>
<opcode="sext(35) " fcode="sext"/>
<opset="rows_V/1 "/>
</bind>
</comp>

<comp id="304" class="1004" name="cols_V_fu_304">
<pin_list>
<pin id="305" dir="0" index="0" bw="12" slack="0"/>
<pin id="306" dir="1" index="1" bw="32" slack="2"/>
</pin_list>
<bind>
<opcode="sext(35) " fcode="sext"/>
<opset="cols_V/1 "/>
</bind>
</comp>

<comp id="308" class="1004" name="icmp_ln1557_fu_308">
<pin_list>
<pin id="309" dir="0" index="0" bw="32" slack="0"/>
<pin id="310" dir="0" index="1" bw="32" slack="1"/>
<pin id="311" dir="1" index="2" bw="1" slack="1"/>
</pin_list>
<bind>
<opcode="icmp(45) " fcode="icmp"/>
<opset="icmp_ln1557/2 "/>
</bind>
</comp>

<comp id="313" class="1004" name="i_V_fu_313">
<pin_list>
<pin id="314" dir="0" index="0" bw="32" slack="0"/>
<pin id="315" dir="0" index="1" bw="1" slack="0"/>
<pin id="316" dir="1" index="2" bw="32" slack="0"/>
</pin_list>
<bind>
<opcode="add(8) " fcode="add"/>
<opset="i_V/2 "/>
</bind>
</comp>

<comp id="319" class="1004" name="icmp_ln1558_fu_319">
<pin_list>
<pin id="320" dir="0" index="0" bw="32" slack="0"/>
<pin id="321" dir="0" index="1" bw="32" slack="2"/>
<pin id="322" dir="1" index="2" bw="1" slack="1"/>
</pin_list>
<bind>
<opcode="icmp(45) " fcode="icmp"/>
<opset="icmp_ln1558/3 "/>
</bind>
</comp>

<comp id="324" class="1004" name="j_V_fu_324">
<pin_list>
<pin id="325" dir="0" index="0" bw="32" slack="0"/>
<pin id="326" dir="0" index="1" bw="1" slack="0"/>
<pin id="327" dir="1" index="2" bw="32" slack="0"/>
</pin_list>
<bind>
<opcode="add(8) " fcode="add"/>
<opset="j_V/3 "/>
</bind>
</comp>

<comp id="330" class="1005" name="rows_V_reg_330">
<pin_list>
<pin id="331" dir="0" index="0" bw="32" slack="1"/>
<pin id="332" dir="1" index="1" bw="32" slack="1"/>
</pin_list>
<bind>
<opset="rows_V "/>
</bind>
</comp>

<comp id="335" class="1005" name="cols_V_reg_335">
<pin_list>
<pin id="336" dir="0" index="0" bw="32" slack="2"/>
<pin id="337" dir="1" index="1" bw="32" slack="2"/>
</pin_list>
<bind>
<opset="cols_V "/>
</bind>
</comp>

<comp id="340" class="1005" name="icmp_ln1557_reg_340">
<pin_list>
<pin id="341" dir="0" index="0" bw="1" slack="1"/>
<pin id="342" dir="1" index="1" bw="1" slack="2147483647"/>
</pin_list>
<bind>
<opset="icmp_ln1557 "/>
</bind>
</comp>

<comp id="344" class="1005" name="i_V_reg_344">
<pin_list>
<pin id="345" dir="0" index="0" bw="32" slack="0"/>
<pin id="346" dir="1" index="1" bw="32" slack="0"/>
</pin_list>
<bind>
<opset="i_V "/>
</bind>
</comp>

<comp id="349" class="1005" name="icmp_ln1558_reg_349">
<pin_list>
<pin id="350" dir="0" index="0" bw="1" slack="1"/>
<pin id="351" dir="1" index="1" bw="1" slack="2147483647"/>
</pin_list>
<bind>
<opset="icmp_ln1558 "/>
</bind>
</comp>

<comp id="353" class="1005" name="j_V_reg_353">
<pin_list>
<pin id="354" dir="0" index="0" bw="32" slack="0"/>
<pin id="355" dir="1" index="1" bw="32" slack="0"/>
</pin_list>
<bind>
<opset="j_V "/>
</bind>
</comp>

</comp_list>

<net_list>
<net id="204"><net_src comp="162" pin="0"/><net_sink comp="200" pin=0"/></net>

<net id="205"><net_src comp="0" pin="0"/><net_sink comp="200" pin=1"/></net>

<net id="210"><net_src comp="164" pin="0"/><net_sink comp="206" pin=0"/></net>

<net id="211"><net_src comp="2" pin="0"/><net_sink comp="206" pin=1"/></net>

<net id="216"><net_src comp="192" pin="0"/><net_sink comp="212" pin=0"/></net>

<net id="217"><net_src comp="4" pin="0"/><net_sink comp="212" pin=1"/></net>

<net id="222"><net_src comp="192" pin="0"/><net_sink comp="218" pin=0"/></net>

<net id="223"><net_src comp="6" pin="0"/><net_sink comp="218" pin=1"/></net>

<net id="228"><net_src comp="192" pin="0"/><net_sink comp="224" pin=0"/></net>

<net id="229"><net_src comp="8" pin="0"/><net_sink comp="224" pin=1"/></net>

<net id="235"><net_src comp="198" pin="0"/><net_sink comp="230" pin=0"/></net>

<net id="236"><net_src comp="10" pin="0"/><net_sink comp="230" pin=1"/></net>

<net id="237"><net_src comp="212" pin="2"/><net_sink comp="230" pin=2"/></net>

<net id="243"><net_src comp="198" pin="0"/><net_sink comp="238" pin=0"/></net>

<net id="244"><net_src comp="12" pin="0"/><net_sink comp="238" pin=1"/></net>

<net id="245"><net_src comp="218" pin="2"/><net_sink comp="238" pin=2"/></net>

<net id="251"><net_src comp="198" pin="0"/><net_sink comp="246" pin=0"/></net>

<net id="252"><net_src comp="14" pin="0"/><net_sink comp="246" pin=1"/></net>

<net id="253"><net_src comp="224" pin="2"/><net_sink comp="246" pin=2"/></net>

<net id="259"><net_src comp="198" pin="0"/><net_sink comp="254" pin=0"/></net>

<net id="260"><net_src comp="16" pin="0"/><net_sink comp="254" pin=1"/></net>

<net id="261"><net_src comp="212" pin="2"/><net_sink comp="254" pin=2"/></net>

<net id="267"><net_src comp="198" pin="0"/><net_sink comp="262" pin=0"/></net>

<net id="268"><net_src comp="18" pin="0"/><net_sink comp="262" pin=1"/></net>

<net id="269"><net_src comp="218" pin="2"/><net_sink comp="262" pin=2"/></net>

<net id="275"><net_src comp="198" pin="0"/><net_sink comp="270" pin=0"/></net>

<net id="276"><net_src comp="20" pin="0"/><net_sink comp="270" pin=1"/></net>

<net id="277"><net_src comp="224" pin="2"/><net_sink comp="270" pin=2"/></net>

<net id="281"><net_src comp="26" pin="0"/><net_sink comp="278" pin=0"/></net>

<net id="288"><net_src comp="278" pin="1"/><net_sink comp="282" pin=0"/></net>

<net id="292"><net_src comp="26" pin="0"/><net_sink comp="289" pin=0"/></net>

<net id="299"><net_src comp="289" pin="1"/><net_sink comp="293" pin=0"/></net>

<net id="303"><net_src comp="200" pin="2"/><net_sink comp="300" pin=0"/></net>

<net id="307"><net_src comp="206" pin="2"/><net_sink comp="304" pin=0"/></net>

<net id="312"><net_src comp="282" pin="4"/><net_sink comp="308" pin=0"/></net>

<net id="317"><net_src comp="282" pin="4"/><net_sink comp="313" pin=0"/></net>

<net id="318"><net_src comp="172" pin="0"/><net_sink comp="313" pin=1"/></net>

<net id="323"><net_src comp="293" pin="4"/><net_sink comp="319" pin=0"/></net>

<net id="328"><net_src comp="293" pin="4"/><net_sink comp="324" pin=0"/></net>

<net id="329"><net_src comp="172" pin="0"/><net_sink comp="324" pin=1"/></net>

<net id="333"><net_src comp="300" pin="1"/><net_sink comp="330" pin=0"/></net>

<net id="334"><net_src comp="330" pin="1"/><net_sink comp="308" pin=1"/></net>

<net id="338"><net_src comp="304" pin="1"/><net_sink comp="335" pin=0"/></net>

<net id="339"><net_src comp="335" pin="1"/><net_sink comp="319" pin=1"/></net>

<net id="343"><net_src comp="308" pin="2"/><net_sink comp="340" pin=0"/></net>

<net id="347"><net_src comp="313" pin="2"/><net_sink comp="344" pin=0"/></net>

<net id="348"><net_src comp="344" pin="1"/><net_sink comp="282" pin=2"/></net>

<net id="352"><net_src comp="319" pin="2"/><net_sink comp="349" pin=0"/></net>

<net id="356"><net_src comp="324" pin="2"/><net_sink comp="353" pin=0"/></net>

<net id="357"><net_src comp="353" pin="1"/><net_sink comp="293" pin=2"/></net>

</net_list>

</model> 
---------------- Datapath Model END ------------------

* FSMD analyzer results:
  - Output states:
	Port: dst1_data_stream_0_V | {4 }
	Port: dst1_data_stream_1_V | {4 }
	Port: dst1_data_stream_2_V | {4 }
	Port: dst2_data_stream_0_V | {4 }
	Port: dst2_data_stream_1_V | {4 }
	Port: dst2_data_stream_2_V | {4 }
 - Input state : 
	Port: Duplicate : src_rows_V | {1 }
	Port: Duplicate : src_cols_V | {1 }
	Port: Duplicate : src_data_stream_0_V | {4 }
	Port: Duplicate : src_data_stream_1_V | {4 }
	Port: Duplicate : src_data_stream_2_V | {4 }
  - Chain level:
	State 1
	State 2
		icmp_ln1557 : 1
		i_V : 1
		br_ln1557 : 2
	State 3
		icmp_ln1558 : 1
		j_V : 1
		br_ln1558 : 2
	State 4
		empty : 1
		empty_130 : 1
		empty_131 : 1
		empty_132 : 1
	State 5


============================================================
+ Verbose Summary: Datapath Resource usage 
============================================================

* Functional unit list:
|----------|-----------------------------|---------|---------|
| Operation|       Functional Unit       |    FF   |   LUT   |
|----------|-----------------------------|---------|---------|
|    add   |          i_V_fu_313         |    0    |    39   |
|          |          j_V_fu_324         |    0    |    39   |
|----------|-----------------------------|---------|---------|
|   icmp   |      icmp_ln1557_fu_308     |    0    |    18   |
|          |      icmp_ln1558_fu_319     |    0    |    18   |
|----------|-----------------------------|---------|---------|
|          | src_rows_V_read_read_fu_200 |    0    |    0    |
|          | src_cols_V_read_read_fu_206 |    0    |    0    |
|   read   |      tmp_39_read_fu_212     |    0    |    0    |
|          |      tmp_40_read_fu_218     |    0    |    0    |
|          |       tmp_read_fu_224       |    0    |    0    |
|----------|-----------------------------|---------|---------|
|          |   write_ln703_write_fu_230  |    0    |    0    |
|          |   write_ln703_write_fu_238  |    0    |    0    |
|   write  |   write_ln703_write_fu_246  |    0    |    0    |
|          |   write_ln703_write_fu_254  |    0    |    0    |
|          |   write_ln703_write_fu_262  |    0    |    0    |
|          |   write_ln703_write_fu_270  |    0    |    0    |
|----------|-----------------------------|---------|---------|
|   sext   |        rows_V_fu_300        |    0    |    0    |
|          |        cols_V_fu_304        |    0    |    0    |
|----------|-----------------------------|---------|---------|
|   Total  |                             |    0    |   114   |
|----------|-----------------------------|---------|---------|

Memories:
N/A

* Register list:
+-------------------+--------+
|                   |   FF   |
+-------------------+--------+
|   cols_V_reg_335  |   32   |
|    i_V_reg_344    |   32   |
|icmp_ln1557_reg_340|    1   |
|icmp_ln1558_reg_349|    1   |
|    j_V_reg_353    |   32   |
|   rows_V_reg_330  |   32   |
|   t_V_7_reg_289   |   32   |
|    t_V_reg_278    |   32   |
+-------------------+--------+
|       Total       |   194  |
+-------------------+--------+

* Multiplexer (MUX) list: 
|--------|------|------|------|--------|
|  Comp  |  Pin | Size |  BW  | S x BW |
|--------|------|------|------|--------|
|  Total |      |      |      |    0   |
|--------|------|------|------|--------|



* Summary:
+-----------+--------+--------+
|           |   FF   |   LUT  |
+-----------+--------+--------+
|  Function |    0   |   114  |
|   Memory  |    -   |    -   |
|Multiplexer|    -   |    -   |
|  Register |   194  |    -   |
+-----------+--------+--------+
|   Total   |   194  |   114  |
+-----------+--------+--------+
