

================================================================
== Vivado HLS Report for 'Mat2AXIvideo'
================================================================
* Date:           Tue Aug 18 20:50:06 2020

* Version:        2019.2 (Build 2704478 on Wed Nov 06 22:10:23 MST 2019)
* Project:        Cache_Plate
* Solution:       solution1
* Product family: zynq
* Target device:  xc7z020-clg484-1


================================================================
== Performance Estimates
================================================================
+ Timing: 
    * Summary: 
    +--------+----------+----------+------------+
    |  Clock |  Target  | Estimated| Uncertainty|
    +--------+----------+----------+------------+
    |ap_clk  | 11.10 ns | 3.634 ns |   1.39 ns  |
    +--------+----------+----------+------------+

+ Latency: 
    * Summary: 
    +---------+---------+-----------+-----------+--------+--------+---------+
    |  Latency (cycles) |   Latency (absolute)  |     Interval    | Pipeline|
    |   min   |   max   |    min    |    max    |   min  |   max  |   Type  |
    +---------+---------+-----------+-----------+--------+--------+---------+
    |   924481|   924481| 10.262 ms | 10.262 ms |  924481|  924481|   none  |
    +---------+---------+-----------+-----------+--------+--------+---------+

    + Detail: 
        * Instance: 
        N/A

        * Loop: 
        +---------------+---------+---------+----------+-----------+-----------+------+----------+
        |               |  Latency (cycles) | Iteration|  Initiation Interval  | Trip |          |
        |   Loop Name   |   min   |   max   |  Latency |  achieved |   target  | Count| Pipelined|
        +---------------+---------+---------+----------+-----------+-----------+------+----------+
        |- loop_height  |   924480|   924480|      1284|          -|          -|   720|    no    |
        | + loop_width  |     1281|     1281|         3|          1|          1|  1280|    yes   |
        +---------------+---------+---------+----------+-----------+-----------+------+----------+



================================================================
== Utilization Estimates
================================================================
* Summary: 
+-----------------+---------+-------+--------+-------+-----+
|       Name      | BRAM_18K| DSP48E|   FF   |  LUT  | URAM|
+-----------------+---------+-------+--------+-------+-----+
|DSP              |        -|      -|       -|      -|    -|
|Expression       |        -|      -|       0|     82|    -|
|FIFO             |        -|      -|       -|      -|    -|
|Instance         |        -|      -|       -|      -|    -|
|Memory           |        -|      -|       -|      -|    -|
|Multiplexer      |        -|      -|       -|    108|    -|
|Register         |        -|      -|      43|      -|    -|
+-----------------+---------+-------+--------+-------+-----+
|Total            |        0|      0|      43|    190|    0|
+-----------------+---------+-------+--------+-------+-----+
|Available        |      280|    220|  106400|  53200|    0|
+-----------------+---------+-------+--------+-------+-----+
|Utilization (%)  |        0|      0|   ~0   |   ~0  |    0|
+-----------------+---------+-------+--------+-------+-----+

+ Detail: 
    * Instance: 
    N/A

    * DSP48E: 
    N/A

    * Memory: 
    N/A

    * FIFO: 
    N/A

    * Expression: 
    +----------------------------------+----------+-------+---+----+------------+------------+
    |           Variable Name          | Operation| DSP48E| FF| LUT| Bitwidth P0| Bitwidth P1|
    +----------------------------------+----------+-------+---+----+------------+------------+
    |i_V_fu_212_p2                     |     +    |      0|  0|  14|          10|           1|
    |j_V_fu_224_p2                     |     +    |      0|  0|  13|          11|           1|
    |ap_block_pp0_stage0_01001         |    and   |      0|  0|   2|           1|           1|
    |ap_block_state4_io                |    and   |      0|  0|   2|           1|           1|
    |ap_block_state5_io                |    and   |      0|  0|   2|           1|           1|
    |axi_last_V_fu_230_p2              |   icmp   |      0|  0|  13|          11|          11|
    |icmp_ln125_fu_206_p2              |   icmp   |      0|  0|  13|          10|          10|
    |icmp_ln126_fu_218_p2              |   icmp   |      0|  0|  13|          11|          11|
    |ap_block_pp0_stage0_11001         |    or    |      0|  0|   2|           1|           1|
    |ap_block_state1                   |    or    |      0|  0|   2|           1|           1|
    |ap_block_state4_pp0_stage0_iter1  |    or    |      0|  0|   2|           1|           1|
    |ap_enable_pp0                     |    xor   |      0|  0|   2|           1|           2|
    |ap_enable_reg_pp0_iter1           |    xor   |      0|  0|   2|           2|           1|
    +----------------------------------+----------+-------+---+----+------------+------------+
    |Total                             |          |      0|  0|  82|          62|          43|
    +----------------------------------+----------+-------+---+----+------------+------------+

    * Multiplexer: 
    +---------------------------+----+-----------+-----+-----------+
    |            Name           | LUT| Input Size| Bits| Total Bits|
    +---------------------------+----+-----------+-----+-----------+
    |ap_NS_fsm                  |  27|          5|    1|          5|
    |ap_done                    |   9|          2|    1|          2|
    |ap_enable_reg_pp0_iter1    |   9|          2|    1|          2|
    |ap_enable_reg_pp0_iter2    |   9|          2|    1|          2|
    |img_data_stream_0_V_blk_n  |   9|          2|    1|          2|
    |img_data_stream_1_V_blk_n  |   9|          2|    1|          2|
    |img_data_stream_2_V_blk_n  |   9|          2|    1|          2|
    |t_V_6_reg_190              |   9|          2|   11|         22|
    |t_V_reg_179                |   9|          2|   10|         20|
    |video_dst_TDATA_blk_n      |   9|          2|    1|          2|
    +---------------------------+----+-----------+-----+-----------+
    |Total                      | 108|         23|   29|         61|
    +---------------------------+----+-----------+-----+-----------+

    * Register: 
    +----------------------------------+----+----+-----+-----------+
    |               Name               | FF | LUT| Bits| Const Bits|
    +----------------------------------+----+----+-----+-----------+
    |ap_CS_fsm                         |   4|   0|    4|          0|
    |ap_done_reg                       |   1|   0|    1|          0|
    |ap_enable_reg_pp0_iter0           |   1|   0|    1|          0|
    |ap_enable_reg_pp0_iter1           |   1|   0|    1|          0|
    |ap_enable_reg_pp0_iter2           |   1|   0|    1|          0|
    |axi_last_V_reg_283                |   1|   0|    1|          0|
    |i_V_reg_269                       |  10|   0|   10|          0|
    |icmp_ln126_reg_274                |   1|   0|    1|          0|
    |icmp_ln126_reg_274_pp0_iter1_reg  |   1|   0|    1|          0|
    |t_V_6_reg_190                     |  11|   0|   11|          0|
    |t_V_reg_179                       |  10|   0|   10|          0|
    |tmp_user_V_fu_128                 |   1|   0|    1|          0|
    +----------------------------------+----+----+-----+-----------+
    |Total                             |  43|   0|   43|          0|
    +----------------------------------+----+----+-----+-----------+



================================================================
== Interface
================================================================
* Summary: 
+-----------------------------+-----+-----+------------+-------------------------+--------------+
|          RTL Ports          | Dir | Bits|  Protocol  |      Source Object      |    C Type    |
+-----------------------------+-----+-----+------------+-------------------------+--------------+
|ap_clk                       |  in |    1| ap_ctrl_hs |       Mat2AXIvideo      | return value |
|ap_rst                       |  in |    1| ap_ctrl_hs |       Mat2AXIvideo      | return value |
|ap_start                     |  in |    1| ap_ctrl_hs |       Mat2AXIvideo      | return value |
|ap_done                      | out |    1| ap_ctrl_hs |       Mat2AXIvideo      | return value |
|ap_continue                  |  in |    1| ap_ctrl_hs |       Mat2AXIvideo      | return value |
|ap_idle                      | out |    1| ap_ctrl_hs |       Mat2AXIvideo      | return value |
|ap_ready                     | out |    1| ap_ctrl_hs |       Mat2AXIvideo      | return value |
|img_data_stream_0_V_dout     |  in |    8|   ap_fifo  |   img_data_stream_0_V   |    pointer   |
|img_data_stream_0_V_empty_n  |  in |    1|   ap_fifo  |   img_data_stream_0_V   |    pointer   |
|img_data_stream_0_V_read     | out |    1|   ap_fifo  |   img_data_stream_0_V   |    pointer   |
|img_data_stream_1_V_dout     |  in |    8|   ap_fifo  |   img_data_stream_1_V   |    pointer   |
|img_data_stream_1_V_empty_n  |  in |    1|   ap_fifo  |   img_data_stream_1_V   |    pointer   |
|img_data_stream_1_V_read     | out |    1|   ap_fifo  |   img_data_stream_1_V   |    pointer   |
|img_data_stream_2_V_dout     |  in |    8|   ap_fifo  |   img_data_stream_2_V   |    pointer   |
|img_data_stream_2_V_empty_n  |  in |    1|   ap_fifo  |   img_data_stream_2_V   |    pointer   |
|img_data_stream_2_V_read     | out |    1|   ap_fifo  |   img_data_stream_2_V   |    pointer   |
|video_dst_TDATA              | out |   32|    axis    | AXI_video_strm_V_data_V |    pointer   |
|video_dst_TVALID             | out |    1|    axis    | AXI_video_strm_V_dest_V |    pointer   |
|video_dst_TREADY             |  in |    1|    axis    | AXI_video_strm_V_dest_V |    pointer   |
|video_dst_TDEST              | out |    1|    axis    | AXI_video_strm_V_dest_V |    pointer   |
|video_dst_TKEEP              | out |    4|    axis    | AXI_video_strm_V_keep_V |    pointer   |
|video_dst_TSTRB              | out |    4|    axis    | AXI_video_strm_V_strb_V |    pointer   |
|video_dst_TUSER              | out |    1|    axis    | AXI_video_strm_V_user_V |    pointer   |
|video_dst_TLAST              | out |    1|    axis    | AXI_video_strm_V_last_V |    pointer   |
|video_dst_TID                | out |    1|    axis    |  AXI_video_strm_V_id_V  |    pointer   |
+-----------------------------+-----+-----+------------+-------------------------+--------------+

============================================================
+ Verbose Summary: Synthesis Manager
============================================================
InlineROM: 1
ExposeGlobal: 0
============================================================
+ Verbose Summary: CDFG Model
============================================================
IsTopModel: 0
ResetActiveHigh: 1
IsCombinational: 2
IsDatapathOnly: 0
HasWiredReturn: 1
HasMFsm: 0
HasVarLatency: 1
IsPipeline: 0
IsRtlPipelined: 0
IsInstanceOverlapped: 0
IsDontTouch: 0
HasImplIP: 0
IsGatedGlobalClock: 0

+ Individual pipeline summary: 
  * Pipeline-0: initiation interval (II) = 1, depth = 3


============================================================
+ Verbose Summary: Schedule
============================================================
* Number of FSM states : 6
* Pipeline : 1
  Pipeline-0 : II = 1, D = 3, States = { 3 4 5 }
* Dataflow Pipeline: 0

* FSM state transitions: 
1 --> 2 
2 --> 3 
3 --> 6 4 
4 --> 5 
5 --> 3 
6 --> 2 

* FSM state operations: 

State 1 <SV = 0> <Delay = 1.76>
ST_1 : Operation 7 [1/1] (0.00ns)   --->   "%tmp_user_V = alloca i1"   --->   Operation 7 'alloca' 'tmp_user_V' <Predicate = true> <Delay = 0.00>
ST_1 : Operation 8 [1/1] (0.00ns)   --->   "call void (...)* @_ssdm_op_SpecInterface(i8* %img_data_stream_2_V, [8 x i8]* @ap_fifo_str, i32 0, i32 0, [1 x i8]* @p_str181, i32 0, i32 0, [1 x i8]* @p_str182, [1 x i8]* @p_str183, [1 x i8]* @p_str184, i32 2, i32 2, i32 16, i32 16, [1 x i8]* @p_str185, [1 x i8]* @p_str186)"   --->   Operation 8 'specinterface' <Predicate = true> <Delay = 0.00>
ST_1 : Operation 9 [1/1] (0.00ns)   --->   "call void (...)* @_ssdm_op_SpecInterface(i8* %img_data_stream_1_V, [8 x i8]* @ap_fifo_str, i32 0, i32 0, [1 x i8]* @p_str174, i32 0, i32 0, [1 x i8]* @p_str175, [1 x i8]* @p_str176, [1 x i8]* @p_str177, i32 2, i32 2, i32 16, i32 16, [1 x i8]* @p_str178, [1 x i8]* @p_str179)"   --->   Operation 9 'specinterface' <Predicate = true> <Delay = 0.00>
ST_1 : Operation 10 [1/1] (0.00ns)   --->   "call void (...)* @_ssdm_op_SpecInterface(i8* %img_data_stream_0_V, [8 x i8]* @ap_fifo_str, i32 0, i32 0, [1 x i8]* @p_str167, i32 0, i32 0, [1 x i8]* @p_str168, [1 x i8]* @p_str169, [1 x i8]* @p_str170, i32 2, i32 2, i32 16, i32 16, [1 x i8]* @p_str171, [1 x i8]* @p_str172)"   --->   Operation 10 'specinterface' <Predicate = true> <Delay = 0.00>
ST_1 : Operation 11 [1/1] (0.00ns)   --->   "call void (...)* @_ssdm_op_SpecInterface(i32* %AXI_video_strm_V_data_V, i4* %AXI_video_strm_V_keep_V, i4* %AXI_video_strm_V_strb_V, i1* %AXI_video_strm_V_user_V, i1* %AXI_video_strm_V_last_V, i1* %AXI_video_strm_V_id_V, i1* %AXI_video_strm_V_dest_V, [5 x i8]* @p_str3, i32 1, i32 1, [5 x i8]* @p_str4, i32 0, i32 0, [1 x i8]* @p_str1, [1 x i8]* @p_str1, [1 x i8]* @p_str1, i32 0, i32 0, i32 0, i32 0, [1 x i8]* @p_str1, [1 x i8]* @p_str1) nounwind"   --->   Operation 11 'specinterface' <Predicate = true> <Delay = 0.00>
ST_1 : Operation 12 [1/1] (1.76ns)   --->   "store i1 true, i1* %tmp_user_V" [D:/Program_Files/Xilinx/Vivado/2019.2/common/technology/autopilot/hls/hls_video_io.h:125]   --->   Operation 12 'store' <Predicate = true> <Delay = 1.76>
ST_1 : Operation 13 [1/1] (1.76ns)   --->   "br label %0" [D:/Program_Files/Xilinx/Vivado/2019.2/common/technology/autopilot/hls/hls_video_io.h:125]   --->   Operation 13 'br' <Predicate = true> <Delay = 1.76>

State 2 <SV = 1> <Delay = 2.74>
ST_2 : Operation 14 [1/1] (0.00ns)   --->   "%t_V = phi i10 [ 0, %._crit_edge ], [ %i_V, %loop_height_end ]"   --->   Operation 14 'phi' 't_V' <Predicate = true> <Delay = 0.00>
ST_2 : Operation 15 [1/1] (1.77ns)   --->   "%icmp_ln125 = icmp eq i10 %t_V, -304" [D:/Program_Files/Xilinx/Vivado/2019.2/common/technology/autopilot/hls/hls_video_io.h:125]   --->   Operation 15 'icmp' 'icmp_ln125' <Predicate = true> <Delay = 1.77> <Core = "Cmp">   --->   Core 25 'Cmp' <Latency = 0> <II = 1> <Delay = 1.88> <FuncUnit> <Opcode : 'icmp'> <InPorts = 2> <OutPorts = 1>
ST_2 : Operation 16 [1/1] (0.00ns)   --->   "call void (...)* @_ssdm_op_SpecLoopTripCount(i64 720, i64 720, i64 720)"   --->   Operation 16 'speclooptripcount' <Predicate = true> <Delay = 0.00>
ST_2 : Operation 17 [1/1] (1.73ns)   --->   "%i_V = add i10 %t_V, 1" [D:/Program_Files/Xilinx/Vivado/2019.2/common/technology/autopilot/hls/hls_video_io.h:125]   --->   Operation 17 'add' 'i_V' <Predicate = true> <Delay = 1.73> <Core = "AddSub">   --->   Core 14 'AddSub' <Latency = 0> <II = 1> <Delay = 1.63> <FuncUnit> <Opcode : 'add' 'sub'> <InPorts = 2> <OutPorts = 1>
ST_2 : Operation 18 [1/1] (0.00ns)   --->   "br i1 %icmp_ln125, label %2, label %loop_height_begin" [D:/Program_Files/Xilinx/Vivado/2019.2/common/technology/autopilot/hls/hls_video_io.h:125]   --->   Operation 18 'br' <Predicate = true> <Delay = 0.00>
ST_2 : Operation 19 [1/1] (0.00ns)   --->   "call void (...)* @_ssdm_op_SpecLoopName([12 x i8]* @p_str19) nounwind" [D:/Program_Files/Xilinx/Vivado/2019.2/common/technology/autopilot/hls/hls_video_io.h:125]   --->   Operation 19 'specloopname' <Predicate = (!icmp_ln125)> <Delay = 0.00>
ST_2 : Operation 20 [1/1] (0.00ns)   --->   "%tmp_8 = call i32 (...)* @_ssdm_op_SpecRegionBegin([12 x i8]* @p_str19)" [D:/Program_Files/Xilinx/Vivado/2019.2/common/technology/autopilot/hls/hls_video_io.h:125]   --->   Operation 20 'specregionbegin' 'tmp_8' <Predicate = (!icmp_ln125)> <Delay = 0.00>
ST_2 : Operation 21 [1/1] (1.76ns)   --->   "br label %1" [D:/Program_Files/Xilinx/Vivado/2019.2/common/technology/autopilot/hls/hls_video_io.h:126]   --->   Operation 21 'br' <Predicate = (!icmp_ln125)> <Delay = 1.76>
ST_2 : Operation 22 [1/1] (0.00ns)   --->   "ret void"   --->   Operation 22 'ret' <Predicate = (icmp_ln125)> <Delay = 0.00>

State 3 <SV = 2> <Delay = 2.85>
ST_3 : Operation 23 [1/1] (0.00ns)   --->   "%t_V_6 = phi i11 [ 0, %loop_height_begin ], [ %j_V, %loop_width_begin ]"   --->   Operation 23 'phi' 't_V_6' <Predicate = true> <Delay = 0.00>
ST_3 : Operation 24 [1/1] (1.88ns)   --->   "%icmp_ln126 = icmp eq i11 %t_V_6, -768" [D:/Program_Files/Xilinx/Vivado/2019.2/common/technology/autopilot/hls/hls_video_io.h:126]   --->   Operation 24 'icmp' 'icmp_ln126' <Predicate = true> <Delay = 1.88> <Core = "Cmp">   --->   Core 25 'Cmp' <Latency = 0> <II = 1> <Delay = 1.88> <FuncUnit> <Opcode : 'icmp'> <InPorts = 2> <OutPorts = 1>
ST_3 : Operation 25 [1/1] (0.00ns)   --->   "call void (...)* @_ssdm_op_SpecLoopTripCount(i64 1280, i64 1280, i64 1280)"   --->   Operation 25 'speclooptripcount' <Predicate = true> <Delay = 0.00>
ST_3 : Operation 26 [1/1] (1.63ns)   --->   "%j_V = add i11 %t_V_6, 1" [D:/Program_Files/Xilinx/Vivado/2019.2/common/technology/autopilot/hls/hls_video_io.h:126]   --->   Operation 26 'add' 'j_V' <Predicate = true> <Delay = 1.63> <Core = "AddSub">   --->   Core 14 'AddSub' <Latency = 0> <II = 1> <Delay = 1.63> <FuncUnit> <Opcode : 'add' 'sub'> <InPorts = 2> <OutPorts = 1>
ST_3 : Operation 27 [1/1] (0.00ns)   --->   "br i1 %icmp_ln126, label %loop_height_end, label %loop_width_begin" [D:/Program_Files/Xilinx/Vivado/2019.2/common/technology/autopilot/hls/hls_video_io.h:126]   --->   Operation 27 'br' <Predicate = true> <Delay = 0.00>
ST_3 : Operation 28 [1/1] (1.88ns)   --->   "%axi_last_V = icmp eq i11 %t_V_6, -769" [D:/Program_Files/Xilinx/Vivado/2019.2/common/technology/autopilot/hls/hls_video_io.h:135]   --->   Operation 28 'icmp' 'axi_last_V' <Predicate = (!icmp_ln126)> <Delay = 1.88> <Core = "Cmp">   --->   Core 25 'Cmp' <Latency = 0> <II = 1> <Delay = 1.88> <FuncUnit> <Opcode : 'icmp'> <InPorts = 2> <OutPorts = 1>

State 4 <SV = 3> <Delay = 3.63>
ST_4 : Operation 29 [1/1] (0.00ns)   --->   "%tmp_user_V_load = load i1* %tmp_user_V" [D:/Program_Files/Xilinx/Vivado/2019.2/common/technology/autopilot/hls/hls_video_io.h:146]   --->   Operation 29 'load' 'tmp_user_V_load' <Predicate = (!icmp_ln126)> <Delay = 0.00>
ST_4 : Operation 30 [1/1] (0.00ns)   --->   "%tmp_s = call i32 (...)* @_ssdm_op_SpecRegionBegin([12 x i8]* @p_str12)" [D:/Program_Files/Xilinx/Vivado/2019.2/common/technology/autopilot/hls/hls_video_core.h:672->D:/Program_Files/Xilinx/Vivado/2019.2/common/technology/autopilot/hls/hls_video_core.h:711->D:/Program_Files/Xilinx/Vivado/2019.2/common/technology/autopilot/hls/hls_video_io.h:140]   --->   Operation 30 'specregionbegin' 'tmp_s' <Predicate = (!icmp_ln126)> <Delay = 0.00>
ST_4 : Operation 31 [1/1] (0.00ns)   --->   "call void (...)* @_ssdm_op_SpecProtocol(i32 0, [1 x i8]* @p_str1) nounwind" [D:/Program_Files/Xilinx/Vivado/2019.2/common/technology/autopilot/hls/hls_video_core.h:676->D:/Program_Files/Xilinx/Vivado/2019.2/common/technology/autopilot/hls/hls_video_core.h:711->D:/Program_Files/Xilinx/Vivado/2019.2/common/technology/autopilot/hls/hls_video_io.h:140]   --->   Operation 31 'specprotocol' <Predicate = (!icmp_ln126)> <Delay = 0.00>
ST_4 : Operation 32 [1/1] (3.63ns)   --->   "%tmp_36 = call i8 @_ssdm_op_Read.ap_fifo.volatile.i8P(i8* %img_data_stream_0_V)" [D:/Program_Files/Xilinx/Vivado/2019.2/common/technology/autopilot/hls/hls_video_core.h:679->D:/Program_Files/Xilinx/Vivado/2019.2/common/technology/autopilot/hls/hls_video_core.h:711->D:/Program_Files/Xilinx/Vivado/2019.2/common/technology/autopilot/hls/hls_video_io.h:140]   --->   Operation 32 'read' 'tmp_36' <Predicate = (!icmp_ln126)> <Delay = 3.63> <Core = "FIFO">   --->   Core 32 'FIFO' <Latency = 0> <II = 1> <Delay = 3.63> <Storage> <Opcode : 'read' 'write' 'nbread' 'nbwrite'> <Ports = 0> <Width = 8> <Depth = 2> <FIFO>
ST_4 : Operation 33 [1/1] (3.63ns)   --->   "%tmp_37 = call i8 @_ssdm_op_Read.ap_fifo.volatile.i8P(i8* %img_data_stream_1_V)" [D:/Program_Files/Xilinx/Vivado/2019.2/common/technology/autopilot/hls/hls_video_core.h:679->D:/Program_Files/Xilinx/Vivado/2019.2/common/technology/autopilot/hls/hls_video_core.h:711->D:/Program_Files/Xilinx/Vivado/2019.2/common/technology/autopilot/hls/hls_video_io.h:140]   --->   Operation 33 'read' 'tmp_37' <Predicate = (!icmp_ln126)> <Delay = 3.63> <Core = "FIFO">   --->   Core 32 'FIFO' <Latency = 0> <II = 1> <Delay = 3.63> <Storage> <Opcode : 'read' 'write' 'nbread' 'nbwrite'> <Ports = 0> <Width = 8> <Depth = 2> <FIFO>
ST_4 : Operation 34 [1/1] (3.63ns)   --->   "%tmp = call i8 @_ssdm_op_Read.ap_fifo.volatile.i8P(i8* %img_data_stream_2_V)" [D:/Program_Files/Xilinx/Vivado/2019.2/common/technology/autopilot/hls/hls_video_core.h:679->D:/Program_Files/Xilinx/Vivado/2019.2/common/technology/autopilot/hls/hls_video_core.h:711->D:/Program_Files/Xilinx/Vivado/2019.2/common/technology/autopilot/hls/hls_video_io.h:140]   --->   Operation 34 'read' 'tmp' <Predicate = (!icmp_ln126)> <Delay = 3.63> <Core = "FIFO">   --->   Core 32 'FIFO' <Latency = 0> <II = 1> <Delay = 3.63> <Storage> <Opcode : 'read' 'write' 'nbread' 'nbwrite'> <Ports = 0> <Width = 8> <Depth = 2> <FIFO>
ST_4 : Operation 35 [1/1] (0.00ns)   --->   "%empty = call i32 (...)* @_ssdm_op_SpecRegionEnd([12 x i8]* @p_str12, i32 %tmp_s)" [D:/Program_Files/Xilinx/Vivado/2019.2/common/technology/autopilot/hls/hls_video_core.h:681->D:/Program_Files/Xilinx/Vivado/2019.2/common/technology/autopilot/hls/hls_video_core.h:711->D:/Program_Files/Xilinx/Vivado/2019.2/common/technology/autopilot/hls/hls_video_io.h:140]   --->   Operation 35 'specregionend' 'empty' <Predicate = (!icmp_ln126)> <Delay = 0.00>
ST_4 : Operation 36 [1/1] (0.00ns)   --->   "%tmp_data_V = call i32 @_ssdm_op_BitConcatenate.i32.i8.i8.i8.i8(i8 -1, i8 %tmp, i8 %tmp_37, i8 %tmp_36)" [D:/Program_Files/Xilinx/Vivado/2019.2/common/technology/autopilot/hls/hls_axi_io.h:78->D:/Program_Files/Xilinx/Vivado/2019.2/common/technology/autopilot/hls/hls_axi_io.h:100->D:/Program_Files/Xilinx/Vivado/2019.2/common/technology/autopilot/hls/hls_video_io.h:143]   --->   Operation 36 'bitconcatenate' 'tmp_data_V' <Predicate = (!icmp_ln126)> <Delay = 0.00>
ST_4 : Operation 37 [2/2] (0.00ns)   --->   "call void @_ssdm_op_Write.axis.volatile.i32P.i4P.i4P.i1P.i1P.i1P.i1P(i32* %AXI_video_strm_V_data_V, i4* %AXI_video_strm_V_keep_V, i4* %AXI_video_strm_V_strb_V, i1* %AXI_video_strm_V_user_V, i1* %AXI_video_strm_V_last_V, i1* %AXI_video_strm_V_id_V, i1* %AXI_video_strm_V_dest_V, i32 %tmp_data_V, i4 -1, i4 undef, i1 %tmp_user_V_load, i1 %axi_last_V, i1 undef, i1 undef)" [D:/Program_Files/Xilinx/Vivado/2019.2/common/technology/autopilot/hls/hls_video_io.h:146]   --->   Operation 37 'write' <Predicate = (!icmp_ln126)> <Delay = 0.00> <Core = "AXI4Stream">   --->   Core 5 'AXI4Stream' <Latency = 0> <II = 1> <Delay = 1.00> <Adapter> <Opcode : >
ST_4 : Operation 38 [1/1] (1.76ns)   --->   "store i1 false, i1* %tmp_user_V" [D:/Program_Files/Xilinx/Vivado/2019.2/common/technology/autopilot/hls/hls_video_io.h:126]   --->   Operation 38 'store' <Predicate = (!icmp_ln126)> <Delay = 1.76>

State 5 <SV = 4> <Delay = 0.00>
ST_5 : Operation 39 [1/1] (0.00ns)   --->   "call void (...)* @_ssdm_op_SpecLoopName([11 x i8]* @p_str20) nounwind" [D:/Program_Files/Xilinx/Vivado/2019.2/common/technology/autopilot/hls/hls_video_io.h:126]   --->   Operation 39 'specloopname' <Predicate = (!icmp_ln126)> <Delay = 0.00>
ST_5 : Operation 40 [1/1] (0.00ns)   --->   "%tmp_9 = call i32 (...)* @_ssdm_op_SpecRegionBegin([11 x i8]* @p_str20)" [D:/Program_Files/Xilinx/Vivado/2019.2/common/technology/autopilot/hls/hls_video_io.h:126]   --->   Operation 40 'specregionbegin' 'tmp_9' <Predicate = (!icmp_ln126)> <Delay = 0.00>
ST_5 : Operation 41 [1/1] (0.00ns)   --->   "call void (...)* @_ssdm_op_SpecPipeline(i32 1, i32 1, i32 1, i32 0, [1 x i8]* @p_str1) nounwind" [D:/Program_Files/Xilinx/Vivado/2019.2/common/technology/autopilot/hls/hls_video_io.h:128]   --->   Operation 41 'specpipeline' <Predicate = (!icmp_ln126)> <Delay = 0.00>
ST_5 : Operation 42 [1/2] (0.00ns)   --->   "call void @_ssdm_op_Write.axis.volatile.i32P.i4P.i4P.i1P.i1P.i1P.i1P(i32* %AXI_video_strm_V_data_V, i4* %AXI_video_strm_V_keep_V, i4* %AXI_video_strm_V_strb_V, i1* %AXI_video_strm_V_user_V, i1* %AXI_video_strm_V_last_V, i1* %AXI_video_strm_V_id_V, i1* %AXI_video_strm_V_dest_V, i32 %tmp_data_V, i4 -1, i4 undef, i1 %tmp_user_V_load, i1 %axi_last_V, i1 undef, i1 undef)" [D:/Program_Files/Xilinx/Vivado/2019.2/common/technology/autopilot/hls/hls_video_io.h:146]   --->   Operation 42 'write' <Predicate = (!icmp_ln126)> <Delay = 0.00> <Core = "AXI4Stream">   --->   Core 5 'AXI4Stream' <Latency = 0> <II = 1> <Delay = 1.00> <Adapter> <Opcode : >
ST_5 : Operation 43 [1/1] (0.00ns)   --->   "%empty_126 = call i32 (...)* @_ssdm_op_SpecRegionEnd([11 x i8]* @p_str20, i32 %tmp_9)" [D:/Program_Files/Xilinx/Vivado/2019.2/common/technology/autopilot/hls/hls_video_io.h:147]   --->   Operation 43 'specregionend' 'empty_126' <Predicate = (!icmp_ln126)> <Delay = 0.00>
ST_5 : Operation 44 [1/1] (0.00ns)   --->   "br label %1" [D:/Program_Files/Xilinx/Vivado/2019.2/common/technology/autopilot/hls/hls_video_io.h:126]   --->   Operation 44 'br' <Predicate = (!icmp_ln126)> <Delay = 0.00>

State 6 <SV = 3> <Delay = 0.00>
ST_6 : Operation 45 [1/1] (0.00ns)   --->   "%empty_127 = call i32 (...)* @_ssdm_op_SpecRegionEnd([12 x i8]* @p_str19, i32 %tmp_8)" [D:/Program_Files/Xilinx/Vivado/2019.2/common/technology/autopilot/hls/hls_video_io.h:148]   --->   Operation 45 'specregionend' 'empty_127' <Predicate = true> <Delay = 0.00>
ST_6 : Operation 46 [1/1] (0.00ns)   --->   "br label %0" [D:/Program_Files/Xilinx/Vivado/2019.2/common/technology/autopilot/hls/hls_video_io.h:125]   --->   Operation 46 'br' <Predicate = true> <Delay = 0.00>


============================================================
+ Verbose Summary: Binding
============================================================
STG Binding: 
---------------- STG Properties BEGIN ----------------
- Is combinational: 0
- Is one-state seq: 0
- Is datapath-only: 0
- Is pipelined: 0
- Is top level: 0
Port [ Return ] is wired: 1; IO mode=ap_ctrl_hs:ce=0
Port [ img_data_stream_0_V]:  wired=1; compound=1; hidden=0; nouse=0; global=0; static=0; extern=0; dir=0; type=3; pingpong=0; private_global=0; IO mode=ap_fifo:ce=0
Port [ img_data_stream_1_V]:  wired=1; compound=1; hidden=0; nouse=0; global=0; static=0; extern=0; dir=0; type=3; pingpong=0; private_global=0; IO mode=ap_fifo:ce=0
Port [ img_data_stream_2_V]:  wired=1; compound=1; hidden=0; nouse=0; global=0; static=0; extern=0; dir=0; type=3; pingpong=0; private_global=0; IO mode=ap_fifo:ce=0
Port [ AXI_video_strm_V_data_V]:  wired=1; compound=1; hidden=0; nouse=0; global=0; static=0; extern=0; dir=1; type=0; pingpong=0; private_global=0; IO mode=axis:ce=0
Port [ AXI_video_strm_V_keep_V]:  wired=1; compound=1; hidden=0; nouse=0; global=0; static=0; extern=0; dir=1; type=0; pingpong=0; private_global=0; IO mode=axis:ce=0
Port [ AXI_video_strm_V_strb_V]:  wired=1; compound=1; hidden=0; nouse=0; global=0; static=0; extern=0; dir=1; type=0; pingpong=0; private_global=0; IO mode=axis:ce=0
Port [ AXI_video_strm_V_user_V]:  wired=1; compound=1; hidden=0; nouse=0; global=0; static=0; extern=0; dir=1; type=0; pingpong=0; private_global=0; IO mode=axis:ce=0
Port [ AXI_video_strm_V_last_V]:  wired=1; compound=1; hidden=0; nouse=0; global=0; static=0; extern=0; dir=1; type=0; pingpong=0; private_global=0; IO mode=axis:ce=0
Port [ AXI_video_strm_V_id_V]:  wired=1; compound=1; hidden=0; nouse=0; global=0; static=0; extern=0; dir=1; type=0; pingpong=0; private_global=0; IO mode=axis:ce=0
Port [ AXI_video_strm_V_dest_V]:  wired=1; compound=1; hidden=0; nouse=0; global=0; static=0; extern=0; dir=1; type=0; pingpong=0; private_global=0; IO mode=axis:ce=0
---------------- STG Properties END ------------------

---------------- Datapath Model BEGIN ----------------

<LifeTime>
<method=bitvector/>
tmp_user_V            (alloca           ) [ 0111111]
specinterface_ln0     (specinterface    ) [ 0000000]
specinterface_ln0     (specinterface    ) [ 0000000]
specinterface_ln0     (specinterface    ) [ 0000000]
specinterface_ln0     (specinterface    ) [ 0000000]
store_ln125           (store            ) [ 0000000]
br_ln125              (br               ) [ 0111111]
t_V                   (phi              ) [ 0010000]
icmp_ln125            (icmp             ) [ 0011111]
speclooptripcount_ln0 (speclooptripcount) [ 0000000]
i_V                   (add              ) [ 0111111]
br_ln125              (br               ) [ 0000000]
specloopname_ln125    (specloopname     ) [ 0000000]
tmp_8                 (specregionbegin  ) [ 0001111]
br_ln126              (br               ) [ 0011111]
ret_ln0               (ret              ) [ 0000000]
t_V_6                 (phi              ) [ 0001000]
icmp_ln126            (icmp             ) [ 0011111]
speclooptripcount_ln0 (speclooptripcount) [ 0000000]
j_V                   (add              ) [ 0011111]
br_ln126              (br               ) [ 0000000]
axi_last_V            (icmp             ) [ 0001110]
tmp_user_V_load       (load             ) [ 0001010]
tmp_s                 (specregionbegin  ) [ 0000000]
specprotocol_ln676    (specprotocol     ) [ 0000000]
tmp_36                (read             ) [ 0000000]
tmp_37                (read             ) [ 0000000]
tmp                   (read             ) [ 0000000]
empty                 (specregionend    ) [ 0000000]
tmp_data_V            (bitconcatenate   ) [ 0001010]
store_ln126           (store            ) [ 0000000]
specloopname_ln126    (specloopname     ) [ 0000000]
tmp_9                 (specregionbegin  ) [ 0000000]
specpipeline_ln128    (specpipeline     ) [ 0000000]
write_ln146           (write            ) [ 0000000]
empty_126             (specregionend    ) [ 0000000]
br_ln126              (br               ) [ 0011111]
empty_127             (specregionend    ) [ 0000000]
br_ln125              (br               ) [ 0111111]
</LifeTime>

<model>

<comp_list>
<comp id="0" class="1000" name="img_data_stream_0_V">
<pin_list>
<pin id="1" dir="1" index="0" bw="1" slack="0"/>
</pin_list>
<bind>
<StgValue><ssdm name="img_data_stream_0_V"/></StgValue>
</bind>
</comp>

<comp id="2" class="1000" name="img_data_stream_1_V">
<pin_list>
<pin id="3" dir="1" index="0" bw="1" slack="0"/>
</pin_list>
<bind>
<StgValue><ssdm name="img_data_stream_1_V"/></StgValue>
</bind>
</comp>

<comp id="4" class="1000" name="img_data_stream_2_V">
<pin_list>
<pin id="5" dir="1" index="0" bw="1" slack="0"/>
</pin_list>
<bind>
<StgValue><ssdm name="img_data_stream_2_V"/></StgValue>
</bind>
</comp>

<comp id="6" class="1000" name="AXI_video_strm_V_data_V">
<pin_list>
<pin id="7" dir="1" index="0" bw="1" slack="0"/>
</pin_list>
<bind>
<StgValue><ssdm name="AXI_video_strm_V_data_V"/></StgValue>
</bind>
</comp>

<comp id="8" class="1000" name="AXI_video_strm_V_keep_V">
<pin_list>
<pin id="9" dir="1" index="0" bw="1" slack="0"/>
</pin_list>
<bind>
<StgValue><ssdm name="AXI_video_strm_V_keep_V"/></StgValue>
</bind>
</comp>

<comp id="10" class="1000" name="AXI_video_strm_V_strb_V">
<pin_list>
<pin id="11" dir="1" index="0" bw="1" slack="0"/>
</pin_list>
<bind>
<StgValue><ssdm name="AXI_video_strm_V_strb_V"/></StgValue>
</bind>
</comp>

<comp id="12" class="1000" name="AXI_video_strm_V_user_V">
<pin_list>
<pin id="13" dir="1" index="0" bw="1" slack="0"/>
</pin_list>
<bind>
<StgValue><ssdm name="AXI_video_strm_V_user_V"/></StgValue>
</bind>
</comp>

<comp id="14" class="1000" name="AXI_video_strm_V_last_V">
<pin_list>
<pin id="15" dir="1" index="0" bw="1" slack="0"/>
</pin_list>
<bind>
<StgValue><ssdm name="AXI_video_strm_V_last_V"/></StgValue>
</bind>
</comp>

<comp id="16" class="1000" name="AXI_video_strm_V_id_V">
<pin_list>
<pin id="17" dir="1" index="0" bw="1" slack="0"/>
</pin_list>
<bind>
<StgValue><ssdm name="AXI_video_strm_V_id_V"/></StgValue>
</bind>
</comp>

<comp id="18" class="1000" name="AXI_video_strm_V_dest_V">
<pin_list>
<pin id="19" dir="1" index="0" bw="1" slack="0"/>
</pin_list>
<bind>
<StgValue><ssdm name="AXI_video_strm_V_dest_V"/></StgValue>
</bind>
</comp>

<comp id="20" class="1001" name="const_20">
<pin_list>
<pin id="21" dir="1" index="0" bw="1" slack="0"/>
</pin_list>
<bind>
<StgValue><ssdm name=""/></StgValue>
</bind>
</comp>

<comp id="22" class="1001" name="const_22">
<pin_list>
<pin id="23" dir="1" index="0" bw="1" slack="2147483647"/>
</pin_list>
<bind>
<StgValue><ssdm name="_ssdm_op_SpecInterface"/></StgValue>
</bind>
</comp>

<comp id="24" class="1001" name="const_24">
<pin_list>
<pin id="25" dir="1" index="0" bw="1" slack="2147483647"/>
</pin_list>
<bind>
<StgValue><ssdm name="ap_fifo_str"/></StgValue>
</bind>
</comp>

<comp id="26" class="1001" name="const_26">
<pin_list>
<pin id="27" dir="1" index="0" bw="1" slack="2147483647"/>
</pin_list>
<bind>
<StgValue><ssdm name=""/></StgValue>
</bind>
</comp>

<comp id="28" class="1001" name="const_28">
<pin_list>
<pin id="29" dir="1" index="0" bw="1" slack="2147483647"/>
</pin_list>
<bind>
<StgValue><ssdm name="p_str181"/></StgValue>
</bind>
</comp>

<comp id="30" class="1001" name="const_30">
<pin_list>
<pin id="31" dir="1" index="0" bw="1" slack="2147483647"/>
</pin_list>
<bind>
<StgValue><ssdm name="p_str182"/></StgValue>
</bind>
</comp>

<comp id="32" class="1001" name="const_32">
<pin_list>
<pin id="33" dir="1" index="0" bw="1" slack="2147483647"/>
</pin_list>
<bind>
<StgValue><ssdm name="p_str183"/></StgValue>
</bind>
</comp>

<comp id="34" class="1001" name="const_34">
<pin_list>
<pin id="35" dir="1" index="0" bw="1" slack="2147483647"/>
</pin_list>
<bind>
<StgValue><ssdm name="p_str184"/></StgValue>
</bind>
</comp>

<comp id="36" class="1001" name="const_36">
<pin_list>
<pin id="37" dir="1" index="0" bw="1" slack="2147483647"/>
</pin_list>
<bind>
<StgValue><ssdm name=""/></StgValue>
</bind>
</comp>

<comp id="38" class="1001" name="const_38">
<pin_list>
<pin id="39" dir="1" index="0" bw="1" slack="2147483647"/>
</pin_list>
<bind>
<StgValue><ssdm name=""/></StgValue>
</bind>
</comp>

<comp id="40" class="1001" name="const_40">
<pin_list>
<pin id="41" dir="1" index="0" bw="1" slack="2147483647"/>
</pin_list>
<bind>
<StgValue><ssdm name="p_str185"/></StgValue>
</bind>
</comp>

<comp id="42" class="1001" name="const_42">
<pin_list>
<pin id="43" dir="1" index="0" bw="1" slack="2147483647"/>
</pin_list>
<bind>
<StgValue><ssdm name="p_str186"/></StgValue>
</bind>
</comp>

<comp id="44" class="1001" name="const_44">
<pin_list>
<pin id="45" dir="1" index="0" bw="1" slack="2147483647"/>
</pin_list>
<bind>
<StgValue><ssdm name="p_str174"/></StgValue>
</bind>
</comp>

<comp id="46" class="1001" name="const_46">
<pin_list>
<pin id="47" dir="1" index="0" bw="1" slack="2147483647"/>
</pin_list>
<bind>
<StgValue><ssdm name="p_str175"/></StgValue>
</bind>
</comp>

<comp id="48" class="1001" name="const_48">
<pin_list>
<pin id="49" dir="1" index="0" bw="1" slack="2147483647"/>
</pin_list>
<bind>
<StgValue><ssdm name="p_str176"/></StgValue>
</bind>
</comp>

<comp id="50" class="1001" name="const_50">
<pin_list>
<pin id="51" dir="1" index="0" bw="1" slack="2147483647"/>
</pin_list>
<bind>
<StgValue><ssdm name="p_str177"/></StgValue>
</bind>
</comp>

<comp id="52" class="1001" name="const_52">
<pin_list>
<pin id="53" dir="1" index="0" bw="1" slack="2147483647"/>
</pin_list>
<bind>
<StgValue><ssdm name="p_str178"/></StgValue>
</bind>
</comp>

<comp id="54" class="1001" name="const_54">
<pin_list>
<pin id="55" dir="1" index="0" bw="1" slack="2147483647"/>
</pin_list>
<bind>
<StgValue><ssdm name="p_str179"/></StgValue>
</bind>
</comp>

<comp id="56" class="1001" name="const_56">
<pin_list>
<pin id="57" dir="1" index="0" bw="1" slack="2147483647"/>
</pin_list>
<bind>
<StgValue><ssdm name="p_str167"/></StgValue>
</bind>
</comp>

<comp id="58" class="1001" name="const_58">
<pin_list>
<pin id="59" dir="1" index="0" bw="1" slack="2147483647"/>
</pin_list>
<bind>
<StgValue><ssdm name="p_str168"/></StgValue>
</bind>
</comp>

<comp id="60" class="1001" name="const_60">
<pin_list>
<pin id="61" dir="1" index="0" bw="1" slack="2147483647"/>
</pin_list>
<bind>
<StgValue><ssdm name="p_str169"/></StgValue>
</bind>
</comp>

<comp id="62" class="1001" name="const_62">
<pin_list>
<pin id="63" dir="1" index="0" bw="1" slack="2147483647"/>
</pin_list>
<bind>
<StgValue><ssdm name="p_str170"/></StgValue>
</bind>
</comp>

<comp id="64" class="1001" name="const_64">
<pin_list>
<pin id="65" dir="1" index="0" bw="1" slack="2147483647"/>
</pin_list>
<bind>
<StgValue><ssdm name="p_str171"/></StgValue>
</bind>
</comp>

<comp id="66" class="1001" name="const_66">
<pin_list>
<pin id="67" dir="1" index="0" bw="1" slack="2147483647"/>
</pin_list>
<bind>
<StgValue><ssdm name="p_str172"/></StgValue>
</bind>
</comp>

<comp id="68" class="1001" name="const_68">
<pin_list>
<pin id="69" dir="1" index="0" bw="1" slack="2147483647"/>
</pin_list>
<bind>
<StgValue><ssdm name="p_str3"/></StgValue>
</bind>
</comp>

<comp id="70" class="1001" name="const_70">
<pin_list>
<pin id="71" dir="1" index="0" bw="1" slack="2147483647"/>
</pin_list>
<bind>
<StgValue><ssdm name="p_str4"/></StgValue>
</bind>
</comp>

<comp id="72" class="1001" name="const_72">
<pin_list>
<pin id="73" dir="1" index="0" bw="1" slack="2147483647"/>
</pin_list>
<bind>
<StgValue><ssdm name="p_str1"/></StgValue>
</bind>
</comp>

<comp id="74" class="1001" name="const_74">
<pin_list>
<pin id="75" dir="1" index="0" bw="1" slack="0"/>
</pin_list>
<bind>
<StgValue><ssdm name=""/></StgValue>
</bind>
</comp>

<comp id="76" class="1001" name="const_76">
<pin_list>
<pin id="77" dir="1" index="0" bw="1" slack="1"/>
</pin_list>
<bind>
<StgValue><ssdm name=""/></StgValue>
</bind>
</comp>

<comp id="78" class="1001" name="const_78">
<pin_list>
<pin id="79" dir="1" index="0" bw="1" slack="0"/>
</pin_list>
<bind>
<StgValue><ssdm name=""/></StgValue>
</bind>
</comp>

<comp id="80" class="1001" name="const_80">
<pin_list>
<pin id="81" dir="1" index="0" bw="1" slack="2147483647"/>
</pin_list>
<bind>
<StgValue><ssdm name="_ssdm_op_SpecLoopTripCount"/></StgValue>
</bind>
</comp>

<comp id="82" class="1001" name="const_82">
<pin_list>
<pin id="83" dir="1" index="0" bw="1" slack="2147483647"/>
</pin_list>
<bind>
<StgValue><ssdm name=""/></StgValue>
</bind>
</comp>

<comp id="84" class="1001" name="const_84">
<pin_list>
<pin id="85" dir="1" index="0" bw="1" slack="0"/>
</pin_list>
<bind>
<StgValue><ssdm name=""/></StgValue>
</bind>
</comp>

<comp id="86" class="1001" name="const_86">
<pin_list>
<pin id="87" dir="1" index="0" bw="1" slack="2147483647"/>
</pin_list>
<bind>
<StgValue><ssdm name="_ssdm_op_SpecLoopName"/></StgValue>
</bind>
</comp>

<comp id="88" class="1001" name="const_88">
<pin_list>
<pin id="89" dir="1" index="0" bw="1" slack="2147483647"/>
</pin_list>
<bind>
<StgValue><ssdm name="p_str19"/></StgValue>
</bind>
</comp>

<comp id="90" class="1001" name="const_90">
<pin_list>
<pin id="91" dir="1" index="0" bw="1" slack="2147483647"/>
</pin_list>
<bind>
<StgValue><ssdm name="_ssdm_op_SpecRegionBegin"/></StgValue>
</bind>
</comp>

<comp id="92" class="1001" name="const_92">
<pin_list>
<pin id="93" dir="1" index="0" bw="1" slack="1"/>
</pin_list>
<bind>
<StgValue><ssdm name=""/></StgValue>
</bind>
</comp>

<comp id="94" class="1001" name="const_94">
<pin_list>
<pin id="95" dir="1" index="0" bw="1" slack="0"/>
</pin_list>
<bind>
<StgValue><ssdm name=""/></StgValue>
</bind>
</comp>

<comp id="96" class="1001" name="const_96">
<pin_list>
<pin id="97" dir="1" index="0" bw="1" slack="2147483647"/>
</pin_list>
<bind>
<StgValue><ssdm name=""/></StgValue>
</bind>
</comp>

<comp id="98" class="1001" name="const_98">
<pin_list>
<pin id="99" dir="1" index="0" bw="1" slack="0"/>
</pin_list>
<bind>
<StgValue><ssdm name=""/></StgValue>
</bind>
</comp>

<comp id="100" class="1001" name="const_100">
<pin_list>
<pin id="101" dir="1" index="0" bw="1" slack="0"/>
</pin_list>
<bind>
<StgValue><ssdm name=""/></StgValue>
</bind>
</comp>

<comp id="102" class="1001" name="const_102">
<pin_list>
<pin id="103" dir="1" index="0" bw="1" slack="2147483647"/>
</pin_list>
<bind>
<StgValue><ssdm name="p_str12"/></StgValue>
</bind>
</comp>

<comp id="104" class="1001" name="const_104">
<pin_list>
<pin id="105" dir="1" index="0" bw="1" slack="2147483647"/>
</pin_list>
<bind>
<StgValue><ssdm name="_ssdm_op_SpecProtocol"/></StgValue>
</bind>
</comp>

<comp id="106" class="1001" name="const_106">
<pin_list>
<pin id="107" dir="1" index="0" bw="1" slack="0"/>
</pin_list>
<bind>
<StgValue><ssdm name="_ssdm_op_Read.ap_fifo.volatile.i8P"/></StgValue>
</bind>
</comp>

<comp id="108" class="1001" name="const_108">
<pin_list>
<pin id="109" dir="1" index="0" bw="1" slack="2147483647"/>
</pin_list>
<bind>
<StgValue><ssdm name="_ssdm_op_SpecRegionEnd"/></StgValue>
</bind>
</comp>

<comp id="110" class="1001" name="const_110">
<pin_list>
<pin id="111" dir="1" index="0" bw="1" slack="0"/>
</pin_list>
<bind>
<StgValue><ssdm name="_ssdm_op_BitConcatenate.i32.i8.i8.i8.i8"/></StgValue>
</bind>
</comp>

<comp id="112" class="1001" name="const_112">
<pin_list>
<pin id="113" dir="1" index="0" bw="1" slack="0"/>
</pin_list>
<bind>
<StgValue><ssdm name=""/></StgValue>
</bind>
</comp>

<comp id="114" class="1001" name="const_114">
<pin_list>
<pin id="115" dir="1" index="0" bw="1" slack="0"/>
</pin_list>
<bind>
<StgValue><ssdm name="_ssdm_op_Write.axis.volatile.i32P.i4P.i4P.i1P.i1P.i1P.i1P"/></StgValue>
</bind>
</comp>

<comp id="116" class="1001" name="const_116">
<pin_list>
<pin id="117" dir="1" index="0" bw="1" slack="0"/>
</pin_list>
<bind>
<StgValue><ssdm name=""/></StgValue>
</bind>
</comp>

<comp id="118" class="1001" name="const_118">
<pin_list>
<pin id="119" dir="1" index="0" bw="1" slack="0"/>
</pin_list>
<bind>
<StgValue><ssdm name=""/></StgValue>
</bind>
</comp>

<comp id="120" class="1001" name="const_120">
<pin_list>
<pin id="121" dir="1" index="0" bw="1" slack="0"/>
</pin_list>
<bind>
<StgValue><ssdm name=""/></StgValue>
</bind>
</comp>

<comp id="122" class="1001" name="const_122">
<pin_list>
<pin id="123" dir="1" index="0" bw="1" slack="0"/>
</pin_list>
<bind>
<StgValue><ssdm name=""/></StgValue>
</bind>
</comp>

<comp id="124" class="1001" name="const_124">
<pin_list>
<pin id="125" dir="1" index="0" bw="1" slack="2147483647"/>
</pin_list>
<bind>
<StgValue><ssdm name="p_str20"/></StgValue>
</bind>
</comp>

<comp id="126" class="1001" name="const_126">
<pin_list>
<pin id="127" dir="1" index="0" bw="1" slack="2147483647"/>
</pin_list>
<bind>
<StgValue><ssdm name="_ssdm_op_SpecPipeline"/></StgValue>
</bind>
</comp>

<comp id="128" class="1004" name="tmp_user_V_fu_128">
<pin_list>
<pin id="129" dir="0" index="0" bw="1" slack="0"/>
<pin id="130" dir="1" index="1" bw="1" slack="0"/>
</pin_list>
<bind>
<opcode="alloca(26) " fcode="alloca"/>
<opset="tmp_user_V/1 "/>
</bind>
</comp>

<comp id="132" class="1004" name="tmp_36_read_fu_132">
<pin_list>
<pin id="133" dir="0" index="0" bw="8" slack="0"/>
<pin id="134" dir="0" index="1" bw="8" slack="0"/>
<pin id="135" dir="1" index="2" bw="8" slack="0"/>
</pin_list>
<bind>
<opcode="read(1150) " fcode="read"/>
<opset="tmp_36/4 "/>
</bind>
</comp>

<comp id="138" class="1004" name="tmp_37_read_fu_138">
<pin_list>
<pin id="139" dir="0" index="0" bw="8" slack="0"/>
<pin id="140" dir="0" index="1" bw="8" slack="0"/>
<pin id="141" dir="1" index="2" bw="8" slack="0"/>
</pin_list>
<bind>
<opcode="read(1150) " fcode="read"/>
<opset="tmp_37/4 "/>
</bind>
</comp>

<comp id="144" class="1004" name="tmp_read_fu_144">
<pin_list>
<pin id="145" dir="0" index="0" bw="8" slack="0"/>
<pin id="146" dir="0" index="1" bw="8" slack="0"/>
<pin id="147" dir="1" index="2" bw="8" slack="0"/>
</pin_list>
<bind>
<opcode="read(1150) " fcode="read"/>
<opset="tmp/4 "/>
</bind>
</comp>

<comp id="150" class="1004" name="grp_write_fu_150">
<pin_list>
<pin id="151" dir="0" index="0" bw="0" slack="0"/>
<pin id="152" dir="0" index="1" bw="32" slack="0"/>
<pin id="153" dir="0" index="2" bw="4" slack="0"/>
<pin id="154" dir="0" index="3" bw="4" slack="0"/>
<pin id="155" dir="0" index="4" bw="1" slack="0"/>
<pin id="156" dir="0" index="5" bw="1" slack="0"/>
<pin id="157" dir="0" index="6" bw="1" slack="0"/>
<pin id="158" dir="0" index="7" bw="1" slack="0"/>
<pin id="159" dir="0" index="8" bw="32" slack="0"/>
<pin id="160" dir="0" index="9" bw="1" slack="0"/>
<pin id="161" dir="0" index="10" bw="1" slack="0"/>
<pin id="162" dir="0" index="11" bw="1" slack="0"/>
<pin id="163" dir="0" index="12" bw="1" slack="1"/>
<pin id="164" dir="0" index="13" bw="1" slack="0"/>
<pin id="165" dir="0" index="14" bw="1" slack="0"/>
<pin id="166" dir="1" index="15" bw="0" slack="2147483647"/>
</pin_list>
<bind>
<opcode="write(1151) " fcode="write"/>
<opset="write_ln146/4 "/>
</bind>
</comp>

<comp id="179" class="1005" name="t_V_reg_179">
<pin_list>
<pin id="180" dir="0" index="0" bw="10" slack="1"/>
<pin id="181" dir="1" index="1" bw="10" slack="1"/>
</pin_list>
<bind>
<opset="t_V (phireg) "/>
</bind>
</comp>

<comp id="183" class="1004" name="t_V_phi_fu_183">
<pin_list>
<pin id="184" dir="0" index="0" bw="1" slack="1"/>
<pin id="185" dir="0" index="1" bw="0" slack="2147483647"/>
<pin id="186" dir="0" index="2" bw="10" slack="0"/>
<pin id="187" dir="0" index="3" bw="0" slack="2147483647"/>
<pin id="188" dir="1" index="4" bw="10" slack="0"/>
</pin_list>
<bind>
<opcode="phi(47) " fcode="phi"/>
<opset="t_V/2 "/>
</bind>
</comp>

<comp id="190" class="1005" name="t_V_6_reg_190">
<pin_list>
<pin id="191" dir="0" index="0" bw="11" slack="1"/>
<pin id="192" dir="1" index="1" bw="11" slack="1"/>
</pin_list>
<bind>
<opset="t_V_6 (phireg) "/>
</bind>
</comp>

<comp id="194" class="1004" name="t_V_6_phi_fu_194">
<pin_list>
<pin id="195" dir="0" index="0" bw="1" slack="1"/>
<pin id="196" dir="0" index="1" bw="0" slack="2147483647"/>
<pin id="197" dir="0" index="2" bw="11" slack="0"/>
<pin id="198" dir="0" index="3" bw="0" slack="2147483647"/>
<pin id="199" dir="1" index="4" bw="11" slack="0"/>
</pin_list>
<bind>
<opcode="phi(47) " fcode="phi"/>
<opset="t_V_6/3 "/>
</bind>
</comp>

<comp id="201" class="1004" name="store_ln125_store_fu_201">
<pin_list>
<pin id="202" dir="0" index="0" bw="1" slack="0"/>
<pin id="203" dir="0" index="1" bw="1" slack="0"/>
<pin id="204" dir="1" index="2" bw="0" slack="2147483647"/>
</pin_list>
<bind>
<opcode="store(28) " fcode="store"/>
<opset="store_ln125/1 "/>
</bind>
</comp>

<comp id="206" class="1004" name="icmp_ln125_fu_206">
<pin_list>
<pin id="207" dir="0" index="0" bw="10" slack="0"/>
<pin id="208" dir="0" index="1" bw="10" slack="0"/>
<pin id="209" dir="1" index="2" bw="1" slack="1"/>
</pin_list>
<bind>
<opcode="icmp(45) " fcode="icmp"/>
<opset="icmp_ln125/2 "/>
</bind>
</comp>

<comp id="212" class="1004" name="i_V_fu_212">
<pin_list>
<pin id="213" dir="0" index="0" bw="10" slack="0"/>
<pin id="214" dir="0" index="1" bw="1" slack="0"/>
<pin id="215" dir="1" index="2" bw="10" slack="0"/>
</pin_list>
<bind>
<opcode="add(8) " fcode="add"/>
<opset="i_V/2 "/>
</bind>
</comp>

<comp id="218" class="1004" name="icmp_ln126_fu_218">
<pin_list>
<pin id="219" dir="0" index="0" bw="11" slack="0"/>
<pin id="220" dir="0" index="1" bw="11" slack="0"/>
<pin id="221" dir="1" index="2" bw="1" slack="1"/>
</pin_list>
<bind>
<opcode="icmp(45) " fcode="icmp"/>
<opset="icmp_ln126/3 "/>
</bind>
</comp>

<comp id="224" class="1004" name="j_V_fu_224">
<pin_list>
<pin id="225" dir="0" index="0" bw="11" slack="0"/>
<pin id="226" dir="0" index="1" bw="1" slack="0"/>
<pin id="227" dir="1" index="2" bw="11" slack="0"/>
</pin_list>
<bind>
<opcode="add(8) " fcode="add"/>
<opset="j_V/3 "/>
</bind>
</comp>

<comp id="230" class="1004" name="axi_last_V_fu_230">
<pin_list>
<pin id="231" dir="0" index="0" bw="11" slack="0"/>
<pin id="232" dir="0" index="1" bw="11" slack="0"/>
<pin id="233" dir="1" index="2" bw="1" slack="1"/>
</pin_list>
<bind>
<opcode="icmp(45) " fcode="icmp"/>
<opset="axi_last_V/3 "/>
</bind>
</comp>

<comp id="236" class="1004" name="tmp_user_V_load_load_fu_236">
<pin_list>
<pin id="237" dir="0" index="0" bw="1" slack="3"/>
<pin id="238" dir="1" index="1" bw="1" slack="0"/>
</pin_list>
<bind>
<opcode="load(27) " fcode="load"/>
<opset="tmp_user_V_load/4 "/>
</bind>
</comp>

<comp id="240" class="1004" name="tmp_data_V_fu_240">
<pin_list>
<pin id="241" dir="0" index="0" bw="32" slack="0"/>
<pin id="242" dir="0" index="1" bw="1" slack="0"/>
<pin id="243" dir="0" index="2" bw="8" slack="0"/>
<pin id="244" dir="0" index="3" bw="8" slack="0"/>
<pin id="245" dir="0" index="4" bw="8" slack="0"/>
<pin id="246" dir="1" index="5" bw="32" slack="0"/>
</pin_list>
<bind>
<opcode="bitconcatenate(1004) " fcode="bitconcatenate"/>
<opset="tmp_data_V/4 "/>
</bind>
</comp>

<comp id="253" class="1004" name="store_ln126_store_fu_253">
<pin_list>
<pin id="254" dir="0" index="0" bw="1" slack="0"/>
<pin id="255" dir="0" index="1" bw="1" slack="3"/>
<pin id="256" dir="1" index="2" bw="0" slack="2147483647"/>
</pin_list>
<bind>
<opcode="store(28) " fcode="store"/>
<opset="store_ln126/4 "/>
</bind>
</comp>

<comp id="258" class="1005" name="tmp_user_V_reg_258">
<pin_list>
<pin id="259" dir="0" index="0" bw="1" slack="0"/>
<pin id="260" dir="1" index="1" bw="1" slack="0"/>
</pin_list>
<bind>
<opset="tmp_user_V "/>
</bind>
</comp>

<comp id="265" class="1005" name="icmp_ln125_reg_265">
<pin_list>
<pin id="266" dir="0" index="0" bw="1" slack="1"/>
<pin id="267" dir="1" index="1" bw="1" slack="2147483647"/>
</pin_list>
<bind>
<opset="icmp_ln125 "/>
</bind>
</comp>

<comp id="269" class="1005" name="i_V_reg_269">
<pin_list>
<pin id="270" dir="0" index="0" bw="10" slack="0"/>
<pin id="271" dir="1" index="1" bw="10" slack="0"/>
</pin_list>
<bind>
<opset="i_V "/>
</bind>
</comp>

<comp id="274" class="1005" name="icmp_ln126_reg_274">
<pin_list>
<pin id="275" dir="0" index="0" bw="1" slack="1"/>
<pin id="276" dir="1" index="1" bw="1" slack="2147483647"/>
</pin_list>
<bind>
<opset="icmp_ln126 "/>
</bind>
</comp>

<comp id="278" class="1005" name="j_V_reg_278">
<pin_list>
<pin id="279" dir="0" index="0" bw="11" slack="0"/>
<pin id="280" dir="1" index="1" bw="11" slack="0"/>
</pin_list>
<bind>
<opset="j_V "/>
</bind>
</comp>

<comp id="283" class="1005" name="axi_last_V_reg_283">
<pin_list>
<pin id="284" dir="0" index="0" bw="1" slack="1"/>
<pin id="285" dir="1" index="1" bw="1" slack="1"/>
</pin_list>
<bind>
<opset="axi_last_V "/>
</bind>
</comp>

<comp id="288" class="1005" name="tmp_user_V_load_reg_288">
<pin_list>
<pin id="289" dir="0" index="0" bw="1" slack="1"/>
<pin id="290" dir="1" index="1" bw="1" slack="1"/>
</pin_list>
<bind>
<opset="tmp_user_V_load "/>
</bind>
</comp>

<comp id="293" class="1005" name="tmp_data_V_reg_293">
<pin_list>
<pin id="294" dir="0" index="0" bw="32" slack="1"/>
<pin id="295" dir="1" index="1" bw="32" slack="1"/>
</pin_list>
<bind>
<opset="tmp_data_V "/>
</bind>
</comp>

</comp_list>

<net_list>
<net id="131"><net_src comp="20" pin="0"/><net_sink comp="128" pin=0"/></net>

<net id="136"><net_src comp="106" pin="0"/><net_sink comp="132" pin=0"/></net>

<net id="137"><net_src comp="0" pin="0"/><net_sink comp="132" pin=1"/></net>

<net id="142"><net_src comp="106" pin="0"/><net_sink comp="138" pin=0"/></net>

<net id="143"><net_src comp="2" pin="0"/><net_sink comp="138" pin=1"/></net>

<net id="148"><net_src comp="106" pin="0"/><net_sink comp="144" pin=0"/></net>

<net id="149"><net_src comp="4" pin="0"/><net_sink comp="144" pin=1"/></net>

<net id="167"><net_src comp="114" pin="0"/><net_sink comp="150" pin=0"/></net>

<net id="168"><net_src comp="6" pin="0"/><net_sink comp="150" pin=1"/></net>

<net id="169"><net_src comp="8" pin="0"/><net_sink comp="150" pin=2"/></net>

<net id="170"><net_src comp="10" pin="0"/><net_sink comp="150" pin=3"/></net>

<net id="171"><net_src comp="12" pin="0"/><net_sink comp="150" pin=4"/></net>

<net id="172"><net_src comp="14" pin="0"/><net_sink comp="150" pin=5"/></net>

<net id="173"><net_src comp="16" pin="0"/><net_sink comp="150" pin=6"/></net>

<net id="174"><net_src comp="18" pin="0"/><net_sink comp="150" pin=7"/></net>

<net id="175"><net_src comp="116" pin="0"/><net_sink comp="150" pin=9"/></net>

<net id="176"><net_src comp="118" pin="0"/><net_sink comp="150" pin=10"/></net>

<net id="177"><net_src comp="120" pin="0"/><net_sink comp="150" pin=13"/></net>

<net id="178"><net_src comp="120" pin="0"/><net_sink comp="150" pin=14"/></net>

<net id="182"><net_src comp="76" pin="0"/><net_sink comp="179" pin=0"/></net>

<net id="189"><net_src comp="179" pin="1"/><net_sink comp="183" pin=0"/></net>

<net id="193"><net_src comp="92" pin="0"/><net_sink comp="190" pin=0"/></net>

<net id="200"><net_src comp="190" pin="1"/><net_sink comp="194" pin=0"/></net>

<net id="205"><net_src comp="74" pin="0"/><net_sink comp="201" pin=0"/></net>

<net id="210"><net_src comp="183" pin="4"/><net_sink comp="206" pin=0"/></net>

<net id="211"><net_src comp="78" pin="0"/><net_sink comp="206" pin=1"/></net>

<net id="216"><net_src comp="183" pin="4"/><net_sink comp="212" pin=0"/></net>

<net id="217"><net_src comp="84" pin="0"/><net_sink comp="212" pin=1"/></net>

<net id="222"><net_src comp="194" pin="4"/><net_sink comp="218" pin=0"/></net>

<net id="223"><net_src comp="94" pin="0"/><net_sink comp="218" pin=1"/></net>

<net id="228"><net_src comp="194" pin="4"/><net_sink comp="224" pin=0"/></net>

<net id="229"><net_src comp="98" pin="0"/><net_sink comp="224" pin=1"/></net>

<net id="234"><net_src comp="194" pin="4"/><net_sink comp="230" pin=0"/></net>

<net id="235"><net_src comp="100" pin="0"/><net_sink comp="230" pin=1"/></net>

<net id="239"><net_src comp="236" pin="1"/><net_sink comp="150" pin=11"/></net>

<net id="247"><net_src comp="110" pin="0"/><net_sink comp="240" pin=0"/></net>

<net id="248"><net_src comp="112" pin="0"/><net_sink comp="240" pin=1"/></net>

<net id="249"><net_src comp="144" pin="2"/><net_sink comp="240" pin=2"/></net>

<net id="250"><net_src comp="138" pin="2"/><net_sink comp="240" pin=3"/></net>

<net id="251"><net_src comp="132" pin="2"/><net_sink comp="240" pin=4"/></net>

<net id="252"><net_src comp="240" pin="5"/><net_sink comp="150" pin=8"/></net>

<net id="257"><net_src comp="122" pin="0"/><net_sink comp="253" pin=0"/></net>

<net id="261"><net_src comp="128" pin="1"/><net_sink comp="258" pin=0"/></net>

<net id="262"><net_src comp="258" pin="1"/><net_sink comp="201" pin=1"/></net>

<net id="263"><net_src comp="258" pin="1"/><net_sink comp="236" pin=0"/></net>

<net id="264"><net_src comp="258" pin="1"/><net_sink comp="253" pin=1"/></net>

<net id="268"><net_src comp="206" pin="2"/><net_sink comp="265" pin=0"/></net>

<net id="272"><net_src comp="212" pin="2"/><net_sink comp="269" pin=0"/></net>

<net id="273"><net_src comp="269" pin="1"/><net_sink comp="183" pin=2"/></net>

<net id="277"><net_src comp="218" pin="2"/><net_sink comp="274" pin=0"/></net>

<net id="281"><net_src comp="224" pin="2"/><net_sink comp="278" pin=0"/></net>

<net id="282"><net_src comp="278" pin="1"/><net_sink comp="194" pin=2"/></net>

<net id="286"><net_src comp="230" pin="2"/><net_sink comp="283" pin=0"/></net>

<net id="287"><net_src comp="283" pin="1"/><net_sink comp="150" pin=12"/></net>

<net id="291"><net_src comp="236" pin="1"/><net_sink comp="288" pin=0"/></net>

<net id="292"><net_src comp="288" pin="1"/><net_sink comp="150" pin=11"/></net>

<net id="296"><net_src comp="240" pin="5"/><net_sink comp="293" pin=0"/></net>

<net id="297"><net_src comp="293" pin="1"/><net_sink comp="150" pin=8"/></net>

</net_list>

</model> 
---------------- Datapath Model END ------------------

* FSMD analyzer results:
  - Output states:
	Port: AXI_video_strm_V_data_V | {5 }
	Port: AXI_video_strm_V_keep_V | {5 }
	Port: AXI_video_strm_V_strb_V | {5 }
	Port: AXI_video_strm_V_user_V | {5 }
	Port: AXI_video_strm_V_last_V | {5 }
	Port: AXI_video_strm_V_id_V | {5 }
	Port: AXI_video_strm_V_dest_V | {5 }
 - Input state : 
	Port: Mat2AXIvideo : img_data_stream_0_V | {4 }
	Port: Mat2AXIvideo : img_data_stream_1_V | {4 }
	Port: Mat2AXIvideo : img_data_stream_2_V | {4 }
	Port: Mat2AXIvideo : AXI_video_strm_V_data_V | {}
	Port: Mat2AXIvideo : AXI_video_strm_V_keep_V | {}
	Port: Mat2AXIvideo : AXI_video_strm_V_strb_V | {}
	Port: Mat2AXIvideo : AXI_video_strm_V_user_V | {}
	Port: Mat2AXIvideo : AXI_video_strm_V_last_V | {}
	Port: Mat2AXIvideo : AXI_video_strm_V_id_V | {}
	Port: Mat2AXIvideo : AXI_video_strm_V_dest_V | {}
  - Chain level:
	State 1
		store_ln125 : 1
	State 2
		icmp_ln125 : 1
		i_V : 1
		br_ln125 : 2
	State 3
		icmp_ln126 : 1
		j_V : 1
		br_ln126 : 2
		axi_last_V : 1
	State 4
		empty : 1
		write_ln146 : 1
	State 5
		empty_126 : 1
	State 6


============================================================
+ Verbose Summary: Datapath Resource usage 
============================================================

* Functional unit list:
|----------|--------------------|---------|---------|
| Operation|   Functional Unit  |    FF   |   LUT   |
|----------|--------------------|---------|---------|
|          |  icmp_ln125_fu_206 |    0    |    13   |
|   icmp   |  icmp_ln126_fu_218 |    0    |    13   |
|          |  axi_last_V_fu_230 |    0    |    13   |
|----------|--------------------|---------|---------|
|    add   |     i_V_fu_212     |    0    |    14   |
|          |     j_V_fu_224     |    0    |    13   |
|----------|--------------------|---------|---------|
|          | tmp_36_read_fu_132 |    0    |    0    |
|   read   | tmp_37_read_fu_138 |    0    |    0    |
|          |   tmp_read_fu_144  |    0    |    0    |
|----------|--------------------|---------|---------|
|   write  |  grp_write_fu_150  |    0    |    0    |
|----------|--------------------|---------|---------|
|bitconcatenate|  tmp_data_V_fu_240 |    0    |    0    |
|----------|--------------------|---------|---------|
|   Total  |                    |    0    |    66   |
|----------|--------------------|---------|---------|

Memories:
N/A

* Register list:
+-----------------------+--------+
|                       |   FF   |
+-----------------------+--------+
|   axi_last_V_reg_283  |    1   |
|      i_V_reg_269      |   10   |
|   icmp_ln125_reg_265  |    1   |
|   icmp_ln126_reg_274  |    1   |
|      j_V_reg_278      |   11   |
|     t_V_6_reg_190     |   11   |
|      t_V_reg_179      |   10   |
|   tmp_data_V_reg_293  |   32   |
|tmp_user_V_load_reg_288|    1   |
|   tmp_user_V_reg_258  |    1   |
+-----------------------+--------+
|         Total         |   79   |
+-----------------------+--------+

* Multiplexer (MUX) list: 
|------------------|------|------|------|--------||---------||---------|
|       Comp       |  Pin | Size |  BW  | S x BW ||  Delay  ||   LUT   |
|------------------|------|------|------|--------||---------||---------|
| grp_write_fu_150 |  p8  |   2  |  32  |   64   ||    9    |
| grp_write_fu_150 |  p11 |   2  |   1  |    2   ||    9    |
|------------------|------|------|------|--------||---------||---------|
|       Total      |      |      |      |   66   ||  3.538  ||    18   |
|------------------|------|------|------|--------||---------||---------|



* Summary:
+-----------+--------+--------+--------+
|           |  Delay |   FF   |   LUT  |
+-----------+--------+--------+--------+
|  Function |    -   |    0   |   66   |
|   Memory  |    -   |    -   |    -   |
|Multiplexer|    3   |    -   |   18   |
|  Register |    -   |   79   |    -   |
+-----------+--------+--------+--------+
|   Total   |    3   |   79   |   84   |
+-----------+--------+--------+--------+
