

================================================================
== Vivado HLS Report for 'Conv1_Cal'
================================================================
* Date:           Wed Aug 19 09:56:50 2020

* Version:        2019.2 (Build 2704478 on Wed Nov 06 22:10:23 MST 2019)
* Project:        Lenet_HLS_Final
* Solution:       conv_optimization
* Product family: zynq
* Target device:  xc7z020-clg484-1


================================================================
== Performance Estimates
================================================================
+ Timing: 
    * Summary: 
    +--------+----------+----------+------------+
    |  Clock |  Target  | Estimated| Uncertainty|
    +--------+----------+----------+------------+
    |ap_clk  | 10.00 ns | 8.747 ns |   1.25 ns  |
    +--------+----------+----------+------------+

+ Latency: 
    * Summary: 
    +---------+---------+----------+----------+--------+--------+---------+
    |  Latency (cycles) |  Latency (absolute) |     Interval    | Pipeline|
    |   min   |   max   |    min   |    max   |   min  |   max  |   Type  |
    +---------+---------+----------+----------+--------+--------+---------+
    |   906822|   906822| 9.068 ms | 9.068 ms |  906822|  906822|   none  |
    +---------+---------+----------+----------+--------+--------+---------+

    + Detail: 
        * Instance: 
        N/A

        * Loop: 
        +----------------------+---------+---------+----------+-----------+-----------+------+----------+
        |                      |  Latency (cycles) | Iteration|  Initiation Interval  | Trip |          |
        |       Loop Name      |   min   |   max   |  Latency |  achieved |   target  | Count| Pipelined|
        +----------------------+---------+---------+----------+-----------+-----------+------+----------+
        |- CONV1_SIZE1         |   883460|   883460|    176692|          -|          -|     5|    no    |
        | + CONV1_SIZE2        |   176690|   176690|     35338|          -|          -|     5|    no    |
        |  ++ CONV1_ROW        |    35336|    35336|      1262|          -|          -|    28|    no    |
        |   +++ CONV1_COL      |     1260|     1260|        45|          -|          -|    28|    no    |
        |    ++++ CONV1_OUTD   |       42|       42|         7|          -|          -|     6|    no    |
        |- CONV1_BIAS_SIZE1    |    23360|    23360|       730|          -|          -|    32|    no    |
        | + CONV1_BIAS_SIZE2   |      728|      728|        26|          -|          -|    28|    no    |
        |  ++ CONV1_BIAS_OUTD  |       24|       24|         4|          -|          -|     6|    no    |
        +----------------------+---------+---------+----------+-----------+-----------+------+----------+



================================================================
== Utilization Estimates
================================================================
* Summary: 
+-----------------+---------+-------+--------+-------+-----+
|       Name      | BRAM_18K| DSP48E|   FF   |  LUT  | URAM|
+-----------------+---------+-------+--------+-------+-----+
|DSP              |        -|      1|       -|      -|    -|
|Expression       |        -|      -|       0|    700|    -|
|FIFO             |        -|      -|       -|      -|    -|
|Instance         |        -|      -|       -|      -|    -|
|Memory           |        0|      -|       9|     16|    -|
|Multiplexer      |        -|      -|       -|    225|    -|
|Register         |        -|      -|     249|      -|    -|
+-----------------+---------+-------+--------+-------+-----+
|Total            |        0|      1|     258|    941|    0|
+-----------------+---------+-------+--------+-------+-----+
|Available        |      280|    220|  106400|  53200|    0|
+-----------------+---------+-------+--------+-------+-----+
|Utilization (%)  |        0|   ~0  |   ~0   |      1|    0|
+-----------------+---------+-------+--------+-------+-----+

+ Detail: 
    * Instance: 
    N/A

    * DSP48E: 
    +-------------------------+----------------------+-----------+
    |         Instance        |        Module        | Expression|
    +-------------------------+----------------------+-----------+
    |Lenet_HLS_mul_mulcud_U1  |Lenet_HLS_mul_mulcud  |  i0 * i1  |
    +-------------------------+----------------------+-----------+

    * Memory: 
    +----------------+----------------------+---------+---+----+-----+------+-----+------+-------------+
    |     Memory     |        Module        | BRAM_18K| FF| LUT| URAM| Words| Bits| Banks| W*Bits*Banks|
    +----------------+----------------------+---------+---+----+-----+------+-----+------+-------------+
    |conv1_V_0_U     |Conv1_Cal_conv1_V_0   |        0|  6|  15|    0|   150|    6|     1|          900|
    |conv1_bias_V_U  |Conv1_Cal_conv1_bbkb  |        0|  3|   1|    0|     6|    3|     1|           18|
    +----------------+----------------------+---------+---+----+-----+------+-----+------+-------------+
    |Total           |                      |        0|  9|  16|    0|   156|    9|     2|          918|
    +----------------+----------------------+---------+---+----+-----+------+-----+------+-------------+

    * FIFO: 
    N/A

    * Expression: 
    +---------------------------+----------+-------+---+----+------------+------------+
    |       Variable Name       | Operation| DSP48E| FF| LUT| Bitwidth P0| Bitwidth P1|
    +---------------------------+----------+-------+---+----+------------+------------+
    |add_ln1117_5_fu_413_p2     |     +    |      0|  0|  12|           6|           6|
    |add_ln1117_6_fu_434_p2     |     +    |      0|  0|  12|           9|           9|
    |add_ln1117_7_fu_440_p2     |     +    |      0|  0|  12|           9|           9|
    |add_ln1117_fu_407_p2       |     +    |      0|  0|  12|           6|           6|
    |add_ln1192_4_fu_539_p2     |     +    |      0|  0|  25|          18|          18|
    |add_ln1265_4_fu_1083_p2    |     +    |      0|  0|  12|          14|          14|
    |add_ln1265_fu_1048_p2      |     +    |      0|  0|  14|          10|          10|
    |add_ln203_15_fu_502_p2     |     +    |      0|  0|  12|          14|          14|
    |add_ln203_fu_467_p2        |     +    |      0|  0|  14|          10|          10|
    |add_ln79_1_fu_350_p2       |     +    |      0|  0|  15|           5|           5|
    |add_ln79_fu_333_p2         |     +    |      0|  0|  15|           5|           5|
    |col_fu_344_p2              |     +    |      0|  0|  15|           5|           1|
    |i_4_fu_976_p2              |     +    |      0|  0|  15|           6|           1|
    |i_fu_275_p2                |     +    |      0|  0|  12|           3|           1|
    |j_2_fu_992_p2              |     +    |      0|  0|  15|           5|           1|
    |j_fu_295_p2                |     +    |      0|  0|  12|           3|           1|
    |out_d_2_fu_381_p2          |     +    |      0|  0|  12|           3|           1|
    |out_d_fu_1008_p2           |     +    |      0|  0|  12|           3|           1|
    |p_Val2_28_fu_1124_p2       |     +    |      0|  0|  12|          12|          12|
    |p_Val2_31_fu_790_p2        |     +    |      0|  0|  12|          12|          12|
    |p_Val2_36_fu_603_p2        |     +    |      0|  0|  12|          12|          12|
    |ret_V_4_fu_1110_p2         |     +    |      0|  0|  17|          13|          13|
    |ret_V_fu_534_p2            |     +    |      0|  0|  26|          19|          19|
    |row_fu_323_p2              |     +    |      0|  0|  15|           5|           1|
    |sub_ln1265_1_fu_1077_p2    |     -    |      0|  0|  12|          14|          14|
    |sub_ln1265_fu_1038_p2      |     -    |      0|  0|  15|           9|           9|
    |sub_ln203_2_fu_496_p2      |     -    |      0|  0|  12|          14|          14|
    |sub_ln203_fu_457_p2        |     -    |      0|  0|  15|           9|           9|
    |and_ln415_2_fu_593_p2      |    and   |      0|  0|   2|           1|           1|
    |and_ln415_fu_780_p2        |    and   |      0|  0|   2|           1|           1|
    |and_ln777_fu_831_p2        |    and   |      0|  0|   2|           1|           1|
    |and_ln781_2_fu_689_p2      |    and   |      0|  0|   2|           1|           1|
    |and_ln781_fu_874_p2        |    and   |      0|  0|   2|           1|           1|
    |and_ln786_7_fu_683_p2      |    and   |      0|  0|   2|           1|           1|
    |and_ln786_fu_904_p2        |    and   |      0|  0|   2|           1|           1|
    |carry_6_fu_810_p2          |    and   |      0|  0|   2|           1|           1|
    |carry_8_fu_623_p2          |    and   |      0|  0|   2|           1|           1|
    |deleted_ones_4_fu_677_p2   |    and   |      0|  0|   2|           1|           1|
    |deleted_ones_fu_868_p2     |    and   |      0|  0|   2|           1|           1|
    |overflow_2_fu_707_p2       |    and   |      0|  0|   2|           1|           1|
    |overflow_fu_898_p2         |    and   |      0|  0|   2|           1|           1|
    |underflow_3_fu_1144_p2     |    and   |      0|  0|   2|           1|           1|
    |underflow_4_fu_724_p2      |    and   |      0|  0|   2|           1|           1|
    |underflow_fu_922_p2        |    and   |      0|  0|   2|           1|           1|
    |icmp_ln1494_fu_1196_p2     |   icmp   |      0|  0|  13|          12|           1|
    |icmp_ln68_fu_269_p2        |   icmp   |      0|  0|   9|           3|           3|
    |icmp_ln70_fu_289_p2        |   icmp   |      0|  0|   9|           3|           3|
    |icmp_ln72_fu_317_p2        |   icmp   |      0|  0|  11|           5|           4|
    |icmp_ln74_fu_338_p2        |   icmp   |      0|  0|  11|           5|           4|
    |icmp_ln77_fu_375_p2        |   icmp   |      0|  0|   9|           3|           3|
    |icmp_ln78_fu_307_p2        |   icmp   |      0|  0|   9|           3|           1|
    |icmp_ln90_fu_970_p2        |   icmp   |      0|  0|  11|           6|           7|
    |icmp_ln92_fu_986_p2        |   icmp   |      0|  0|  11|           5|           4|
    |icmp_ln94_fu_1002_p2       |   icmp   |      0|  0|   9|           3|           3|
    |r_4_fu_754_p2              |   icmp   |      0|  0|  11|           5|           1|
    |r_5_fu_566_p2              |   icmp   |      0|  0|  11|           5|           1|
    |or_ln340_5_fu_928_p2       |    or    |      0|  0|   2|           1|           1|
    |or_ln340_6_fu_940_p2       |    or    |      0|  0|   2|           1|           1|
    |or_ln340_7_fu_934_p2       |    or    |      0|  0|   2|           1|           1|
    |or_ln340_8_fu_729_p2       |    or    |      0|  0|   2|           1|           1|
    |or_ln340_fu_1162_p2        |    or    |      0|  0|   2|           1|           1|
    |or_ln406_fu_580_p2         |    or    |      0|  0|   2|           1|           1|
    |or_ln416_6_fu_856_p2       |    or    |      0|  0|   2|           1|           1|
    |or_ln416_7_fu_862_p2       |    or    |      0|  0|   2|           1|           1|
    |or_ln416_8_fu_665_p2       |    or    |      0|  0|   2|           1|           1|
    |or_ln416_fu_671_p2         |    or    |      0|  0|   2|           1|           1|
    |or_ln785_2_fu_697_p2       |    or    |      0|  0|   2|           1|           1|
    |or_ln785_fu_886_p2         |    or    |      0|  0|   2|           1|           1|
    |or_ln786_2_fu_713_p2       |    or    |      0|  0|   2|           1|           1|
    |or_ln786_fu_910_p2         |    or    |      0|  0|   2|           1|           1|
    |or_ln78_fu_301_p2          |    or    |      0|  0|   3|           3|           3|
    |r_fu_767_p2                |    or    |      0|  0|   2|           1|           1|
    |select_ln340_2_fu_1168_p3  |  select  |      0|  0|  12|           1|          11|
    |select_ln340_4_fu_1184_p3  |  select  |      0|  0|  12|           1|          12|
    |select_ln340_5_fu_962_p3   |  select  |      0|  0|  12|           1|          12|
    |select_ln340_fu_946_p3     |  select  |      0|  0|  12|           1|          11|
    |select_ln388_2_fu_1176_p3  |  select  |      0|  0|  13|           1|          13|
    |select_ln388_fu_954_p3     |  select  |      0|  0|  13|           1|          13|
    |select_ln46_fu_1202_p3     |  select  |      0|  0|  11|           1|          11|
    |xor_ln340_2_fu_1156_p2     |    xor   |      0|  0|   2|           1|           2|
    |xor_ln340_fu_1150_p2       |    xor   |      0|  0|   2|           1|           1|
    |xor_ln416_10_fu_850_p2     |    xor   |      0|  0|   2|           1|           2|
    |xor_ln416_11_fu_617_p2     |    xor   |      0|  0|   2|           1|           2|
    |xor_ln416_12_fu_659_p2     |    xor   |      0|  0|   2|           1|           2|
    |xor_ln416_9_fu_804_p2      |    xor   |      0|  0|   2|           1|           2|
    |xor_ln779_2_fu_653_p2      |    xor   |      0|  0|   2|           1|           2|
    |xor_ln779_fu_844_p2        |    xor   |      0|  0|   2|           1|           2|
    |xor_ln785_6_fu_892_p2      |    xor   |      0|  0|   2|           1|           2|
    |xor_ln785_7_fu_693_p2      |    xor   |      0|  0|   2|           1|           1|
    |xor_ln785_8_fu_702_p2      |    xor   |      0|  0|   2|           1|           2|
    |xor_ln785_fu_880_p2        |    xor   |      0|  0|   2|           1|           1|
    |xor_ln786_3_fu_916_p2      |    xor   |      0|  0|   2|           1|           2|
    |xor_ln786_4_fu_718_p2      |    xor   |      0|  0|   2|           1|           2|
    |xor_ln786_fu_1138_p2       |    xor   |      0|  0|   2|           1|           2|
    +---------------------------+----------+-------+---+----+------------+------------+
    |Total                      |          |      0|  0| 700|         367|         407|
    +---------------------------+----------+-------+---+----+------------+------------+

    * Multiplexer: 
    +-------------------+-----+-----------+-----+-----------+
    |        Name       | LUT | Input Size| Bits| Total Bits|
    +-------------------+-----+-----------+-----+-----------+
    |ap_NS_fsm          |  105|         22|    1|         22|
    |col_0_reg_208      |    9|          2|    5|         10|
    |i1_0_reg_231       |    9|          2|    6|         12|
    |i_0_reg_174        |    9|          2|    3|          6|
    |j2_0_reg_242       |    9|          2|    5|         10|
    |j_0_reg_186        |    9|          2|    3|          6|
    |layer2_V_address0  |   15|          3|   13|         39|
    |layer2_V_d0        |   33|          6|   12|         72|
    |out_d3_0_reg_253   |    9|          2|    3|          6|
    |out_d_0_reg_220    |    9|          2|    3|          6|
    |row_0_reg_197      |    9|          2|    5|         10|
    +-------------------+-----+-----------+-----+-----------+
    |Total              |  225|         47|   59|        199|
    +-------------------+-----+-----------+-----+-----------+

    * Register: 
    +----------------------------+----+----+-----+-----------+
    |            Name            | FF | LUT| Bits| Const Bits|
    +----------------------------+----+----+-----+-----------+
    |Range2_all_ones_2_reg_1364  |   1|   0|    1|          0|
    |add_ln1117_7_reg_1307       |   9|   0|    9|          0|
    |add_ln79_reg_1271           |   5|   0|    5|          0|
    |and_ln786_7_reg_1370        |   1|   0|    1|          0|
    |ap_CS_fsm                   |  21|   0|   21|          0|
    |carry_8_reg_1353            |   1|   0|    1|          0|
    |col_0_reg_208               |   5|   0|    5|          0|
    |col_reg_1279                |   5|   0|    5|          0|
    |conv1_V_0_load_reg_1322     |   6|   0|    6|          0|
    |i1_0_reg_231                |   6|   0|    6|          0|
    |i_0_reg_174                 |   3|   0|    3|          0|
    |i_4_reg_1395                |   6|   0|    6|          0|
    |i_reg_1226                  |   3|   0|    3|          0|
    |icmp_ln1494_reg_1441        |   1|   0|    1|          0|
    |icmp_ln78_reg_1249          |   1|   0|    1|          0|
    |j2_0_reg_242                |   5|   0|    5|          0|
    |j_0_reg_186                 |   3|   0|    3|          0|
    |j_2_reg_1408                |   5|   0|    5|          0|
    |j_reg_1244                  |   3|   0|    3|          0|
    |layer2_V_addr_7_reg_1312    |  13|   0|   13|          0|
    |layer2_V_addr_reg_1426      |  13|   0|   13|          0|
    |or_ln340_8_reg_1383         |   1|   0|    1|          0|
    |out_d3_0_reg_253            |   3|   0|    3|          0|
    |out_d_0_reg_220             |   3|   0|    3|          0|
    |out_d_2_reg_1302            |   3|   0|    3|          0|
    |out_d_reg_1421              |   3|   0|    3|          0|
    |overflow_2_reg_1375         |   1|   0|    1|          0|
    |p_Result_31_reg_1342        |   1|   0|    1|          0|
    |p_Result_33_reg_1359        |   1|   0|    1|          0|
    |p_Val2_36_reg_1348          |  12|   0|   12|          0|
    |r_V_reg_1327                |  19|   0|   19|          0|
    |row_0_reg_197               |   5|   0|    5|          0|
    |row_reg_1261                |   5|   0|    5|          0|
    |select_ln340_5_reg_1387     |  12|   0|   12|          0|
    |sext_ln77_reg_1294          |  19|   0|   19|          0|
    |trunc_ln1494_reg_1436       |  11|   0|   11|          0|
    |underflow_4_reg_1379        |   1|   0|    1|          0|
    |zext_ln68_reg_1218          |   3|   0|    5|          2|
    |zext_ln70_1_reg_1231        |   3|   0|    6|          3|
    |zext_ln70_reg_1236          |   3|   0|    5|          2|
    |zext_ln72_reg_1253          |   3|   0|    9|          6|
    |zext_ln79_1_reg_1289        |   5|   0|   14|          9|
    |zext_ln79_reg_1266          |   5|   0|   10|          5|
    |zext_ln92_reg_1400          |   6|   0|   10|          4|
    |zext_ln94_reg_1413          |   5|   0|   14|          9|
    +----------------------------+----+----+-----+-----------+
    |Total                       | 249|   0|  289|         40|
    +----------------------------+----+----+-----+-----------+



================================================================
== Interface
================================================================
* Summary: 
+-------------------+-----+-----+------------+--------------+--------------+
|     RTL Ports     | Dir | Bits|  Protocol  | Source Object|    C Type    |
+-------------------+-----+-----+------------+--------------+--------------+
|ap_clk             |  in |    1| ap_ctrl_hs |   Conv1_Cal  | return value |
|ap_rst             |  in |    1| ap_ctrl_hs |   Conv1_Cal  | return value |
|ap_start           |  in |    1| ap_ctrl_hs |   Conv1_Cal  | return value |
|ap_done            | out |    1| ap_ctrl_hs |   Conv1_Cal  | return value |
|ap_idle            | out |    1| ap_ctrl_hs |   Conv1_Cal  | return value |
|ap_ready           | out |    1| ap_ctrl_hs |   Conv1_Cal  | return value |
|layer1_V_address0  | out |   10|  ap_memory |   layer1_V   |     array    |
|layer1_V_ce0       | out |    1|  ap_memory |   layer1_V   |     array    |
|layer1_V_q0        |  in |   12|  ap_memory |   layer1_V   |     array    |
|layer2_V_address0  | out |   13|  ap_memory |   layer2_V   |     array    |
|layer2_V_ce0       | out |    1|  ap_memory |   layer2_V   |     array    |
|layer2_V_we0       | out |    1|  ap_memory |   layer2_V   |     array    |
|layer2_V_d0        | out |   12|  ap_memory |   layer2_V   |     array    |
|layer2_V_q0        |  in |   12|  ap_memory |   layer2_V   |     array    |
+-------------------+-----+-----+------------+--------------+--------------+

