

================================================================
== Vivado HLS Report for 'Lenet_HLS'
================================================================
* Date:           Wed Aug 19 09:56:57 2020

* Version:        2019.2 (Build 2704478 on Wed Nov 06 22:10:23 MST 2019)
* Project:        Lenet_HLS_Final
* Solution:       conv_optimization
* Product family: zynq
* Target device:  xc7z020-clg484-1


================================================================
== Performance Estimates
================================================================
+ Timing: 
    * Summary: 
    +--------+----------+----------+------------+
    |  Clock |  Target  | Estimated| Uncertainty|
    +--------+----------+----------+------------+
    |ap_clk  | 10.00 ns | 8.747 ns |   1.25 ns  |
    +--------+----------+----------+------------+

+ Latency: 
    * Summary: 
    +---------+---------+-----------+-----------+---------+---------+---------+
    |  Latency (cycles) |   Latency (absolute)  |      Interval     | Pipeline|
    |   min   |   max   |    min    |    max    |   min   |   max   |   Type  |
    +---------+---------+-----------+-----------+---------+---------+---------+
    |  2935322|  2978666| 29.353 ms | 29.787 ms |  2935322|  2978666|   none  |
    +---------+---------+-----------+-----------+---------+---------+---------+

    + Detail: 
        * Instance: 
        +--------------------------+---------------+---------+---------+-----------+-----------+---------+---------+---------+
        |                          |               |  Latency (cycles) |   Latency (absolute)  |      Interval     | Pipeline|
        |         Instance         |     Module    |   min   |   max   |    min    |    max    |   min   |   max   |   Type  |
        +--------------------------+---------------+---------+---------+-----------+-----------+---------+---------+---------+
        |grp_Fullc1_Cal_fu_343     |Fullc1_Cal     |   168841|   212185|  1.688 ms |  2.122 ms |   168841|   212185|   none  |
        |grp_Conv2_Cal_fu_359      |Conv2_Cal      |  1772182|  1772182| 17.722 ms | 17.722 ms |  1772182|  1772182|   none  |
        |grp_Conv1_Cal_fu_371      |Conv1_Cal      |   906822|   906822|  9.068 ms |  9.068 ms |   906822|   906822|   none  |
        |grp_Pool1_Cal_fu_383      |Pool1_Cal      |     8413|     8413| 84.130 us | 84.130 us |     8413|     8413|   none  |
        |grp_Pool2_Cal_fu_391      |Pool2_Cal      |     2993|     2993| 29.930 us | 29.930 us |     2993|     2993|   none  |
        |grp_Fullc2_Cal_fu_399     |Fullc2_Cal     |    27496|    27496|  0.275 ms |  0.275 ms |    27496|    27496|   none  |
        |grp_Flatten_Layer_fu_411  |Flatten_Layer  |     1261|     1261| 12.610 us | 12.610 us |     1261|     1261|   none  |
        +--------------------------+---------------+---------+---------+-----------+-----------+---------+---------+---------+

        * Loop: 
        +-------------+---------+---------+----------+-----------+-----------+------+----------+
        |             |  Latency (cycles) | Iteration|  Initiation Interval  | Trip |          |
        |  Loop Name  |   min   |   max   |  Latency |  achieved |   target  | Count| Pipelined|
        +-------------+---------+---------+----------+-----------+-----------+------+----------+
        |- COPY       |     1024|     1024|         1|          -|          -|  1024|    no    |
        |- LOAD_ROW   |    46144|    46144|      1442|          -|          -|    32|    no    |
        | + LOAD_COL  |     1440|     1440|        45|          -|          -|    32|    no    |
        |- BIGGEST    |      130|      130|         2|          -|          -|    65|    no    |
        +-------------+---------+---------+----------+-----------+-----------+------+----------+



================================================================
== Utilization Estimates
================================================================
* Summary: 
+-----------------+---------+-------+--------+-------+-----+
|       Name      | BRAM_18K| DSP48E|   FF   |  LUT  | URAM|
+-----------------+---------+-------+--------+-------+-----+
|DSP              |        -|      -|       -|      -|    -|
|Expression       |        -|      -|       0|   1908|    -|
|FIFO             |        -|      -|       -|      -|    -|
|Instance         |       31|      4|    6096|  10331|    -|
|Memory           |       14|      -|      48|     29|    0|
|Multiplexer      |        -|      -|       -|    672|    -|
|Register         |        -|      -|     769|      -|    -|
+-----------------+---------+-------+--------+-------+-----+
|Total            |       45|      4|    6913|  12940|    0|
+-----------------+---------+-------+--------+-------+-----+
|Available        |      280|    220|  106400|  53200|    0|
+-----------------+---------+-------+--------+-------+-----+
|Utilization (%)  |       16|      1|       6|     24|    0|
+-----------------+---------+-------+--------+-------+-----+

+ Detail: 
    * Instance: 
    +----------------------------+--------------------------+---------+-------+------+------+-----+
    |          Instance          |          Module          | BRAM_18K| DSP48E|  FF  |  LUT | URAM|
    +----------------------------+--------------------------+---------+-------+------+------+-----+
    |grp_Conv1_Cal_fu_371        |Conv1_Cal                 |        0|      1|   258|   941|    0|
    |grp_Conv2_Cal_fu_359        |Conv2_Cal                 |        2|      1|   282|  1022|    0|
    |grp_Flatten_Layer_fu_411    |Flatten_Layer             |        0|      0|    89|   253|    0|
    |grp_Fullc1_Cal_fu_343       |Fullc1_Cal                |       26|      1|   703|  1821|    0|
    |grp_Fullc2_Cal_fu_399       |Fullc2_Cal                |        3|      1|   136|   301|    0|
    |Lenet_HLS_AXILiteS_s_axi_U  |Lenet_HLS_AXILiteS_s_axi  |        0|      0|   106|   168|    0|
    |Lenet_HLS_ddiv_64qcK_U36    |Lenet_HLS_ddiv_64qcK      |        0|      0|  3211|  3658|    0|
    |Lenet_HLS_fpext_3pcA_U35    |Lenet_HLS_fpext_3pcA      |        0|      0|   100|   138|    0|
    |Lenet_HLS_sitofp_ocq_U34    |Lenet_HLS_sitofp_ocq      |        0|      0|   340|   554|    0|
    |grp_Pool1_Cal_fu_383        |Pool1_Cal                 |        0|      0|   439|   752|    0|
    |grp_Pool2_Cal_fu_391        |Pool2_Cal                 |        0|      0|   432|   723|    0|
    +----------------------------+--------------------------+---------+-------+------+------+-----+
    |Total                       |                          |       31|      4|  6096| 10331|    0|
    +----------------------------+--------------------------+---------+-------+------+------+-----+

    * DSP48E: 
    N/A

    * Memory: 
    +-------------------+----------------------+---------+----+----+-----+------+-----+------+-------------+
    |       Memory      |        Module        | BRAM_18K| FF | LUT| URAM| Words| Bits| Banks| W*Bits*Banks|
    +-------------------+----------------------+---------+----+----+-----+------+-----+------+-------------+
    |data_buf_data_V_U  |Lenet_HLS_data_buncg  |        1|   0|   0|    0|  1024|   16|     1|        16384|
    |flatten2_V_U       |Lenet_HLS_flattenlbW  |        0|  24|  16|    0|    84|   12|     1|         1008|
    |flatten3_V_U       |Lenet_HLS_flattenmb6  |        0|  24|  13|    0|    65|   12|     1|          780|
    |layer1_V_U         |Lenet_HLS_layer1_V    |        1|   0|   0|    0|  1024|   12|     1|        12288|
    |layer2_V_U         |Lenet_HLS_layer2_V    |        6|   0|   0|    0|  4704|   12|     1|        56448|
    |layer3_V_U         |Lenet_HLS_layer3_V    |        2|   0|   0|    0|  1176|   12|     1|        14112|
    |layer4_V_U         |Lenet_HLS_layer4_V    |        2|   0|   0|    0|  1600|   12|     1|        19200|
    |layer5_V_U         |Lenet_HLS_layer5_V    |        1|   0|   0|    0|   400|   12|     1|         4800|
    |flatten1_V_U       |Lenet_HLS_layer5_V    |        1|   0|   0|    0|   400|   12|     1|         4800|
    +-------------------+----------------------+---------+----+----+-----+------+-----+------+-------------+
    |Total              |                      |       14|  48|  29|    0| 10477|  112|     9|       129820|
    +-------------------+----------------------+---------+----+----+-----+------+-----+------+-------------+

    * FIFO: 
    N/A

    * Expression: 
    +-------------------------------+----------+-------+---+-----+------------+------------+
    |         Variable Name         | Operation| DSP48E| FF| LUT | Bitwidth P0| Bitwidth P1|
    +-------------------------------+----------+-------+---+-----+------------+------------+
    |add_ln203_fu_513_p2            |     +    |      0|  0|   12|          12|          12|
    |add_ln581_fu_596_p2            |     +    |      0|  0|   12|           4|          12|
    |add_ln591_fu_723_p2            |     +    |      0|  0|   12|           4|          12|
    |add_ln595_fu_642_p2            |     +    |      0|  0|   12|           5|          12|
    |empty_142_fu_845_p2            |     +    |      0|  0|   12|          12|          12|
    |exp_V_fu_654_p2                |     +    |      0|  0|   12|          11|          12|
    |i_1_fu_1399_p2                 |     +    |      0|  0|   15|           7|           1|
    |i_2_fu_458_p2                  |     +    |      0|  0|   15|           6|           1|
    |i_fu_436_p2                    |     +    |      0|  0|   13|          11|           1|
    |index_fu_504_p2                |     +    |      0|  0|   14|          10|          10|
    |j_fu_498_p2                    |     +    |      0|  0|   15|           6|           1|
    |p_Val2_5_fu_808_p2             |     +    |      0|  0|   12|          12|          12|
    |pos1_fu_857_p2                 |     +    |      0|  0|   12|           3|          12|
    |pos2_fu_866_p2                 |     +    |      0|  0|   12|           3|          12|
    |F2_fu_584_p2                   |     -    |      0|  0|   12|          11|          12|
    |man_V_2_fu_572_p2              |     -    |      0|  0|   61|           1|          54|
    |sub_ln581_fu_602_p2            |     -    |      0|  0|   12|           3|          12|
    |sub_ln595_fu_746_p2            |     -    |      0|  0|   15|           3|           6|
    |Range1_all_ones_1_fu_915_p2    |    and   |      0|  0|    2|           1|           1|
    |Range1_all_ones_fu_1096_p2     |    and   |      0|  0|    2|           1|           1|
    |and_ln340_1_fu_1375_p2         |    and   |      0|  0|    2|           1|           1|
    |and_ln340_fu_1369_p2           |    and   |      0|  0|    2|           1|           1|
    |and_ln403_1_fu_1010_p2         |    and   |      0|  0|    2|           1|           1|
    |and_ln403_2_fu_1034_p2         |    and   |      0|  0|    2|           1|           1|
    |and_ln403_fu_994_p2            |    and   |      0|  0|    2|           1|           1|
    |and_ln406_fu_798_p2            |    and   |      0|  0|    2|           1|           1|
    |and_ln557_fu_1247_p2           |    and   |      0|  0|    2|           1|           1|
    |and_ln578_fu_828_p2            |    and   |      0|  0|    2|           1|           1|
    |and_ln603_1_fu_1040_p2         |    and   |      0|  0|    2|           1|           1|
    |and_ln603_2_fu_1050_p2         |    and   |      0|  0|    2|           1|           1|
    |and_ln603_fu_1022_p2           |    and   |      0|  0|    2|           1|           1|
    |and_ln621_2_fu_1236_p2         |    and   |      0|  0|    2|           1|           1|
    |and_ln621_3_fu_1242_p2         |    and   |      0|  0|    2|           1|           1|
    |and_ln621_fu_909_p2            |    and   |      0|  0|    2|           1|           1|
    |and_ln631_fu_1069_p2           |    and   |      0|  0|    2|           1|           1|
    |and_ln639_fu_1092_p2           |    and   |      0|  0|    2|           1|           1|
    |and_ln641_fu_1111_p2           |    and   |      0|  0|    2|           1|           1|
    |and_ln642_fu_969_p2            |    and   |      0|  0|    2|           1|           1|
    |and_ln652_fu_1186_p2           |    and   |      0|  0|    2|           1|           1|
    |and_ln654_fu_1213_p2           |    and   |      0|  0|    2|           1|           1|
    |and_ln658_fu_1265_p2           |    and   |      0|  0|    2|           1|           1|
    |and_ln659_fu_1287_p2           |    and   |      0|  0|    2|           1|           1|
    |ap_block_state2                |    and   |      0|  0|    2|           1|           1|
    |overflow_fu_1281_p2            |    and   |      0|  0|    2|           1|           1|
    |p_Result_s_fu_768_p2           |    and   |      0|  0|   54|          54|          54|
    |r_fu_780_p2                    |    and   |      0|  0|    2|           1|           1|
    |underflow_fu_1302_p2           |    and   |      0|  0|    2|           1|           1|
    |ashr_ln586_fu_690_p2           |   ashr   |      0|  0|  162|          54|          54|
    |ashr_ln623_fu_899_p2           |   ashr   |      0|  0|  162|          54|          54|
    |QUAN_INC_fu_590_p2             |   icmp   |      0|  0|   13|          12|           3|
    |Range1_all_zeros_1_fu_951_p2   |   icmp   |      0|  0|   29|          54|           1|
    |Range2_all_ones_fu_1079_p2     |   icmp   |      0|  0|   29|          54|          54|
    |empty_143_fu_851_p2            |   icmp   |      0|  0|   13|          12|           3|
    |icmp_ln1495_fu_1410_p2         |   icmp   |      0|  0|   13|          12|          12|
    |icmp_ln203_fu_1393_p2          |   icmp   |      0|  0|   11|           7|           7|
    |icmp_ln233_fu_430_p2           |   icmp   |      0|  0|   13|          11|          12|
    |icmp_ln243_fu_452_p2           |   icmp   |      0|  0|   11|           6|           7|
    |icmp_ln245_fu_492_p2           |   icmp   |      0|  0|   11|           6|           7|
    |icmp_ln571_fu_578_p2           |   icmp   |      0|  0|   29|          63|           1|
    |icmp_ln578_fu_833_p2           |   icmp   |      0|  0|   13|          12|           3|
    |icmp_ln582_fu_667_p2           |   icmp   |      0|  0|   13|          12|           3|
    |icmp_ln585_fu_676_p2           |   icmp   |      0|  0|   13|          12|           6|
    |icmp_ln591_fu_616_p2           |   icmp   |      0|  0|   13|          12|           6|
    |icmp_ln595_1_fu_774_p2         |   icmp   |      0|  0|   29|          54|           1|
    |icmp_ln595_fu_648_p2           |   icmp   |      0|  0|   13|          12|           6|
    |icmp_ln598_fu_632_p2           |   icmp   |      0|  0|   13|           9|           1|
    |icmp_ln603_fu_681_p2           |   icmp   |      0|  0|   13|          12|           4|
    |icmp_ln621_fu_875_p2           |   icmp   |      0|  0|   13|          12|           6|
    |icmp_ln631_fu_929_p2           |   icmp   |      0|  0|   13|          12|           6|
    |icmp_ln641_fu_1101_p2          |   icmp   |      0|  0|   29|          54|           1|
    |icmp_ln642_fu_945_p2           |   icmp   |      0|  0|   13|          12|           6|
    |Range2_V_1_fu_939_p2           |   lshr   |      0|  0|  162|          54|          54|
    |lshr_ln595_fu_762_p2           |   lshr   |      0|  0|  162|           2|          54|
    |r_V_fu_1074_p2                 |   lshr   |      0|  0|  162|           2|          54|
    |or_ln340_1_fu_1317_p2          |    or    |      0|  0|    2|           1|           1|
    |or_ln340_2_fu_1322_p2          |    or    |      0|  0|    2|           1|           1|
    |or_ln340_fu_1307_p2            |    or    |      0|  0|    2|           1|           1|
    |or_ln406_fu_793_p2             |    or    |      0|  0|    2|           1|           1|
    |or_ln557_fu_1230_p2            |    or    |      0|  0|    2|           1|           1|
    |or_ln571_fu_1341_p2            |    or    |      0|  0|    2|           1|           1|
    |or_ln639_fu_963_p2             |    or    |      0|  0|    2|           1|           1|
    |or_ln645_fu_1117_p2            |    or    |      0|  0|    2|           1|           1|
    |or_ln652_1_fu_1199_p2          |    or    |      0|  0|    2|           1|           1|
    |or_ln652_2_fu_1168_p2          |    or    |      0|  0|    2|           1|           1|
    |or_ln652_3_fu_1163_p2          |    or    |      0|  0|    2|           1|           1|
    |or_ln652_fu_1180_p2            |    or    |      0|  0|    2|           1|           1|
    |or_ln658_fu_1270_p2            |    or    |      0|  0|    2|           1|           1|
    |sel_tmp57_demorgan_fu_1353_p2  |    or    |      0|  0|    2|           1|           1|
    |deleted_ones_fu_1205_p3        |  select  |      0|  0|    2|           1|           1|
    |deleted_zeros_fu_1149_p3       |  select  |      0|  0|    2|           1|           1|
    |layer1_V_d0                    |  select  |      0|  0|   12|           1|          12|
    |man_V_fu_659_p3                |  select  |      0|  0|   54|           1|          54|
    |p_Val2_4_fu_715_p3             |  select  |      0|  0|   12|           1|          12|
    |p_Val2_6_fu_1026_p3            |  select  |      0|  0|   12|           1|          12|
    |qb_fu_740_p3                   |  select  |      0|  0|    2|           1|           1|
    |sel_tmp58_fu_1357_p3           |  select  |      0|  0|   12|           1|          12|
    |select_ln204_1_fu_1424_p3      |  select  |      0|  0|   32|           1|          32|
    |select_ln204_fu_1416_p3        |  select  |      0|  0|   12|           1|          12|
    |select_ln340_fu_1327_p3        |  select  |      0|  0|   12|           1|          11|
    |select_ln403_1_fu_1015_p3      |  select  |      0|  0|   12|           1|          12|
    |select_ln403_fu_998_p3         |  select  |      0|  0|   12|           1|          12|
    |select_ln557_fu_1251_p3        |  select  |      0|  0|    2|           1|           1|
    |select_ln571_1_fu_1346_p3      |  select  |      0|  0|   12|           1|          12|
    |select_ln571_fu_1334_p3        |  select  |      0|  0|   13|           1|           1|
    |select_ln582_fu_988_p3         |  select  |      0|  0|   12|           1|          12|
    |select_ln588_fu_707_p3         |  select  |      0|  0|    2|           1|           2|
    |select_ln595_fu_751_p3         |  select  |      0|  0|    6|           1|           1|
    |select_ln631_fu_1084_p3        |  select  |      0|  0|    2|           1|           1|
    |select_ln639_1_fu_1141_p3      |  select  |      0|  0|    2|           1|           1|
    |select_ln639_fu_1126_p3        |  select  |      0|  0|    2|           1|           1|
    |select_ln642_1_fu_1134_p3      |  select  |      0|  0|    2|           1|           1|
    |select_ln642_fu_1121_p3        |  select  |      0|  0|    2|           1|           1|
    |sh_amt_fu_608_p3               |  select  |      0|  0|   12|           1|          12|
    |tmp63_cast_cast_fu_838_p3      |  select  |      0|  0|    2|           1|           2|
    |shl_ln604_fu_978_p2            |    shl   |      0|  0|   27|          12|          12|
    |Range1_all_zeros_fu_1106_p2    |    xor   |      0|  0|    2|           2|           1|
    |empty_144_fu_1219_p2           |    xor   |      0|  0|    2|           2|           1|
    |xor_ln340_fu_1312_p2           |    xor   |      0|  0|    2|           1|           2|
    |xor_ln403_fu_1005_p2           |    xor   |      0|  0|    2|           1|           2|
    |xor_ln416_fu_983_p2            |    xor   |      0|  0|    2|           1|           2|
    |xor_ln571_fu_1364_p2           |    xor   |      0|  0|    2|           1|           2|
    |xor_ln582_fu_822_p2            |    xor   |      0|  0|    2|           1|           2|
    |xor_ln603_fu_1044_p2           |    xor   |      0|  0|    2|           2|           1|
    |xor_ln621_1_fu_889_p2          |    xor   |      0|  0|    2|           1|           2|
    |xor_ln621_fu_1225_p2           |    xor   |      0|  0|    2|           1|           2|
    |xor_ln631_fu_1064_p2           |    xor   |      0|  0|    2|           1|           2|
    |xor_ln639_1_fu_957_p2          |    xor   |      0|  0|    2|           1|           2|
    |xor_ln652_1_fu_1174_p2         |    xor   |      0|  0|    2|           1|           2|
    |xor_ln652_2_fu_1157_p2         |    xor   |      0|  0|    2|           2|           1|
    |xor_ln658_1_fu_1276_p2         |    xor   |      0|  0|    2|           1|           2|
    |xor_ln658_fu_1259_p2           |    xor   |      0|  0|    2|           1|           2|
    |xor_ln659_fu_1297_p2           |    xor   |      0|  0|    2|           2|           1|
    +-------------------------------+----------+-------+---+-----+------------+------------+
    |Total                          |          |      0|  0| 1908|         908|        1001|
    +-------------------------------+----------+-------+---+-----+------------+------------+

    * Multiplexer: 
    +--------------------------+-----+-----------+-----+-----------+
    |           Name           | LUT | Input Size| Bits| Total Bits|
    +--------------------------+-----+-----------+-----+-----------+
    |ap_NS_fsm                 |  273|         64|    1|         64|
    |data_buf_data_V_address0  |   15|          3|   10|         30|
    |flatten1_V_address0       |   15|          3|    9|         27|
    |flatten1_V_ce0            |   15|          3|    1|          3|
    |flatten1_V_we0            |    9|          2|    1|          2|
    |flatten2_V_address0       |   15|          3|    7|         21|
    |flatten2_V_ce0            |   15|          3|    1|          3|
    |flatten2_V_we0            |    9|          2|    1|          2|
    |flatten3_V_address0       |   15|          3|    7|         21|
    |flatten3_V_ce0            |   15|          3|    1|          3|
    |flatten3_V_we0            |    9|          2|    1|          2|
    |i1_0_reg_286              |    9|          2|    6|         12|
    |i_0_reg_275               |    9|          2|   11|         22|
    |index_1_reg_332           |    9|          2|    7|         14|
    |input_layer_TDATA_blk_n   |    9|          2|    1|          2|
    |j_0_reg_297               |    9|          2|    6|         12|
    |layer1_V_address0         |   15|          3|   10|         30|
    |layer1_V_ce0              |   15|          3|    1|          3|
    |layer2_V_address0         |   15|          3|   13|         39|
    |layer2_V_ce0              |   15|          3|    1|          3|
    |layer2_V_ce1              |    9|          2|    1|          2|
    |layer2_V_we0              |    9|          2|    1|          2|
    |layer3_V_address0         |   15|          3|   11|         33|
    |layer3_V_ce0              |   15|          3|    1|          3|
    |layer3_V_we0              |    9|          2|    1|          2|
    |layer4_V_address0         |   15|          3|   11|         33|
    |layer4_V_ce0              |   15|          3|    1|          3|
    |layer4_V_ce1              |    9|          2|    1|          2|
    |layer4_V_we0              |    9|          2|    1|          2|
    |layer5_V_address0         |   15|          3|    9|         27|
    |layer5_V_ce0              |   15|          3|    1|          3|
    |layer5_V_we0              |    9|          2|    1|          2|
    |p_04_3_i_reg_308          |    9|          2|   12|         24|
    |ret_reg_320               |    9|          2|   32|         64|
    +--------------------------+-----+-----------+-----+-----------+
    |Total                     |  672|        147|  180|        517|
    +--------------------------+-----+-----------+-----+-----------+

    * Register: 
    +---------------------------------------+----+----+-----+-----------+
    |                  Name                 | FF | LUT| Bits| Const Bits|
    +---------------------------------------+----+----+-----+-----------+
    |F2_reg_1538                            |  12|   0|   12|          0|
    |QUAN_INC_reg_1547                      |   1|   0|    1|          0|
    |Range1_all_ones_1_reg_1657             |   1|   0|    1|          0|
    |Range1_all_zeros_1_reg_1686            |   1|   0|    1|          0|
    |Range2_V_1_reg_1680                    |  54|   0|   54|          0|
    |add_ln203_reg_1465                     |  12|   0|   12|          0|
    |and_ln578_reg_1620                     |   1|   0|    1|          0|
    |and_ln642_reg_1691                     |   1|   0|    1|          0|
    |and_ln659_reg_1716                     |   1|   0|    1|          0|
    |ap_CS_fsm                              |  63|   0|   63|          0|
    |data_buf_data_V_load_reg_1475          |  16|   0|   16|          0|
    |empty_143_reg_1632                     |   1|   0|    1|          0|
    |grp_Conv1_Cal_fu_371_ap_start_reg      |   1|   0|    1|          0|
    |grp_Conv2_Cal_fu_359_ap_start_reg      |   1|   0|    1|          0|
    |grp_Flatten_Layer_fu_411_ap_start_reg  |   1|   0|    1|          0|
    |grp_Fullc1_Cal_fu_343_ap_start_reg     |   1|   0|    1|          0|
    |grp_Fullc2_Cal_fu_399_ap_start_reg     |   1|   0|    1|          0|
    |grp_Pool1_Cal_fu_383_ap_start_reg      |   1|   0|    1|          0|
    |grp_Pool2_Cal_fu_391_ap_start_reg      |   1|   0|    1|          0|
    |i1_0_reg_286                           |   6|   0|    6|          0|
    |i_0_reg_275                            |  11|   0|   11|          0|
    |i_1_reg_1730                           |   7|   0|    7|          0|
    |i_2_reg_1442                           |   6|   0|    6|          0|
    |icmp_ln571_reg_1530                    |   1|   0|    1|          0|
    |icmp_ln578_reg_1626                    |   1|   0|    1|          0|
    |icmp_ln582_reg_1585                    |   1|   0|    1|          0|
    |icmp_ln591_reg_1560                    |   1|   0|    1|          0|
    |icmp_ln595_reg_1575                    |   1|   0|    1|          0|
    |icmp_ln598_reg_1565                    |   1|   0|    1|          0|
    |icmp_ln603_reg_1596                    |   1|   0|    1|          0|
    |icmp_ln621_reg_1643                    |   1|   0|    1|          0|
    |icmp_ln631_reg_1669                    |   1|   0|    1|          0|
    |index_1_reg_332                        |   7|   0|    7|          0|
    |ireg_V_reg_1500                        |  64|   0|   64|          0|
    |j_0_reg_297                            |   6|   0|    6|          0|
    |j_reg_1460                             |   6|   0|    6|          0|
    |man_V_2_reg_1525                       |  54|   0|   54|          0|
    |overflow_reg_1710                      |   1|   0|    1|          0|
    |p_04_3_i_reg_308                       |  12|   0|   12|          0|
    |p_Result_14_reg_1505                   |   1|   0|    1|          0|
    |p_Result_15_reg_1520                   |  52|   0|   54|          2|
    |p_Result_16_reg_1602                   |   1|   0|    1|          0|
    |p_Val2_5_reg_1608                      |  12|   0|   12|          0|
    |p_Val2_6_reg_1697                      |  12|   0|   12|          0|
    |pos1_reg_1638                          |  12|   0|   12|          0|
    |ret_reg_320                            |  32|   0|   32|          0|
    |select_ln557_reg_1704                  |   1|   0|    1|          0|
    |sext_ln581_reg_1580                    |  32|   0|   32|          0|
    |sh_amt_reg_1553                        |  12|   0|   12|          0|
    |shl_ln_reg_1447                        |   5|   0|   10|          5|
    |tmp_1_reg_1490                         |  64|   0|   64|          0|
    |tmp_24_reg_1614                        |   1|   0|    1|          0|
    |tmp_27_reg_1664                        |   1|   0|    1|          0|
    |tmp_reg_1485                           |  32|   0|   32|          0|
    |trunc_ln583_reg_1590                   |  12|   0|   12|          0|
    |trunc_ln595_reg_1570                   |   6|   0|    6|          0|
    |v_assign_reg_1495                      |  64|   0|   64|          0|
    |xor_ln621_1_reg_1650                   |   1|   0|    1|          0|
    |zext_ln206_reg_1722                    |   7|   0|   32|         25|
    |zext_ln245_1_reg_1452                  |   6|   0|   12|          6|
    |zext_ln461_reg_1515                    |  11|   0|   12|          1|
    |zext_ln635_reg_1675                    |  32|   0|   54|         22|
    +---------------------------------------+----+----+-----+-----------+
    |Total                                  | 769|   0|  830|         61|
    +---------------------------------------+----+----+-----+-----------+



================================================================
== Interface
================================================================
* Summary: 
+------------------------+-----+-----+------------+--------------------+--------------+
|        RTL Ports       | Dir | Bits|  Protocol  |    Source Object   |    C Type    |
+------------------------+-----+-----+------------+--------------------+--------------+
|s_axi_AXILiteS_AWVALID  |  in |    1|    s_axi   |      AXILiteS      |    scalar    |
|s_axi_AXILiteS_AWREADY  | out |    1|    s_axi   |      AXILiteS      |    scalar    |
|s_axi_AXILiteS_AWADDR   |  in |    5|    s_axi   |      AXILiteS      |    scalar    |
|s_axi_AXILiteS_WVALID   |  in |    1|    s_axi   |      AXILiteS      |    scalar    |
|s_axi_AXILiteS_WREADY   | out |    1|    s_axi   |      AXILiteS      |    scalar    |
|s_axi_AXILiteS_WDATA    |  in |   32|    s_axi   |      AXILiteS      |    scalar    |
|s_axi_AXILiteS_WSTRB    |  in |    4|    s_axi   |      AXILiteS      |    scalar    |
|s_axi_AXILiteS_ARVALID  |  in |    1|    s_axi   |      AXILiteS      |    scalar    |
|s_axi_AXILiteS_ARREADY  | out |    1|    s_axi   |      AXILiteS      |    scalar    |
|s_axi_AXILiteS_ARADDR   |  in |    5|    s_axi   |      AXILiteS      |    scalar    |
|s_axi_AXILiteS_RVALID   | out |    1|    s_axi   |      AXILiteS      |    scalar    |
|s_axi_AXILiteS_RREADY   |  in |    1|    s_axi   |      AXILiteS      |    scalar    |
|s_axi_AXILiteS_RDATA    | out |   32|    s_axi   |      AXILiteS      |    scalar    |
|s_axi_AXILiteS_RRESP    | out |    2|    s_axi   |      AXILiteS      |    scalar    |
|s_axi_AXILiteS_BVALID   | out |    1|    s_axi   |      AXILiteS      |    scalar    |
|s_axi_AXILiteS_BREADY   |  in |    1|    s_axi   |      AXILiteS      |    scalar    |
|s_axi_AXILiteS_BRESP    | out |    2|    s_axi   |      AXILiteS      |    scalar    |
|ap_clk                  |  in |    1| ap_ctrl_hs |      Lenet_HLS     | return value |
|ap_rst_n                |  in |    1| ap_ctrl_hs |      Lenet_HLS     | return value |
|interrupt               | out |    1| ap_ctrl_hs |      Lenet_HLS     | return value |
|input_layer_TDATA       |  in |   16|    axis    | input_layer_data_V |    pointer   |
|input_layer_TVALID      |  in |    1|    axis    | input_layer_dest_V |    pointer   |
|input_layer_TREADY      | out |    1|    axis    | input_layer_dest_V |    pointer   |
|input_layer_TDEST       |  in |    1|    axis    | input_layer_dest_V |    pointer   |
|input_layer_TKEEP       |  in |    2|    axis    | input_layer_keep_V |    pointer   |
|input_layer_TSTRB       |  in |    2|    axis    | input_layer_strb_V |    pointer   |
|input_layer_TUSER       |  in |    1|    axis    | input_layer_user_V |    pointer   |
|input_layer_TLAST       |  in |    1|    axis    | input_layer_last_V |    pointer   |
|input_layer_TID         |  in |    1|    axis    |  input_layer_id_V  |    pointer   |
+------------------------+-----+-----+------------+--------------------+--------------+

