

================================================================
== Vivado HLS Report for 'my_tanh'
================================================================
* Date:           Wed Aug 19 09:56:55 2020

* Version:        2019.2 (Build 2704478 on Wed Nov 06 22:10:23 MST 2019)
* Project:        Lenet_HLS_Final
* Solution:       conv_optimization
* Product family: zynq
* Target device:  xc7z020-clg484-1


================================================================
== Performance Estimates
================================================================
+ Timing: 
    * Summary: 
    +--------+----------+----------+------------+
    |  Clock |  Target  | Estimated| Uncertainty|
    +--------+----------+----------+------------+
    |ap_clk  | 10.00 ns | 8.552 ns |   1.25 ns  |
    +--------+----------+----------+------------+

+ Latency: 
    * Summary: 
    +---------+---------+-----------+----------+-----+-----+---------+
    |  Latency (cycles) |  Latency (absolute)  |  Interval | Pipeline|
    |   min   |   max   |    min    |    max   | min | max |   Type  |
    +---------+---------+-----------+----------+-----+-----+---------+
    |        5|      521| 50.000 ns | 5.210 us |    5|  521|   none  |
    +---------+---------+-----------+----------+-----+-----+---------+

    + Detail: 
        * Instance: 
        N/A

        * Loop: 
        +---------------+---------+---------+----------+-----------+-----------+---------+----------+
        |               |  Latency (cycles) | Iteration|  Initiation Interval  |   Trip  |          |
        |   Loop Name   |   min   |   max   |  Latency |  achieved |   target  |  Count  | Pipelined|
        +---------------+---------+---------+----------+-----------+-----------+---------+----------+
        |- TANH_SEARCH  |        2|      513|         2|          -|          -| 1 ~ 256 |    no    |
        +---------------+---------+---------+----------+-----------+-----------+---------+----------+



================================================================
== Utilization Estimates
================================================================
* Summary: 
+-----------------+---------+-------+--------+-------+-----+
|       Name      | BRAM_18K| DSP48E|   FF   |  LUT  | URAM|
+-----------------+---------+-------+--------+-------+-----+
|DSP              |        -|      -|       -|      -|    -|
|Expression       |        -|      -|      40|    889|    -|
|FIFO             |        -|      -|       -|      -|    -|
|Instance         |        -|      0|     130|    469|    -|
|Memory           |        2|      -|       0|      0|    -|
|Multiplexer      |        -|      -|       -|    137|    -|
|Register         |        -|      -|     373|      -|    -|
+-----------------+---------+-------+--------+-------+-----+
|Total            |        2|      0|     543|   1495|    0|
+-----------------+---------+-------+--------+-------+-----+
|Available        |      280|    220|  106400|  53200|    0|
+-----------------+---------+-------+--------+-------+-----+
|Utilization (%)  |    ~0   |      0|   ~0   |      2|    0|
+-----------------+---------+-------+--------+-------+-----+

+ Detail: 
    * Instance: 
    +--------------------------+----------------------+---------+-------+-----+-----+-----+
    |         Instance         |        Module        | BRAM_18K| DSP48E|  FF | LUT | URAM|
    +--------------------------+----------------------+---------+-------+-----+-----+-----+
    |Lenet_HLS_dcmp_64g8j_U18  |Lenet_HLS_dcmp_64g8j  |        0|      0|  130|  469|    0|
    +--------------------------+----------------------+---------+-------+-----+-----+-----+
    |Total                     |                      |        0|      0|  130|  469|    0|
    +--------------------------+----------------------+---------+-------+-----+-----+-----+

    * DSP48E: 
    N/A

    * Memory: 
    +----------------+----------------------+---------+---+----+-----+------+-----+------+-------------+
    |     Memory     |        Module        | BRAM_18K| FF| LUT| URAM| Words| Bits| Banks| W*Bits*Banks|
    +----------------+----------------------+---------+---+----+-----+------+-----+------+-------------+
    |tanh_index_V_U  |my_tanh_tanh_indeeOg  |        1|  0|   0|    0|   256|    9|     1|         2304|
    |tanh_value_V_U  |my_tanh_tanh_valufYi  |        1|  0|   0|    0|   256|    8|     1|         2048|
    +----------------+----------------------+---------+---+----+-----+------+-----+------+-------------+
    |Total           |                      |        2|  0|   0|    0|   512|   17|     2|         4352|
    +----------------+----------------------+---------+---+----+-----+------+-----+------+-------------+

    * FIFO: 
    N/A

    * Expression: 
    +------------------------+----------+-------+----+-----+------------+------------+
    |      Variable Name     | Operation| DSP48E| FF | LUT | Bitwidth P0| Bitwidth P1|
    +------------------------+----------+-------+----+-----+------------+------------+
    |add_ln899_fu_319_p2     |     +    |      0|   0|   12|           7|          12|
    |add_ln908_fu_358_p2     |     +    |      0|   0|   39|           7|          32|
    |add_ln915_fu_459_p2     |     +    |      0|   0|   12|          11|          11|
    |i_fu_505_p2             |     +    |      0|   0|   15|           9|           1|
    |lsb_index_fu_246_p2     |     +    |      0|   0|   39|           7|          32|
    |m_2_fu_404_p2           |     +    |      0|   0|   71|          64|          64|
    |sub_ln894_fu_237_p2     |     -    |      0|   0|   39|           4|          32|
    |sub_ln897_fu_272_p2     |     -    |      0|   0|   13|           2|           4|
    |sub_ln908_fu_364_p2     |     -    |      0|   0|   39|           6|          32|
    |sub_ln915_fu_454_p2     |     -    |      0|   0|   12|           3|          11|
    |tmp_V_fu_193_p2         |     -    |      0|   0|   12|           1|          12|
    |a_fu_299_p2             |    and   |      0|   0|    2|           1|           1|
    |and_ln899_fu_332_p2     |    and   |      0|   0|    2|           1|           1|
    |grp_fu_174_p2           |    and   |      0|   0|    2|           1|           1|
    |p_Result_4_fu_288_p2    |    and   |      0|   0|   12|          12|          12|
    |l_fu_225_p3             |   cttz   |      0|  40|   36|          32|           0|
    |icmp_ln1495_fu_520_p2   |   icmp   |      0|   0|   13|          12|          12|
    |icmp_ln54_fu_499_p2     |   icmp   |      0|   0|   13|           9|          10|
    |icmp_ln885_fu_179_p2    |   icmp   |      0|   0|   13|          12|           1|
    |icmp_ln897_1_fu_293_p2  |   icmp   |      0|   0|   13|          12|           1|
    |icmp_ln897_fu_262_p2    |   icmp   |      0|   0|   18|          31|           1|
    |icmp_ln908_fu_352_p2    |   icmp   |      0|   0|   18|          32|           1|
    |icmp_ln924_1_fu_438_p2  |   icmp   |      0|   0|   29|          52|           1|
    |icmp_ln924_fu_484_p2    |   icmp   |      0|   0|   13|          11|           2|
    |lshr_ln897_fu_282_p2    |   lshr   |      0|   0|   27|           2|          12|
    |lshr_ln908_fu_376_p2    |   lshr   |      0|   0|  101|          32|          32|
    |or_ln899_fu_338_p2      |    or    |      0|   0|    2|           1|           1|
    |or_ln924_fu_490_p2      |    or    |      0|   0|    2|           1|           1|
    |m_1_fu_394_p3           |  select  |      0|   0|   64|           1|          64|
    |select_ln915_fu_447_p3  |  select  |      0|   0|   10|           1|          10|
    |tmp_V_3_fu_199_p3       |  select  |      0|   0|   12|           1|          12|
    |shl_ln908_fu_388_p2     |    shl   |      0|   0|  182|          64|          64|
    |xor_ln899_fu_313_p2     |    xor   |      0|   0|    2|           1|           2|
    +------------------------+----------+-------+----+-----+------------+------------+
    |Total                   |          |      0|  40|  889|         443|         485|
    +------------------------+----------+-------+----+-----+------------+------------+

    * Multiplexer: 
    +-----------------------------------------+----+-----------+-----+-----------+
    |                   Name                  | LUT| Input Size| Bits| Total Bits|
    +-----------------------------------------+----+-----------+-----+-----------+
    |agg_result_V_0_reg_149                   |  15|          3|    8|         24|
    |ap_NS_fsm                                |  50|         11|    1|         11|
    |ap_phi_mux_agg_result_V_0_phi_fu_154_p8  |   9|          2|    8|         16|
    |ap_return                                |   9|          2|    8|         16|
    |grp_fu_168_opcode                        |  15|          3|    5|         15|
    |grp_fu_168_p0                            |  15|          3|   64|        192|
    |grp_fu_168_p1                            |  15|          3|   64|        192|
    |i_0_reg_138                              |   9|          2|    9|         18|
    +-----------------------------------------+----+-----------+-----+-----------+
    |Total                                    | 137|         29|  167|        484|
    +-----------------------------------------+----+-----------+-----+-----------+

    * Register: 
    +------------------------+----+----+-----+-----------+
    |          Name          | FF | LUT| Bits| Const Bits|
    +------------------------+----+----+-----+-----------+
    |add_ln908_reg_567       |  32|   0|   32|          0|
    |agg_result_V_0_reg_149  |   8|   0|    8|          0|
    |and_ln924_1_reg_611     |   1|   0|    1|          0|
    |and_ln924_reg_607       |   1|   0|    1|          0|
    |ap_CS_fsm               |  10|   0|   10|          0|
    |ap_return_preg          |   8|   0|    8|          0|
    |bitcast_ln729_reg_602   |  64|   0|   64|          0|
    |i_0_reg_138             |   9|   0|    9|          0|
    |i_reg_619               |   9|   0|    9|          0|
    |icmp_ln54_reg_615       |   1|   0|    1|          0|
    |icmp_ln885_reg_530      |   1|   0|    1|          0|
    |icmp_ln908_reg_562      |   1|   0|    1|          0|
    |icmp_ln924_1_reg_587    |   1|   0|    1|          0|
    |l_reg_547               |  32|   0|   32|          0|
    |m_7_reg_577             |  63|   0|   63|          0|
    |or_ln924_reg_597        |   1|   0|    1|          0|
    |or_ln_reg_557           |   1|   0|   32|         31|
    |p_Result_11_reg_592     |  64|   0|   64|          0|
    |p_Result_9_reg_534      |   1|   0|    1|          0|
    |sub_ln908_reg_572       |  32|   0|   32|          0|
    |tmp_6_reg_582           |   1|   0|    1|          0|
    |tmp_V_3_reg_539         |  12|   0|   12|          0|
    |trunc_ln893_reg_552     |  11|   0|   11|          0|
    |zext_ln55_reg_624       |   9|   0|   64|         55|
    +------------------------+----+----+-----+-----------+
    |Total                   | 373|   0|  459|         86|
    +------------------------+----+----+-----+-----------+



================================================================
== Interface
================================================================
* Summary: 
+-----------+-----+-----+------------+--------------+--------------+
| RTL Ports | Dir | Bits|  Protocol  | Source Object|    C Type    |
+-----------+-----+-----+------------+--------------+--------------+
|ap_clk     |  in |    1| ap_ctrl_hs |    my_tanh   | return value |
|ap_rst     |  in |    1| ap_ctrl_hs |    my_tanh   | return value |
|ap_start   |  in |    1| ap_ctrl_hs |    my_tanh   | return value |
|ap_done    | out |    1| ap_ctrl_hs |    my_tanh   | return value |
|ap_idle    | out |    1| ap_ctrl_hs |    my_tanh   | return value |
|ap_ready   | out |    1| ap_ctrl_hs |    my_tanh   | return value |
|ap_return  | out |    8| ap_ctrl_hs |    my_tanh   | return value |
|x_V        |  in |   12|   ap_none  |      x_V     |    scalar    |
+-----------+-----+-----+------------+--------------+--------------+

