#-----------------------------------------------------------
# Vivado v2019.2 (64-bit)
# SW Build 2708876 on Wed Nov  6 21:40:23 MST 2019
# IP Build 2700528 on Thu Nov  7 00:09:20 MST 2019
# Start of session at: Tue Aug 18 13:56:32 2020
# Process ID: 10760
# Current directory: D:/ADAM_GALLAS/materials/01_Vivado_HLS/Cache_Plate/Cache_Plate/solution1/sim/verilog
# Command line: vivado.exe -source open_wave.tcl
# Log file: D:/ADAM_GALLAS/materials/01_Vivado_HLS/Cache_Plate/Cache_Plate/solution1/sim/verilog/vivado.log
# Journal file: D:/ADAM_GALLAS/materials/01_Vivado_HLS/Cache_Plate/Cache_Plate/solution1/sim/verilog\vivado.jou
#-----------------------------------------------------------
start_gui
source open_wave.tcl
# current_fileset
INFO: [IP_Flow 19-234] Refreshing IP repositories
INFO: [IP_Flow 19-1704] No user IP repositories specified
INFO: [IP_Flow 19-2313] Loaded Vivado IP repository 'D:/Program_Files/Xilinx/Vivado/2019.2/data/ip'.
current_fileset: Time (s): cpu = 00:00:13 ; elapsed = 00:00:18 . Memory (MB): peak = 866.613 ; gain = 236.309
# open_wave_database box.wdb
open_wave_config D:/ADAM_GALLAS/materials/01_Vivado_HLS/Cache_Plate/Cache_Plate/solution1/sim/verilog/box.wcfg
open_wave_database: Time (s): cpu = 00:00:10 ; elapsed = 00:00:05 . Memory (MB): peak = 890.750 ; gain = 23.918
close_sim
INFO: [Simtcl 6-16] Simulation closed
exit
INFO: [Common 17-206] Exiting Vivado at Tue Aug 18 14:01:00 2020...
