#-----------------------------------------------------------
# xsim v2019.2 (64-bit)
# SW Build 2708876 on Wed Nov  6 21:40:23 MST 2019
# IP Build 2700528 on Thu Nov  7 00:09:20 MST 2019
# Start of session at: Tue Aug 18 13:52:45 2020
# Process ID: 13012
# Current directory: D:/ADAM_GALLAS/materials/01_Vivado_HLS/Cache_Plate/Cache_Plate/solution1/sim/verilog
# Command line: xsim.exe -mode tcl -source {xsim.dir/box/xsim_script.tcl}
# Log file: D:/ADAM_GALLAS/materials/01_Vivado_HLS/Cache_Plate/Cache_Plate/solution1/sim/verilog/xsim.log
# Journal file: D:/ADAM_GALLAS/materials/01_Vivado_HLS/Cache_Plate/Cache_Plate/solution1/sim/verilog\xsim.jou
#-----------------------------------------------------------
source xsim.dir/box/xsim_script.tcl
# xsim {box} -autoloadwcfg -tclbatch {box.tcl}
Vivado Simulator 2019.2
Time resolution is 1 ps
source box.tcl
## log_wave [get_objects -filter {type == in_port || type == out_port || type == inout_port || type == port} /apatb_box_top/AESL_inst_box/*]
## set designtopgroup [add_wave_group "Design Top Signals"]
## set cinoutgroup [add_wave_group "C InOuts" -into $designtopgroup]
## set xleft___xright___ytop___ydown___return_group [add_wave_group xleft___xright___ytop___ydown___return(axi_slave) -into $cinoutgroup]
## add_wave /apatb_box_top/AESL_inst_box/interrupt -into $xleft___xright___ytop___ydown___return_group -color #ffff00 -radix hex
## add_wave /apatb_box_top/AESL_inst_box/s_axi_AXILiteS_BRESP -into $xleft___xright___ytop___ydown___return_group -radix hex
## add_wave /apatb_box_top/AESL_inst_box/s_axi_AXILiteS_BREADY -into $xleft___xright___ytop___ydown___return_group -color #ffff00 -radix hex
## add_wave /apatb_box_top/AESL_inst_box/s_axi_AXILiteS_BVALID -into $xleft___xright___ytop___ydown___return_group -color #ffff00 -radix hex
## add_wave /apatb_box_top/AESL_inst_box/s_axi_AXILiteS_RRESP -into $xleft___xright___ytop___ydown___return_group -radix hex
## add_wave /apatb_box_top/AESL_inst_box/s_axi_AXILiteS_RDATA -into $xleft___xright___ytop___ydown___return_group -radix hex
## add_wave /apatb_box_top/AESL_inst_box/s_axi_AXILiteS_RREADY -into $xleft___xright___ytop___ydown___return_group -color #ffff00 -radix hex
## add_wave /apatb_box_top/AESL_inst_box/s_axi_AXILiteS_RVALID -into $xleft___xright___ytop___ydown___return_group -color #ffff00 -radix hex
## add_wave /apatb_box_top/AESL_inst_box/s_axi_AXILiteS_ARREADY -into $xleft___xright___ytop___ydown___return_group -color #ffff00 -radix hex
## add_wave /apatb_box_top/AESL_inst_box/s_axi_AXILiteS_ARVALID -into $xleft___xright___ytop___ydown___return_group -color #ffff00 -radix hex
## add_wave /apatb_box_top/AESL_inst_box/s_axi_AXILiteS_ARADDR -into $xleft___xright___ytop___ydown___return_group -radix hex
## add_wave /apatb_box_top/AESL_inst_box/s_axi_AXILiteS_WSTRB -into $xleft___xright___ytop___ydown___return_group -radix hex
## add_wave /apatb_box_top/AESL_inst_box/s_axi_AXILiteS_WDATA -into $xleft___xright___ytop___ydown___return_group -radix hex
## add_wave /apatb_box_top/AESL_inst_box/s_axi_AXILiteS_WREADY -into $xleft___xright___ytop___ydown___return_group -color #ffff00 -radix hex
## add_wave /apatb_box_top/AESL_inst_box/s_axi_AXILiteS_WVALID -into $xleft___xright___ytop___ydown___return_group -color #ffff00 -radix hex
## add_wave /apatb_box_top/AESL_inst_box/s_axi_AXILiteS_AWREADY -into $xleft___xright___ytop___ydown___return_group -color #ffff00 -radix hex
## add_wave /apatb_box_top/AESL_inst_box/s_axi_AXILiteS_AWVALID -into $xleft___xright___ytop___ydown___return_group -color #ffff00 -radix hex
## add_wave /apatb_box_top/AESL_inst_box/s_axi_AXILiteS_AWADDR -into $xleft___xright___ytop___ydown___return_group -radix hex
## set coutputgroup [add_wave_group "C Outputs" -into $designtopgroup]
## set video_dst_group [add_wave_group video_dst(axis) -into $coutputgroup]
## add_wave /apatb_box_top/AESL_inst_box/video_dst_TREADY -into $video_dst_group -color #ffff00 -radix hex
## add_wave /apatb_box_top/AESL_inst_box/video_dst_TVALID -into $video_dst_group -color #ffff00 -radix hex
## add_wave /apatb_box_top/AESL_inst_box/video_dst_TDEST -into $video_dst_group -radix hex
## add_wave /apatb_box_top/AESL_inst_box/video_dst_TID -into $video_dst_group -radix hex
## add_wave /apatb_box_top/AESL_inst_box/video_dst_TLAST -into $video_dst_group -color #ffff00 -radix hex
## add_wave /apatb_box_top/AESL_inst_box/video_dst_TUSER -into $video_dst_group -radix hex
## add_wave /apatb_box_top/AESL_inst_box/video_dst_TSTRB -into $video_dst_group -radix hex
## add_wave /apatb_box_top/AESL_inst_box/video_dst_TKEEP -into $video_dst_group -radix hex
## add_wave /apatb_box_top/AESL_inst_box/video_dst_TDATA -into $video_dst_group -radix hex
## set buffer_group [add_wave_group buffer(bram) -into $coutputgroup]
## add_wave /apatb_box_top/AESL_inst_box/buffer_V_Rst_B -into $buffer_group -radix hex
## add_wave /apatb_box_top/AESL_inst_box/buffer_V_Clk_B -into $buffer_group -radix hex
## add_wave /apatb_box_top/AESL_inst_box/buffer_V_WEN_B -into $buffer_group -color #ffff00 -radix hex
## add_wave /apatb_box_top/AESL_inst_box/buffer_V_Dout_B -into $buffer_group -radix hex
## add_wave /apatb_box_top/AESL_inst_box/buffer_V_Din_B -into $buffer_group -radix hex
## add_wave /apatb_box_top/AESL_inst_box/buffer_V_EN_B -into $buffer_group -color #ffff00 -radix hex
## add_wave /apatb_box_top/AESL_inst_box/buffer_V_Addr_B -into $buffer_group -radix hex
## add_wave /apatb_box_top/AESL_inst_box/buffer_V_Rst_A -into $buffer_group -radix hex
## add_wave /apatb_box_top/AESL_inst_box/buffer_V_Clk_A -into $buffer_group -radix hex
## add_wave /apatb_box_top/AESL_inst_box/buffer_V_WEN_A -into $buffer_group -color #ffff00 -radix hex
## add_wave /apatb_box_top/AESL_inst_box/buffer_V_Dout_A -into $buffer_group -radix hex
## add_wave /apatb_box_top/AESL_inst_box/buffer_V_Din_A -into $buffer_group -radix hex
## add_wave /apatb_box_top/AESL_inst_box/buffer_V_EN_A -into $buffer_group -color #ffff00 -radix hex
## add_wave /apatb_box_top/AESL_inst_box/buffer_V_Addr_A -into $buffer_group -radix hex
## set cinputgroup [add_wave_group "C Inputs" -into $designtopgroup]
## set video_src_group [add_wave_group video_src(axis) -into $cinputgroup]
## add_wave /apatb_box_top/AESL_inst_box/video_src_TREADY -into $video_src_group -color #ffff00 -radix hex
## add_wave /apatb_box_top/AESL_inst_box/video_src_TVALID -into $video_src_group -color #ffff00 -radix hex
## add_wave /apatb_box_top/AESL_inst_box/video_src_TDEST -into $video_src_group -radix hex
## add_wave /apatb_box_top/AESL_inst_box/video_src_TID -into $video_src_group -radix hex
## add_wave /apatb_box_top/AESL_inst_box/video_src_TLAST -into $video_src_group -color #ffff00 -radix hex
## add_wave /apatb_box_top/AESL_inst_box/video_src_TUSER -into $video_src_group -radix hex
## add_wave /apatb_box_top/AESL_inst_box/video_src_TSTRB -into $video_src_group -radix hex
## add_wave /apatb_box_top/AESL_inst_box/video_src_TKEEP -into $video_src_group -radix hex
## add_wave /apatb_box_top/AESL_inst_box/video_src_TDATA -into $video_src_group -radix hex
## set resetgroup [add_wave_group "Reset" -into $designtopgroup]
## add_wave /apatb_box_top/AESL_inst_box/ap_rst_n -into $resetgroup
## set clockgroup [add_wave_group "Clock" -into $designtopgroup]
## add_wave /apatb_box_top/AESL_inst_box/ap_clk -into $clockgroup
## save_wave_config box.wcfg
## run all
////////////////////////////////////////////////////////////////////////////////////
// Inter-Transaction Progress: Completed Transaction / Total Transaction
// Intra-Transaction Progress: Measured Latency / Latency Estimation * 100%
//
// RTL Simulation : "Inter-Transaction Progress" ["Intra-Transaction Progress"] @ "Simulation Time"
////////////////////////////////////////////////////////////////////////////////////
// RTL Simulation : 0 / 1 [n/a] @ "125000"
// RTL Simulation : 1 / 1 [n/a] @ "9252745000"
////////////////////////////////////////////////////////////////////////////////////
$finish called at time : 9252785 ns : File "D:/ADAM_GALLAS/materials/01_Vivado_HLS/Cache_Plate/Cache_Plate/solution1/sim/verilog/box.autotb.v" Line 561
run: Time (s): cpu = 00:00:00 ; elapsed = 00:02:51 . Memory (MB): peak = 236.023 ; gain = 11.848
## quit
INFO: [Common 17-206] Exiting xsim at Tue Aug 18 13:55:51 2020...
