

================================================================
== Vivado HLS Report for 'Block_proc377'
================================================================
* Date:           Tue Aug 18 10:31:00 2020

* Version:        2019.2 (Build 2704478 on Wed Nov 06 22:10:23 MST 2019)
* Project:        Final_Processing
* Solution:       solution1
* Product family: zynq
* Target device:  xc7z020-clg484-1


================================================================
== Performance Estimates
================================================================
+ Timing: 
    * Summary: 
    +--------+----------+----------+------------+
    |  Clock |  Target  | Estimated| Uncertainty|
    +--------+----------+----------+------------+
    |ap_clk  | 11.10 ns | 3.634 ns |   1.39 ns  |
    +--------+----------+----------+------------+

+ Latency: 
    * Summary: 
    +---------+---------+----------+----------+-----+-----+---------+
    |  Latency (cycles) |  Latency (absolute) |  Interval | Pipeline|
    |   min   |   max   |    min   |    max   | min | max |   Type  |
    +---------+---------+----------+----------+-----+-----+---------+
    |        0|        0|   0 ns   |   0 ns   |    0|    0|   none  |
    +---------+---------+----------+----------+-----+-----+---------+

    + Detail: 
        * Instance: 
        N/A

        * Loop: 
        N/A



================================================================
== Utilization Estimates
================================================================
* Summary: 
+-----------------+---------+-------+--------+-------+-----+
|       Name      | BRAM_18K| DSP48E|   FF   |  LUT  | URAM|
+-----------------+---------+-------+--------+-------+-----+
|DSP              |        -|      -|       -|      -|    -|
|Expression       |        -|      -|       0|      2|    -|
|FIFO             |        -|      -|       -|      -|    -|
|Instance         |        -|      -|       -|      -|    -|
|Memory           |        -|      -|       -|      -|    -|
|Multiplexer      |        -|      -|       -|    216|    -|
|Register         |        -|      -|       3|      -|    -|
+-----------------+---------+-------+--------+-------+-----+
|Total            |        0|      0|       3|    218|    0|
+-----------------+---------+-------+--------+-------+-----+
|Available        |      280|    220|  106400|  53200|    0|
+-----------------+---------+-------+--------+-------+-----+
|Utilization (%)  |        0|      0|   ~0   |   ~0  |    0|
+-----------------+---------+-------+--------+-------+-----+

+ Detail: 
    * Instance: 
    N/A

    * DSP48E: 
    N/A

    * Memory: 
    N/A

    * FIFO: 
    N/A

    * Expression: 
    +-----------------+----------+-------+---+----+------------+------------+
    |  Variable Name  | Operation| DSP48E| FF| LUT| Bitwidth P0| Bitwidth P1|
    +-----------------+----------+-------+---+----+------------+------------+
    |ap_block_state1  |    or    |      0|  0|   2|           1|           1|
    +-----------------+----------+-------+---+----+------------+------------+
    |Total            |          |      0|  0|   2|           1|           1|
    +-----------------+----------+-------+---+----+------------+------------+

    * Multiplexer: 
    +--------------------------------+----+-----------+-----+-----------+
    |              Name              | LUT| Input Size| Bits| Total Bits|
    +--------------------------------+----+-----------+-----+-----------+
    |ap_done                         |   9|          2|    1|          2|
    |dilate1_cols_V_out_blk_n        |   9|          2|    1|          2|
    |dilate1_rows_V_out_blk_n        |   9|          2|    1|          2|
    |dilate_copy2_cols_V_out_blk_n   |   9|          2|    1|          2|
    |dilate_copy2_rows_V_out_blk_n   |   9|          2|    1|          2|
    |erode_blur_cols_V_out_blk_n     |   9|          2|    1|          2|
    |erode_blur_rows_V_out_blk_n     |   9|          2|    1|          2|
    |rdilate2_cols_V_out_blk_n       |   9|          2|    1|          2|
    |rdilate2_rows_V_out_blk_n       |   9|          2|    1|          2|
    |rdilate3_cols_V_out_blk_n       |   9|          2|    1|          2|
    |rdilate3_rows_V_out_blk_n       |   9|          2|    1|          2|
    |rdilate4_cols_V_out_blk_n       |   9|          2|    1|          2|
    |rdilate4_rows_V_out_blk_n       |   9|          2|    1|          2|
    |rdilate5_cols_V_out_blk_n       |   9|          2|    1|          2|
    |rdilate5_rows_V_out_blk_n       |   9|          2|    1|          2|
    |real_start                      |   9|          2|    1|          2|
    |resize_dilate_cols_V_out_blk_n  |   9|          2|    1|          2|
    |resize_dilate_rows_V_out_blk_n  |   9|          2|    1|          2|
    |rgb_img_cols_V_out_blk_n        |   9|          2|    1|          2|
    |rgb_img_rows_V_out_blk_n        |   9|          2|    1|          2|
    |xleft_out_blk_n                 |   9|          2|    1|          2|
    |xright_out_blk_n                |   9|          2|    1|          2|
    |ydown_out_blk_n                 |   9|          2|    1|          2|
    |ytop_out_blk_n                  |   9|          2|    1|          2|
    +--------------------------------+----+-----------+-----+-----------+
    |Total                           | 216|         48|   24|         48|
    +--------------------------------+----+-----------+-----+-----------+

    * Register: 
    +----------------+---+----+-----+-----------+
    |      Name      | FF| LUT| Bits| Const Bits|
    +----------------+---+----+-----+-----------+
    |ap_CS_fsm       |  1|   0|    1|          0|
    |ap_done_reg     |  1|   0|    1|          0|
    |start_once_reg  |  1|   0|    1|          0|
    +----------------+---+----+-----+-----------+
    |Total           |  3|   0|    3|          0|
    +----------------+---+----+-----+-----------+



================================================================
== Interface
================================================================
* Summary: 
+---------------------------------+-----+-----+------------+--------------------------+--------------+
|            RTL Ports            | Dir | Bits|  Protocol  |       Source Object      |    C Type    |
+---------------------------------+-----+-----+------------+--------------------------+--------------+
|ap_clk                           |  in |    1| ap_ctrl_hs |      Block__proc377      | return value |
|ap_rst                           |  in |    1| ap_ctrl_hs |      Block__proc377      | return value |
|ap_start                         |  in |    1| ap_ctrl_hs |      Block__proc377      | return value |
|start_full_n                     |  in |    1| ap_ctrl_hs |      Block__proc377      | return value |
|ap_done                          | out |    1| ap_ctrl_hs |      Block__proc377      | return value |
|ap_continue                      |  in |    1| ap_ctrl_hs |      Block__proc377      | return value |
|ap_idle                          | out |    1| ap_ctrl_hs |      Block__proc377      | return value |
|ap_ready                         | out |    1| ap_ctrl_hs |      Block__proc377      | return value |
|start_out                        | out |    1| ap_ctrl_hs |      Block__proc377      | return value |
|start_write                      | out |    1| ap_ctrl_hs |      Block__proc377      | return value |
|xleft_s                          |  in |   32|   ap_none  |          xleft_s         |    scalar    |
|xright_s                         |  in |   32|   ap_none  |         xright_s         |    scalar    |
|ytop_s                           |  in |   32|   ap_none  |          ytop_s          |    scalar    |
|ydown_s                          |  in |   32|   ap_none  |          ydown_s         |    scalar    |
|rgb_img_rows_V_out_din           | out |   11|   ap_fifo  |    rgb_img_rows_V_out    |    pointer   |
|rgb_img_rows_V_out_full_n        |  in |    1|   ap_fifo  |    rgb_img_rows_V_out    |    pointer   |
|rgb_img_rows_V_out_write         | out |    1|   ap_fifo  |    rgb_img_rows_V_out    |    pointer   |
|rgb_img_cols_V_out_din           | out |   12|   ap_fifo  |    rgb_img_cols_V_out    |    pointer   |
|rgb_img_cols_V_out_full_n        |  in |    1|   ap_fifo  |    rgb_img_cols_V_out    |    pointer   |
|rgb_img_cols_V_out_write         | out |    1|   ap_fifo  |    rgb_img_cols_V_out    |    pointer   |
|erode_blur_rows_V_out_din        | out |   11|   ap_fifo  |   erode_blur_rows_V_out  |    pointer   |
|erode_blur_rows_V_out_full_n     |  in |    1|   ap_fifo  |   erode_blur_rows_V_out  |    pointer   |
|erode_blur_rows_V_out_write      | out |    1|   ap_fifo  |   erode_blur_rows_V_out  |    pointer   |
|erode_blur_cols_V_out_din        | out |   12|   ap_fifo  |   erode_blur_cols_V_out  |    pointer   |
|erode_blur_cols_V_out_full_n     |  in |    1|   ap_fifo  |   erode_blur_cols_V_out  |    pointer   |
|erode_blur_cols_V_out_write      | out |    1|   ap_fifo  |   erode_blur_cols_V_out  |    pointer   |
|dilate1_rows_V_out_din           | out |   11|   ap_fifo  |    dilate1_rows_V_out    |    pointer   |
|dilate1_rows_V_out_full_n        |  in |    1|   ap_fifo  |    dilate1_rows_V_out    |    pointer   |
|dilate1_rows_V_out_write         | out |    1|   ap_fifo  |    dilate1_rows_V_out    |    pointer   |
|dilate1_cols_V_out_din           | out |   12|   ap_fifo  |    dilate1_cols_V_out    |    pointer   |
|dilate1_cols_V_out_full_n        |  in |    1|   ap_fifo  |    dilate1_cols_V_out    |    pointer   |
|dilate1_cols_V_out_write         | out |    1|   ap_fifo  |    dilate1_cols_V_out    |    pointer   |
|rdilate2_rows_V_out_din          | out |    9|   ap_fifo  |    rdilate2_rows_V_out   |    pointer   |
|rdilate2_rows_V_out_full_n       |  in |    1|   ap_fifo  |    rdilate2_rows_V_out   |    pointer   |
|rdilate2_rows_V_out_write        | out |    1|   ap_fifo  |    rdilate2_rows_V_out   |    pointer   |
|rdilate2_cols_V_out_din          | out |   10|   ap_fifo  |    rdilate2_cols_V_out   |    pointer   |
|rdilate2_cols_V_out_full_n       |  in |    1|   ap_fifo  |    rdilate2_cols_V_out   |    pointer   |
|rdilate2_cols_V_out_write        | out |    1|   ap_fifo  |    rdilate2_cols_V_out   |    pointer   |
|rdilate3_rows_V_out_din          | out |    9|   ap_fifo  |    rdilate3_rows_V_out   |    pointer   |
|rdilate3_rows_V_out_full_n       |  in |    1|   ap_fifo  |    rdilate3_rows_V_out   |    pointer   |
|rdilate3_rows_V_out_write        | out |    1|   ap_fifo  |    rdilate3_rows_V_out   |    pointer   |
|rdilate3_cols_V_out_din          | out |   10|   ap_fifo  |    rdilate3_cols_V_out   |    pointer   |
|rdilate3_cols_V_out_full_n       |  in |    1|   ap_fifo  |    rdilate3_cols_V_out   |    pointer   |
|rdilate3_cols_V_out_write        | out |    1|   ap_fifo  |    rdilate3_cols_V_out   |    pointer   |
|rdilate4_rows_V_out_din          | out |    9|   ap_fifo  |    rdilate4_rows_V_out   |    pointer   |
|rdilate4_rows_V_out_full_n       |  in |    1|   ap_fifo  |    rdilate4_rows_V_out   |    pointer   |
|rdilate4_rows_V_out_write        | out |    1|   ap_fifo  |    rdilate4_rows_V_out   |    pointer   |
|rdilate4_cols_V_out_din          | out |   10|   ap_fifo  |    rdilate4_cols_V_out   |    pointer   |
|rdilate4_cols_V_out_full_n       |  in |    1|   ap_fifo  |    rdilate4_cols_V_out   |    pointer   |
|rdilate4_cols_V_out_write        | out |    1|   ap_fifo  |    rdilate4_cols_V_out   |    pointer   |
|rdilate5_rows_V_out_din          | out |    9|   ap_fifo  |    rdilate5_rows_V_out   |    pointer   |
|rdilate5_rows_V_out_full_n       |  in |    1|   ap_fifo  |    rdilate5_rows_V_out   |    pointer   |
|rdilate5_rows_V_out_write        | out |    1|   ap_fifo  |    rdilate5_rows_V_out   |    pointer   |
|rdilate5_cols_V_out_din          | out |   10|   ap_fifo  |    rdilate5_cols_V_out   |    pointer   |
|rdilate5_cols_V_out_full_n       |  in |    1|   ap_fifo  |    rdilate5_cols_V_out   |    pointer   |
|rdilate5_cols_V_out_write        | out |    1|   ap_fifo  |    rdilate5_cols_V_out   |    pointer   |
|dilate_copy2_rows_V_out_din      | out |    9|   ap_fifo  |  dilate_copy2_rows_V_out |    pointer   |
|dilate_copy2_rows_V_out_full_n   |  in |    1|   ap_fifo  |  dilate_copy2_rows_V_out |    pointer   |
|dilate_copy2_rows_V_out_write    | out |    1|   ap_fifo  |  dilate_copy2_rows_V_out |    pointer   |
|dilate_copy2_cols_V_out_din      | out |   10|   ap_fifo  |  dilate_copy2_cols_V_out |    pointer   |
|dilate_copy2_cols_V_out_full_n   |  in |    1|   ap_fifo  |  dilate_copy2_cols_V_out |    pointer   |
|dilate_copy2_cols_V_out_write    | out |    1|   ap_fifo  |  dilate_copy2_cols_V_out |    pointer   |
|resize_dilate_rows_V_out_din     | out |   11|   ap_fifo  | resize_dilate_rows_V_out |    pointer   |
|resize_dilate_rows_V_out_full_n  |  in |    1|   ap_fifo  | resize_dilate_rows_V_out |    pointer   |
|resize_dilate_rows_V_out_write   | out |    1|   ap_fifo  | resize_dilate_rows_V_out |    pointer   |
|resize_dilate_cols_V_out_din     | out |   12|   ap_fifo  | resize_dilate_cols_V_out |    pointer   |
|resize_dilate_cols_V_out_full_n  |  in |    1|   ap_fifo  | resize_dilate_cols_V_out |    pointer   |
|resize_dilate_cols_V_out_write   | out |    1|   ap_fifo  | resize_dilate_cols_V_out |    pointer   |
|xleft_out_din                    | out |   32|   ap_fifo  |         xleft_out        |    pointer   |
|xleft_out_full_n                 |  in |    1|   ap_fifo  |         xleft_out        |    pointer   |
|xleft_out_write                  | out |    1|   ap_fifo  |         xleft_out        |    pointer   |
|xright_out_din                   | out |   32|   ap_fifo  |        xright_out        |    pointer   |
|xright_out_full_n                |  in |    1|   ap_fifo  |        xright_out        |    pointer   |
|xright_out_write                 | out |    1|   ap_fifo  |        xright_out        |    pointer   |
|ytop_out_din                     | out |   32|   ap_fifo  |         ytop_out         |    pointer   |
|ytop_out_full_n                  |  in |    1|   ap_fifo  |         ytop_out         |    pointer   |
|ytop_out_write                   | out |    1|   ap_fifo  |         ytop_out         |    pointer   |
|ydown_out_din                    | out |   32|   ap_fifo  |         ydown_out        |    pointer   |
|ydown_out_full_n                 |  in |    1|   ap_fifo  |         ydown_out        |    pointer   |
|ydown_out_write                  | out |    1|   ap_fifo  |         ydown_out        |    pointer   |
+---------------------------------+-----+-----+------------+--------------------------+--------------+

