

================================================================
== Vivado HLS Report for 'Dilate203'
================================================================
* Date:           Tue Aug 18 10:31:12 2020

* Version:        2019.2 (Build 2704478 on Wed Nov 06 22:10:23 MST 2019)
* Project:        Final_Processing
* Solution:       solution1
* Product family: zynq
* Target device:  xc7z020-clg484-1


================================================================
== Performance Estimates
================================================================
+ Timing: 
    * Summary: 
    +--------+----------+----------+------------+
    |  Clock |  Target  | Estimated| Uncertainty|
    +--------+----------+----------+------------+
    |ap_clk  | 11.10 ns | 9.645 ns |   1.39 ns  |
    +--------+----------+----------+------------+

+ Latency: 
    * Summary: 
    +---------+---------+----------+-----------+-----+--------+---------+
    |  Latency (cycles) |  Latency (absolute)  |   Interval   | Pipeline|
    |   min   |   max   |    min   |    max    | min |   max  |   Type  |
    +---------+---------+----------+-----------+-----+--------+---------+
    |      171|   930659| 1.898 us | 10.330 ms |  171|  930659|   none  |
    +---------+---------+----------+-----------+-----+--------+---------+

    + Detail: 
        * Instance: 
        N/A

        * Loop: 
        +---------------+---------+---------+-----------+-----------+-----------+-----------+----------+
        |               |  Latency (cycles) | Iteration |  Initiation Interval  |    Trip   |          |
        |   Loop Name   |   min   |   max   |  Latency  |  achieved |   target  |   Count   | Pipelined|
        +---------------+---------+---------+-----------+-----------+-----------+-----------+----------+
        |- loop_height  |      170|   930658| 17 ~ 1289 |          -|          -|  10 ~ 722 |    no    |
        | + loop_width  |       14|     1286|          6|          1|          1| 10 ~ 1282 |    yes   |
        +---------------+---------+---------+-----------+-----------+-----------+-----------+----------+



================================================================
== Utilization Estimates
================================================================
* Summary: 
+-----------------+---------+-------+--------+-------+-----+
|       Name      | BRAM_18K| DSP48E|   FF   |  LUT  | URAM|
+-----------------+---------+-------+--------+-------+-----+
|DSP              |        -|      -|       -|      -|    -|
|Expression       |        -|      -|       0|    884|    -|
|FIFO             |        -|      -|       -|      -|    -|
|Instance         |        -|      -|       0|     90|    -|
|Memory           |        3|      -|       0|      0|    0|
|Multiplexer      |        -|      -|       -|    126|    -|
|Register         |        0|      -|     566|     64|    -|
+-----------------+---------+-------+--------+-------+-----+
|Total            |        3|      0|     566|   1164|    0|
+-----------------+---------+-------+--------+-------+-----+
|Available        |      280|    220|  106400|  53200|    0|
+-----------------+---------+-------+--------+-------+-----+
|Utilization (%)  |        1|      0|   ~0   |      2|    0|
+-----------------+---------+-------+--------+-------+-----+

+ Detail: 
    * Instance: 
    +----------------------+------------------+---------+-------+---+----+-----+
    |       Instance       |      Module      | BRAM_18K| DSP48E| FF| LUT| URAM|
    +----------------------+------------------+---------+-------+---+----+-----+
    |top_mux_32_8_1_1_U72  |top_mux_32_8_1_1  |        0|      0|  0|  15|    0|
    |top_mux_32_8_1_1_U73  |top_mux_32_8_1_1  |        0|      0|  0|  15|    0|
    |top_mux_32_8_1_1_U74  |top_mux_32_8_1_1  |        0|      0|  0|  15|    0|
    |top_mux_32_8_1_1_U75  |top_mux_32_8_1_1  |        0|      0|  0|  15|    0|
    |top_mux_32_8_1_1_U76  |top_mux_32_8_1_1  |        0|      0|  0|  15|    0|
    |top_mux_32_8_1_1_U77  |top_mux_32_8_1_1  |        0|      0|  0|  15|    0|
    +----------------------+------------------+---------+-------+---+----+-----+
    |Total                 |                  |        0|      0|  0|  90|    0|
    +----------------------+------------------+---------+-------+---+----+-----+

    * DSP48E: 
    N/A

    * Memory: 
    +-----------------+----------------------+---------+---+----+-----+------+-----+------+-------------+
    |      Memory     |        Module        | BRAM_18K| FF| LUT| URAM| Words| Bits| Banks| W*Bits*Banks|
    +-----------------+----------------------+---------+---+----+-----+------+-----+------+-------------+
    |k_buf_0_val_3_U  |Dilate203_k_buf_0hbi  |        1|  0|   0|    0|  1280|    8|     1|        10240|
    |k_buf_0_val_4_U  |Dilate203_k_buf_0hbi  |        1|  0|   0|    0|  1280|    8|     1|        10240|
    |k_buf_0_val_5_U  |Dilate203_k_buf_0hbi  |        1|  0|   0|    0|  1280|    8|     1|        10240|
    +-----------------+----------------------+---------+---+----+-----+------+-----+------+-------------+
    |Total            |                      |        3|  0|   0|    0|  3840|   24|     3|        30720|
    +-----------------+----------------------+---------+---+----+-----+------+-----+------+-------------+

    * FIFO: 
    N/A

    * Expression: 
    +-----------------------------------+----------+-------+---+----+------------+------------+
    |           Variable Name           | Operation| DSP48E| FF| LUT| Bitwidth P0| Bitwidth P1|
    +-----------------------------------+----------+-------+---+----+------------+------------+
    |ImagLoc_x_fu_637_p2                |     +    |      0|  0|  39|           2|          32|
    |add_ln118_4_fu_580_p2              |     +    |      0|  0|  10|           1|           2|
    |add_ln118_fu_528_p2                |     +    |      0|  0|  10|           2|           2|
    |add_ln443_4_fu_316_p2              |     +    |      0|  0|  12|           2|          12|
    |add_ln443_fu_306_p2                |     +    |      0|  0|  17|           2|          13|
    |add_ln451_4_fu_643_p2              |     +    |      0|  0|  17|           2|          13|
    |add_ln458_4_fu_346_p2              |     +    |      0|  0|  10|           2|           2|
    |add_ln458_fu_330_p2                |     +    |      0|  0|  17|           2|          13|
    |add_ln506_7_fu_450_p2              |     +    |      0|  0|  39|           3|          32|
    |add_ln506_8_fu_489_p2              |     +    |      0|  0|  39|           3|          32|
    |add_ln506_fu_411_p2                |     +    |      0|  0|  39|           2|          32|
    |add_ln507_fu_340_p2                |     +    |      0|  0|  10|           2|           2|
    |i_V_fu_357_p2                      |     +    |      0|  0|  39|          32|           1|
    |j_V_fu_611_p2                      |     +    |      0|  0|  39|          32|           1|
    |sub_ln493_7_fu_575_p2              |     -    |      0|  0|  10|           2|           2|
    |sub_ln493_8_fu_601_p2              |     -    |      0|  0|  10|           2|           2|
    |sub_ln493_9_fu_706_p2              |     -    |      0|  0|  10|           2|           2|
    |sub_ln493_fu_549_p2                |     -    |      0|  0|  10|           2|           2|
    |and_ln118_10_fu_475_p2             |    and   |      0|  0|   2|           1|           1|
    |and_ln118_11_fu_514_p2             |    and   |      0|  0|   2|           1|           1|
    |and_ln118_12_fu_668_p2             |    and   |      0|  0|   2|           1|           1|
    |and_ln118_fu_436_p2                |    and   |      0|  0|   2|           1|           1|
    |and_ln512_fu_711_p2                |    and   |      0|  0|   2|           1|           1|
    |ap_block_pp0                       |    and   |      0|  0|   2|           1|           1|
    |ap_block_state8_pp0_stage0_iter5   |    and   |      0|  0|   2|           1|           1|
    |ap_enable_state4_pp0_iter1_stage0  |    and   |      0|  0|   2|           1|           1|
    |ap_enable_state5_pp0_iter2_stage0  |    and   |      0|  0|   2|           1|           1|
    |ap_predicate_op127_read_state4     |    and   |      0|  0|   2|           1|           1|
    |ap_predicate_op128_store_state4    |    and   |      0|  0|   2|           1|           1|
    |ap_predicate_op131_store_state4    |    and   |      0|  0|   2|           1|           1|
    |ap_predicate_op133_read_state4     |    and   |      0|  0|   2|           1|           1|
    |ap_predicate_op147_store_state5    |    and   |      0|  0|   2|           1|           1|
    |icmp_ln118_10_fu_470_p2            |   icmp   |      0|  0|  18|          32|          32|
    |icmp_ln118_11_fu_509_p2            |   icmp   |      0|  0|  18|          32|          32|
    |icmp_ln118_12_fu_663_p2            |   icmp   |      0|  0|  18|          32|          32|
    |icmp_ln118_fu_431_p2               |   icmp   |      0|  0|  18|          32|          32|
    |icmp_ln188_22_fu_878_p2            |   icmp   |      0|  0|  11|           8|           8|
    |icmp_ln188_23_fu_895_p2            |   icmp   |      0|  0|  11|           8|           8|
    |icmp_ln188_24_fu_909_p2            |   icmp   |      0|  0|  11|           8|           8|
    |icmp_ln188_25_fu_923_p2            |   icmp   |      0|  0|  11|           8|           8|
    |icmp_ln188_26_fu_965_p2            |   icmp   |      0|  0|  11|           8|           8|
    |icmp_ln188_27_fu_977_p2            |   icmp   |      0|  0|  11|           8|           8|
    |icmp_ln188_28_fu_991_p2            |   icmp   |      0|  0|  11|           8|           8|
    |icmp_ln188_fu_864_p2               |   icmp   |      0|  0|  11|           8|           8|
    |icmp_ln443_fu_352_p2               |   icmp   |      0|  0|  18|          32|          32|
    |icmp_ln444_fu_606_p2               |   icmp   |      0|  0|  18|          32|          32|
    |icmp_ln879_5_fu_396_p2             |   icmp   |      0|  0|  18|          32|           1|
    |icmp_ln879_fu_390_p2               |   icmp   |      0|  0|  18|          32|           1|
    |icmp_ln887_fu_363_p2               |   icmp   |      0|  0|  18|          32|          32|
    |icmp_ln891_fu_627_p2               |   icmp   |      0|  0|  18|          31|           1|
    |icmp_ln899_5_fu_402_p2             |   icmp   |      0|  0|  18|          32|          32|
    |icmp_ln899_fu_384_p2               |   icmp   |      0|  0|  18|          31|           1|
    |ap_block_pp0_stage0_01001          |    or    |      0|  0|   2|           1|           1|
    |ap_block_state1                    |    or    |      0|  0|   2|           1|           1|
    |ap_block_state4_pp0_stage0_iter1   |    or    |      0|  0|   2|           1|           1|
    |or_ln457_fu_701_p2                 |    or    |      0|  0|   2|           1|           1|
    |col_buf_0_val_0_0_fu_746_p3        |  select  |      0|  0|   8|           1|           8|
    |col_buf_0_val_1_0_fu_764_p3        |  select  |      0|  0|   8|           1|           8|
    |col_buf_0_val_2_0_fu_782_p3        |  select  |      0|  0|   8|           1|           8|
    |select_ln118_16_fu_541_p3          |  select  |      0|  0|   2|           1|           2|
    |select_ln118_17_fu_560_p3          |  select  |      0|  0|   2|           1|           1|
    |select_ln118_18_fu_567_p3          |  select  |      0|  0|   2|           1|           2|
    |select_ln118_19_fu_586_p3          |  select  |      0|  0|   2|           1|           1|
    |select_ln118_20_fu_593_p3          |  select  |      0|  0|   2|           1|           2|
    |select_ln118_fu_534_p3             |  select  |      0|  0|   2|           1|           1|
    |select_ln121_fu_682_p3             |  select  |      0|  0|  13|           1|           1|
    |select_ln188_22_fu_890_p3          |  select  |      0|  0|   8|           1|           8|
    |select_ln188_23_fu_901_p3          |  select  |      0|  0|   8|           1|           8|
    |select_ln188_24_fu_915_p3          |  select  |      0|  0|   8|           1|           8|
    |select_ln188_25_fu_928_p3          |  select  |      0|  0|   8|           1|           8|
    |select_ln188_26_fu_970_p3          |  select  |      0|  0|   8|           1|           8|
    |select_ln188_27_fu_983_p3          |  select  |      0|  0|   8|           1|           8|
    |select_ln188_fu_870_p3             |  select  |      0|  0|   8|           1|           8|
    |src_kernel_win_0_va_75_fu_815_p3   |  select  |      0|  0|   8|           1|           8|
    |src_kernel_win_0_va_76_fu_833_p3   |  select  |      0|  0|   8|           1|           8|
    |src_kernel_win_0_va_77_fu_851_p3   |  select  |      0|  0|   8|           1|           8|
    |tmp_86_fu_996_p3                   |  select  |      0|  0|   8|           1|           8|
    |x_fu_689_p3                        |  select  |      0|  0|  13|           1|          13|
    |ap_enable_pp0                      |    xor   |      0|  0|   2|           1|           2|
    |ap_enable_reg_pp0_iter1            |    xor   |      0|  0|   2|           2|           1|
    |xor_ln118_13_fu_425_p2             |    xor   |      0|  0|   2|           1|           2|
    |xor_ln118_14_fu_464_p2             |    xor   |      0|  0|   2|           1|           2|
    |xor_ln118_15_fu_503_p2             |    xor   |      0|  0|   2|           1|           2|
    |xor_ln118_16_fu_657_p2             |    xor   |      0|  0|   2|           1|           2|
    |xor_ln118_fu_554_p2                |    xor   |      0|  0|   3|           2|           3|
    |xor_ln457_fu_368_p2                |    xor   |      0|  0|   2|           1|           2|
    +-----------------------------------+----------+-------+---+----+------------+------------+
    |Total                              |          |      0|  0| 884|         593|         690|
    +-----------------------------------+----------+-------+---+----+------------+------------+

    * Multiplexer: 
    +-----------------------------------------+----+-----------+-----+-----------+
    |                   Name                  | LUT| Input Size| Bits| Total Bits|
    +-----------------------------------------+----+-----------+-----+-----------+
    |ap_NS_fsm                                |  27|          5|    1|          5|
    |ap_done                                  |   9|          2|    1|          2|
    |ap_enable_reg_pp0_iter1                  |   9|          2|    1|          2|
    |ap_enable_reg_pp0_iter5                  |   9|          2|    1|          2|
    |ap_sig_allocacmp_src_kernel_win_0_va_82  |   9|          2|    8|         16|
    |ap_sig_allocacmp_src_kernel_win_0_va_83  |   9|          2|    8|         16|
    |p_dst_data_stream_V_blk_n                |   9|          2|    1|          2|
    |p_src_cols_V_blk_n                       |   9|          2|    1|          2|
    |p_src_data_stream_V_blk_n                |   9|          2|    1|          2|
    |p_src_rows_V_blk_n                       |   9|          2|    1|          2|
    |t_V_10_reg_279                           |   9|          2|   32|         64|
    |t_V_reg_268                              |   9|          2|   32|         64|
    +-----------------------------------------+----+-----------+-----+-----------+
    |Total                                    | 126|         27|   88|        179|
    +-----------------------------------------+----+-----------+-----+-----------+

    * Register: 
    +-----------------------------------------------+----+----+-----+-----------+
    |                      Name                     | FF | LUT| Bits| Const Bits|
    +-----------------------------------------------+----+----+-----+-----------+
    |add_ln458_4_reg_1111                           |   2|   0|    2|          0|
    |add_ln458_reg_1096                             |  13|   0|   13|          0|
    |add_ln507_reg_1101                             |   2|   0|    2|          0|
    |and_ln118_12_reg_1178                          |   1|   0|    1|          0|
    |and_ln118_12_reg_1178_pp0_iter1_reg            |   1|   0|    1|          0|
    |and_ln512_reg_1201                             |   1|   0|    1|          0|
    |ap_CS_fsm                                      |   4|   0|    4|          0|
    |ap_done_reg                                    |   1|   0|    1|          0|
    |ap_enable_reg_pp0_iter0                        |   1|   0|    1|          0|
    |ap_enable_reg_pp0_iter1                        |   1|   0|    1|          0|
    |ap_enable_reg_pp0_iter2                        |   1|   0|    1|          0|
    |ap_enable_reg_pp0_iter3                        |   1|   0|    1|          0|
    |ap_enable_reg_pp0_iter4                        |   1|   0|    1|          0|
    |ap_enable_reg_pp0_iter5                        |   1|   0|    1|          0|
    |cols_reg_1081                                  |  32|   0|   32|          0|
    |i_V_reg_1120                                   |  32|   0|   32|          0|
    |icmp_ln188_22_reg_1247                         |   1|   0|    1|          0|
    |icmp_ln444_reg_1169                            |   1|   0|    1|          0|
    |icmp_ln879_5_reg_1143                          |   1|   0|    1|          0|
    |icmp_ln879_reg_1139                            |   1|   0|    1|          0|
    |icmp_ln887_reg_1125                            |   1|   0|    1|          0|
    |icmp_ln899_5_reg_1147                          |   1|   0|    1|          0|
    |icmp_ln899_reg_1134                            |   1|   0|    1|          0|
    |k_buf_0_val_4_addr_reg_1210                    |  11|   0|   11|          0|
    |k_buf_0_val_5_addr_reg_1216                    |  11|   0|   11|          0|
    |or_ln457_reg_1187                              |   1|   0|    1|          0|
    |or_ln457_reg_1187_pp0_iter1_reg                |   1|   0|    1|          0|
    |right_border_buf_0_19_fu_168                   |   8|   0|    8|          0|
    |right_border_buf_0_20_fu_172                   |   8|   0|    8|          0|
    |right_border_buf_0_s_fu_164                    |   8|   0|    8|          0|
    |select_ln188_25_reg_1252                       |   8|   0|    8|          0|
    |select_ln188_reg_1242                          |   8|   0|    8|          0|
    |sext_ln443_4_reg_1091                          |  32|   0|   32|          0|
    |sext_ln443_reg_1086                            |  32|   0|   32|          0|
    |src_kernel_win_0_va_70_fu_144                  |   8|   0|    8|          0|
    |src_kernel_win_0_va_71_fu_148                  |   8|   0|    8|          0|
    |src_kernel_win_0_va_72_fu_152                  |   8|   0|    8|          0|
    |src_kernel_win_0_va_73_fu_156                  |   8|   0|    8|          0|
    |src_kernel_win_0_va_74_fu_160                  |   8|   0|    8|          0|
    |src_kernel_win_0_va_75_reg_1222                |   8|   0|    8|          0|
    |src_kernel_win_0_va_75_reg_1222_pp0_iter3_reg  |   8|   0|    8|          0|
    |src_kernel_win_0_va_76_reg_1229                |   8|   0|    8|          0|
    |src_kernel_win_0_va_77_reg_1236                |   8|   0|    8|          0|
    |src_kernel_win_0_va_fu_140                     |   8|   0|    8|          0|
    |stop_row_reg_1072                              |  32|   0|   32|          0|
    |sub_ln493_7_reg_1159                           |   2|   0|    2|          0|
    |sub_ln493_8_reg_1164                           |   2|   0|    2|          0|
    |sub_ln493_9_reg_1194                           |   2|   0|    2|          0|
    |sub_ln493_9_reg_1194_pp0_iter1_reg             |   2|   0|    2|          0|
    |sub_ln493_reg_1154                             |   2|   0|    2|          0|
    |t_V_10_reg_279                                 |  32|   0|   32|          0|
    |t_V_reg_268                                    |  32|   0|   32|          0|
    |tmp_86_reg_1258                                |   8|   0|    8|          0|
    |x_reg_1182                                     |  13|   0|   13|          0|
    |xor_ln457_reg_1129                             |   1|   0|    1|          0|
    |and_ln512_reg_1201                             |  64|  32|    1|          0|
    |icmp_ln444_reg_1169                            |  64|  32|    1|          0|
    +-----------------------------------------------+----+----+-----+-----------+
    |Total                                          | 566|  64|  440|          0|
    +-----------------------------------------------+----+----+-----+-----------+



================================================================
== Interface
================================================================
* Summary: 
+-----------------------------+-----+-----+------------+---------------------+--------------+
|          RTL Ports          | Dir | Bits|  Protocol  |    Source Object    |    C Type    |
+-----------------------------+-----+-----+------------+---------------------+--------------+
|ap_clk                       |  in |    1| ap_ctrl_hs |      Dilate203      | return value |
|ap_rst                       |  in |    1| ap_ctrl_hs |      Dilate203      | return value |
|ap_start                     |  in |    1| ap_ctrl_hs |      Dilate203      | return value |
|ap_done                      | out |    1| ap_ctrl_hs |      Dilate203      | return value |
|ap_continue                  |  in |    1| ap_ctrl_hs |      Dilate203      | return value |
|ap_idle                      | out |    1| ap_ctrl_hs |      Dilate203      | return value |
|ap_ready                     | out |    1| ap_ctrl_hs |      Dilate203      | return value |
|p_src_rows_V_dout            |  in |   11|   ap_fifo  |     p_src_rows_V    |    pointer   |
|p_src_rows_V_empty_n         |  in |    1|   ap_fifo  |     p_src_rows_V    |    pointer   |
|p_src_rows_V_read            | out |    1|   ap_fifo  |     p_src_rows_V    |    pointer   |
|p_src_cols_V_dout            |  in |   12|   ap_fifo  |     p_src_cols_V    |    pointer   |
|p_src_cols_V_empty_n         |  in |    1|   ap_fifo  |     p_src_cols_V    |    pointer   |
|p_src_cols_V_read            | out |    1|   ap_fifo  |     p_src_cols_V    |    pointer   |
|p_src_data_stream_V_dout     |  in |    8|   ap_fifo  | p_src_data_stream_V |    pointer   |
|p_src_data_stream_V_empty_n  |  in |    1|   ap_fifo  | p_src_data_stream_V |    pointer   |
|p_src_data_stream_V_read     | out |    1|   ap_fifo  | p_src_data_stream_V |    pointer   |
|p_dst_data_stream_V_din      | out |    8|   ap_fifo  | p_dst_data_stream_V |    pointer   |
|p_dst_data_stream_V_full_n   |  in |    1|   ap_fifo  | p_dst_data_stream_V |    pointer   |
|p_dst_data_stream_V_write    | out |    1|   ap_fifo  | p_dst_data_stream_V |    pointer   |
+-----------------------------+-----+-----+------------+---------------------+--------------+

