

================================================================
== Vivado HLS Report for 'Duplicate'
================================================================
* Date:           Tue Aug 18 10:31:25 2020

* Version:        2019.2 (Build 2704478 on Wed Nov 06 22:10:23 MST 2019)
* Project:        Final_Processing
* Solution:       solution1
* Product family: zynq
* Target device:  xc7z020-clg484-1


================================================================
== Performance Estimates
================================================================
+ Timing: 
    * Summary: 
    +--------+----------+----------+------------+
    |  Clock |  Target  | Estimated| Uncertainty|
    +--------+----------+----------+------------+
    |ap_clk  | 11.10 ns | 7.268 ns |   1.39 ns  |
    +--------+----------+----------+------------+

+ Latency: 
    * Summary: 
    +---------+---------+----------+----------+-------+-------+---------+
    |  Latency (cycles) |  Latency (absolute) |    Interval   | Pipeline|
    |   min   |   max   |    min   |    max   |  min  |  max  |   Type  |
    +---------+---------+----------+----------+-------+-------+---------+
    |    58141|    58141| 0.645 ms | 0.645 ms |  58141|  58141|   none  |
    +---------+---------+----------+----------+-------+-------+---------+

    + Detail: 
        * Instance: 
        N/A

        * Loop: 
        +---------------+---------+---------+----------+-----------+-----------+------+----------+
        |               |  Latency (cycles) | Iteration|  Initiation Interval  | Trip |          |
        |   Loop Name   |   min   |   max   |  Latency |  achieved |   target  | Count| Pipelined|
        +---------------+---------+---------+----------+-----------+-----------+------+----------+
        |- loop_height  |    58140|    58140|       323|          -|          -|   180|    no    |
        | + loop_width  |      320|      320|         2|          1|          1|   320|    yes   |
        +---------------+---------+---------+----------+-----------+-----------+------+----------+



================================================================
== Utilization Estimates
================================================================
* Summary: 
+-----------------+---------+-------+--------+-------+-----+
|       Name      | BRAM_18K| DSP48E|   FF   |  LUT  | URAM|
+-----------------+---------+-------+--------+-------+-----+
|DSP              |        -|      -|       -|      -|    -|
|Expression       |        -|      -|       0|     64|    -|
|FIFO             |        -|      -|       -|      -|    -|
|Instance         |        -|      -|       -|      -|    -|
|Memory           |        -|      -|       -|      -|    -|
|Multiplexer      |        -|      -|       -|    105|    -|
|Register         |        -|      -|      34|      -|    -|
+-----------------+---------+-------+--------+-------+-----+
|Total            |        0|      0|      34|    169|    0|
+-----------------+---------+-------+--------+-------+-----+
|Available        |      280|    220|  106400|  53200|    0|
+-----------------+---------+-------+--------+-------+-----+
|Utilization (%)  |        0|      0|   ~0   |   ~0  |    0|
+-----------------+---------+-------+--------+-------+-----+

+ Detail: 
    * Instance: 
    N/A

    * DSP48E: 
    N/A

    * Memory: 
    N/A

    * FIFO: 
    N/A

    * Expression: 
    +----------------------------------+----------+-------+---+----+------------+------------+
    |           Variable Name          | Operation| DSP48E| FF| LUT| Bitwidth P0| Bitwidth P1|
    +----------------------------------+----------+-------+---+----+------------+------------+
    |i_V_fu_146_p2                     |     +    |      0|  0|  15|           8|           1|
    |j_V_fu_158_p2                     |     +    |      0|  0|  15|           9|           1|
    |ap_block_pp0_stage0_01001         |    and   |      0|  0|   2|           1|           1|
    |icmp_ln1557_fu_140_p2             |   icmp   |      0|  0|  11|           8|           8|
    |icmp_ln1558_fu_152_p2             |   icmp   |      0|  0|  13|           9|           9|
    |ap_block_state1                   |    or    |      0|  0|   2|           1|           1|
    |ap_block_state4_pp0_stage0_iter1  |    or    |      0|  0|   2|           1|           1|
    |ap_enable_pp0                     |    xor   |      0|  0|   2|           1|           2|
    |ap_enable_reg_pp0_iter1           |    xor   |      0|  0|   2|           2|           1|
    +----------------------------------+----------+-------+---+----+------------+------------+
    |Total                             |          |      0|  0|  64|          40|          25|
    +----------------------------------+----------+-------+---+----+------------+------------+

    * Multiplexer: 
    +--------------------------+----+-----------+-----+-----------+
    |           Name           | LUT| Input Size| Bits| Total Bits|
    +--------------------------+----+-----------+-----+-----------+
    |ap_NS_fsm                 |  27|          5|    1|          5|
    |ap_done                   |   9|          2|    1|          2|
    |ap_enable_reg_pp0_iter1   |  15|          3|    1|          3|
    |dst1_data_stream_V_blk_n  |   9|          2|    1|          2|
    |dst2_data_stream_V_blk_n  |   9|          2|    1|          2|
    |real_start                |   9|          2|    1|          2|
    |src_data_stream_V_blk_n   |   9|          2|    1|          2|
    |t_V_6_reg_129             |   9|          2|    9|         18|
    |t_V_reg_118               |   9|          2|    8|         16|
    +--------------------------+----+-----------+-----+-----------+
    |Total                     | 105|         22|   24|         52|
    +--------------------------+----+-----------+-----+-----------+

    * Register: 
    +-------------------------+---+----+-----+-----------+
    |           Name          | FF| LUT| Bits| Const Bits|
    +-------------------------+---+----+-----+-----------+
    |ap_CS_fsm                |  4|   0|    4|          0|
    |ap_done_reg              |  1|   0|    1|          0|
    |ap_enable_reg_pp0_iter0  |  1|   0|    1|          0|
    |ap_enable_reg_pp0_iter1  |  1|   0|    1|          0|
    |i_V_reg_168              |  8|   0|    8|          0|
    |icmp_ln1558_reg_173      |  1|   0|    1|          0|
    |start_once_reg           |  1|   0|    1|          0|
    |t_V_6_reg_129            |  9|   0|    9|          0|
    |t_V_reg_118              |  8|   0|    8|          0|
    +-------------------------+---+----+-----+-----------+
    |Total                    | 34|   0|   34|          0|
    +-------------------------+---+----+-----+-----------+



================================================================
== Interface
================================================================
* Summary: 
+---------------------------+-----+-----+------------+--------------------+--------------+
|         RTL Ports         | Dir | Bits|  Protocol  |    Source Object   |    C Type    |
+---------------------------+-----+-----+------------+--------------------+--------------+
|ap_clk                     |  in |    1| ap_ctrl_hs |      Duplicate     | return value |
|ap_rst                     |  in |    1| ap_ctrl_hs |      Duplicate     | return value |
|ap_start                   |  in |    1| ap_ctrl_hs |      Duplicate     | return value |
|start_full_n               |  in |    1| ap_ctrl_hs |      Duplicate     | return value |
|ap_done                    | out |    1| ap_ctrl_hs |      Duplicate     | return value |
|ap_continue                |  in |    1| ap_ctrl_hs |      Duplicate     | return value |
|ap_idle                    | out |    1| ap_ctrl_hs |      Duplicate     | return value |
|ap_ready                   | out |    1| ap_ctrl_hs |      Duplicate     | return value |
|start_out                  | out |    1| ap_ctrl_hs |      Duplicate     | return value |
|start_write                | out |    1| ap_ctrl_hs |      Duplicate     | return value |
|src_data_stream_V_dout     |  in |    8|   ap_fifo  |  src_data_stream_V |    pointer   |
|src_data_stream_V_empty_n  |  in |    1|   ap_fifo  |  src_data_stream_V |    pointer   |
|src_data_stream_V_read     | out |    1|   ap_fifo  |  src_data_stream_V |    pointer   |
|dst1_data_stream_V_din     | out |    8|   ap_fifo  | dst1_data_stream_V |    pointer   |
|dst1_data_stream_V_full_n  |  in |    1|   ap_fifo  | dst1_data_stream_V |    pointer   |
|dst1_data_stream_V_write   | out |    1|   ap_fifo  | dst1_data_stream_V |    pointer   |
|dst2_data_stream_V_din     | out |    8|   ap_fifo  | dst2_data_stream_V |    pointer   |
|dst2_data_stream_V_full_n  |  in |    1|   ap_fifo  | dst2_data_stream_V |    pointer   |
|dst2_data_stream_V_write   | out |    1|   ap_fifo  | dst2_data_stream_V |    pointer   |
+---------------------------+-----+-----+------------+--------------------+--------------+

