

================================================================
== Vivado HLS Report for 'Erode'
================================================================
* Date:           Tue Aug 18 10:31:10 2020

* Version:        2019.2 (Build 2704478 on Wed Nov 06 22:10:23 MST 2019)
* Project:        Final_Processing
* Solution:       solution1
* Product family: zynq
* Target device:  xc7z020-clg484-1


================================================================
== Performance Estimates
================================================================
+ Timing: 
    * Summary: 
    +--------+----------+----------+------------+
    |  Clock |  Target  | Estimated| Uncertainty|
    +--------+----------+----------+------------+
    |ap_clk  | 11.10 ns | 9.645 ns |   1.39 ns  |
    +--------+----------+----------+------------+

+ Latency: 
    * Summary: 
    +---------+---------+-----------+-----------+--------+--------+---------+
    |  Latency (cycles) |   Latency (absolute)  |     Interval    | Pipeline|
    |   min   |   max   |    min    |    max    |   min  |   max  |   Type  |
    +---------+---------+-----------+-----------+--------+--------+---------+
    |   929937|   929937| 10.322 ms | 10.322 ms |  929937|  929937|   none  |
    +---------+---------+-----------+-----------+--------+--------+---------+

    + Detail: 
        * Instance: 
        N/A

        * Loop: 
        +---------------+---------+---------+----------+-----------+-----------+------+----------+
        |               |  Latency (cycles) | Iteration|  Initiation Interval  | Trip |          |
        |   Loop Name   |   min   |   max   |  Latency |  achieved |   target  | Count| Pipelined|
        +---------------+---------+---------+----------+-----------+-----------+------+----------+
        |- loop_height  |   929936|   929936|      1288|          -|          -|   722|    no    |
        | + loop_width  |     1285|     1285|         5|          1|          1|  1282|    yes   |
        +---------------+---------+---------+----------+-----------+-----------+------+----------+



================================================================
== Utilization Estimates
================================================================
* Summary: 
+-----------------+---------+-------+--------+-------+-----+
|       Name      | BRAM_18K| DSP48E|   FF   |  LUT  | URAM|
+-----------------+---------+-------+--------+-------+-----+
|DSP              |        -|      -|       -|      -|    -|
|Expression       |        -|      -|       0|    425|    -|
|FIFO             |        -|      -|       -|      -|    -|
|Instance         |        -|      -|       0|     75|    -|
|Memory           |        3|      -|       0|      0|    0|
|Multiplexer      |        -|      -|       -|    138|    -|
|Register         |        0|      -|     347|     64|    -|
+-----------------+---------+-------+--------+-------+-----+
|Total            |        3|      0|     347|    702|    0|
+-----------------+---------+-------+--------+-------+-----+
|Available        |      280|    220|  106400|  53200|    0|
+-----------------+---------+-------+--------+-------+-----+
|Utilization (%)  |        1|      0|   ~0   |      1|    0|
+-----------------+---------+-------+--------+-------+-----+

+ Detail: 
    * Instance: 
    +----------------------+------------------+---------+-------+---+----+-----+
    |       Instance       |      Module      | BRAM_18K| DSP48E| FF| LUT| URAM|
    +----------------------+------------------+---------+-------+---+----+-----+
    |top_mux_32_8_1_1_U63  |top_mux_32_8_1_1  |        0|      0|  0|  15|    0|
    |top_mux_32_8_1_1_U64  |top_mux_32_8_1_1  |        0|      0|  0|  15|    0|
    |top_mux_32_8_1_1_U65  |top_mux_32_8_1_1  |        0|      0|  0|  15|    0|
    |top_mux_32_8_1_1_U66  |top_mux_32_8_1_1  |        0|      0|  0|  15|    0|
    |top_mux_32_8_1_1_U67  |top_mux_32_8_1_1  |        0|      0|  0|  15|    0|
    +----------------------+------------------+---------+-------+---+----+-----+
    |Total                 |                  |        0|      0|  0|  75|    0|
    +----------------------+------------------+---------+-------+---+----+-----+

    * DSP48E: 
    N/A

    * Memory: 
    +-----------------+---------------------+---------+---+----+-----+------+-----+------+-------------+
    |      Memory     |        Module       | BRAM_18K| FF| LUT| URAM| Words| Bits| Banks| W*Bits*Banks|
    +-----------------+---------------------+---------+---+----+-----+------+-----+------+-------------+
    |k_buf_0_val_3_U  |Erode_k_buf_0_val_3  |        1|  0|   0|    0|  1280|    8|     1|        10240|
    |k_buf_0_val_4_U  |Erode_k_buf_0_val_3  |        1|  0|   0|    0|  1280|    8|     1|        10240|
    |k_buf_0_val_5_U  |Erode_k_buf_0_val_3  |        1|  0|   0|    0|  1280|    8|     1|        10240|
    +-----------------+---------------------+---------+---+----+-----+------+-----+------+-------------+
    |Total            |                     |        3|  0|   0|    0|  3840|   24|     3|        30720|
    +-----------------+---------------------+---------+---+----+-----+------+-----+------+-------------+

    * FIFO: 
    N/A

    * Expression: 
    +-----------------------------------+----------+-------+---+----+------------+------------+
    |           Variable Name           | Operation| DSP48E| FF| LUT| Bitwidth P0| Bitwidth P1|
    +-----------------------------------+----------+-------+---+----+------------+------------+
    |ImagLoc_x_fu_364_p2                |     +    |      0|  0|  12|           2|          12|
    |i_V_fu_264_p2                      |     +    |      0|  0|  14|          10|           1|
    |j_V_fu_342_p2                      |     +    |      0|  0|  13|          11|           1|
    |sub_ln493_fu_326_p2                |     -    |      0|  0|  12|           3|           2|
    |and_ln118_fu_390_p2                |    and   |      0|  0|   2|           1|           1|
    |and_ln512_fu_436_p2                |    and   |      0|  0|   2|           1|           1|
    |ap_block_pp0                       |    and   |      0|  0|   2|           1|           1|
    |ap_block_state7_pp0_stage0_iter4   |    and   |      0|  0|   2|           1|           1|
    |ap_condition_634                   |    and   |      0|  0|   2|           1|           1|
    |ap_enable_state3_pp0_iter0_stage0  |    and   |      0|  0|   2|           1|           1|
    |ap_enable_state4_pp0_iter1_stage0  |    and   |      0|  0|   2|           1|           1|
    |ap_predicate_op100_store_state4    |    and   |      0|  0|   2|           1|           1|
    |ap_predicate_op91_read_state4      |    and   |      0|  0|   2|           1|           1|
    |ap_predicate_op92_store_state4     |    and   |      0|  0|   2|           1|           1|
    |ap_predicate_op95_store_state4     |    and   |      0|  0|   2|           1|           1|
    |icmp_ln118_fu_384_p2               |   icmp   |      0|  0|  13|          12|          11|
    |icmp_ln162_1_fu_583_p2             |   icmp   |      0|  0|  11|           8|           8|
    |icmp_ln162_2_fu_600_p2             |   icmp   |      0|  0|  11|           8|           8|
    |icmp_ln162_3_fu_614_p2             |   icmp   |      0|  0|  11|           8|           8|
    |icmp_ln162_4_fu_628_p2             |   icmp   |      0|  0|  11|           8|           8|
    |icmp_ln162_5_fu_670_p2             |   icmp   |      0|  0|  11|           8|           8|
    |icmp_ln162_6_fu_682_p2             |   icmp   |      0|  0|  11|           8|           8|
    |icmp_ln162_7_fu_696_p2             |   icmp   |      0|  0|  11|           8|           8|
    |icmp_ln162_fu_569_p2               |   icmp   |      0|  0|  11|           8|           8|
    |icmp_ln443_fu_258_p2               |   icmp   |      0|  0|  13|          10|          10|
    |icmp_ln444_fu_336_p2               |   icmp   |      0|  0|  13|          11|          11|
    |icmp_ln879_1_fu_304_p2             |   icmp   |      0|  0|  13|          10|           1|
    |icmp_ln879_fu_298_p2               |   icmp   |      0|  0|  13|          10|           1|
    |icmp_ln887_fu_270_p2               |   icmp   |      0|  0|  13|          10|          10|
    |icmp_ln891_fu_358_p2               |   icmp   |      0|  0|  13|          10|           1|
    |icmp_ln899_1_fu_310_p2             |   icmp   |      0|  0|  13|          10|          10|
    |icmp_ln899_fu_292_p2               |   icmp   |      0|  0|  13|           9|           1|
    |ap_block_pp0_stage0_01001          |    or    |      0|  0|   2|           1|           1|
    |ap_block_state1                    |    or    |      0|  0|   2|           1|           1|
    |ap_block_state4_pp0_stage0_iter1   |    or    |      0|  0|   2|           1|           1|
    |or_ln457_fu_424_p2                 |    or    |      0|  0|   2|           1|           1|
    |col_buf_0_val_0_0_fu_467_p3        |  select  |      0|  0|   8|           1|           8|
    |col_buf_0_val_1_0_fu_486_p3        |  select  |      0|  0|   8|           1|           8|
    |col_buf_0_val_2_0_fu_505_p3        |  select  |      0|  0|   8|           1|           8|
    |select_ln121_fu_404_p3             |  select  |      0|  0|  11|           1|           1|
    |select_ln162_1_fu_595_p3           |  select  |      0|  0|   8|           1|           8|
    |select_ln162_2_fu_606_p3           |  select  |      0|  0|   8|           1|           8|
    |select_ln162_3_fu_620_p3           |  select  |      0|  0|   8|           1|           8|
    |select_ln162_4_fu_633_p3           |  select  |      0|  0|   8|           1|           8|
    |select_ln162_5_fu_675_p3           |  select  |      0|  0|   8|           1|           8|
    |select_ln162_6_fu_688_p3           |  select  |      0|  0|   8|           1|           8|
    |select_ln162_fu_575_p3             |  select  |      0|  0|   8|           1|           8|
    |src_kernel_win_0_va_8_fu_538_p3    |  select  |      0|  0|   8|           1|           8|
    |src_kernel_win_0_va_9_fu_556_p3    |  select  |      0|  0|   8|           1|           8|
    |tmp_34_fu_701_p3                   |  select  |      0|  0|   8|           1|           8|
    |x_fu_412_p3                        |  select  |      0|  0|  12|           1|          12|
    |ap_enable_pp0                      |    xor   |      0|  0|   2|           1|           2|
    |ap_enable_reg_pp0_iter1            |    xor   |      0|  0|   2|           2|           1|
    |xor_ln118_fu_378_p2                |    xor   |      0|  0|   2|           1|           2|
    |xor_ln457_fu_276_p2                |    xor   |      0|  0|   2|           1|           2|
    |xor_ln493_1_fu_450_p2              |    xor   |      0|  0|   2|           2|           2|
    |xor_ln493_fu_320_p2                |    xor   |      0|  0|   2|           2|           1|
    +-----------------------------------+----------+-------+---+----+------------+------------+
    |Total                              |          |      0|  0| 425|         221|         278|
    +-----------------------------------+----------+-------+---+----+------------+------------+

    * Multiplexer: 
    +-----------------------------------------+----+-----------+-----+-----------+
    |                   Name                  | LUT| Input Size| Bits| Total Bits|
    +-----------------------------------------+----+-----------+-----+-----------+
    |ap_NS_fsm                                |  27|          5|    1|          5|
    |ap_done                                  |   9|          2|    1|          2|
    |ap_enable_reg_pp0_iter1                  |   9|          2|    1|          2|
    |ap_enable_reg_pp0_iter4                  |   9|          2|    1|          2|
    |ap_sig_allocacmp_src_kernel_win_0_va_14  |   9|          2|    8|         16|
    |ap_sig_allocacmp_src_kernel_win_0_va_15  |   9|          2|    8|         16|
    |k_buf_0_val_4_d1                         |  15|          3|    8|         24|
    |k_buf_0_val_5_d1                         |  15|          3|    8|         24|
    |p_dst_data_stream_V_blk_n                |   9|          2|    1|          2|
    |p_src_data_stream_V_blk_n                |   9|          2|    1|          2|
    |t_V_5_reg_247                            |   9|          2|   11|         22|
    |t_V_reg_236                              |   9|          2|   10|         20|
    +-----------------------------------------+----+-----------+-----+-----------+
    |Total                                    | 138|         29|   59|        137|
    +-----------------------------------------+----+-----------+-----+-----------+

    * Register: 
    +-----------------------------------------+----+----+-----+-----------+
    |                   Name                  | FF | LUT| Bits| Const Bits|
    +-----------------------------------------+----+----+-----+-----------+
    |and_ln118_reg_833                        |   1|   0|    1|          0|
    |and_ln512_reg_867                        |   1|   0|    1|          0|
    |ap_CS_fsm                                |   4|   0|    4|          0|
    |ap_done_reg                              |   1|   0|    1|          0|
    |ap_enable_reg_pp0_iter0                  |   1|   0|    1|          0|
    |ap_enable_reg_pp0_iter1                  |   1|   0|    1|          0|
    |ap_enable_reg_pp0_iter2                  |   1|   0|    1|          0|
    |ap_enable_reg_pp0_iter3                  |   1|   0|    1|          0|
    |ap_enable_reg_pp0_iter4                  |   1|   0|    1|          0|
    |col_buf_0_val_0_0_reg_871                |   8|   0|    8|          0|
    |col_buf_0_val_0_0_reg_871_pp0_iter2_reg  |   8|   0|    8|          0|
    |i_V_reg_781                              |  10|   0|   10|          0|
    |icmp_ln162_1_reg_896                     |   1|   0|    1|          0|
    |icmp_ln444_reg_824                       |   1|   0|    1|          0|
    |icmp_ln879_1_reg_804                     |   1|   0|    1|          0|
    |icmp_ln879_reg_800                       |   1|   0|    1|          0|
    |icmp_ln887_reg_786                       |   1|   0|    1|          0|
    |icmp_ln899_1_reg_808                     |   1|   0|    1|          0|
    |icmp_ln899_reg_795                       |   1|   0|    1|          0|
    |k_buf_0_val_3_addr_reg_849               |  11|   0|   11|          0|
    |k_buf_0_val_4_addr_reg_855               |  11|   0|   11|          0|
    |k_buf_0_val_5_addr_reg_861               |  11|   0|   11|          0|
    |or_ln457_reg_842                         |   1|   0|    1|          0|
    |right_border_buf_0_1_fu_154              |   8|   0|    8|          0|
    |right_border_buf_0_s_fu_150              |   8|   0|    8|          0|
    |select_ln162_4_reg_901                   |   8|   0|    8|          0|
    |select_ln162_reg_891                     |   8|   0|    8|          0|
    |src_kernel_win_0_va_1_fu_126             |   8|   0|    8|          0|
    |src_kernel_win_0_va_2_fu_130             |   8|   0|    8|          0|
    |src_kernel_win_0_va_3_fu_134             |   8|   0|    8|          0|
    |src_kernel_win_0_va_4_fu_138             |   8|   0|    8|          0|
    |src_kernel_win_0_va_5_fu_142             |   8|   0|    8|          0|
    |src_kernel_win_0_va_6_fu_146             |   8|   0|    8|          0|
    |src_kernel_win_0_va_8_reg_878            |   8|   0|    8|          0|
    |src_kernel_win_0_va_9_reg_885            |   8|   0|    8|          0|
    |src_kernel_win_0_va_fu_122               |   8|   0|    8|          0|
    |sub_ln493_reg_819                        |   2|   0|    2|          0|
    |t_V_5_reg_247                            |  11|   0|   11|          0|
    |t_V_reg_236                              |  10|   0|   10|          0|
    |tmp_34_reg_907                           |   8|   0|    8|          0|
    |trunc_ln458_reg_837                      |   2|   0|    2|          0|
    |xor_ln457_reg_790                        |   1|   0|    1|          0|
    |xor_ln493_reg_814                        |   2|   0|    2|          0|
    |and_ln512_reg_867                        |  64|  32|    1|          0|
    |icmp_ln444_reg_824                       |  64|  32|    1|          0|
    +-----------------------------------------+----+----+-----+-----------+
    |Total                                    | 347|  64|  221|          0|
    +-----------------------------------------+----+----+-----+-----------+



================================================================
== Interface
================================================================
* Summary: 
+-----------------------------+-----+-----+------------+---------------------+--------------+
|          RTL Ports          | Dir | Bits|  Protocol  |    Source Object    |    C Type    |
+-----------------------------+-----+-----+------------+---------------------+--------------+
|ap_clk                       |  in |    1| ap_ctrl_hs |        Erode        | return value |
|ap_rst                       |  in |    1| ap_ctrl_hs |        Erode        | return value |
|ap_start                     |  in |    1| ap_ctrl_hs |        Erode        | return value |
|ap_done                      | out |    1| ap_ctrl_hs |        Erode        | return value |
|ap_continue                  |  in |    1| ap_ctrl_hs |        Erode        | return value |
|ap_idle                      | out |    1| ap_ctrl_hs |        Erode        | return value |
|ap_ready                     | out |    1| ap_ctrl_hs |        Erode        | return value |
|p_src_data_stream_V_dout     |  in |    8|   ap_fifo  | p_src_data_stream_V |    pointer   |
|p_src_data_stream_V_empty_n  |  in |    1|   ap_fifo  | p_src_data_stream_V |    pointer   |
|p_src_data_stream_V_read     | out |    1|   ap_fifo  | p_src_data_stream_V |    pointer   |
|p_dst_data_stream_V_din      | out |    8|   ap_fifo  | p_dst_data_stream_V |    pointer   |
|p_dst_data_stream_V_full_n   |  in |    1|   ap_fifo  | p_dst_data_stream_V |    pointer   |
|p_dst_data_stream_V_write    | out |    1|   ap_fifo  | p_dst_data_stream_V |    pointer   |
+-----------------------------+-----+-----+------------+---------------------+--------------+

