

================================================================
== Vivado HLS Report for 'Resize_opr_linear'
================================================================
* Date:           Tue Aug 18 20:50:02 2020

* Version:        2019.2 (Build 2704478 on Wed Nov 06 22:10:23 MST 2019)
* Project:        Cache_Plate
* Solution:       solution1
* Product family: zynq
* Target device:  xc7z020-clg484-1


================================================================
== Performance Estimates
================================================================
+ Timing: 
    * Summary: 
    +--------+----------+----------+------------+
    |  Clock |  Target  | Estimated| Uncertainty|
    +--------+----------+----------+------------+
    |ap_clk  | 11.10 ns | 9.284 ns |   1.39 ns  |
    +--------+----------+----------+------------+

+ Latency: 
    * Summary: 
    +---------+------------+----------+------------+-----+------------+---------+
    |   Latency (cycles)   |   Latency (absolute)  |     Interval     | Pipeline|
    |   min   |     max    |    min   |     max    | min |     max    |   Type  |
    +---------+------------+----------+------------+-----+------------+---------+
    |       53|  1075150857| 0.588 us | 11.934 sec |   53|  1075150857|   none  |
    +---------+------------+----------+------------+-----+------------+---------+

    + Detail: 
        * Instance: 
        N/A

        * Loop: 
        +-------------+---------+------------+------------+-----------+-----------+-----------+----------+
        |             |   Latency (cycles)   |  Iteration |  Initiation Interval  |    Trip   |          |
        |  Loop Name  |   min   |     max    |   Latency  |  achieved |   target  |   Count   | Pipelined|
        +-------------+---------+------------+------------+-----------+-----------+-----------+----------+
        |- Loop 1     |        0|  1075150804| 41 ~ 32812 |          -|          -| 0 ~ 32767 |    no    |
        | + Loop 1.1  |       38|       32809|          44|          1|          1| 0 ~ 32767 |    yes   |
        +-------------+---------+------------+------------+-----------+-----------+-----------+----------+



================================================================
== Utilization Estimates
================================================================
* Summary: 
+-----------------+---------+-------+--------+-------+-----+
|       Name      | BRAM_18K| DSP48E|   FF   |  LUT  | URAM|
+-----------------+---------+-------+--------+-------+-----+
|DSP              |        -|     12|       -|      -|    -|
|Expression       |        -|     28|       0|   2769|    -|
|FIFO             |        -|      -|       -|      -|    -|
|Instance         |        -|      -|    5740|   4184|    -|
|Memory           |        6|      -|       0|      0|    0|
|Multiplexer      |        -|      -|       -|    563|    -|
|Register         |        0|      -|    3876|    352|    -|
+-----------------+---------+-------+--------+-------+-----+
|Total            |        6|     40|    9616|   7868|    0|
+-----------------+---------+-------+--------+-------+-----+
|Available        |      280|    220|  106400|  53200|    0|
+-----------------+---------+-------+--------+-------+-----+
|Utilization (%)  |        2|     18|       9|     14|    0|
+-----------------+---------+-------+--------+-------+-----+

+ Detail: 
    * Instance: 
    +--------------------------+----------------------+---------+-------+------+------+-----+
    |         Instance         |        Module        | BRAM_18K| DSP48E|  FF  |  LUT | URAM|
    +--------------------------+----------------------+---------+-------+------+------+-----+
    |box_sdiv_48ns_23shbi_U55  |box_sdiv_48ns_23shbi  |        0|      0|   587|   354|    0|
    |box_sdiv_48ns_25sibs_U56  |box_sdiv_48ns_25sibs  |        0|      0|   587|   354|    0|
    |box_udiv_31ns_32sjbC_U57  |box_udiv_31ns_32sjbC  |        0|      0|  2283|  1738|    0|
    |box_udiv_31ns_32sjbC_U58  |box_udiv_31ns_32sjbC  |        0|      0|  2283|  1738|    0|
    +--------------------------+----------------------+---------+-------+------+------+-----+
    |Total                     |                      |        0|      0|  5740|  4184|    0|
    +--------------------------+----------------------+---------+-------+------+------+-----+

    * DSP48E: 
    +--------------------------+----------------------+-----------+
    |         Instance         |        Module        | Expression|
    +--------------------------+----------------------+-----------+
    |box_mul_mul_8ns_2kbM_U59  |box_mul_mul_8ns_2kbM  |  i0 * i1  |
    |box_mul_mul_8ns_2kbM_U60  |box_mul_mul_8ns_2kbM  |  i0 * i1  |
    |box_mul_mul_8ns_2kbM_U61  |box_mul_mul_8ns_2kbM  |  i0 * i1  |
    |box_mul_mul_8ns_2kbM_U62  |box_mul_mul_8ns_2kbM  |  i0 * i1  |
    |box_mul_mul_8ns_2kbM_U63  |box_mul_mul_8ns_2kbM  |  i0 * i1  |
    |box_mul_mul_8ns_2kbM_U64  |box_mul_mul_8ns_2kbM  |  i0 * i1  |
    |box_mul_mul_8ns_2kbM_U65  |box_mul_mul_8ns_2kbM  |  i0 * i1  |
    |box_mul_mul_8ns_2kbM_U66  |box_mul_mul_8ns_2kbM  |  i0 * i1  |
    |box_mul_mul_8ns_2kbM_U67  |box_mul_mul_8ns_2kbM  |  i0 * i1  |
    |box_mul_mul_8ns_2kbM_U68  |box_mul_mul_8ns_2kbM  |  i0 * i1  |
    |box_mul_mul_8ns_2kbM_U69  |box_mul_mul_8ns_2kbM  |  i0 * i1  |
    |box_mul_mul_8ns_2kbM_U70  |box_mul_mul_8ns_2kbM  |  i0 * i1  |
    +--------------------------+----------------------+-----------+

    * Memory: 
    +---------------------+----------------------+---------+---+----+-----+------+-----+------+-------------+
    |        Memory       |        Module        | BRAM_18K| FF| LUT| URAM| Words| Bits| Banks| W*Bits*Banks|
    +---------------------+----------------------+---------+---+----+-----+------+-----+------+-------------+
    |k_buf_val_val_0_0_U  |Resize_opr_linearbkb  |        1|  0|   0|    0|  1281|    8|     1|        10248|
    |k_buf_val_val_0_1_U  |Resize_opr_linearbkb  |        1|  0|   0|    0|  1281|    8|     1|        10248|
    |k_buf_val_val_0_2_U  |Resize_opr_linearbkb  |        1|  0|   0|    0|  1281|    8|     1|        10248|
    |k_buf_val_val_1_0_U  |Resize_opr_lineareOg  |        1|  0|   0|    0|  1281|    8|     1|        10248|
    |k_buf_val_val_1_1_U  |Resize_opr_lineareOg  |        1|  0|   0|    0|  1281|    8|     1|        10248|
    |k_buf_val_val_1_2_U  |Resize_opr_lineareOg  |        1|  0|   0|    0|  1281|    8|     1|        10248|
    +---------------------+----------------------+---------+---+----+-----+------+-----+------+-------------+
    |Total                |                      |        6|  0|   0|    0|  7686|   48|     6|        61488|
    +---------------------+----------------------+---------+---+----+-----+------+-----+------+-------------+

    * FIFO: 
    N/A

    * Expression: 
    +-------------------------------------+----------+-------+---+----+------------+------------+
    |            Variable Name            | Operation| DSP48E| FF| LUT| Bitwidth P0| Bitwidth P1|
    +-------------------------------------+----------+-------+---+----+------------+------------+
    |mul_ln1118_11_fu_1890_p2             |     *    |      2|  0|  36|          20|          28|
    |mul_ln1118_13_fu_1899_p2             |     *    |      2|  0|  36|          20|          28|
    |mul_ln1118_15_fu_1968_p2             |     *    |      2|  0|  36|          20|          28|
    |mul_ln1118_17_fu_1980_p2             |     *    |      2|  0|  36|          20|          28|
    |mul_ln1118_19_fu_1914_p2             |     *    |      2|  0|  36|          20|          28|
    |mul_ln1118_1_fu_1938_p2              |     *    |      2|  0|  36|          20|          28|
    |mul_ln1118_21_fu_1923_p2             |     *    |      2|  0|  36|          20|          28|
    |mul_ln1118_23_fu_1989_p2             |     *    |      2|  0|  36|          20|          28|
    |mul_ln1118_3_fu_1866_p2              |     *    |      2|  0|  36|          20|          28|
    |mul_ln1118_5_fu_1875_p2              |     *    |      2|  0|  36|          20|          28|
    |mul_ln1118_7_fu_1947_p2              |     *    |      2|  0|  36|          20|          28|
    |mul_ln1118_9_fu_1959_p2              |     *    |      2|  0|  36|          20|          28|
    |mul_ln703_1_fu_1160_p2               |     *    |      2|  0|  20|          32|          16|
    |mul_ln703_fu_1151_p2                 |     *    |      2|  0|  20|          32|          16|
    |add_ln1192_1_fu_2002_p2              |     +    |      0|  0|  48|          48|          48|
    |add_ln1192_2_fu_1998_p2              |     +    |      0|  0|  48|          48|          48|
    |add_ln1192_3_fu_2117_p2              |     +    |      0|  0|  48|          48|          48|
    |add_ln1192_4_fu_1973_p2              |     +    |      0|  0|  55|          48|          48|
    |add_ln1192_5_fu_2232_p2              |     +    |      0|  0|  48|          48|          48|
    |add_ln1192_6_fu_2113_p2              |     +    |      0|  0|  48|          48|          48|
    |add_ln1192_7_fu_1994_p2              |     +    |      0|  0|  55|          48|          48|
    |add_ln1192_8_fu_2228_p2              |     +    |      0|  0|  48|          48|          48|
    |add_ln1192_fu_1952_p2                |     +    |      0|  0|  55|          48|          48|
    |add_ln2302_fu_940_p2                 |     +    |      0|  0|  15|           1|           8|
    |add_ln2303_fu_962_p2                 |     +    |      0|  0|  14|           1|          10|
    |add_ln2323_fu_1138_p2                |     +    |      0|  0|  23|          16|           2|
    |add_ln2340_fu_1016_p2                |     +    |      0|  0|  24|           2|          17|
    |add_ln2345_fu_1030_p2                |     +    |      0|  0|  24|           2|          17|
    |add_ln2357_fu_1068_p2                |     +    |      0|  0|  23|          16|           2|
    |add_ln2378_fu_1495_p2                |     +    |      0|  0|  23|           2|          16|
    |fx_V_fu_1169_p2                      |     +    |      0|  0|  39|          32|          32|
    |fy_V_fu_1165_p2                      |     +    |      0|  0|  39|          32|          32|
    |i_fu_1050_p2                         |     +    |      0|  0|  21|          15|           1|
    |j_fu_1095_p2                         |     +    |      0|  0|  21|          15|           1|
    |p_Val2_14_fu_884_p2                  |     +    |      0|  0|  27|          20|          20|
    |p_Val2_15_fu_929_p2                  |     +    |      0|  0|  27|          20|          20|
    |p_Val2_25_fu_2045_p2                 |     +    |      0|  0|  15|           8|           8|
    |p_Val2_28_fu_2160_p2                 |     +    |      0|  0|  15|           8|           8|
    |p_Val2_31_fu_2275_p2                 |     +    |      0|  0|  15|           8|           8|
    |ret_V_11_fu_856_p2                   |     +    |      0|  0|  33|          17|          26|
    |ret_V_12_fu_901_p2                   |     +    |      0|  0|  33|          17|          26|
    |ret_V_4_fu_1201_p2                   |     +    |      0|  0|  23|           1|          16|
    |ret_V_5_fu_1251_p2                   |     +    |      0|  0|  23|           1|          16|
    |sx_fu_1022_p2                        |     +    |      0|  0|  23|           2|          16|
    |sy_fu_1036_p2                        |     +    |      0|  0|  23|           2|          16|
    |x_fu_1599_p2                         |     +    |      0|  0|  23|          16|           1|
    |ret_V_6_fu_1346_p2                   |     -    |      0|  0|  40|          33|          33|
    |ret_V_7_fu_1372_p2                   |     -    |      0|  0|  40|          33|          33|
    |sub_ln1148_1_fu_845_p2               |     -    |      0|  0|  33|           1|          26|
    |sub_ln1148_2_fu_807_p2               |     -    |      0|  0|  39|           1|          32|
    |sub_ln1148_3_fu_890_p2               |     -    |      0|  0|  33|           1|          26|
    |sub_ln1148_fu_773_p2                 |     -    |      0|  0|  39|           1|          32|
    |sub_ln731_1_fu_1311_p2               |     -    |      0|  0|  25|          18|          18|
    |sub_ln731_fu_1289_p2                 |     -    |      0|  0|  25|          18|          18|
    |u1_V_fu_1757_p2                      |     -    |      0|  0|  27|          19|          20|
    |v1_V_fu_1763_p2                      |     -    |      0|  0|  27|          19|          20|
    |and_ln1494_fu_1437_p2                |    and   |      0|  0|   2|           1|           1|
    |and_ln2426_fu_1610_p2                |    and   |      0|  0|   2|           1|           1|
    |and_ln340_1_fu_2427_p2               |    and   |      0|  0|   2|           1|           1|
    |and_ln340_2_fu_2486_p2               |    and   |      0|  0|   2|           1|           1|
    |and_ln340_fu_2368_p2                 |    and   |      0|  0|   2|           1|           1|
    |and_ln781_1_fu_2216_p2               |    and   |      0|  0|   2|           1|           1|
    |and_ln781_2_fu_2331_p2               |    and   |      0|  0|   2|           1|           1|
    |and_ln781_fu_2101_p2                 |    and   |      0|  0|   2|           1|           1|
    |ap_block_pp0                         |    and   |      0|  0|   2|           1|           1|
    |ap_condition_3191                    |    and   |      0|  0|   2|           1|           1|
    |ap_condition_401                     |    and   |      0|  0|   2|           1|           1|
    |ap_enable_state92_pp0_iter37_stage0  |    and   |      0|  0|   2|           1|           1|
    |ap_enable_state93_pp0_iter38_stage0  |    and   |      0|  0|   2|           1|           1|
    |ap_predicate_op484_load_state92      |    and   |      0|  0|   2|           1|           1|
    |ap_predicate_op496_load_state92      |    and   |      0|  0|   2|           1|           1|
    |ap_predicate_op513_store_state92     |    and   |      0|  0|   2|           1|           1|
    |ap_predicate_op530_load_state93      |    and   |      0|  0|   2|           1|           1|
    |ap_predicate_op541_load_state93      |    and   |      0|  0|   2|           1|           1|
    |ap_predicate_op558_read_state93      |    and   |      0|  0|   2|           1|           1|
    |carry_1_fu_2065_p2                   |    and   |      0|  0|   2|           1|           1|
    |carry_3_fu_2180_p2                   |    and   |      0|  0|   2|           1|           1|
    |carry_5_fu_2295_p2                   |    and   |      0|  0|   2|           1|           1|
    |neg_src_5_fu_2348_p2                 |    and   |      0|  0|   2|           1|           1|
    |neg_src_6_fu_2407_p2                 |    and   |      0|  0|   2|           1|           1|
    |neg_src_fu_2466_p2                   |    and   |      0|  0|   2|           1|           1|
    |Range1_all_ones_1_fu_2196_p2         |   icmp   |      0|  0|   9|           4|           2|
    |Range1_all_ones_2_fu_2311_p2         |   icmp   |      0|  0|   9|           4|           2|
    |Range1_all_ones_fu_2081_p2           |   icmp   |      0|  0|   9|           4|           2|
    |Range1_all_zeros_1_fu_2202_p2        |   icmp   |      0|  0|   9|           4|           1|
    |Range1_all_zeros_2_fu_2317_p2        |   icmp   |      0|  0|   9|           4|           1|
    |Range1_all_zeros_fu_2087_p2          |   icmp   |      0|  0|   9|           4|           1|
    |col_wr_1_fu_1128_p2                  |   icmp   |      0|  0|  13|          15|           1|
    |col_wr_fu_1500_p2                    |   icmp   |      0|  0|  13|          16|          16|
    |icmp_ln1494_1_fu_984_p2              |   icmp   |      0|  0|  18|          32|          17|
    |icmp_ln1494_2_fu_1352_p2             |   icmp   |      0|  0|  21|          33|           1|
    |icmp_ln1494_3_fu_1378_p2             |   icmp   |      0|  0|  21|          33|           1|
    |icmp_ln1494_fu_979_p2                |   icmp   |      0|  0|  18|          32|          17|
    |icmp_ln2302_fu_935_p2                |   icmp   |      0|  0|  13|          16|          16|
    |icmp_ln2303_fu_957_p2                |   icmp   |      0|  0|  13|          16|          16|
    |icmp_ln2313_fu_1045_p2               |   icmp   |      0|  0|  13|          16|          16|
    |icmp_ln2314_fu_1090_p2               |   icmp   |      0|  0|  13|          16|          16|
    |icmp_ln2340_fu_1387_p2               |   icmp   |      0|  0|  18|          17|          17|
    |icmp_ln2345_fu_1401_p2               |   icmp   |      0|  0|  18|          17|          17|
    |icmp_ln2350_fu_1122_p2               |   icmp   |      0|  0|  13|          15|           1|
    |icmp_ln2361_fu_1074_p2               |   icmp   |      0|  0|  13|          15|           1|
    |icmp_ln2364_fu_1417_p2               |   icmp   |      0|  0|  13|          16|          16|
    |icmp_ln2383_fu_1506_p2               |   icmp   |      0|  0|  13|          16|          16|
    |icmp_ln2403_1_fu_1573_p2             |   icmp   |      0|  0|  18|          17|          17|
    |icmp_ln2403_fu_1564_p2               |   icmp   |      0|  0|  18|          17|          17|
    |icmp_ln2409_fu_1582_p2               |   icmp   |      0|  0|  18|          17|          17|
    |icmp_ln851_1_fu_1245_p2              |   icmp   |      0|  0|  13|          16|           1|
    |icmp_ln851_fu_1195_p2                |   icmp   |      0|  0|  13|          16|           1|
    |row_wr_2_fu_1080_p2                  |   icmp   |      0|  0|  13|          15|           1|
    |row_wr_fu_1412_p2                    |   icmp   |      0|  0|  13|          16|          16|
    |ap_block_pp0_stage0_01001            |    or    |      0|  0|   2|           1|           1|
    |ap_block_state93_pp0_stage0_iter38   |    or    |      0|  0|   2|           1|           1|
    |ap_block_state98_pp0_stage0_iter43   |    or    |      0|  0|   2|           1|           1|
    |or_ln1494_1_fu_1469_p2               |    or    |      0|  0|   2|           1|           1|
    |or_ln1494_2_fu_1526_p2               |    or    |      0|  0|   2|           1|           1|
    |or_ln1494_3_fu_1531_p2               |    or    |      0|  0|   2|           1|           1|
    |or_ln1494_fu_1463_p2                 |    or    |      0|  0|   2|           1|           1|
    |or_ln340_1_fu_2373_p2                |    or    |      0|  0|   2|           1|           1|
    |or_ln340_2_fu_2422_p2                |    or    |      0|  0|   2|           1|           1|
    |or_ln340_3_fu_2432_p2                |    or    |      0|  0|   2|           1|           1|
    |or_ln340_4_fu_2481_p2                |    or    |      0|  0|   2|           1|           1|
    |or_ln340_5_fu_2491_p2                |    or    |      0|  0|   2|           1|           1|
    |or_ln340_fu_2363_p2                  |    or    |      0|  0|   2|           1|           1|
    |or_ln785_1_fu_2222_p2                |    or    |      0|  0|   2|           1|           1|
    |or_ln785_2_fu_2337_p2                |    or    |      0|  0|   2|           1|           1|
    |or_ln785_fu_2107_p2                  |    or    |      0|  0|   2|           1|           1|
    |col_wr_2_fu_1536_p3                  |  select  |      0|  0|   2|           1|           1|
    |deleted_zeros_1_fu_2208_p3           |  select  |      0|  0|   2|           1|           1|
    |deleted_zeros_2_fu_2323_p3           |  select  |      0|  0|   2|           1|           1|
    |deleted_zeros_fu_2093_p3             |  select  |      0|  0|   2|           1|           1|
    |p_Val2_20_fu_1736_p3                 |  select  |      0|  0|  20|           1|          20|
    |p_Val2_21_fu_1750_p3                 |  select  |      0|  0|  20|           1|          20|
    |p_Val2_22_fu_1769_p3                 |  select  |      0|  0|  20|           1|           1|
    |p_Val2_23_fu_1776_p3                 |  select  |      0|  0|  20|           1|           1|
    |p_dst_data_stream_0_V_din            |  select  |      0|  0|   8|           1|           8|
    |p_dst_data_stream_1_V_din            |  select  |      0|  0|   8|           1|           8|
    |p_dst_data_stream_2_V_din            |  select  |      0|  0|   8|           1|           8|
    |pre_fx_fu_1392_p3                    |  select  |      0|  0|  16|           1|          16|
    |pre_fy_fu_1406_p3                    |  select  |      0|  0|  16|           1|          16|
    |row_wr_3_fu_1481_p3                  |  select  |      0|  0|   2|           1|           1|
    |row_wr_4_fu_1488_p3                  |  select  |      0|  0|   2|           1|           1|
    |select_ln1148_1_fu_895_p3            |  select  |      0|  0|  26|           1|          26|
    |select_ln1148_fu_850_p3              |  select  |      0|  0|  26|           1|          26|
    |select_ln1494_3_fu_1519_p3           |  select  |      0|  0|  16|           1|          16|
    |select_ln1494_fu_1441_p3             |  select  |      0|  0|  16|           1|          16|
    |select_ln2350_1_fu_1449_p3           |  select  |      0|  0|  16|           1|          16|
    |select_ln2350_2_fu_1456_p3           |  select  |      0|  0|  16|           1|           5|
    |select_ln2350_3_fu_1474_p3           |  select  |      0|  0|   2|           1|           1|
    |select_ln2350_fu_1430_p3             |  select  |      0|  0|  16|           1|           1|
    |select_ln2361_fu_1423_p3             |  select  |      0|  0|  16|           1|          16|
    |select_ln2380_fu_1512_p3             |  select  |      0|  0|  16|           1|           5|
    |select_ln340_2_fu_2438_p3            |  select  |      0|  0|   8|           1|           8|
    |select_ln340_4_fu_2497_p3            |  select  |      0|  0|   8|           1|           8|
    |select_ln340_fu_2379_p3              |  select  |      0|  0|   8|           1|           8|
    |select_ln396_1_fu_2445_p3            |  select  |      0|  0|   8|           1|           1|
    |select_ln396_2_fu_2504_p3            |  select  |      0|  0|   8|           1|           1|
    |select_ln396_fu_2386_p3              |  select  |      0|  0|   8|           1|           1|
    |select_ln851_1_fu_1257_p3            |  select  |      0|  0|  16|           1|          16|
    |select_ln851_fu_1207_p3              |  select  |      0|  0|  16|           1|          16|
    |sx_2_fu_1215_p3                      |  select  |      0|  0|  16|           1|          16|
    |sy_2_fu_1265_p3                      |  select  |      0|  0|  16|           1|          16|
    |tmp_V_4_fu_950_p3                    |  select  |      0|  0|  16|           1|          16|
    |tmp_V_5_fu_972_p3                    |  select  |      0|  0|  16|           1|          16|
    |ap_enable_pp0                        |    xor   |      0|  0|   2|           1|           2|
    |overflow_1_fu_2412_p2                |    xor   |      0|  0|   2|           1|           2|
    |overflow_2_fu_2471_p2                |    xor   |      0|  0|   2|           1|           2|
    |overflow_fu_2353_p2                  |    xor   |      0|  0|   2|           1|           2|
    |xor_ln340_1_fu_2417_p2               |    xor   |      0|  0|   2|           1|           2|
    |xor_ln340_2_fu_2476_p2               |    xor   |      0|  0|   2|           1|           2|
    |xor_ln340_fu_2358_p2                 |    xor   |      0|  0|   2|           1|           2|
    |xor_ln416_1_fu_2174_p2               |    xor   |      0|  0|   2|           1|           2|
    |xor_ln416_2_fu_2289_p2               |    xor   |      0|  0|   2|           1|           2|
    |xor_ln416_fu_2059_p2                 |    xor   |      0|  0|   2|           1|           2|
    |xor_ln781_1_fu_2402_p2               |    xor   |      0|  0|   2|           2|           1|
    |xor_ln781_2_fu_2461_p2               |    xor   |      0|  0|   2|           2|           1|
    |xor_ln781_fu_2343_p2                 |    xor   |      0|  0|   2|           2|           1|
    +-------------------------------------+----------+-------+---+----+------------+------------+
    |Total                                |          |     28|  0|2769|        1687|        2060|
    +-------------------------------------+----------+-------+---+----+------------+------------+

    * Multiplexer: 
    +-----------------------------------------------+-----+-----------+-----+-----------+
    |                      Name                     | LUT | Input Size| Bits| Total Bits|
    +-----------------------------------------------+-----+-----------+-----+-----------+
    |ap_NS_fsm                                      |  245|         57|    1|         57|
    |ap_enable_reg_pp0_iter39                       |    9|          2|    1|          2|
    |ap_enable_reg_pp0_iter43                       |    9|          2|    1|          2|
    |ap_phi_mux_win_val_val_1_0_0_2_phi_fu_640_p10  |   15|          3|    8|         24|
    |ap_phi_mux_win_val_val_1_0_1_2_phi_fu_620_p10  |   15|          3|    8|         24|
    |ap_phi_mux_win_val_val_1_0_2_2_phi_fu_600_p10  |   15|          3|    8|         24|
    |ap_phi_reg_pp0_iter1_dy_reg_579                |    9|          2|   16|         32|
    |ap_phi_reg_pp0_iter35_dx_reg_588               |   15|          3|   16|         48|
    |ap_phi_reg_pp0_iter35_dy_reg_579               |    9|          2|   16|         32|
    |ap_sig_allocacmp_s_val_2_029_load              |    9|          2|    8|         16|
    |ap_sig_allocacmp_tmp_5_load                    |    9|          2|    8|         16|
    |ap_sig_allocacmp_tmp_7_load                    |    9|          2|    8|         16|
    |k_buf_val_val_0_0_address0                     |   15|          3|   11|         33|
    |k_buf_val_val_0_1_address0                     |   15|          3|   11|         33|
    |k_buf_val_val_0_2_address0                     |   15|          3|   11|         33|
    |p_Val2_12_reg_557                              |    9|          2|   15|         30|
    |p_Val2_13_reg_568                              |    9|          2|   15|         30|
    |p_dst_data_stream_0_V_blk_n                    |    9|          2|    1|          2|
    |p_dst_data_stream_1_V_blk_n                    |    9|          2|    1|          2|
    |p_dst_data_stream_2_V_blk_n                    |    9|          2|    1|          2|
    |p_src_data_stream_0_V_blk_n                    |    9|          2|    1|          2|
    |p_src_data_stream_1_V_blk_n                    |    9|          2|    1|          2|
    |p_src_data_stream_2_V_blk_n                    |    9|          2|    1|          2|
    |pre_fx_0_fu_254                                |    9|          2|   16|         32|
    |pre_fy_0_fu_258                                |    9|          2|   16|         32|
    |row_rd_0_fu_250                                |    9|          2|    1|          2|
    |row_wr_1_fu_246                                |    9|          2|    1|          2|
    |win_val_0_val_1_0_fu_274                       |    9|          2|    8|         16|
    |win_val_0_val_1_1_fu_278                       |    9|          2|    8|         16|
    |win_val_0_val_1_2_fu_282                       |    9|          2|    8|         16|
    |x_1_fu_262                                     |   15|          3|   16|         48|
    +-----------------------------------------------+-----+-----------+-----+-----------+
    |Total                                          |  563|        125|  242|        628|
    +-----------------------------------------------+-----+-----------+-----+-----------+

    * Register: 
    +---------------------------------------+----+----+-----+-----------+
    |                  Name                 | FF | LUT| Bits| Const Bits|
    +---------------------------------------+----+----+-----+-----------+
    |add_ln1192_4_reg_3272                  |  48|   0|   48|          0|
    |add_ln1192_7_reg_3287                  |  48|   0|   48|          0|
    |add_ln1192_reg_3257                    |  48|   0|   48|          0|
    |add_ln2340_reg_2848                    |  17|   0|   17|          0|
    |add_ln2345_reg_2860                    |  17|   0|   17|          0|
    |add_ln2357_reg_2885                    |  16|   0|   16|          0|
    |and_ln2426_reg_3093                    |   1|   0|    1|          0|
    |and_ln781_1_reg_3328                   |   1|   0|    1|          0|
    |and_ln781_2_reg_3352                   |   1|   0|    1|          0|
    |and_ln781_reg_3304                     |   1|   0|    1|          0|
    |ap_CS_fsm                              |  56|   0|   56|          0|
    |ap_enable_reg_pp0_iter0                |   1|   0|    1|          0|
    |ap_enable_reg_pp0_iter1                |   1|   0|    1|          0|
    |ap_enable_reg_pp0_iter10               |   1|   0|    1|          0|
    |ap_enable_reg_pp0_iter11               |   1|   0|    1|          0|
    |ap_enable_reg_pp0_iter12               |   1|   0|    1|          0|
    |ap_enable_reg_pp0_iter13               |   1|   0|    1|          0|
    |ap_enable_reg_pp0_iter14               |   1|   0|    1|          0|
    |ap_enable_reg_pp0_iter15               |   1|   0|    1|          0|
    |ap_enable_reg_pp0_iter16               |   1|   0|    1|          0|
    |ap_enable_reg_pp0_iter17               |   1|   0|    1|          0|
    |ap_enable_reg_pp0_iter18               |   1|   0|    1|          0|
    |ap_enable_reg_pp0_iter19               |   1|   0|    1|          0|
    |ap_enable_reg_pp0_iter2                |   1|   0|    1|          0|
    |ap_enable_reg_pp0_iter20               |   1|   0|    1|          0|
    |ap_enable_reg_pp0_iter21               |   1|   0|    1|          0|
    |ap_enable_reg_pp0_iter22               |   1|   0|    1|          0|
    |ap_enable_reg_pp0_iter23               |   1|   0|    1|          0|
    |ap_enable_reg_pp0_iter24               |   1|   0|    1|          0|
    |ap_enable_reg_pp0_iter25               |   1|   0|    1|          0|
    |ap_enable_reg_pp0_iter26               |   1|   0|    1|          0|
    |ap_enable_reg_pp0_iter27               |   1|   0|    1|          0|
    |ap_enable_reg_pp0_iter28               |   1|   0|    1|          0|
    |ap_enable_reg_pp0_iter29               |   1|   0|    1|          0|
    |ap_enable_reg_pp0_iter3                |   1|   0|    1|          0|
    |ap_enable_reg_pp0_iter30               |   1|   0|    1|          0|
    |ap_enable_reg_pp0_iter31               |   1|   0|    1|          0|
    |ap_enable_reg_pp0_iter32               |   1|   0|    1|          0|
    |ap_enable_reg_pp0_iter33               |   1|   0|    1|          0|
    |ap_enable_reg_pp0_iter34               |   1|   0|    1|          0|
    |ap_enable_reg_pp0_iter35               |   1|   0|    1|          0|
    |ap_enable_reg_pp0_iter36               |   1|   0|    1|          0|
    |ap_enable_reg_pp0_iter37               |   1|   0|    1|          0|
    |ap_enable_reg_pp0_iter38               |   1|   0|    1|          0|
    |ap_enable_reg_pp0_iter39               |   1|   0|    1|          0|
    |ap_enable_reg_pp0_iter4                |   1|   0|    1|          0|
    |ap_enable_reg_pp0_iter40               |   1|   0|    1|          0|
    |ap_enable_reg_pp0_iter41               |   1|   0|    1|          0|
    |ap_enable_reg_pp0_iter42               |   1|   0|    1|          0|
    |ap_enable_reg_pp0_iter43               |   1|   0|    1|          0|
    |ap_enable_reg_pp0_iter5                |   1|   0|    1|          0|
    |ap_enable_reg_pp0_iter6                |   1|   0|    1|          0|
    |ap_enable_reg_pp0_iter7                |   1|   0|    1|          0|
    |ap_enable_reg_pp0_iter8                |   1|   0|    1|          0|
    |ap_enable_reg_pp0_iter9                |   1|   0|    1|          0|
    |ap_phi_reg_pp0_iter10_dx_reg_588       |  16|   0|   16|          0|
    |ap_phi_reg_pp0_iter10_dy_reg_579       |  16|   0|   16|          0|
    |ap_phi_reg_pp0_iter11_dx_reg_588       |  16|   0|   16|          0|
    |ap_phi_reg_pp0_iter11_dy_reg_579       |  16|   0|   16|          0|
    |ap_phi_reg_pp0_iter12_dx_reg_588       |  16|   0|   16|          0|
    |ap_phi_reg_pp0_iter12_dy_reg_579       |  16|   0|   16|          0|
    |ap_phi_reg_pp0_iter13_dx_reg_588       |  16|   0|   16|          0|
    |ap_phi_reg_pp0_iter13_dy_reg_579       |  16|   0|   16|          0|
    |ap_phi_reg_pp0_iter14_dx_reg_588       |  16|   0|   16|          0|
    |ap_phi_reg_pp0_iter14_dy_reg_579       |  16|   0|   16|          0|
    |ap_phi_reg_pp0_iter15_dx_reg_588       |  16|   0|   16|          0|
    |ap_phi_reg_pp0_iter15_dy_reg_579       |  16|   0|   16|          0|
    |ap_phi_reg_pp0_iter16_dx_reg_588       |  16|   0|   16|          0|
    |ap_phi_reg_pp0_iter16_dy_reg_579       |  16|   0|   16|          0|
    |ap_phi_reg_pp0_iter17_dx_reg_588       |  16|   0|   16|          0|
    |ap_phi_reg_pp0_iter17_dy_reg_579       |  16|   0|   16|          0|
    |ap_phi_reg_pp0_iter18_dx_reg_588       |  16|   0|   16|          0|
    |ap_phi_reg_pp0_iter18_dy_reg_579       |  16|   0|   16|          0|
    |ap_phi_reg_pp0_iter19_dx_reg_588       |  16|   0|   16|          0|
    |ap_phi_reg_pp0_iter19_dy_reg_579       |  16|   0|   16|          0|
    |ap_phi_reg_pp0_iter1_dx_reg_588        |  16|   0|   16|          0|
    |ap_phi_reg_pp0_iter1_dy_reg_579        |  16|   0|   16|          0|
    |ap_phi_reg_pp0_iter20_dx_reg_588       |  16|   0|   16|          0|
    |ap_phi_reg_pp0_iter20_dy_reg_579       |  16|   0|   16|          0|
    |ap_phi_reg_pp0_iter21_dx_reg_588       |  16|   0|   16|          0|
    |ap_phi_reg_pp0_iter21_dy_reg_579       |  16|   0|   16|          0|
    |ap_phi_reg_pp0_iter22_dx_reg_588       |  16|   0|   16|          0|
    |ap_phi_reg_pp0_iter22_dy_reg_579       |  16|   0|   16|          0|
    |ap_phi_reg_pp0_iter23_dx_reg_588       |  16|   0|   16|          0|
    |ap_phi_reg_pp0_iter23_dy_reg_579       |  16|   0|   16|          0|
    |ap_phi_reg_pp0_iter24_dx_reg_588       |  16|   0|   16|          0|
    |ap_phi_reg_pp0_iter24_dy_reg_579       |  16|   0|   16|          0|
    |ap_phi_reg_pp0_iter25_dx_reg_588       |  16|   0|   16|          0|
    |ap_phi_reg_pp0_iter25_dy_reg_579       |  16|   0|   16|          0|
    |ap_phi_reg_pp0_iter26_dx_reg_588       |  16|   0|   16|          0|
    |ap_phi_reg_pp0_iter26_dy_reg_579       |  16|   0|   16|          0|
    |ap_phi_reg_pp0_iter27_dx_reg_588       |  16|   0|   16|          0|
    |ap_phi_reg_pp0_iter27_dy_reg_579       |  16|   0|   16|          0|
    |ap_phi_reg_pp0_iter28_dx_reg_588       |  16|   0|   16|          0|
    |ap_phi_reg_pp0_iter28_dy_reg_579       |  16|   0|   16|          0|
    |ap_phi_reg_pp0_iter29_dx_reg_588       |  16|   0|   16|          0|
    |ap_phi_reg_pp0_iter29_dy_reg_579       |  16|   0|   16|          0|
    |ap_phi_reg_pp0_iter2_dx_reg_588        |  16|   0|   16|          0|
    |ap_phi_reg_pp0_iter2_dy_reg_579        |  16|   0|   16|          0|
    |ap_phi_reg_pp0_iter30_dx_reg_588       |  16|   0|   16|          0|
    |ap_phi_reg_pp0_iter30_dy_reg_579       |  16|   0|   16|          0|
    |ap_phi_reg_pp0_iter31_dx_reg_588       |  16|   0|   16|          0|
    |ap_phi_reg_pp0_iter31_dy_reg_579       |  16|   0|   16|          0|
    |ap_phi_reg_pp0_iter32_dx_reg_588       |  16|   0|   16|          0|
    |ap_phi_reg_pp0_iter32_dy_reg_579       |  16|   0|   16|          0|
    |ap_phi_reg_pp0_iter33_dx_reg_588       |  16|   0|   16|          0|
    |ap_phi_reg_pp0_iter33_dy_reg_579       |  16|   0|   16|          0|
    |ap_phi_reg_pp0_iter34_dx_reg_588       |  16|   0|   16|          0|
    |ap_phi_reg_pp0_iter34_dy_reg_579       |  16|   0|   16|          0|
    |ap_phi_reg_pp0_iter35_dx_reg_588       |  16|   0|   16|          0|
    |ap_phi_reg_pp0_iter35_dy_reg_579       |  16|   0|   16|          0|
    |ap_phi_reg_pp0_iter3_dx_reg_588        |  16|   0|   16|          0|
    |ap_phi_reg_pp0_iter3_dy_reg_579        |  16|   0|   16|          0|
    |ap_phi_reg_pp0_iter4_dx_reg_588        |  16|   0|   16|          0|
    |ap_phi_reg_pp0_iter4_dy_reg_579        |  16|   0|   16|          0|
    |ap_phi_reg_pp0_iter5_dx_reg_588        |  16|   0|   16|          0|
    |ap_phi_reg_pp0_iter5_dy_reg_579        |  16|   0|   16|          0|
    |ap_phi_reg_pp0_iter6_dx_reg_588        |  16|   0|   16|          0|
    |ap_phi_reg_pp0_iter6_dy_reg_579        |  16|   0|   16|          0|
    |ap_phi_reg_pp0_iter7_dx_reg_588        |  16|   0|   16|          0|
    |ap_phi_reg_pp0_iter7_dy_reg_579        |  16|   0|   16|          0|
    |ap_phi_reg_pp0_iter8_dx_reg_588        |  16|   0|   16|          0|
    |ap_phi_reg_pp0_iter8_dy_reg_579        |  16|   0|   16|          0|
    |ap_phi_reg_pp0_iter9_dx_reg_588        |  16|   0|   16|          0|
    |ap_phi_reg_pp0_iter9_dy_reg_579        |  16|   0|   16|          0|
    |col_rate_V_reg_2779                    |  32|   0|   32|          0|
    |col_wr_1_reg_2934                      |   1|   0|    1|          0|
    |fx_V_reg_2969                          |  32|   0|   32|          0|
    |fy_V_reg_2964                          |  32|   0|   32|          0|
    |i_reg_2875                             |  15|   0|   15|          0|
    |icmp_ln1494_1_reg_2831                 |   1|   0|    1|          0|
    |icmp_ln1494_2_reg_2998                 |   1|   0|    1|          0|
    |icmp_ln1494_2_reg_2998_pp0_iter38_reg  |   1|   0|    1|          0|
    |icmp_ln1494_3_reg_3003                 |   1|   0|    1|          0|
    |icmp_ln1494_3_reg_3003_pp0_iter38_reg  |   1|   0|    1|          0|
    |icmp_ln1494_reg_2826                   |   1|   0|    1|          0|
    |icmp_ln2314_reg_2908                   |   1|   0|    1|          0|
    |icmp_ln2340_reg_3008                   |   1|   0|    1|          0|
    |icmp_ln2340_reg_3008_pp0_iter38_reg    |   1|   0|    1|          0|
    |icmp_ln2345_reg_3013                   |   1|   0|    1|          0|
    |icmp_ln2345_reg_3013_pp0_iter38_reg    |   1|   0|    1|          0|
    |icmp_ln2350_reg_2922                   |   1|   0|    1|          0|
    |icmp_ln2361_reg_2891                   |   1|   0|    1|          0|
    |icmp_ln2403_1_reg_3085                 |   1|   0|    1|          0|
    |icmp_ln2403_reg_3081                   |   1|   0|    1|          0|
    |icmp_ln2409_reg_3089                   |   1|   0|    1|          0|
    |k_buf_val_val_0_0_ad_reg_3063          |  11|   0|   11|          0|
    |k_buf_val_val_0_1_ad_reg_3069          |  11|   0|   11|          0|
    |k_buf_val_val_0_2_ad_reg_3075          |  11|   0|   11|          0|
    |mul_ln1118_10_reg_3160                 |  28|   0|   28|          0|
    |mul_ln1118_11_reg_3212                 |  48|   0|   48|          0|
    |mul_ln1118_12_reg_3165                 |  28|   0|   28|          0|
    |mul_ln1118_13_reg_3217                 |  48|   0|   48|          0|
    |mul_ln1118_14_reg_3222                 |  28|   0|   28|          0|
    |mul_ln1118_15_reg_3267                 |  48|   0|   48|          0|
    |mul_ln1118_16_reg_3227                 |  28|   0|   28|          0|
    |mul_ln1118_17_reg_3277                 |  48|   0|   48|          0|
    |mul_ln1118_18_reg_3170                 |  28|   0|   28|          0|
    |mul_ln1118_19_reg_3232                 |  48|   0|   48|          0|
    |mul_ln1118_1_reg_3247                  |  48|   0|   48|          0|
    |mul_ln1118_20_reg_3175                 |  28|   0|   28|          0|
    |mul_ln1118_21_reg_3237                 |  48|   0|   48|          0|
    |mul_ln1118_22_reg_3242                 |  28|   0|   28|          0|
    |mul_ln1118_23_reg_3282                 |  48|   0|   48|          0|
    |mul_ln1118_2_reg_3150                  |  28|   0|   28|          0|
    |mul_ln1118_3_reg_3192                  |  48|   0|   48|          0|
    |mul_ln1118_4_reg_3155                  |  28|   0|   28|          0|
    |mul_ln1118_5_reg_3197                  |  48|   0|   48|          0|
    |mul_ln1118_6_reg_3202                  |  28|   0|   28|          0|
    |mul_ln1118_7_reg_3252                  |  48|   0|   48|          0|
    |mul_ln1118_8_reg_3207                  |  28|   0|   28|          0|
    |mul_ln1118_9_reg_3262                  |  48|   0|   48|          0|
    |mul_ln1118_reg_3187                    |  28|   0|   28|          0|
    |mul_ln703_1_reg_2959                   |  32|   0|   32|          0|
    |mul_ln703_reg_2954                     |  32|   0|   32|          0|
    |or_ln1494_3_reg_3022                   |   1|   0|    1|          0|
    |or_ln785_1_reg_3334                    |   1|   0|    1|          0|
    |or_ln785_2_reg_3358                    |   1|   0|    1|          0|
    |or_ln785_reg_3310                      |   1|   0|    1|          0|
    |p_Result_11_reg_3292                   |   1|   0|    1|          0|
    |p_Result_13_reg_3316                   |   1|   0|    1|          0|
    |p_Result_15_reg_3340                   |   1|   0|    1|          0|
    |p_Val2_12_reg_557                      |  15|   0|   15|          0|
    |p_Val2_13_reg_568                      |  15|   0|   15|          0|
    |p_Val2_22_reg_3102                     |  18|   0|   20|          2|
    |p_Val2_23_reg_3108                     |  18|   0|   20|          2|
    |p_Val2_25_reg_3298                     |   8|   0|    8|          0|
    |p_Val2_28_reg_3322                     |   8|   0|    8|          0|
    |p_Val2_31_reg_3346                     |   8|   0|    8|          0|
    |pre_fx_0_fu_254                        |  16|   0|   16|          0|
    |pre_fy_0_fu_258                        |  16|   0|   16|          0|
    |row_rate_V_reg_2772                    |  32|   0|   32|          0|
    |row_rd_0_fu_250                        |   1|   0|    1|          0|
    |row_wr_1_fu_246                        |   1|   0|    1|          0|
    |row_wr_2_reg_2897                      |   1|   0|    1|          0|
    |scols_reg_2744                         |  16|   0|   16|          0|
    |select_ln2350_3_reg_3018               |   1|   0|    1|          0|
    |sext_ln1118_4_reg_3180                 |  46|   0|   48|          2|
    |sext_ln1118_reg_3143                   |  26|   0|   28|          2|
    |sext_ln2401_reg_3026                   |  64|   0|   64|          0|
    |sext_ln703_1_reg_2843                  |  26|   0|   32|          6|
    |sext_ln703_reg_2838                    |  26|   0|   32|          6|
    |srows_reg_2736                         |  16|   0|   16|          0|
    |sub_ln731_1_reg_2993                   |  18|   0|   18|          0|
    |sub_ln731_reg_2988                     |  18|   0|   18|          0|
    |sx_2_reg_2974                          |  16|   0|   16|          0|
    |sx_reg_2855                            |  16|   0|   16|          0|
    |sy_2_reg_2981                          |  16|   0|   16|          0|
    |sy_reg_2866                            |  16|   0|   16|          0|
    |tmp_11_reg_2801                        |   1|   0|    1|          0|
    |tmp_5_fu_270                           |   8|   0|    8|          0|
    |tmp_7_fu_322                           |   8|   0|    8|          0|
    |tmp_9_reg_2786                         |   1|   0|    1|          0|
    |tmp_V_4_reg_2816                       |  16|   0|   16|          0|
    |tmp_V_5_reg_2821                       |  16|   0|   16|          0|
    |tmp_fu_266                             |   8|   0|    8|          0|
    |trunc_ln1148_2_reg_2791                |  26|   0|   26|          0|
    |trunc_ln1148_3_reg_2796                |  26|   0|   26|          0|
    |trunc_ln1148_4_reg_2806                |  26|   0|   26|          0|
    |trunc_ln1148_5_reg_2811                |  26|   0|   26|          0|
    |v1_V_reg_3097                          |  18|   0|   20|          2|
    |v1_V_reg_3097_pp0_iter40_reg           |  18|   0|   20|          2|
    |win_val_0_val_1_0_1_fu_286             |   8|   0|    8|          0|
    |win_val_0_val_1_0_3_reg_3113           |   8|   0|    8|          0|
    |win_val_0_val_1_0_fu_274               |   8|   0|    8|          0|
    |win_val_0_val_1_1_1_fu_290             |   8|   0|    8|          0|
    |win_val_0_val_1_1_3_reg_3118           |   8|   0|    8|          0|
    |win_val_0_val_1_1_fu_278               |   8|   0|    8|          0|
    |win_val_0_val_1_2_1_fu_294             |   8|   0|    8|          0|
    |win_val_0_val_1_2_3_reg_3123           |   8|   0|    8|          0|
    |win_val_0_val_1_2_fu_282               |   8|   0|    8|          0|
    |win_val_1_val_1_0_1_fu_310             |   8|   0|    8|          0|
    |win_val_1_val_1_0_4_reg_3128           |   8|   0|    8|          0|
    |win_val_1_val_1_0_fu_298               |   8|   0|    8|          0|
    |win_val_1_val_1_1_1_fu_314             |   8|   0|    8|          0|
    |win_val_1_val_1_1_4_reg_3133           |   8|   0|    8|          0|
    |win_val_1_val_1_1_fu_302               |   8|   0|    8|          0|
    |win_val_1_val_1_2_1_fu_318             |   8|   0|    8|          0|
    |win_val_1_val_1_2_4_reg_3138           |   8|   0|    8|          0|
    |win_val_1_val_1_2_fu_306               |   8|   0|    8|          0|
    |x_1_fu_262                             |  16|   0|   16|          0|
    |zext_ln2314_reg_2902                   |  15|   0|   16|          1|
    |zext_ln728_reg_2880                    |  15|   0|   32|         17|
    |and_ln2426_reg_3093                    |  64|  32|    1|          0|
    |col_wr_1_reg_2934                      |  64|  64|    1|          0|
    |icmp_ln2314_reg_2908                   |  64|  64|    1|          0|
    |icmp_ln2350_reg_2922                   |  64|  64|    1|          0|
    |sub_ln731_1_reg_2993                   |  64|  32|   18|          0|
    |sub_ln731_reg_2988                     |  64|  32|   18|          0|
    |zext_ln2314_reg_2902                   |  64|  64|   16|          1|
    +---------------------------------------+----+----+-----+-----------+
    |Total                                  |3876| 352| 3526|         43|
    +---------------------------------------+----+----+-----+-----------+



================================================================
== Interface
================================================================
* Summary: 
+-------------------------------+-----+-----+------------+-----------------------+--------------+
|           RTL Ports           | Dir | Bits|  Protocol  |     Source Object     |    C Type    |
+-------------------------------+-----+-----+------------+-----------------------+--------------+
|ap_clk                         |  in |    1| ap_ctrl_hs |   Resize_opr_linear   | return value |
|ap_rst                         |  in |    1| ap_ctrl_hs |   Resize_opr_linear   | return value |
|ap_start                       |  in |    1| ap_ctrl_hs |   Resize_opr_linear   | return value |
|ap_done                        | out |    1| ap_ctrl_hs |   Resize_opr_linear   | return value |
|ap_idle                        | out |    1| ap_ctrl_hs |   Resize_opr_linear   | return value |
|ap_ready                       | out |    1| ap_ctrl_hs |   Resize_opr_linear   | return value |
|p_src_rows_V_read              |  in |   32|   ap_none  |   p_src_rows_V_read   |    scalar    |
|p_src_cols_V_read              |  in |   32|   ap_none  |   p_src_cols_V_read   |    scalar    |
|p_src_data_stream_0_V_dout     |  in |    8|   ap_fifo  | p_src_data_stream_0_V |    pointer   |
|p_src_data_stream_0_V_empty_n  |  in |    1|   ap_fifo  | p_src_data_stream_0_V |    pointer   |
|p_src_data_stream_0_V_read     | out |    1|   ap_fifo  | p_src_data_stream_0_V |    pointer   |
|p_src_data_stream_1_V_dout     |  in |    8|   ap_fifo  | p_src_data_stream_1_V |    pointer   |
|p_src_data_stream_1_V_empty_n  |  in |    1|   ap_fifo  | p_src_data_stream_1_V |    pointer   |
|p_src_data_stream_1_V_read     | out |    1|   ap_fifo  | p_src_data_stream_1_V |    pointer   |
|p_src_data_stream_2_V_dout     |  in |    8|   ap_fifo  | p_src_data_stream_2_V |    pointer   |
|p_src_data_stream_2_V_empty_n  |  in |    1|   ap_fifo  | p_src_data_stream_2_V |    pointer   |
|p_src_data_stream_2_V_read     | out |    1|   ap_fifo  | p_src_data_stream_2_V |    pointer   |
|p_dst_rows_V_read              |  in |    7|   ap_none  |   p_dst_rows_V_read   |    scalar    |
|p_dst_cols_V_read              |  in |    9|   ap_none  |   p_dst_cols_V_read   |    scalar    |
|p_dst_data_stream_0_V_din      | out |    8|   ap_fifo  | p_dst_data_stream_0_V |    pointer   |
|p_dst_data_stream_0_V_full_n   |  in |    1|   ap_fifo  | p_dst_data_stream_0_V |    pointer   |
|p_dst_data_stream_0_V_write    | out |    1|   ap_fifo  | p_dst_data_stream_0_V |    pointer   |
|p_dst_data_stream_1_V_din      | out |    8|   ap_fifo  | p_dst_data_stream_1_V |    pointer   |
|p_dst_data_stream_1_V_full_n   |  in |    1|   ap_fifo  | p_dst_data_stream_1_V |    pointer   |
|p_dst_data_stream_1_V_write    | out |    1|   ap_fifo  | p_dst_data_stream_1_V |    pointer   |
|p_dst_data_stream_2_V_din      | out |    8|   ap_fifo  | p_dst_data_stream_2_V |    pointer   |
|p_dst_data_stream_2_V_full_n   |  in |    1|   ap_fifo  | p_dst_data_stream_2_V |    pointer   |
|p_dst_data_stream_2_V_write    | out |    1|   ap_fifo  | p_dst_data_stream_2_V |    pointer   |
+-------------------------------+-----+-----+------------+-----------------------+--------------+

